[0.039s] Invoking command in '/home/behzad/ros2_ws/build/bumperbot_planning': CMAKE_PREFIX_PATH=${CMAKE_PREFIX_PATH}:/home/behzad/ros2_ws/install/bumperbot_py_examples:/home/behzad/bumporbot_ws/install/bumporbot_py_examples:/opt/ros/humble /usr/bin/cmake --build /home/behzad/ros2_ws/build/bumperbot_planning -- -j12 -l12
[0.125s] [35m[1mConsolidate compiler generated dependencies of target dijkstra_planner[0m
[0.213s] [ 50%] [32mBuilding CXX object CMakeFiles/dijkstra_planner.dir/src/dijkstra_planner.cpp.o[0m
[0.261s] [ 50%] Built target ament_cmake_python_copy_bumperbot_planning
[0.611s] running egg_info
[0.612s] writing bumperbot_planning.egg-info/PKG-INFO
[0.613s] writing dependency_links to bumperbot_planning.egg-info/dependency_links.txt
[0.613s] writing top-level names to bumperbot_planning.egg-info/top_level.txt
[0.616s] reading manifest file 'bumperbot_planning.egg-info/SOURCES.txt'
[0.617s] writing manifest file 'bumperbot_planning.egg-info/SOURCES.txt'
[0.667s] [ 50%] Built target ament_cmake_python_build_bumperbot_planning_egg
[11.740s] [100%] [32m[1mLinking CXX executable dijkstra_planner[0m
[12.374s] [100%] Built target dijkstra_planner
[12.402s] Invoked command in '/home/behzad/ros2_ws/build/bumperbot_planning' returned '0': CMAKE_PREFIX_PATH=${CMAKE_PREFIX_PATH}:/home/behzad/ros2_ws/install/bumperbot_py_examples:/home/behzad/bumporbot_ws/install/bumporbot_py_examples:/opt/ros/humble /usr/bin/cmake --build /home/behzad/ros2_ws/build/bumperbot_planning -- -j12 -l12
[12.404s] Invoking command in '/home/behzad/ros2_ws/build/bumperbot_planning': CMAKE_PREFIX_PATH=${CMAKE_PREFIX_PATH}:/home/behzad/ros2_ws/install/bumperbot_py_examples:/home/behzad/bumporbot_ws/install/bumporbot_py_examples:/opt/ros/humble /usr/bin/cmake --install /home/behzad/ros2_ws/build/bumperbot_planning
[12.421s] -- Install configuration: ""
[12.421s] -- Up-to-date: /home/behzad/ros2_ws/install/bumperbot_planning/share/bumperbot_planning/environment/pythonpath.sh
[12.422s] -- Up-to-date: /home/behzad/ros2_ws/install/bumperbot_planning/share/bumperbot_planning/environment/pythonpath.dsv
[12.422s] -- Up-to-date: /home/behzad/ros2_ws/install/bumperbot_planning/local/lib/python3.10/dist-packages/bumperbot_planning-0.0.0-py3.10.egg-info
[12.422s] -- Installing: /home/behzad/ros2_ws/install/bumperbot_planning/local/lib/python3.10/dist-packages/bumperbot_planning-0.0.0-py3.10.egg-info/dependency_links.txt
[12.422s] -- Installing: /home/behzad/ros2_ws/install/bumperbot_planning/local/lib/python3.10/dist-packages/bumperbot_planning-0.0.0-py3.10.egg-info/PKG-INFO
[12.422s] -- Installing: /home/behzad/ros2_ws/install/bumperbot_planning/local/lib/python3.10/dist-packages/bumperbot_planning-0.0.0-py3.10.egg-info/SOURCES.txt
[12.423s] -- Installing: /home/behzad/ros2_ws/install/bumperbot_planning/local/lib/python3.10/dist-packages/bumperbot_planning-0.0.0-py3.10.egg-info/top_level.txt
[12.423s] -- Up-to-date: /home/behzad/ros2_ws/install/bumperbot_planning/local/lib/python3.10/dist-packages/bumperbot_planning
[12.423s] -- Up-to-date: /home/behzad/ros2_ws/install/bumperbot_planning/local/lib/python3.10/dist-packages/bumperbot_planning/__init__.py
[12.423s] -- Up-to-date: /home/behzad/ros2_ws/install/bumperbot_planning/local/lib/python3.10/dist-packages/bumperbot_planning/dijkstra_planner.py
[12.464s] Listing '/home/behzad/ros2_ws/install/bumperbot_planning/local/lib/python3.10/dist-packages/bumperbot_planning'...
[12.468s] -- Up-to-date: /home/behzad/ros2_ws/install/bumperbot_planning/lib/bumperbot_planning/dijkstra_planner.py
[12.468s] -- Up-to-date: /home/behzad/ros2_ws/install/bumperbot_planning/include
[12.468s] -- Up-to-date: /home/behzad/ros2_ws/install/bumperbot_planning/include/bumperbot_planning
[12.469s] -- Up-to-date: /home/behzad/ros2_ws/install/bumperbot_planning/include/bumperbot_planning/dijkstra_planner.hpp
[12.469s] -- Installing: /home/behzad/ros2_ws/install/bumperbot_planning/lib/bumperbot_planning/dijkstra_planner
[12.477s] -- Set runtime path of "/home/behzad/ros2_ws/install/bumperbot_planning/lib/bumperbot_planning/dijkstra_planner" to ""
[12.477s] -- Up-to-date: /home/behzad/ros2_ws/install/bumperbot_planning/share/ament_index/resource_index/package_run_dependencies/bumperbot_planning
[12.477s] -- Up-to-date: /home/behzad/ros2_ws/install/bumperbot_planning/share/ament_index/resource_index/parent_prefix_path/bumperbot_planning
[12.477s] -- Up-to-date: /home/behzad/ros2_ws/install/bumperbot_planning/share/bumperbot_planning/environment/ament_prefix_path.sh
[12.477s] -- Up-to-date: /home/behzad/ros2_ws/install/bumperbot_planning/share/bumperbot_planning/environment/ament_prefix_path.dsv
[12.477s] -- Up-to-date: /home/behzad/ros2_ws/install/bumperbot_planning/share/bumperbot_planning/environment/path.sh
[12.477s] -- Up-to-date: /home/behzad/ros2_ws/install/bumperbot_planning/share/bumperbot_planning/environment/path.dsv
[12.477s] -- Up-to-date: /home/behzad/ros2_ws/install/bumperbot_planning/share/bumperbot_planning/local_setup.bash
[12.478s] -- Up-to-date: /home/behzad/ros2_ws/install/bumperbot_planning/share/bumperbot_planning/local_setup.sh
[12.478s] -- Up-to-date: /home/behzad/ros2_ws/install/bumperbot_planning/share/bumperbot_planning/local_setup.zsh
[12.478s] -- Up-to-date: /home/behzad/ros2_ws/install/bumperbot_planning/share/bumperbot_planning/local_setup.dsv
[12.478s] -- Installing: /home/behzad/ros2_ws/install/bumperbot_planning/share/bumperbot_planning/package.dsv
[12.478s] -- Up-to-date: /home/behzad/ros2_ws/install/bumperbot_planning/share/ament_index/resource_index/packages/bumperbot_planning
[12.478s] -- Up-to-date: /home/behzad/ros2_ws/install/bumperbot_planning/share/bumperbot_planning/cmake/ament_cmake_export_include_directories-extras.cmake
[12.478s] -- Up-to-date: /home/behzad/ros2_ws/install/bumperbot_planning/share/bumperbot_planning/cmake/ament_cmake_export_dependencies-extras.cmake
[12.478s] -- Up-to-date: /home/behzad/ros2_ws/install/bumperbot_planning/share/bumperbot_planning/cmake/bumperbot_planningConfig.cmake
[12.478s] -- Up-to-date: /home/behzad/ros2_ws/install/bumperbot_planning/share/bumperbot_planning/cmake/bumperbot_planningConfig-version.cmake
[12.478s] -- Up-to-date: /home/behzad/ros2_ws/install/bumperbot_planning/share/bumperbot_planning/package.xml
[12.481s] Invoked command in '/home/behzad/ros2_ws/build/bumperbot_planning' returned '0': CMAKE_PREFIX_PATH=${CMAKE_PREFIX_PATH}:/home/behzad/ros2_ws/install/bumperbot_py_examples:/home/behzad/bumporbot_ws/install/bumporbot_py_examples:/opt/ros/humble /usr/bin/cmake --install /home/behzad/ros2_ws/build/bumperbot_planning
