[0.017s] Invoking command in '/home/behzad/ros2_ws/build/bumperbot_planning': CMAKE_PREFIX_PATH=${CMAKE_PREFIX_PATH}:/home/behzad/ros2_ws/install/bumperbot_py_examples:/home/behzad/bumporbot_ws/install/bumporbot_py_examples:/opt/ros/humble /usr/bin/cmake /home/behzad/ros2_ws/src/bumperbot_planning -DCMAKE_INSTALL_PREFIX=/home/behzad/ros2_ws/install/bumperbot_planning
[0.092s] -- The C compiler identification is GNU 11.4.0
[0.167s] -- The CXX compiler identification is GNU 11.4.0
[0.177s] -- Detecting C compiler ABI info
[0.292s] -- Detecting C compiler ABI info - done
[0.300s] -- Check for working C compiler: /usr/bin/cc - skipped
[0.300s] -- Detecting C compile features
[0.301s] -- Detecting C compile features - done
[0.303s] -- Detecting CXX compiler ABI info
[0.407s] -- Detecting CXX compiler ABI info - done
[0.429s] -- Check for working CXX compiler: /usr/bin/c++ - skipped
[0.430s] -- Detecting CXX compile features
[0.431s] -- Detecting CXX compile features - done
[0.446s] -- Found ament_cmake: 1.3.12 (/opt/ros/humble/share/ament_cmake/cmake)
[0.663s] -- Found Python3: /usr/bin/python3 (found version "3.10.12") found components: Interpreter 
[0.878s] -- Found rclpy: 3.3.17 (/opt/ros/humble/share/rclpy/cmake)
[0.883s] -- Found rclcpp: 16.0.15 (/opt/ros/humble/share/rclcpp/cmake)
[0.965s] -- Found rosidl_generator_c: 3.1.7 (/opt/ros/humble/share/rosidl_generator_c/cmake)
[0.977s] -- Found rosidl_adapter: 3.1.7 (/opt/ros/humble/share/rosidl_adapter/cmake)
[0.993s] -- Found rosidl_generator_cpp: 3.1.7 (/opt/ros/humble/share/rosidl_generator_cpp/cmake)
[1.013s] -- Using all available rosidl_typesupport_c: rosidl_typesupport_fastrtps_c;rosidl_typesupport_introspection_c
[1.042s] -- Using all available rosidl_typesupport_cpp: rosidl_typesupport_fastrtps_cpp;rosidl_typesupport_introspection_cpp
[1.123s] -- Found rmw_implementation_cmake: 6.1.2 (/opt/ros/humble/share/rmw_implementation_cmake/cmake)
[1.130s] -- Found rmw_fastrtps_cpp: 6.2.9 (/opt/ros/humble/share/rmw_fastrtps_cpp/cmake)
[1.301s] -- Found OpenSSL: /usr/lib/x86_64-linux-gnu/libcrypto.so (found version "3.0.2")  
[1.349s] -- Found FastRTPS: /opt/ros/humble/include  
[1.416s] -- Using RMW implementation 'rmw_fastrtps_cpp' as default
[1.435s] -- Looking for pthread.h
[1.534s] -- Looking for pthread.h - found
[1.534s] -- Performing Test CMAKE_HAVE_LIBC_PTHREAD
[1.665s] -- Performing Test CMAKE_HAVE_LIBC_PTHREAD - Success
[1.668s] -- Found Threads: TRUE  
[1.763s] -- Found nav_msgs: 4.9.0 (/opt/ros/humble/share/nav_msgs/cmake)
[1.802s] -- Found tf2_ros: 0.25.16 (/opt/ros/humble/share/tf2_ros/cmake)
[2.145s] -- Configuring done
[2.167s] -- Generating done
[2.174s] -- Build files have been written to: /home/behzad/ros2_ws/build/bumperbot_planning
[2.188s] Invoked command in '/home/behzad/ros2_ws/build/bumperbot_planning' returned '0': CMAKE_PREFIX_PATH=${CMAKE_PREFIX_PATH}:/home/behzad/ros2_ws/install/bumperbot_py_examples:/home/behzad/bumporbot_ws/install/bumporbot_py_examples:/opt/ros/humble /usr/bin/cmake /home/behzad/ros2_ws/src/bumperbot_planning -DCMAKE_INSTALL_PREFIX=/home/behzad/ros2_ws/install/bumperbot_planning
[2.190s] Invoking command in '/home/behzad/ros2_ws/build/bumperbot_planning': CMAKE_PREFIX_PATH=${CMAKE_PREFIX_PATH}:/home/behzad/ros2_ws/install/bumperbot_py_examples:/home/behzad/bumporbot_ws/install/bumporbot_py_examples:/opt/ros/humble /usr/bin/cmake --build /home/behzad/ros2_ws/build/bumperbot_planning -- -j12 -l12
[2.252s] [35m[1mConsolidate compiler generated dependencies of target dijkstra_planner[0m
[2.267s] [ 25%] [32mBuilding CXX object CMakeFiles/a_star_planner.dir/src/a_star_planner.cpp.o[0m
[2.279s] [ 25%] Built target ament_cmake_python_copy_bumperbot_planning
[2.284s] [ 75%] Built target dijkstra_planner
[2.568s] running egg_info
[2.569s] writing bumperbot_planning.egg-info/PKG-INFO
[2.569s] writing dependency_links to bumperbot_planning.egg-info/dependency_links.txt
[2.569s] writing top-level names to bumperbot_planning.egg-info/top_level.txt
[2.571s] reading manifest file 'bumperbot_planning.egg-info/SOURCES.txt'
[2.571s] writing manifest file 'bumperbot_planning.egg-info/SOURCES.txt'
[2.601s] [ 75%] Built target ament_cmake_python_build_bumperbot_planning_egg
[14.346s] [100%] [32m[1mLinking CXX executable a_star_planner[0m
[15.049s] [100%] Built target a_star_planner
[15.074s] Invoked command in '/home/behzad/ros2_ws/build/bumperbot_planning' returned '0': CMAKE_PREFIX_PATH=${CMAKE_PREFIX_PATH}:/home/behzad/ros2_ws/install/bumperbot_py_examples:/home/behzad/bumporbot_ws/install/bumporbot_py_examples:/opt/ros/humble /usr/bin/cmake --build /home/behzad/ros2_ws/build/bumperbot_planning -- -j12 -l12
[15.088s] Invoking command in '/home/behzad/ros2_ws/build/bumperbot_planning': CMAKE_PREFIX_PATH=${CMAKE_PREFIX_PATH}:/home/behzad/ros2_ws/install/bumperbot_py_examples:/home/behzad/bumporbot_ws/install/bumporbot_py_examples:/opt/ros/humble /usr/bin/cmake --install /home/behzad/ros2_ws/build/bumperbot_planning
[15.100s] -- Install configuration: ""
[15.100s] -- Up-to-date: /home/behzad/ros2_ws/install/bumperbot_planning/share/bumperbot_planning/environment/pythonpath.sh
[15.100s] -- Installing: /home/behzad/ros2_ws/install/bumperbot_planning/share/bumperbot_planning/environment/pythonpath.dsv
[15.100s] -- Up-to-date: /home/behzad/ros2_ws/install/bumperbot_planning/local/lib/python3.10/dist-packages/bumperbot_planning-0.0.0-py3.10.egg-info
[15.101s] -- Installing: /home/behzad/ros2_ws/install/bumperbot_planning/local/lib/python3.10/dist-packages/bumperbot_planning-0.0.0-py3.10.egg-info/dependency_links.txt
[15.101s] -- Installing: /home/behzad/ros2_ws/install/bumperbot_planning/local/lib/python3.10/dist-packages/bumperbot_planning-0.0.0-py3.10.egg-info/PKG-INFO
[15.101s] -- Installing: /home/behzad/ros2_ws/install/bumperbot_planning/local/lib/python3.10/dist-packages/bumperbot_planning-0.0.0-py3.10.egg-info/SOURCES.txt
[15.101s] -- Installing: /home/behzad/ros2_ws/install/bumperbot_planning/local/lib/python3.10/dist-packages/bumperbot_planning-0.0.0-py3.10.egg-info/top_level.txt
[15.101s] -- Up-to-date: /home/behzad/ros2_ws/install/bumperbot_planning/local/lib/python3.10/dist-packages/bumperbot_planning
[15.102s] -- Up-to-date: /home/behzad/ros2_ws/install/bumperbot_planning/local/lib/python3.10/dist-packages/bumperbot_planning/__init__.py
[15.102s] -- Up-to-date: /home/behzad/ros2_ws/install/bumperbot_planning/local/lib/python3.10/dist-packages/bumperbot_planning/dijkstra_planner.py
[15.151s] Listing '/home/behzad/ros2_ws/install/bumperbot_planning/local/lib/python3.10/dist-packages/bumperbot_planning'...
[15.156s] -- Up-to-date: /home/behzad/ros2_ws/install/bumperbot_planning/lib/bumperbot_planning/dijkstra_planner.py
[15.157s] -- Up-to-date: /home/behzad/ros2_ws/install/bumperbot_planning/include
[15.157s] -- Up-to-date: /home/behzad/ros2_ws/install/bumperbot_planning/include/bumperbot_planning
[15.157s] -- Up-to-date: /home/behzad/ros2_ws/install/bumperbot_planning/include/bumperbot_planning/dijkstra_planner.hpp
[15.157s] -- Installing: /home/behzad/ros2_ws/install/bumperbot_planning/include/bumperbot_planning/a_star_planner.hpp
[15.158s] -- Up-to-date: /home/behzad/ros2_ws/install/bumperbot_planning/lib/bumperbot_planning/dijkstra_planner
[15.158s] -- Installing: /home/behzad/ros2_ws/install/bumperbot_planning/lib/bumperbot_planning/a_star_planner
[15.173s] -- Set runtime path of "/home/behzad/ros2_ws/install/bumperbot_planning/lib/bumperbot_planning/a_star_planner" to ""
[15.174s] -- Up-to-date: /home/behzad/ros2_ws/install/bumperbot_planning/share/ament_index/resource_index/package_run_dependencies/bumperbot_planning
[15.174s] -- Up-to-date: /home/behzad/ros2_ws/install/bumperbot_planning/share/ament_index/resource_index/parent_prefix_path/bumperbot_planning
[15.174s] -- Up-to-date: /home/behzad/ros2_ws/install/bumperbot_planning/share/bumperbot_planning/environment/ament_prefix_path.sh
[15.174s] -- Installing: /home/behzad/ros2_ws/install/bumperbot_planning/share/bumperbot_planning/environment/ament_prefix_path.dsv
[15.175s] -- Up-to-date: /home/behzad/ros2_ws/install/bumperbot_planning/share/bumperbot_planning/environment/path.sh
[15.175s] -- Installing: /home/behzad/ros2_ws/install/bumperbot_planning/share/bumperbot_planning/environment/path.dsv
[15.175s] -- Up-to-date: /home/behzad/ros2_ws/install/bumperbot_planning/share/bumperbot_planning/local_setup.bash
[15.175s] -- Up-to-date: /home/behzad/ros2_ws/install/bumperbot_planning/share/bumperbot_planning/local_setup.sh
[15.176s] -- Up-to-date: /home/behzad/ros2_ws/install/bumperbot_planning/share/bumperbot_planning/local_setup.zsh
[15.176s] -- Installing: /home/behzad/ros2_ws/install/bumperbot_planning/share/bumperbot_planning/local_setup.dsv
[15.176s] -- Installing: /home/behzad/ros2_ws/install/bumperbot_planning/share/bumperbot_planning/package.dsv
[15.177s] -- Up-to-date: /home/behzad/ros2_ws/install/bumperbot_planning/share/ament_index/resource_index/packages/bumperbot_planning
[15.177s] -- Up-to-date: /home/behzad/ros2_ws/install/bumperbot_planning/share/bumperbot_planning/cmake/ament_cmake_export_include_directories-extras.cmake
[15.177s] -- Up-to-date: /home/behzad/ros2_ws/install/bumperbot_planning/share/bumperbot_planning/cmake/ament_cmake_export_dependencies-extras.cmake
[15.177s] -- Up-to-date: /home/behzad/ros2_ws/install/bumperbot_planning/share/bumperbot_planning/cmake/bumperbot_planningConfig.cmake
[15.178s] -- Up-to-date: /home/behzad/ros2_ws/install/bumperbot_planning/share/bumperbot_planning/cmake/bumperbot_planningConfig-version.cmake
[15.178s] -- Installing: /home/behzad/ros2_ws/install/bumperbot_planning/share/bumperbot_planning/package.xml
[15.184s] Invoked command in '/home/behzad/ros2_ws/build/bumperbot_planning' returned '0': CMAKE_PREFIX_PATH=${CMAKE_PREFIX_PATH}:/home/behzad/ros2_ws/install/bumperbot_py_examples:/home/behzad/bumporbot_ws/install/bumporbot_py_examples:/opt/ros/humble /usr/bin/cmake --install /home/behzad/ros2_ws/build/bumperbot_planning
