[0.077s] Invoking command in '/home/behzad/ros2_ws/build/bumperbot_msgs': CMAKE_PREFIX_PATH=${CMAKE_PREFIX_PATH}:/home/behzad/ros2_ws/install/bumperbot_py_examples:/home/behzad/bumporbot_ws/install/bumporbot_py_examples:/opt/ros/humble /usr/bin/cmake --build /home/behzad/ros2_ws/build/bumperbot_msgs -- -j12 -l12
[0.217s] [  2%] Built target bumperbot_msgs__cpp
[0.335s] [ 12%] Built target bumperbot_msgs__rosidl_generator_c
[0.453s] [ 12%] Built target ament_cmake_python_copy_bumperbot_msgs
[0.455s] [ 23%] Built target bumperbot_msgs__rosidl_typesupport_fastrtps_cpp
[0.456s] [ 34%] Built target bumperbot_msgs__rosidl_typesupport_introspection_cpp
[0.456s] [ 44%] Built target bumperbot_msgs__rosidl_typesupport_cpp
[0.456s] [ 55%] Built target bumperbot_msgs__rosidl_typesupport_introspection_c
[0.456s] [ 65%] Built target bumperbot_msgs__rosidl_typesupport_c
[0.456s] [ 76%] Built target bumperbot_msgs__rosidl_typesupport_fastrtps_c
[0.457s] [ 76%] Built target bumperbot_msgs
[0.511s] [ 78%] Built target bumperbot_msgs__py
[0.614s] [ 87%] Built target bumperbot_msgs__rosidl_generator_py
[0.715s] [ 91%] Built target bumperbot_msgs__rosidl_typesupport_c__pyext
[0.727s] [ 95%] Built target bumperbot_msgs__rosidl_typesupport_fastrtps_c__pyext
[0.751s] [100%] Built target bumperbot_msgs__rosidl_typesupport_introspection_c__pyext
[1.001s] running egg_info
[1.003s] writing bumperbot_msgs.egg-info/PKG-INFO
[1.003s] writing dependency_links to bumperbot_msgs.egg-info/dependency_links.txt
[1.003s] writing top-level names to bumperbot_msgs.egg-info/top_level.txt
[1.012s] reading manifest file 'bumperbot_msgs.egg-info/SOURCES.txt'
[1.015s] writing manifest file 'bumperbot_msgs.egg-info/SOURCES.txt'
[1.111s] [100%] Built target ament_cmake_python_build_bumperbot_msgs_egg
[1.145s] Invoked command in '/home/behzad/ros2_ws/build/bumperbot_msgs' returned '0': CMAKE_PREFIX_PATH=${CMAKE_PREFIX_PATH}:/home/behzad/ros2_ws/install/bumperbot_py_examples:/home/behzad/bumporbot_ws/install/bumporbot_py_examples:/opt/ros/humble /usr/bin/cmake --build /home/behzad/ros2_ws/build/bumperbot_msgs -- -j12 -l12
[1.150s] Invoking command in '/home/behzad/ros2_ws/build/bumperbot_msgs': CMAKE_PREFIX_PATH=${CMAKE_PREFIX_PATH}:/home/behzad/ros2_ws/install/bumperbot_py_examples:/home/behzad/bumporbot_ws/install/bumporbot_py_examples:/opt/ros/humble /usr/bin/cmake --install /home/behzad/ros2_ws/build/bumperbot_msgs
[1.173s] -- Install configuration: ""
[1.174s] -- Up-to-date: /home/behzad/ros2_ws/install/bumperbot_msgs/share/ament_index/resource_index/rosidl_interfaces/bumperbot_msgs
[1.174s] -- Up-to-date: /home/behzad/ros2_ws/install/bumperbot_msgs/include/bumperbot_msgs/bumperbot_msgs
[1.174s] -- Up-to-date: /home/behzad/ros2_ws/install/bumperbot_msgs/include/bumperbot_msgs/bumperbot_msgs/srv
[1.174s] -- Up-to-date: /home/behzad/ros2_ws/install/bumperbot_msgs/include/bumperbot_msgs/bumperbot_msgs/srv/add_two_ints.h
[1.175s] -- Up-to-date: /home/behzad/ros2_ws/install/bumperbot_msgs/include/bumperbot_msgs/bumperbot_msgs/srv/get_transform.h
[1.176s] -- Up-to-date: /home/behzad/ros2_ws/install/bumperbot_msgs/include/bumperbot_msgs/bumperbot_msgs/srv/detail
[1.176s] -- Up-to-date: /home/behzad/ros2_ws/install/bumperbot_msgs/include/bumperbot_msgs/bumperbot_msgs/srv/detail/add_two_ints__functions.h
[1.176s] -- Up-to-date: /home/behzad/ros2_ws/install/bumperbot_msgs/include/bumperbot_msgs/bumperbot_msgs/srv/detail/get_transform__struct.h
[1.176s] -- Up-to-date: /home/behzad/ros2_ws/install/bumperbot_msgs/include/bumperbot_msgs/bumperbot_msgs/srv/detail/get_transform__functions.h
[1.176s] -- Up-to-date: /home/behzad/ros2_ws/install/bumperbot_msgs/include/bumperbot_msgs/bumperbot_msgs/srv/detail/add_two_ints__type_support.h
[1.178s] -- Up-to-date: /home/behzad/ros2_ws/install/bumperbot_msgs/include/bumperbot_msgs/bumperbot_msgs/srv/detail/get_transform__functions.c
[1.178s] -- Up-to-date: /home/behzad/ros2_ws/install/bumperbot_msgs/include/bumperbot_msgs/bumperbot_msgs/srv/detail/add_two_ints__struct.h
[1.178s] -- Up-to-date: /home/behzad/ros2_ws/install/bumperbot_msgs/include/bumperbot_msgs/bumperbot_msgs/srv/detail/get_transform__type_support.h
[1.178s] -- Up-to-date: /home/behzad/ros2_ws/install/bumperbot_msgs/include/bumperbot_msgs/bumperbot_msgs/srv/detail/add_two_ints__functions.c
[1.178s] -- Up-to-date: /home/behzad/ros2_ws/install/bumperbot_msgs/include/bumperbot_msgs/bumperbot_msgs/msg
[1.178s] -- Up-to-date: /home/behzad/ros2_ws/install/bumperbot_msgs/include/bumperbot_msgs/bumperbot_msgs/msg/rosidl_generator_c__visibility_control.h
[1.178s] -- Up-to-date: /home/behzad/ros2_ws/install/bumperbot_msgs/include/bumperbot_msgs/bumperbot_msgs/action
[1.178s] -- Up-to-date: /home/behzad/ros2_ws/install/bumperbot_msgs/include/bumperbot_msgs/bumperbot_msgs/action/fibonacci.h
[1.178s] -- Up-to-date: /home/behzad/ros2_ws/install/bumperbot_msgs/include/bumperbot_msgs/bumperbot_msgs/action/detail
[1.179s] -- Up-to-date: /home/behzad/ros2_ws/install/bumperbot_msgs/include/bumperbot_msgs/bumperbot_msgs/action/detail/fibonacci__type_support.h
[1.179s] -- Up-to-date: /home/behzad/ros2_ws/install/bumperbot_msgs/include/bumperbot_msgs/bumperbot_msgs/action/detail/fibonacci__struct.h
[1.179s] -- Up-to-date: /home/behzad/ros2_ws/install/bumperbot_msgs/include/bumperbot_msgs/bumperbot_msgs/action/detail/fibonacci__functions.h
[1.179s] -- Up-to-date: /home/behzad/ros2_ws/install/bumperbot_msgs/include/bumperbot_msgs/bumperbot_msgs/action/detail/fibonacci__functions.c
[1.179s] -- Up-to-date: /home/behzad/ros2_ws/install/bumperbot_msgs/share/bumperbot_msgs/environment/library_path.sh
[1.179s] -- Up-to-date: /home/behzad/ros2_ws/install/bumperbot_msgs/share/bumperbot_msgs/environment/library_path.dsv
[1.179s] -- Up-to-date: /home/behzad/ros2_ws/install/bumperbot_msgs/lib/libbumperbot_msgs__rosidl_generator_c.so
[1.179s] -- Up-to-date: /home/behzad/ros2_ws/install/bumperbot_msgs/include/bumperbot_msgs/bumperbot_msgs
[1.179s] -- Up-to-date: /home/behzad/ros2_ws/install/bumperbot_msgs/include/bumperbot_msgs/bumperbot_msgs/srv
[1.179s] -- Up-to-date: /home/behzad/ros2_ws/install/bumperbot_msgs/include/bumperbot_msgs/bumperbot_msgs/srv/detail
[1.180s] -- Up-to-date: /home/behzad/ros2_ws/install/bumperbot_msgs/include/bumperbot_msgs/bumperbot_msgs/srv/detail/get_transform__rosidl_typesupport_fastrtps_c.h
[1.180s] -- Up-to-date: /home/behzad/ros2_ws/install/bumperbot_msgs/include/bumperbot_msgs/bumperbot_msgs/srv/detail/add_two_ints__rosidl_typesupport_fastrtps_c.h
[1.180s] -- Up-to-date: /home/behzad/ros2_ws/install/bumperbot_msgs/include/bumperbot_msgs/bumperbot_msgs/msg
[1.180s] -- Up-to-date: /home/behzad/ros2_ws/install/bumperbot_msgs/include/bumperbot_msgs/bumperbot_msgs/msg/rosidl_typesupport_fastrtps_c__visibility_control.h
[1.180s] -- Up-to-date: /home/behzad/ros2_ws/install/bumperbot_msgs/include/bumperbot_msgs/bumperbot_msgs/action
[1.180s] -- Up-to-date: /home/behzad/ros2_ws/install/bumperbot_msgs/include/bumperbot_msgs/bumperbot_msgs/action/detail
[1.180s] -- Up-to-date: /home/behzad/ros2_ws/install/bumperbot_msgs/include/bumperbot_msgs/bumperbot_msgs/action/detail/fibonacci__rosidl_typesupport_fastrtps_c.h
[1.180s] -- Up-to-date: /home/behzad/ros2_ws/install/bumperbot_msgs/lib/libbumperbot_msgs__rosidl_typesupport_fastrtps_c.so
[1.180s] -- Up-to-date: /home/behzad/ros2_ws/install/bumperbot_msgs/include/bumperbot_msgs/bumperbot_msgs
[1.180s] -- Up-to-date: /home/behzad/ros2_ws/install/bumperbot_msgs/include/bumperbot_msgs/bumperbot_msgs/srv
[1.180s] -- Up-to-date: /home/behzad/ros2_ws/install/bumperbot_msgs/include/bumperbot_msgs/bumperbot_msgs/srv/add_two_ints.hpp
[1.180s] -- Up-to-date: /home/behzad/ros2_ws/install/bumperbot_msgs/include/bumperbot_msgs/bumperbot_msgs/srv/get_transform.hpp
[1.181s] -- Up-to-date: /home/behzad/ros2_ws/install/bumperbot_msgs/include/bumperbot_msgs/bumperbot_msgs/srv/detail
[1.181s] -- Up-to-date: /home/behzad/ros2_ws/install/bumperbot_msgs/include/bumperbot_msgs/bumperbot_msgs/srv/detail/add_two_ints__builder.hpp
[1.181s] -- Up-to-date: /home/behzad/ros2_ws/install/bumperbot_msgs/include/bumperbot_msgs/bumperbot_msgs/srv/detail/add_two_ints__struct.hpp
[1.181s] -- Up-to-date: /home/behzad/ros2_ws/install/bumperbot_msgs/include/bumperbot_msgs/bumperbot_msgs/srv/detail/get_transform__type_support.hpp
[1.181s] -- Up-to-date: /home/behzad/ros2_ws/install/bumperbot_msgs/include/bumperbot_msgs/bumperbot_msgs/srv/detail/get_transform__traits.hpp
[1.181s] -- Up-to-date: /home/behzad/ros2_ws/install/bumperbot_msgs/include/bumperbot_msgs/bumperbot_msgs/srv/detail/add_two_ints__type_support.hpp
[1.181s] -- Up-to-date: /home/behzad/ros2_ws/install/bumperbot_msgs/include/bumperbot_msgs/bumperbot_msgs/srv/detail/get_transform__builder.hpp
[1.181s] -- Up-to-date: /home/behzad/ros2_ws/install/bumperbot_msgs/include/bumperbot_msgs/bumperbot_msgs/srv/detail/get_transform__struct.hpp
[1.181s] -- Up-to-date: /home/behzad/ros2_ws/install/bumperbot_msgs/include/bumperbot_msgs/bumperbot_msgs/srv/detail/add_two_ints__traits.hpp
[1.181s] -- Up-to-date: /home/behzad/ros2_ws/install/bumperbot_msgs/include/bumperbot_msgs/bumperbot_msgs/msg
[1.182s] -- Up-to-date: /home/behzad/ros2_ws/install/bumperbot_msgs/include/bumperbot_msgs/bumperbot_msgs/msg/rosidl_generator_cpp__visibility_control.hpp
[1.182s] -- Up-to-date: /home/behzad/ros2_ws/install/bumperbot_msgs/include/bumperbot_msgs/bumperbot_msgs/action
[1.182s] -- Up-to-date: /home/behzad/ros2_ws/install/bumperbot_msgs/include/bumperbot_msgs/bumperbot_msgs/action/fibonacci.hpp
[1.182s] -- Up-to-date: /home/behzad/ros2_ws/install/bumperbot_msgs/include/bumperbot_msgs/bumperbot_msgs/action/detail
[1.182s] -- Up-to-date: /home/behzad/ros2_ws/install/bumperbot_msgs/include/bumperbot_msgs/bumperbot_msgs/action/detail/fibonacci__type_support.hpp
[1.182s] -- Up-to-date: /home/behzad/ros2_ws/install/bumperbot_msgs/include/bumperbot_msgs/bumperbot_msgs/action/detail/fibonacci__traits.hpp
[1.182s] -- Up-to-date: /home/behzad/ros2_ws/install/bumperbot_msgs/include/bumperbot_msgs/bumperbot_msgs/action/detail/fibonacci__struct.hpp
[1.182s] -- Up-to-date: /home/behzad/ros2_ws/install/bumperbot_msgs/include/bumperbot_msgs/bumperbot_msgs/action/detail/fibonacci__builder.hpp
[1.182s] -- Up-to-date: /home/behzad/ros2_ws/install/bumperbot_msgs/include/bumperbot_msgs/bumperbot_msgs
[1.182s] -- Up-to-date: /home/behzad/ros2_ws/install/bumperbot_msgs/include/bumperbot_msgs/bumperbot_msgs/srv
[1.183s] -- Up-to-date: /home/behzad/ros2_ws/install/bumperbot_msgs/include/bumperbot_msgs/bumperbot_msgs/srv/detail
[1.183s] -- Up-to-date: /home/behzad/ros2_ws/install/bumperbot_msgs/include/bumperbot_msgs/bumperbot_msgs/srv/detail/dds_fastrtps
[1.183s] -- Up-to-date: /home/behzad/ros2_ws/install/bumperbot_msgs/include/bumperbot_msgs/bumperbot_msgs/srv/detail/get_transform__rosidl_typesupport_fastrtps_cpp.hpp
[1.183s] -- Up-to-date: /home/behzad/ros2_ws/install/bumperbot_msgs/include/bumperbot_msgs/bumperbot_msgs/srv/detail/add_two_ints__rosidl_typesupport_fastrtps_cpp.hpp
[1.183s] -- Up-to-date: /home/behzad/ros2_ws/install/bumperbot_msgs/include/bumperbot_msgs/bumperbot_msgs/msg
[1.183s] -- Up-to-date: /home/behzad/ros2_ws/install/bumperbot_msgs/include/bumperbot_msgs/bumperbot_msgs/msg/rosidl_typesupport_fastrtps_cpp__visibility_control.h
[1.183s] -- Up-to-date: /home/behzad/ros2_ws/install/bumperbot_msgs/include/bumperbot_msgs/bumperbot_msgs/action
[1.183s] -- Up-to-date: /home/behzad/ros2_ws/install/bumperbot_msgs/include/bumperbot_msgs/bumperbot_msgs/action/detail
[1.183s] -- Up-to-date: /home/behzad/ros2_ws/install/bumperbot_msgs/include/bumperbot_msgs/bumperbot_msgs/action/detail/dds_fastrtps
[1.183s] -- Up-to-date: /home/behzad/ros2_ws/install/bumperbot_msgs/include/bumperbot_msgs/bumperbot_msgs/action/detail/fibonacci__rosidl_typesupport_fastrtps_cpp.hpp
[1.184s] -- Up-to-date: /home/behzad/ros2_ws/install/bumperbot_msgs/lib/libbumperbot_msgs__rosidl_typesupport_fastrtps_cpp.so
[1.184s] -- Up-to-date: /home/behzad/ros2_ws/install/bumperbot_msgs/include/bumperbot_msgs/bumperbot_msgs
[1.184s] -- Up-to-date: /home/behzad/ros2_ws/install/bumperbot_msgs/include/bumperbot_msgs/bumperbot_msgs/srv
[1.184s] -- Up-to-date: /home/behzad/ros2_ws/install/bumperbot_msgs/include/bumperbot_msgs/bumperbot_msgs/srv/detail
[1.184s] -- Up-to-date: /home/behzad/ros2_ws/install/bumperbot_msgs/include/bumperbot_msgs/bumperbot_msgs/srv/detail/add_two_ints__type_support.c
[1.184s] -- Up-to-date: /home/behzad/ros2_ws/install/bumperbot_msgs/include/bumperbot_msgs/bumperbot_msgs/srv/detail/get_transform__rosidl_typesupport_introspection_c.h
[1.184s] -- Up-to-date: /home/behzad/ros2_ws/install/bumperbot_msgs/include/bumperbot_msgs/bumperbot_msgs/srv/detail/add_two_ints__rosidl_typesupport_introspection_c.h
[1.184s] -- Up-to-date: /home/behzad/ros2_ws/install/bumperbot_msgs/include/bumperbot_msgs/bumperbot_msgs/srv/detail/get_transform__type_support.c
[1.185s] -- Up-to-date: /home/behzad/ros2_ws/install/bumperbot_msgs/include/bumperbot_msgs/bumperbot_msgs/msg
[1.185s] -- Up-to-date: /home/behzad/ros2_ws/install/bumperbot_msgs/include/bumperbot_msgs/bumperbot_msgs/msg/rosidl_typesupport_introspection_c__visibility_control.h
[1.185s] -- Up-to-date: /home/behzad/ros2_ws/install/bumperbot_msgs/include/bumperbot_msgs/bumperbot_msgs/action
[1.185s] -- Up-to-date: /home/behzad/ros2_ws/install/bumperbot_msgs/include/bumperbot_msgs/bumperbot_msgs/action/detail
[1.185s] -- Up-to-date: /home/behzad/ros2_ws/install/bumperbot_msgs/include/bumperbot_msgs/bumperbot_msgs/action/detail/fibonacci__type_support.c
[1.185s] -- Up-to-date: /home/behzad/ros2_ws/install/bumperbot_msgs/include/bumperbot_msgs/bumperbot_msgs/action/detail/fibonacci__rosidl_typesupport_introspection_c.h
[1.185s] -- Up-to-date: /home/behzad/ros2_ws/install/bumperbot_msgs/lib/libbumperbot_msgs__rosidl_typesupport_introspection_c.so
[1.185s] -- Up-to-date: /home/behzad/ros2_ws/install/bumperbot_msgs/lib/libbumperbot_msgs__rosidl_typesupport_c.so
[1.186s] -- Up-to-date: /home/behzad/ros2_ws/install/bumperbot_msgs/include/bumperbot_msgs/bumperbot_msgs
[1.186s] -- Up-to-date: /home/behzad/ros2_ws/install/bumperbot_msgs/include/bumperbot_msgs/bumperbot_msgs/srv
[1.186s] -- Up-to-date: /home/behzad/ros2_ws/install/bumperbot_msgs/include/bumperbot_msgs/bumperbot_msgs/srv/detail
[1.186s] -- Up-to-date: /home/behzad/ros2_ws/install/bumperbot_msgs/include/bumperbot_msgs/bumperbot_msgs/srv/detail/add_two_ints__rosidl_typesupport_introspection_cpp.hpp
[1.186s] -- Up-to-date: /home/behzad/ros2_ws/install/bumperbot_msgs/include/bumperbot_msgs/bumperbot_msgs/srv/detail/get_transform__type_support.cpp
[1.186s] -- Up-to-date: /home/behzad/ros2_ws/install/bumperbot_msgs/include/bumperbot_msgs/bumperbot_msgs/srv/detail/add_two_ints__type_support.cpp
[1.186s] -- Up-to-date: /home/behzad/ros2_ws/install/bumperbot_msgs/include/bumperbot_msgs/bumperbot_msgs/srv/detail/get_transform__rosidl_typesupport_introspection_cpp.hpp
[1.186s] -- Up-to-date: /home/behzad/ros2_ws/install/bumperbot_msgs/include/bumperbot_msgs/bumperbot_msgs/action
[1.187s] -- Up-to-date: /home/behzad/ros2_ws/install/bumperbot_msgs/include/bumperbot_msgs/bumperbot_msgs/action/detail
[1.187s] -- Up-to-date: /home/behzad/ros2_ws/install/bumperbot_msgs/include/bumperbot_msgs/bumperbot_msgs/action/detail/fibonacci__type_support.cpp
[1.187s] -- Up-to-date: /home/behzad/ros2_ws/install/bumperbot_msgs/include/bumperbot_msgs/bumperbot_msgs/action/detail/fibonacci__rosidl_typesupport_introspection_cpp.hpp
[1.187s] -- Up-to-date: /home/behzad/ros2_ws/install/bumperbot_msgs/lib/libbumperbot_msgs__rosidl_typesupport_introspection_cpp.so
[1.187s] -- Up-to-date: /home/behzad/ros2_ws/install/bumperbot_msgs/lib/libbumperbot_msgs__rosidl_typesupport_cpp.so
[1.187s] -- Up-to-date: /home/behzad/ros2_ws/install/bumperbot_msgs/share/bumperbot_msgs/environment/pythonpath.sh
[1.187s] -- Up-to-date: /home/behzad/ros2_ws/install/bumperbot_msgs/share/bumperbot_msgs/environment/pythonpath.dsv
[1.188s] -- Up-to-date: /home/behzad/ros2_ws/install/bumperbot_msgs/local/lib/python3.10/dist-packages/bumperbot_msgs-0.0.0-py3.10.egg-info
[1.188s] -- Installing: /home/behzad/ros2_ws/install/bumperbot_msgs/local/lib/python3.10/dist-packages/bumperbot_msgs-0.0.0-py3.10.egg-info/dependency_links.txt
[1.188s] -- Installing: /home/behzad/ros2_ws/install/bumperbot_msgs/local/lib/python3.10/dist-packages/bumperbot_msgs-0.0.0-py3.10.egg-info/PKG-INFO
[1.188s] -- Installing: /home/behzad/ros2_ws/install/bumperbot_msgs/local/lib/python3.10/dist-packages/bumperbot_msgs-0.0.0-py3.10.egg-info/SOURCES.txt
[1.188s] -- Installing: /home/behzad/ros2_ws/install/bumperbot_msgs/local/lib/python3.10/dist-packages/bumperbot_msgs-0.0.0-py3.10.egg-info/top_level.txt
[1.188s] -- Up-to-date: /home/behzad/ros2_ws/install/bumperbot_msgs/local/lib/python3.10/dist-packages/bumperbot_msgs
[1.188s] -- Up-to-date: /home/behzad/ros2_ws/install/bumperbot_msgs/local/lib/python3.10/dist-packages/bumperbot_msgs/__init__.py
[1.188s] -- Up-to-date: /home/behzad/ros2_ws/install/bumperbot_msgs/local/lib/python3.10/dist-packages/bumperbot_msgs/_bumperbot_msgs_s.ep.rosidl_typesupport_introspection_c.c
[1.188s] -- Up-to-date: /home/behzad/ros2_ws/install/bumperbot_msgs/local/lib/python3.10/dist-packages/bumperbot_msgs/srv
[1.188s] -- Up-to-date: /home/behzad/ros2_ws/install/bumperbot_msgs/local/lib/python3.10/dist-packages/bumperbot_msgs/srv/__init__.py
[1.189s] -- Up-to-date: /home/behzad/ros2_ws/install/bumperbot_msgs/local/lib/python3.10/dist-packages/bumperbot_msgs/srv/_add_two_ints_s.c
[1.189s] -- Up-to-date: /home/behzad/ros2_ws/install/bumperbot_msgs/local/lib/python3.10/dist-packages/bumperbot_msgs/srv/_add_two_ints.py
[1.189s] -- Up-to-date: /home/behzad/ros2_ws/install/bumperbot_msgs/local/lib/python3.10/dist-packages/bumperbot_msgs/srv/_get_transform.py
[1.189s] -- Up-to-date: /home/behzad/ros2_ws/install/bumperbot_msgs/local/lib/python3.10/dist-packages/bumperbot_msgs/srv/_get_transform_s.c
[1.189s] -- Up-to-date: /home/behzad/ros2_ws/install/bumperbot_msgs/local/lib/python3.10/dist-packages/bumperbot_msgs/_bumperbot_msgs_s.ep.rosidl_typesupport_c.c
[1.189s] -- Up-to-date: /home/behzad/ros2_ws/install/bumperbot_msgs/local/lib/python3.10/dist-packages/bumperbot_msgs/bumperbot_msgs_s__rosidl_typesupport_introspection_c.cpython-310-x86_64-linux-gnu.so
[1.189s] -- Up-to-date: /home/behzad/ros2_ws/install/bumperbot_msgs/local/lib/python3.10/dist-packages/bumperbot_msgs/action
[1.189s] -- Up-to-date: /home/behzad/ros2_ws/install/bumperbot_msgs/local/lib/python3.10/dist-packages/bumperbot_msgs/action/__init__.py
[1.189s] -- Up-to-date: /home/behzad/ros2_ws/install/bumperbot_msgs/local/lib/python3.10/dist-packages/bumperbot_msgs/action/_fibonacci_s.c
[1.190s] -- Up-to-date: /home/behzad/ros2_ws/install/bumperbot_msgs/local/lib/python3.10/dist-packages/bumperbot_msgs/action/_fibonacci.py
[1.190s] -- Up-to-date: /home/behzad/ros2_ws/install/bumperbot_msgs/local/lib/python3.10/dist-packages/bumperbot_msgs/bumperbot_msgs_s__rosidl_typesupport_fastrtps_c.cpython-310-x86_64-linux-gnu.so
[1.190s] -- Up-to-date: /home/behzad/ros2_ws/install/bumperbot_msgs/local/lib/python3.10/dist-packages/bumperbot_msgs/_bumperbot_msgs_s.ep.rosidl_typesupport_fastrtps_c.c
[1.190s] -- Up-to-date: /home/behzad/ros2_ws/install/bumperbot_msgs/local/lib/python3.10/dist-packages/bumperbot_msgs/bumperbot_msgs_s__rosidl_typesupport_c.cpython-310-x86_64-linux-gnu.so
[1.190s] -- Up-to-date: /home/behzad/ros2_ws/install/bumperbot_msgs/local/lib/python3.10/dist-packages/bumperbot_msgs/libbumperbot_msgs__rosidl_generator_py.so
[1.262s] Listing '/home/behzad/ros2_ws/install/bumperbot_msgs/local/lib/python3.10/dist-packages/bumperbot_msgs'...
[1.262s] Listing '/home/behzad/ros2_ws/install/bumperbot_msgs/local/lib/python3.10/dist-packages/bumperbot_msgs/action'...
[1.262s] Listing '/home/behzad/ros2_ws/install/bumperbot_msgs/local/lib/python3.10/dist-packages/bumperbot_msgs/srv'...
[1.277s] -- Up-to-date: /home/behzad/ros2_ws/install/bumperbot_msgs/local/lib/python3.10/dist-packages/bumperbot_msgs/bumperbot_msgs_s__rosidl_typesupport_fastrtps_c.cpython-310-x86_64-linux-gnu.so
[1.277s] -- Up-to-date: /home/behzad/ros2_ws/install/bumperbot_msgs/local/lib/python3.10/dist-packages/bumperbot_msgs/bumperbot_msgs_s__rosidl_typesupport_introspection_c.cpython-310-x86_64-linux-gnu.so
[1.277s] -- Up-to-date: /home/behzad/ros2_ws/install/bumperbot_msgs/local/lib/python3.10/dist-packages/bumperbot_msgs/bumperbot_msgs_s__rosidl_typesupport_c.cpython-310-x86_64-linux-gnu.so
[1.278s] -- Up-to-date: /home/behzad/ros2_ws/install/bumperbot_msgs/lib/libbumperbot_msgs__rosidl_generator_py.so
[1.278s] -- Up-to-date: /home/behzad/ros2_ws/install/bumperbot_msgs/share/bumperbot_msgs/action/Fibonacci.idl
[1.278s] -- Up-to-date: /home/behzad/ros2_ws/install/bumperbot_msgs/share/bumperbot_msgs/srv/AddTwoInts.idl
[1.278s] -- Up-to-date: /home/behzad/ros2_ws/install/bumperbot_msgs/share/bumperbot_msgs/srv/GetTransform.idl
[1.279s] -- Up-to-date: /home/behzad/ros2_ws/install/bumperbot_msgs/share/bumperbot_msgs/action/Fibonacci.action
[1.279s] -- Up-to-date: /home/behzad/ros2_ws/install/bumperbot_msgs/share/bumperbot_msgs/srv/AddTwoInts.srv
[1.279s] -- Up-to-date: /home/behzad/ros2_ws/install/bumperbot_msgs/share/bumperbot_msgs/srv/AddTwoInts_Request.msg
[1.279s] -- Up-to-date: /home/behzad/ros2_ws/install/bumperbot_msgs/share/bumperbot_msgs/srv/AddTwoInts_Response.msg
[1.279s] -- Up-to-date: /home/behzad/ros2_ws/install/bumperbot_msgs/share/bumperbot_msgs/srv/GetTransform.srv
[1.279s] -- Up-to-date: /home/behzad/ros2_ws/install/bumperbot_msgs/share/bumperbot_msgs/srv/GetTransform_Request.msg
[1.279s] -- Up-to-date: /home/behzad/ros2_ws/install/bumperbot_msgs/share/bumperbot_msgs/srv/GetTransform_Response.msg
[1.279s] -- Up-to-date: /home/behzad/ros2_ws/install/bumperbot_msgs/share/ament_index/resource_index/package_run_dependencies/bumperbot_msgs
[1.280s] -- Up-to-date: /home/behzad/ros2_ws/install/bumperbot_msgs/share/ament_index/resource_index/parent_prefix_path/bumperbot_msgs
[1.280s] -- Up-to-date: /home/behzad/ros2_ws/install/bumperbot_msgs/share/bumperbot_msgs/environment/ament_prefix_path.sh
[1.280s] -- Up-to-date: /home/behzad/ros2_ws/install/bumperbot_msgs/share/bumperbot_msgs/environment/ament_prefix_path.dsv
[1.280s] -- Up-to-date: /home/behzad/ros2_ws/install/bumperbot_msgs/share/bumperbot_msgs/environment/path.sh
[1.280s] -- Up-to-date: /home/behzad/ros2_ws/install/bumperbot_msgs/share/bumperbot_msgs/environment/path.dsv
[1.280s] -- Up-to-date: /home/behzad/ros2_ws/install/bumperbot_msgs/share/bumperbot_msgs/local_setup.bash
[1.280s] -- Up-to-date: /home/behzad/ros2_ws/install/bumperbot_msgs/share/bumperbot_msgs/local_setup.sh
[1.280s] -- Up-to-date: /home/behzad/ros2_ws/install/bumperbot_msgs/share/bumperbot_msgs/local_setup.zsh
[1.281s] -- Up-to-date: /home/behzad/ros2_ws/install/bumperbot_msgs/share/bumperbot_msgs/local_setup.dsv
[1.281s] -- Installing: /home/behzad/ros2_ws/install/bumperbot_msgs/share/bumperbot_msgs/package.dsv
[1.281s] -- Up-to-date: /home/behzad/ros2_ws/install/bumperbot_msgs/share/ament_index/resource_index/packages/bumperbot_msgs
[1.281s] -- Up-to-date: /home/behzad/ros2_ws/install/bumperbot_msgs/share/bumperbot_msgs/cmake/export_bumperbot_msgs__rosidl_generator_cExport.cmake
[1.282s] -- Up-to-date: /home/behzad/ros2_ws/install/bumperbot_msgs/share/bumperbot_msgs/cmake/export_bumperbot_msgs__rosidl_generator_cExport-noconfig.cmake
[1.282s] -- Up-to-date: /home/behzad/ros2_ws/install/bumperbot_msgs/share/bumperbot_msgs/cmake/export_bumperbot_msgs__rosidl_typesupport_fastrtps_cExport.cmake
[1.282s] -- Up-to-date: /home/behzad/ros2_ws/install/bumperbot_msgs/share/bumperbot_msgs/cmake/export_bumperbot_msgs__rosidl_typesupport_fastrtps_cExport-noconfig.cmake
[1.282s] -- Up-to-date: /home/behzad/ros2_ws/install/bumperbot_msgs/share/bumperbot_msgs/cmake/export_bumperbot_msgs__rosidl_generator_cppExport.cmake
[1.282s] -- Up-to-date: /home/behzad/ros2_ws/install/bumperbot_msgs/share/bumperbot_msgs/cmake/export_bumperbot_msgs__rosidl_typesupport_fastrtps_cppExport.cmake
[1.282s] -- Up-to-date: /home/behzad/ros2_ws/install/bumperbot_msgs/share/bumperbot_msgs/cmake/export_bumperbot_msgs__rosidl_typesupport_fastrtps_cppExport-noconfig.cmake
[1.282s] -- Up-to-date: /home/behzad/ros2_ws/install/bumperbot_msgs/share/bumperbot_msgs/cmake/bumperbot_msgs__rosidl_typesupport_introspection_cExport.cmake
[1.282s] -- Up-to-date: /home/behzad/ros2_ws/install/bumperbot_msgs/share/bumperbot_msgs/cmake/bumperbot_msgs__rosidl_typesupport_introspection_cExport-noconfig.cmake
[1.282s] -- Up-to-date: /home/behzad/ros2_ws/install/bumperbot_msgs/share/bumperbot_msgs/cmake/bumperbot_msgs__rosidl_typesupport_cExport.cmake
[1.282s] -- Up-to-date: /home/behzad/ros2_ws/install/bumperbot_msgs/share/bumperbot_msgs/cmake/bumperbot_msgs__rosidl_typesupport_cExport-noconfig.cmake
[1.282s] -- Up-to-date: /home/behzad/ros2_ws/install/bumperbot_msgs/share/bumperbot_msgs/cmake/bumperbot_msgs__rosidl_typesupport_introspection_cppExport.cmake
[1.283s] -- Up-to-date: /home/behzad/ros2_ws/install/bumperbot_msgs/share/bumperbot_msgs/cmake/bumperbot_msgs__rosidl_typesupport_introspection_cppExport-noconfig.cmake
[1.283s] -- Up-to-date: /home/behzad/ros2_ws/install/bumperbot_msgs/share/bumperbot_msgs/cmake/bumperbot_msgs__rosidl_typesupport_cppExport.cmake
[1.283s] -- Up-to-date: /home/behzad/ros2_ws/install/bumperbot_msgs/share/bumperbot_msgs/cmake/bumperbot_msgs__rosidl_typesupport_cppExport-noconfig.cmake
[1.283s] -- Up-to-date: /home/behzad/ros2_ws/install/bumperbot_msgs/share/bumperbot_msgs/cmake/export_bumperbot_msgs__rosidl_generator_pyExport.cmake
[1.283s] -- Up-to-date: /home/behzad/ros2_ws/install/bumperbot_msgs/share/bumperbot_msgs/cmake/export_bumperbot_msgs__rosidl_generator_pyExport-noconfig.cmake
[1.283s] -- Up-to-date: /home/behzad/ros2_ws/install/bumperbot_msgs/share/bumperbot_msgs/cmake/rosidl_cmake-extras.cmake
[1.283s] -- Up-to-date: /home/behzad/ros2_ws/install/bumperbot_msgs/share/bumperbot_msgs/cmake/ament_cmake_export_dependencies-extras.cmake
[1.283s] -- Up-to-date: /home/behzad/ros2_ws/install/bumperbot_msgs/share/bumperbot_msgs/cmake/ament_cmake_export_include_directories-extras.cmake
[1.283s] -- Up-to-date: /home/behzad/ros2_ws/install/bumperbot_msgs/share/bumperbot_msgs/cmake/ament_cmake_export_libraries-extras.cmake
[1.283s] -- Up-to-date: /home/behzad/ros2_ws/install/bumperbot_msgs/share/bumperbot_msgs/cmake/ament_cmake_export_targets-extras.cmake
[1.283s] -- Up-to-date: /home/behzad/ros2_ws/install/bumperbot_msgs/share/bumperbot_msgs/cmake/rosidl_cmake_export_typesupport_targets-extras.cmake
[1.283s] -- Up-to-date: /home/behzad/ros2_ws/install/bumperbot_msgs/share/bumperbot_msgs/cmake/rosidl_cmake_export_typesupport_libraries-extras.cmake
[1.284s] -- Up-to-date: /home/behzad/ros2_ws/install/bumperbot_msgs/share/bumperbot_msgs/cmake/bumperbot_msgsConfig.cmake
[1.284s] -- Up-to-date: /home/behzad/ros2_ws/install/bumperbot_msgs/share/bumperbot_msgs/cmake/bumperbot_msgsConfig-version.cmake
[1.284s] -- Up-to-date: /home/behzad/ros2_ws/install/bumperbot_msgs/share/bumperbot_msgs/package.xml
[1.330s] Invoked command in '/home/behzad/ros2_ws/build/bumperbot_msgs' returned '0': CMAKE_PREFIX_PATH=${CMAKE_PREFIX_PATH}:/home/behzad/ros2_ws/install/bumperbot_py_examples:/home/behzad/bumporbot_ws/install/bumporbot_py_examples:/opt/ros/humble /usr/bin/cmake --install /home/behzad/ros2_ws/build/bumperbot_msgs
