[0.116s] DEBUG:colcon:Command line arguments: ['/usr/bin/colcon', 'list', '-p', '--base-paths', '/home/behzad/ros2_ws']
[0.116s] DEBUG:colcon:Parsed command line arguments: Namespace(log_base=None, log_level=None, verb_name='list', build_base='build', ignore_user_meta=False, metas=['./colcon.meta'], base_paths=['/home/behzad/ros2_ws'], packages_ignore=None, packages_ignore_regex=None, paths=None, packages_up_to=None, packages_up_to_regex=None, packages_above=None, packages_above_and_dependencies=None, packages_above_depth=None, packages_select_by_dep=None, packages_skip_by_dep=None, packages_skip_up_to=None, packages_select_build_failed=False, packages_skip_build_finished=False, packages_select_test_failures=False, packages_skip_test_passed=False, packages_select=None, packages_skip=None, packages_select_regex=None, packages_skip_regex=None, packages_start=None, packages_end=None, allow_overriding=[], topological_order=False, names_only=False, paths_only=True, topological_graph=False, topological_graph_dot=False, topological_graph_density=False, topological_graph_legend=False, topological_graph_dot_cluster=False, topological_graph_dot_include_skipped=False, verb_parser=<colcon_defaults.argument_parser.defaults.DefaultArgumentsDecorator object at 0x7318ed453f40>, verb_extension=<colcon_package_information.verb.list.ListVerb object at 0x7318ed453070>, main=<bound method ListVerb.main of <colcon_package_information.verb.list.ListVerb object at 0x7318ed453070>>)
[0.327s] Level 1:colcon.colcon_core.package_discovery:discover_packages(colcon_meta) check parameters
[0.327s] Level 1:colcon.colcon_core.package_discovery:discover_packages(recursive) check parameters
[0.327s] Level 1:colcon.colcon_core.package_discovery:discover_packages(ignore) check parameters
[0.327s] Level 1:colcon.colcon_core.package_discovery:discover_packages(path) check parameters
[0.327s] Level 1:colcon.colcon_core.package_discovery:discover_packages(recursive) discover
[0.327s] INFO:colcon.colcon_core.package_discovery:Crawling recursively for packages in '/home/behzad/ros2_ws'
[0.328s] Level 1:colcon.colcon_core.package_identification:_identify(/home/behzad/ros2_ws) by extensions ['ignore', 'ignore_ament_install']
[0.328s] Level 1:colcon.colcon_core.package_identification:_identify(/home/behzad/ros2_ws) by extension 'ignore'
[0.328s] Level 1:colcon.colcon_core.package_identification:_identify(/home/behzad/ros2_ws) by extension 'ignore_ament_install'
[0.328s] Level 1:colcon.colcon_core.package_identification:_identify(/home/behzad/ros2_ws) by extensions ['colcon_pkg']
[0.328s] Level 1:colcon.colcon_core.package_identification:_identify(/home/behzad/ros2_ws) by extension 'colcon_pkg'
[0.328s] Level 1:colcon.colcon_core.package_identification:_identify(/home/behzad/ros2_ws) by extensions ['colcon_meta']
[0.328s] Level 1:colcon.colcon_core.package_identification:_identify(/home/behzad/ros2_ws) by extension 'colcon_meta'
[0.328s] Level 1:colcon.colcon_core.package_identification:_identify(/home/behzad/ros2_ws) by extensions ['ros']
[0.328s] Level 1:colcon.colcon_core.package_identification:_identify(/home/behzad/ros2_ws) by extension 'ros'
[0.340s] Level 1:colcon.colcon_core.package_identification:_identify(/home/behzad/ros2_ws) by extensions ['cmake', 'python']
[0.340s] Level 1:colcon.colcon_core.package_identification:_identify(/home/behzad/ros2_ws) by extension 'cmake'
[0.340s] Level 1:colcon.colcon_core.package_identification:_identify(/home/behzad/ros2_ws) by extension 'python'
[0.340s] Level 1:colcon.colcon_core.package_identification:_identify(/home/behzad/ros2_ws) by extensions ['python_setup_py']
[0.340s] Level 1:colcon.colcon_core.package_identification:_identify(/home/behzad/ros2_ws) by extension 'python_setup_py'
[0.340s] Level 1:colcon.colcon_core.package_identification:_identify(/home/behzad/ros2_ws/build) by extensions ['ignore', 'ignore_ament_install']
[0.340s] Level 1:colcon.colcon_core.package_identification:_identify(/home/behzad/ros2_ws/build) by extension 'ignore'
[0.340s] Level 1:colcon.colcon_core.package_identification:_identify(/home/behzad/ros2_ws/build) ignored
[0.340s] Level 1:colcon.colcon_core.package_identification:_identify(/home/behzad/ros2_ws/install) by extensions ['ignore', 'ignore_ament_install']
[0.340s] Level 1:colcon.colcon_core.package_identification:_identify(/home/behzad/ros2_ws/install) by extension 'ignore'
[0.340s] Level 1:colcon.colcon_core.package_identification:_identify(/home/behzad/ros2_ws/install) ignored
[0.341s] Level 1:colcon.colcon_core.package_identification:_identify(/home/behzad/ros2_ws/log) by extensions ['ignore', 'ignore_ament_install']
[0.341s] Level 1:colcon.colcon_core.package_identification:_identify(/home/behzad/ros2_ws/log) by extension 'ignore'
[0.341s] Level 1:colcon.colcon_core.package_identification:_identify(/home/behzad/ros2_ws/log) ignored
[0.341s] Level 1:colcon.colcon_core.package_identification:_identify(/home/behzad/ros2_ws/src) by extensions ['ignore', 'ignore_ament_install']
[0.341s] Level 1:colcon.colcon_core.package_identification:_identify(/home/behzad/ros2_ws/src) by extension 'ignore'
[0.341s] Level 1:colcon.colcon_core.package_identification:_identify(/home/behzad/ros2_ws/src) by extension 'ignore_ament_install'
[0.341s] Level 1:colcon.colcon_core.package_identification:_identify(/home/behzad/ros2_ws/src) by extensions ['colcon_pkg']
[0.341s] Level 1:colcon.colcon_core.package_identification:_identify(/home/behzad/ros2_ws/src) by extension 'colcon_pkg'
[0.341s] Level 1:colcon.colcon_core.package_identification:_identify(/home/behzad/ros2_ws/src) by extensions ['colcon_meta']
[0.341s] Level 1:colcon.colcon_core.package_identification:_identify(/home/behzad/ros2_ws/src) by extension 'colcon_meta'
[0.341s] Level 1:colcon.colcon_core.package_identification:_identify(/home/behzad/ros2_ws/src) by extensions ['ros']
[0.341s] Level 1:colcon.colcon_core.package_identification:_identify(/home/behzad/ros2_ws/src) by extension 'ros'
[0.341s] Level 1:colcon.colcon_core.package_identification:_identify(/home/behzad/ros2_ws/src) by extensions ['cmake', 'python']
[0.341s] Level 1:colcon.colcon_core.package_identification:_identify(/home/behzad/ros2_ws/src) by extension 'cmake'
[0.341s] Level 1:colcon.colcon_core.package_identification:_identify(/home/behzad/ros2_ws/src) by extension 'python'
[0.341s] Level 1:colcon.colcon_core.package_identification:_identify(/home/behzad/ros2_ws/src) by extensions ['python_setup_py']
[0.342s] Level 1:colcon.colcon_core.package_identification:_identify(/home/behzad/ros2_ws/src) by extension 'python_setup_py'
[0.342s] Level 1:colcon.colcon_core.package_identification:_identify(/home/behzad/ros2_ws/src/bumperbot_bringup) by extensions ['ignore', 'ignore_ament_install']
[0.342s] Level 1:colcon.colcon_core.package_identification:_identify(/home/behzad/ros2_ws/src/bumperbot_bringup) by extension 'ignore'
[0.342s] Level 1:colcon.colcon_core.package_identification:_identify(/home/behzad/ros2_ws/src/bumperbot_bringup) by extension 'ignore_ament_install'
[0.342s] Level 1:colcon.colcon_core.package_identification:_identify(/home/behzad/ros2_ws/src/bumperbot_bringup) by extensions ['colcon_pkg']
[0.342s] Level 1:colcon.colcon_core.package_identification:_identify(/home/behzad/ros2_ws/src/bumperbot_bringup) by extension 'colcon_pkg'
[0.342s] Level 1:colcon.colcon_core.package_identification:_identify(/home/behzad/ros2_ws/src/bumperbot_bringup) by extensions ['colcon_meta']
[0.342s] Level 1:colcon.colcon_core.package_identification:_identify(/home/behzad/ros2_ws/src/bumperbot_bringup) by extension 'colcon_meta'
[0.342s] Level 1:colcon.colcon_core.package_identification:_identify(/home/behzad/ros2_ws/src/bumperbot_bringup) by extensions ['ros']
[0.342s] Level 1:colcon.colcon_core.package_identification:_identify(/home/behzad/ros2_ws/src/bumperbot_bringup) by extension 'ros'
[0.345s] DEBUG:colcon.colcon_core.package_identification:Package '/home/behzad/ros2_ws/src/bumperbot_bringup' with type 'ros.ament_cmake' and name 'bumperbot_bringup'
[0.346s] Level 1:colcon.colcon_core.package_identification:_identify(/home/behzad/ros2_ws/src/bumperbot_controller) by extensions ['ignore', 'ignore_ament_install']
[0.346s] Level 1:colcon.colcon_core.package_identification:_identify(/home/behzad/ros2_ws/src/bumperbot_controller) by extension 'ignore'
[0.346s] Level 1:colcon.colcon_core.package_identification:_identify(/home/behzad/ros2_ws/src/bumperbot_controller) by extension 'ignore_ament_install'
[0.346s] Level 1:colcon.colcon_core.package_identification:_identify(/home/behzad/ros2_ws/src/bumperbot_controller) by extensions ['colcon_pkg']
[0.346s] Level 1:colcon.colcon_core.package_identification:_identify(/home/behzad/ros2_ws/src/bumperbot_controller) by extension 'colcon_pkg'
[0.346s] Level 1:colcon.colcon_core.package_identification:_identify(/home/behzad/ros2_ws/src/bumperbot_controller) by extensions ['colcon_meta']
[0.346s] Level 1:colcon.colcon_core.package_identification:_identify(/home/behzad/ros2_ws/src/bumperbot_controller) by extension 'colcon_meta'
[0.346s] Level 1:colcon.colcon_core.package_identification:_identify(/home/behzad/ros2_ws/src/bumperbot_controller) by extensions ['ros']
[0.346s] Level 1:colcon.colcon_core.package_identification:_identify(/home/behzad/ros2_ws/src/bumperbot_controller) by extension 'ros'
[0.348s] DEBUG:colcon.colcon_core.package_identification:Package '/home/behzad/ros2_ws/src/bumperbot_controller' with type 'ros.ament_cmake' and name 'bumperbot_controller'
[0.348s] Level 1:colcon.colcon_core.package_identification:_identify(/home/behzad/ros2_ws/src/bumperbot_cpp_examples) by extensions ['ignore', 'ignore_ament_install']
[0.348s] Level 1:colcon.colcon_core.package_identification:_identify(/home/behzad/ros2_ws/src/bumperbot_cpp_examples) by extension 'ignore'
[0.348s] Level 1:colcon.colcon_core.package_identification:_identify(/home/behzad/ros2_ws/src/bumperbot_cpp_examples) by extension 'ignore_ament_install'
[0.348s] Level 1:colcon.colcon_core.package_identification:_identify(/home/behzad/ros2_ws/src/bumperbot_cpp_examples) by extensions ['colcon_pkg']
[0.348s] Level 1:colcon.colcon_core.package_identification:_identify(/home/behzad/ros2_ws/src/bumperbot_cpp_examples) by extension 'colcon_pkg'
[0.348s] Level 1:colcon.colcon_core.package_identification:_identify(/home/behzad/ros2_ws/src/bumperbot_cpp_examples) by extensions ['colcon_meta']
[0.348s] Level 1:colcon.colcon_core.package_identification:_identify(/home/behzad/ros2_ws/src/bumperbot_cpp_examples) by extension 'colcon_meta'
[0.348s] Level 1:colcon.colcon_core.package_identification:_identify(/home/behzad/ros2_ws/src/bumperbot_cpp_examples) by extensions ['ros']
[0.348s] Level 1:colcon.colcon_core.package_identification:_identify(/home/behzad/ros2_ws/src/bumperbot_cpp_examples) by extension 'ros'
[0.350s] DEBUG:colcon.colcon_core.package_identification:Package '/home/behzad/ros2_ws/src/bumperbot_cpp_examples' with type 'ros.ament_cmake' and name 'bumperbot_cpp_examples'
[0.350s] Level 1:colcon.colcon_core.package_identification:_identify(/home/behzad/ros2_ws/src/bumperbot_description) by extensions ['ignore', 'ignore_ament_install']
[0.350s] Level 1:colcon.colcon_core.package_identification:_identify(/home/behzad/ros2_ws/src/bumperbot_description) by extension 'ignore'
[0.350s] Level 1:colcon.colcon_core.package_identification:_identify(/home/behzad/ros2_ws/src/bumperbot_description) by extension 'ignore_ament_install'
[0.350s] Level 1:colcon.colcon_core.package_identification:_identify(/home/behzad/ros2_ws/src/bumperbot_description) by extensions ['colcon_pkg']
[0.350s] Level 1:colcon.colcon_core.package_identification:_identify(/home/behzad/ros2_ws/src/bumperbot_description) by extension 'colcon_pkg'
[0.350s] Level 1:colcon.colcon_core.package_identification:_identify(/home/behzad/ros2_ws/src/bumperbot_description) by extensions ['colcon_meta']
[0.350s] Level 1:colcon.colcon_core.package_identification:_identify(/home/behzad/ros2_ws/src/bumperbot_description) by extension 'colcon_meta'
[0.351s] Level 1:colcon.colcon_core.package_identification:_identify(/home/behzad/ros2_ws/src/bumperbot_description) by extensions ['ros']
[0.351s] Level 1:colcon.colcon_core.package_identification:_identify(/home/behzad/ros2_ws/src/bumperbot_description) by extension 'ros'
[0.353s] DEBUG:colcon.colcon_core.package_identification:Package '/home/behzad/ros2_ws/src/bumperbot_description' with type 'ros.ament_cmake' and name 'bumperbot_description'
[0.354s] Level 1:colcon.colcon_core.package_identification:_identify(/home/behzad/ros2_ws/src/bumperbot_firmware) by extensions ['ignore', 'ignore_ament_install']
[0.354s] Level 1:colcon.colcon_core.package_identification:_identify(/home/behzad/ros2_ws/src/bumperbot_firmware) by extension 'ignore'
[0.354s] Level 1:colcon.colcon_core.package_identification:_identify(/home/behzad/ros2_ws/src/bumperbot_firmware) by extension 'ignore_ament_install'
[0.354s] Level 1:colcon.colcon_core.package_identification:_identify(/home/behzad/ros2_ws/src/bumperbot_firmware) by extensions ['colcon_pkg']
[0.354s] Level 1:colcon.colcon_core.package_identification:_identify(/home/behzad/ros2_ws/src/bumperbot_firmware) by extension 'colcon_pkg'
[0.354s] Level 1:colcon.colcon_core.package_identification:_identify(/home/behzad/ros2_ws/src/bumperbot_firmware) by extensions ['colcon_meta']
[0.354s] Level 1:colcon.colcon_core.package_identification:_identify(/home/behzad/ros2_ws/src/bumperbot_firmware) by extension 'colcon_meta'
[0.354s] Level 1:colcon.colcon_core.package_identification:_identify(/home/behzad/ros2_ws/src/bumperbot_firmware) by extensions ['ros']
[0.354s] Level 1:colcon.colcon_core.package_identification:_identify(/home/behzad/ros2_ws/src/bumperbot_firmware) by extension 'ros'
[0.355s] DEBUG:colcon.colcon_core.package_identification:Package '/home/behzad/ros2_ws/src/bumperbot_firmware' with type 'ros.ament_cmake' and name 'bumperbot_firmware'
[0.356s] Level 1:colcon.colcon_core.package_identification:_identify(/home/behzad/ros2_ws/src/bumperbot_localization) by extensions ['ignore', 'ignore_ament_install']
[0.356s] Level 1:colcon.colcon_core.package_identification:_identify(/home/behzad/ros2_ws/src/bumperbot_localization) by extension 'ignore'
[0.356s] Level 1:colcon.colcon_core.package_identification:_identify(/home/behzad/ros2_ws/src/bumperbot_localization) by extension 'ignore_ament_install'
[0.356s] Level 1:colcon.colcon_core.package_identification:_identify(/home/behzad/ros2_ws/src/bumperbot_localization) by extensions ['colcon_pkg']
[0.356s] Level 1:colcon.colcon_core.package_identification:_identify(/home/behzad/ros2_ws/src/bumperbot_localization) by extension 'colcon_pkg'
[0.356s] Level 1:colcon.colcon_core.package_identification:_identify(/home/behzad/ros2_ws/src/bumperbot_localization) by extensions ['colcon_meta']
[0.356s] Level 1:colcon.colcon_core.package_identification:_identify(/home/behzad/ros2_ws/src/bumperbot_localization) by extension 'colcon_meta'
[0.356s] Level 1:colcon.colcon_core.package_identification:_identify(/home/behzad/ros2_ws/src/bumperbot_localization) by extensions ['ros']
[0.356s] Level 1:colcon.colcon_core.package_identification:_identify(/home/behzad/ros2_ws/src/bumperbot_localization) by extension 'ros'
[0.357s] DEBUG:colcon.colcon_core.package_identification:Package '/home/behzad/ros2_ws/src/bumperbot_localization' with type 'ros.ament_cmake' and name 'bumperbot_localization'
[0.357s] Level 1:colcon.colcon_core.package_identification:_identify(/home/behzad/ros2_ws/src/bumperbot_mapping) by extensions ['ignore', 'ignore_ament_install']
[0.357s] Level 1:colcon.colcon_core.package_identification:_identify(/home/behzad/ros2_ws/src/bumperbot_mapping) by extension 'ignore'
[0.357s] Level 1:colcon.colcon_core.package_identification:_identify(/home/behzad/ros2_ws/src/bumperbot_mapping) by extension 'ignore_ament_install'
[0.357s] Level 1:colcon.colcon_core.package_identification:_identify(/home/behzad/ros2_ws/src/bumperbot_mapping) by extensions ['colcon_pkg']
[0.357s] Level 1:colcon.colcon_core.package_identification:_identify(/home/behzad/ros2_ws/src/bumperbot_mapping) by extension 'colcon_pkg'
[0.358s] Level 1:colcon.colcon_core.package_identification:_identify(/home/behzad/ros2_ws/src/bumperbot_mapping) by extensions ['colcon_meta']
[0.358s] Level 1:colcon.colcon_core.package_identification:_identify(/home/behzad/ros2_ws/src/bumperbot_mapping) by extension 'colcon_meta'
[0.358s] Level 1:colcon.colcon_core.package_identification:_identify(/home/behzad/ros2_ws/src/bumperbot_mapping) by extensions ['ros']
[0.358s] Level 1:colcon.colcon_core.package_identification:_identify(/home/behzad/ros2_ws/src/bumperbot_mapping) by extension 'ros'
[0.359s] DEBUG:colcon.colcon_core.package_identification:Package '/home/behzad/ros2_ws/src/bumperbot_mapping' with type 'ros.ament_cmake' and name 'bumperbot_mapping'
[0.359s] Level 1:colcon.colcon_core.package_identification:_identify(/home/behzad/ros2_ws/src/bumperbot_msgs) by extensions ['ignore', 'ignore_ament_install']
[0.359s] Level 1:colcon.colcon_core.package_identification:_identify(/home/behzad/ros2_ws/src/bumperbot_msgs) by extension 'ignore'
[0.359s] Level 1:colcon.colcon_core.package_identification:_identify(/home/behzad/ros2_ws/src/bumperbot_msgs) by extension 'ignore_ament_install'
[0.359s] Level 1:colcon.colcon_core.package_identification:_identify(/home/behzad/ros2_ws/src/bumperbot_msgs) by extensions ['colcon_pkg']
[0.359s] Level 1:colcon.colcon_core.package_identification:_identify(/home/behzad/ros2_ws/src/bumperbot_msgs) by extension 'colcon_pkg'
[0.359s] Level 1:colcon.colcon_core.package_identification:_identify(/home/behzad/ros2_ws/src/bumperbot_msgs) by extensions ['colcon_meta']
[0.359s] Level 1:colcon.colcon_core.package_identification:_identify(/home/behzad/ros2_ws/src/bumperbot_msgs) by extension 'colcon_meta'
[0.359s] Level 1:colcon.colcon_core.package_identification:_identify(/home/behzad/ros2_ws/src/bumperbot_msgs) by extensions ['ros']
[0.359s] Level 1:colcon.colcon_core.package_identification:_identify(/home/behzad/ros2_ws/src/bumperbot_msgs) by extension 'ros'
[0.360s] DEBUG:colcon.colcon_core.package_identification:Package '/home/behzad/ros2_ws/src/bumperbot_msgs' with type 'ros.ament_cmake' and name 'bumperbot_msgs'
[0.360s] Level 1:colcon.colcon_core.package_identification:_identify(/home/behzad/ros2_ws/src/bumperbot_planning) by extensions ['ignore', 'ignore_ament_install']
[0.361s] Level 1:colcon.colcon_core.package_identification:_identify(/home/behzad/ros2_ws/src/bumperbot_planning) by extension 'ignore'
[0.361s] Level 1:colcon.colcon_core.package_identification:_identify(/home/behzad/ros2_ws/src/bumperbot_planning) by extension 'ignore_ament_install'
[0.361s] Level 1:colcon.colcon_core.package_identification:_identify(/home/behzad/ros2_ws/src/bumperbot_planning) by extensions ['colcon_pkg']
[0.361s] Level 1:colcon.colcon_core.package_identification:_identify(/home/behzad/ros2_ws/src/bumperbot_planning) by extension 'colcon_pkg'
[0.361s] Level 1:colcon.colcon_core.package_identification:_identify(/home/behzad/ros2_ws/src/bumperbot_planning) by extensions ['colcon_meta']
[0.361s] Level 1:colcon.colcon_core.package_identification:_identify(/home/behzad/ros2_ws/src/bumperbot_planning) by extension 'colcon_meta'
[0.361s] Level 1:colcon.colcon_core.package_identification:_identify(/home/behzad/ros2_ws/src/bumperbot_planning) by extensions ['ros']
[0.361s] Level 1:colcon.colcon_core.package_identification:_identify(/home/behzad/ros2_ws/src/bumperbot_planning) by extension 'ros'
[0.362s] DEBUG:colcon.colcon_core.package_identification:Package '/home/behzad/ros2_ws/src/bumperbot_planning' with type 'ros.ament_cmake' and name 'bumperbot_planning'
[0.362s] Level 1:colcon.colcon_core.package_identification:_identify(/home/behzad/ros2_ws/src/bumperbot_py_examples) by extensions ['ignore', 'ignore_ament_install']
[0.362s] Level 1:colcon.colcon_core.package_identification:_identify(/home/behzad/ros2_ws/src/bumperbot_py_examples) by extension 'ignore'
[0.362s] Level 1:colcon.colcon_core.package_identification:_identify(/home/behzad/ros2_ws/src/bumperbot_py_examples) by extension 'ignore_ament_install'
[0.362s] Level 1:colcon.colcon_core.package_identification:_identify(/home/behzad/ros2_ws/src/bumperbot_py_examples) by extensions ['colcon_pkg']
[0.362s] Level 1:colcon.colcon_core.package_identification:_identify(/home/behzad/ros2_ws/src/bumperbot_py_examples) by extension 'colcon_pkg'
[0.362s] Level 1:colcon.colcon_core.package_identification:_identify(/home/behzad/ros2_ws/src/bumperbot_py_examples) by extensions ['colcon_meta']
[0.362s] Level 1:colcon.colcon_core.package_identification:_identify(/home/behzad/ros2_ws/src/bumperbot_py_examples) by extension 'colcon_meta'
[0.363s] Level 1:colcon.colcon_core.package_identification:_identify(/home/behzad/ros2_ws/src/bumperbot_py_examples) by extensions ['ros']
[0.363s] Level 1:colcon.colcon_core.package_identification:_identify(/home/behzad/ros2_ws/src/bumperbot_py_examples) by extension 'ros'
[0.364s] DEBUG:colcon.colcon_core.package_identification:Package '/home/behzad/ros2_ws/src/bumperbot_py_examples' with type 'ros.ament_python' and name 'bumperbot_py_examples'
[0.364s] Level 1:colcon.colcon_core.package_identification:_identify(/home/behzad/ros2_ws/src/bumperbot_utils) by extensions ['ignore', 'ignore_ament_install']
[0.364s] Level 1:colcon.colcon_core.package_identification:_identify(/home/behzad/ros2_ws/src/bumperbot_utils) by extension 'ignore'
[0.364s] Level 1:colcon.colcon_core.package_identification:_identify(/home/behzad/ros2_ws/src/bumperbot_utils) by extension 'ignore_ament_install'
[0.364s] Level 1:colcon.colcon_core.package_identification:_identify(/home/behzad/ros2_ws/src/bumperbot_utils) by extensions ['colcon_pkg']
[0.364s] Level 1:colcon.colcon_core.package_identification:_identify(/home/behzad/ros2_ws/src/bumperbot_utils) by extension 'colcon_pkg'
[0.364s] Level 1:colcon.colcon_core.package_identification:_identify(/home/behzad/ros2_ws/src/bumperbot_utils) by extensions ['colcon_meta']
[0.364s] Level 1:colcon.colcon_core.package_identification:_identify(/home/behzad/ros2_ws/src/bumperbot_utils) by extension 'colcon_meta'
[0.364s] Level 1:colcon.colcon_core.package_identification:_identify(/home/behzad/ros2_ws/src/bumperbot_utils) by extensions ['ros']
[0.364s] Level 1:colcon.colcon_core.package_identification:_identify(/home/behzad/ros2_ws/src/bumperbot_utils) by extension 'ros'
[0.366s] DEBUG:colcon.colcon_core.package_identification:Package '/home/behzad/ros2_ws/src/bumperbot_utils' with type 'ros.ament_cmake' and name 'bumperbot_utils'
[0.366s] Level 1:colcon.colcon_core.package_discovery:discover_packages(recursive) using defaults
