[0.043s] Invoking command in '/home/behzad/ros2_ws/build/bumperbot_firmware': CMAKE_PREFIX_PATH=${CMAKE_PREFIX_PATH}:/home/behzad/ros2_ws/install/bumperbot_py_examples:/home/behzad/bumporbot_ws/install/bumporbot_py_examples:/opt/ros/humble /usr/bin/cmake --build /home/behzad/ros2_ws/build/bumperbot_firmware -- -j12 -l12
[0.164s] [ 33%] Built target simple_serial_receiver
[0.168s] [ 66%] Built target bumperbot_firmware
[0.227s] [ 66%] Built target ament_cmake_python_copy_bumperbot_firmware
[0.249s] [100%] Built target simple_serial_transmitter
[0.559s] running egg_info
[0.560s] writing bumperbot_firmware.egg-info/PKG-INFO
[0.560s] writing dependency_links to bumperbot_firmware.egg-info/dependency_links.txt
[0.561s] writing top-level names to bumperbot_firmware.egg-info/top_level.txt
[0.563s] reading manifest file 'bumperbot_firmware.egg-info/SOURCES.txt'
[0.564s] writing manifest file 'bumperbot_firmware.egg-info/SOURCES.txt'
[0.619s] [100%] Built target ament_cmake_python_build_bumperbot_firmware_egg
[0.635s] Invoked command in '/home/behzad/ros2_ws/build/bumperbot_firmware' returned '0': CMAKE_PREFIX_PATH=${CMAKE_PREFIX_PATH}:/home/behzad/ros2_ws/install/bumperbot_py_examples:/home/behzad/bumporbot_ws/install/bumporbot_py_examples:/opt/ros/humble /usr/bin/cmake --build /home/behzad/ros2_ws/build/bumperbot_firmware -- -j12 -l12
[0.637s] Invoking command in '/home/behzad/ros2_ws/build/bumperbot_firmware': CMAKE_PREFIX_PATH=${CMAKE_PREFIX_PATH}:/home/behzad/ros2_ws/install/bumperbot_py_examples:/home/behzad/bumporbot_ws/install/bumporbot_py_examples:/opt/ros/humble /usr/bin/cmake --install /home/behzad/ros2_ws/build/bumperbot_firmware
[0.648s] -- Install configuration: ""
[0.649s] -- Up-to-date: /home/behzad/ros2_ws/install/bumperbot_firmware/share/bumperbot_firmware/environment/pythonpath.sh
[0.649s] -- Up-to-date: /home/behzad/ros2_ws/install/bumperbot_firmware/share/bumperbot_firmware/environment/pythonpath.dsv
[0.650s] -- Up-to-date: /home/behzad/ros2_ws/install/bumperbot_firmware/local/lib/python3.10/dist-packages/bumperbot_firmware-0.0.0-py3.10.egg-info
[0.651s] -- Installing: /home/behzad/ros2_ws/install/bumperbot_firmware/local/lib/python3.10/dist-packages/bumperbot_firmware-0.0.0-py3.10.egg-info/dependency_links.txt
[0.651s] -- Installing: /home/behzad/ros2_ws/install/bumperbot_firmware/local/lib/python3.10/dist-packages/bumperbot_firmware-0.0.0-py3.10.egg-info/PKG-INFO
[0.651s] -- Installing: /home/behzad/ros2_ws/install/bumperbot_firmware/local/lib/python3.10/dist-packages/bumperbot_firmware-0.0.0-py3.10.egg-info/SOURCES.txt
[0.651s] -- Installing: /home/behzad/ros2_ws/install/bumperbot_firmware/local/lib/python3.10/dist-packages/bumperbot_firmware-0.0.0-py3.10.egg-info/top_level.txt
[0.652s] -- Up-to-date: /home/behzad/ros2_ws/install/bumperbot_firmware/local/lib/python3.10/dist-packages/bumperbot_firmware
[0.652s] -- Up-to-date: /home/behzad/ros2_ws/install/bumperbot_firmware/local/lib/python3.10/dist-packages/bumperbot_firmware/__init__.py
[0.652s] -- Up-to-date: /home/behzad/ros2_ws/install/bumperbot_firmware/local/lib/python3.10/dist-packages/bumperbot_firmware/simple_serial_receiver.py
[0.652s] -- Up-to-date: /home/behzad/ros2_ws/install/bumperbot_firmware/local/lib/python3.10/dist-packages/bumperbot_firmware/simple_serial_transmitter.py
[0.653s] -- Up-to-date: /home/behzad/ros2_ws/install/bumperbot_firmware/local/lib/python3.10/dist-packages/bumperbot_firmware/mpu6050_driver.py
[0.712s] Listing '/home/behzad/ros2_ws/install/bumperbot_firmware/local/lib/python3.10/dist-packages/bumperbot_firmware'...
[0.721s] -- Up-to-date: /home/behzad/ros2_ws/install/bumperbot_firmware/share/bumperbot_firmware/bumperbot_interface.xml
[0.721s] -- Up-to-date: /home/behzad/ros2_ws/install/bumperbot_firmware/lib/libbumperbot_firmware.so
[0.721s] -- Up-to-date: /home/behzad/ros2_ws/install/bumperbot_firmware/include/include
[0.721s] -- Up-to-date: /home/behzad/ros2_ws/install/bumperbot_firmware/include/include/bumperbot_firmware
[0.721s] -- Up-to-date: /home/behzad/ros2_ws/install/bumperbot_firmware/include/include/bumperbot_firmware/bumperbot_interface.hpp
[0.722s] -- Up-to-date: /home/behzad/ros2_ws/install/bumperbot_firmware/share/bumperbot_firmware/launch
[0.722s] -- Up-to-date: /home/behzad/ros2_ws/install/bumperbot_firmware/share/bumperbot_firmware/launch/hardware_interface.launch.py
[0.722s] -- Up-to-date: /home/behzad/ros2_ws/install/bumperbot_firmware/lib/bumperbot_firmware/simple_serial_transmitter.py
[0.722s] -- Up-to-date: /home/behzad/ros2_ws/install/bumperbot_firmware/lib/bumperbot_firmware/simple_serial_receiver.py
[0.722s] -- Up-to-date: /home/behzad/ros2_ws/install/bumperbot_firmware/lib/bumperbot_firmware/mpu6050_driver.py
[0.722s] -- Up-to-date: /home/behzad/ros2_ws/install/bumperbot_firmware/lib/bumperbot_firmware/simple_serial_receiver
[0.723s] -- Up-to-date: /home/behzad/ros2_ws/install/bumperbot_firmware/lib/bumperbot_firmware/simple_serial_transmitter
[0.723s] -- Up-to-date: /home/behzad/ros2_ws/install/bumperbot_firmware/share/bumperbot_firmware/environment/library_path.sh
[0.723s] -- Up-to-date: /home/behzad/ros2_ws/install/bumperbot_firmware/share/bumperbot_firmware/environment/library_path.dsv
[0.723s] -- Up-to-date: /home/behzad/ros2_ws/install/bumperbot_firmware/share/ament_index/resource_index/package_run_dependencies/bumperbot_firmware
[0.723s] -- Up-to-date: /home/behzad/ros2_ws/install/bumperbot_firmware/share/ament_index/resource_index/parent_prefix_path/bumperbot_firmware
[0.723s] -- Up-to-date: /home/behzad/ros2_ws/install/bumperbot_firmware/share/bumperbot_firmware/environment/ament_prefix_path.sh
[0.723s] -- Up-to-date: /home/behzad/ros2_ws/install/bumperbot_firmware/share/bumperbot_firmware/environment/ament_prefix_path.dsv
[0.724s] -- Up-to-date: /home/behzad/ros2_ws/install/bumperbot_firmware/share/bumperbot_firmware/environment/path.sh
[0.724s] -- Up-to-date: /home/behzad/ros2_ws/install/bumperbot_firmware/share/bumperbot_firmware/environment/path.dsv
[0.724s] -- Up-to-date: /home/behzad/ros2_ws/install/bumperbot_firmware/share/bumperbot_firmware/local_setup.bash
[0.724s] -- Up-to-date: /home/behzad/ros2_ws/install/bumperbot_firmware/share/bumperbot_firmware/local_setup.sh
[0.724s] -- Up-to-date: /home/behzad/ros2_ws/install/bumperbot_firmware/share/bumperbot_firmware/local_setup.zsh
[0.724s] -- Up-to-date: /home/behzad/ros2_ws/install/bumperbot_firmware/share/bumperbot_firmware/local_setup.dsv
[0.724s] -- Installing: /home/behzad/ros2_ws/install/bumperbot_firmware/share/bumperbot_firmware/package.dsv
[0.724s] -- Up-to-date: /home/behzad/ros2_ws/install/bumperbot_firmware/share/ament_index/resource_index/packages/bumperbot_firmware
[0.724s] -- Up-to-date: /home/behzad/ros2_ws/install/bumperbot_firmware/share/ament_index/resource_index/hardware_interface__pluginlib__plugin/bumperbot_firmware
[0.725s] -- Up-to-date: /home/behzad/ros2_ws/install/bumperbot_firmware/share/bumperbot_firmware/cmake/ament_cmake_export_include_directories-extras.cmake
[0.725s] -- Up-to-date: /home/behzad/ros2_ws/install/bumperbot_firmware/share/bumperbot_firmware/cmake/ament_cmake_export_libraries-extras.cmake
[0.725s] -- Up-to-date: /home/behzad/ros2_ws/install/bumperbot_firmware/share/bumperbot_firmware/cmake/ament_cmake_export_dependencies-extras.cmake
[0.725s] -- Up-to-date: /home/behzad/ros2_ws/install/bumperbot_firmware/share/bumperbot_firmware/cmake/bumperbot_firmwareConfig.cmake
[0.725s] -- Up-to-date: /home/behzad/ros2_ws/install/bumperbot_firmware/share/bumperbot_firmware/cmake/bumperbot_firmwareConfig-version.cmake
[0.725s] -- Up-to-date: /home/behzad/ros2_ws/install/bumperbot_firmware/share/bumperbot_firmware/package.xml
[0.730s] Invoked command in '/home/behzad/ros2_ws/build/bumperbot_firmware' returned '0': CMAKE_PREFIX_PATH=${CMAKE_PREFIX_PATH}:/home/behzad/ros2_ws/install/bumperbot_py_examples:/home/behzad/bumporbot_ws/install/bumporbot_py_examples:/opt/ros/humble /usr/bin/cmake --install /home/behzad/ros2_ws/build/bumperbot_firmware
