[0.072s] Invoking command in '/home/behzad/ros2_ws/build/bumperbot_msgs': CMAKE_PREFIX_PATH=${CMAKE_PREFIX_PATH}:/home/behzad/ros2_ws/install/bumperbot_py_examples:/home/behzad/bumporbot_ws/install/bumporbot_py_examples:/opt/ros/humble /usr/bin/cmake --build /home/behzad/ros2_ws/build/bumperbot_msgs -- -j12 -l12
[0.250s] [ 10%] Built target bumperbot_msgs__rosidl_generator_c
[0.252s] [ 12%] Built target bumperbot_msgs__cpp
[0.278s] [ 12%] Built target ament_cmake_python_copy_bumperbot_msgs
[0.349s] [ 23%] Built target bumperbot_msgs__rosidl_typesupport_cpp
[0.353s] [ 34%] Built target bumperbot_msgs__rosidl_typesupport_fastrtps_c
[0.353s] [ 44%] Built target bumperbot_msgs__rosidl_typesupport_introspection_cpp
[0.362s] [ 55%] Built target bumperbot_msgs__rosidl_typesupport_fastrtps_cpp
[0.369s] [ 65%] Built target bumperbot_msgs__rosidl_typesupport_introspection_c
[0.392s] [ 76%] Built target bumperbot_msgs__rosidl_typesupport_c
[0.484s] [ 76%] Built target bumperbot_msgs
[0.485s] [ 78%] Built target bumperbot_msgs__py
[0.528s] [ 87%] Built target bumperbot_msgs__rosidl_generator_py
[0.584s] [ 91%] Built target bumperbot_msgs__rosidl_typesupport_fastrtps_c__pyext
[0.588s] [ 95%] Built target bumperbot_msgs__rosidl_typesupport_introspection_c__pyext
[0.595s] [100%] Built target bumperbot_msgs__rosidl_typesupport_c__pyext
[0.817s] running egg_info
[0.819s] writing bumperbot_msgs.egg-info/PKG-INFO
[0.819s] writing dependency_links to bumperbot_msgs.egg-info/dependency_links.txt
[0.819s] writing top-level names to bumperbot_msgs.egg-info/top_level.txt
[0.825s] reading manifest file 'bumperbot_msgs.egg-info/SOURCES.txt'
[0.825s] writing manifest file 'bumperbot_msgs.egg-info/SOURCES.txt'
[0.907s] [100%] Built target ament_cmake_python_build_bumperbot_msgs_egg
[0.941s] Invoked command in '/home/behzad/ros2_ws/build/bumperbot_msgs' returned '0': CMAKE_PREFIX_PATH=${CMAKE_PREFIX_PATH}:/home/behzad/ros2_ws/install/bumperbot_py_examples:/home/behzad/bumporbot_ws/install/bumporbot_py_examples:/opt/ros/humble /usr/bin/cmake --build /home/behzad/ros2_ws/build/bumperbot_msgs -- -j12 -l12
[0.943s] Invoking command in '/home/behzad/ros2_ws/build/bumperbot_msgs': CMAKE_PREFIX_PATH=${CMAKE_PREFIX_PATH}:/home/behzad/ros2_ws/install/bumperbot_py_examples:/home/behzad/bumporbot_ws/install/bumporbot_py_examples:/opt/ros/humble /usr/bin/cmake --install /home/behzad/ros2_ws/build/bumperbot_msgs
[0.966s] -- Install configuration: ""
[0.966s] -- Up-to-date: /home/behzad/ros2_ws/install/bumperbot_msgs/share/ament_index/resource_index/rosidl_interfaces/bumperbot_msgs
[0.966s] -- Up-to-date: /home/behzad/ros2_ws/install/bumperbot_msgs/include/bumperbot_msgs/bumperbot_msgs
[0.968s] -- Up-to-date: /home/behzad/ros2_ws/install/bumperbot_msgs/include/bumperbot_msgs/bumperbot_msgs/srv
[0.968s] -- Up-to-date: /home/behzad/ros2_ws/install/bumperbot_msgs/include/bumperbot_msgs/bumperbot_msgs/srv/add_two_ints.h
[0.969s] -- Up-to-date: /home/behzad/ros2_ws/install/bumperbot_msgs/include/bumperbot_msgs/bumperbot_msgs/srv/get_transform.h
[0.969s] -- Up-to-date: /home/behzad/ros2_ws/install/bumperbot_msgs/include/bumperbot_msgs/bumperbot_msgs/srv/detail
[0.969s] -- Up-to-date: /home/behzad/ros2_ws/install/bumperbot_msgs/include/bumperbot_msgs/bumperbot_msgs/srv/detail/add_two_ints__functions.h
[0.969s] -- Up-to-date: /home/behzad/ros2_ws/install/bumperbot_msgs/include/bumperbot_msgs/bumperbot_msgs/srv/detail/get_transform__struct.h
[0.969s] -- Up-to-date: /home/behzad/ros2_ws/install/bumperbot_msgs/include/bumperbot_msgs/bumperbot_msgs/srv/detail/get_transform__functions.h
[0.969s] -- Up-to-date: /home/behzad/ros2_ws/install/bumperbot_msgs/include/bumperbot_msgs/bumperbot_msgs/srv/detail/add_two_ints__type_support.h
[0.969s] -- Up-to-date: /home/behzad/ros2_ws/install/bumperbot_msgs/include/bumperbot_msgs/bumperbot_msgs/srv/detail/get_transform__functions.c
[0.969s] -- Up-to-date: /home/behzad/ros2_ws/install/bumperbot_msgs/include/bumperbot_msgs/bumperbot_msgs/srv/detail/add_two_ints__struct.h
[0.969s] -- Up-to-date: /home/behzad/ros2_ws/install/bumperbot_msgs/include/bumperbot_msgs/bumperbot_msgs/srv/detail/get_transform__type_support.h
[0.969s] -- Up-to-date: /home/behzad/ros2_ws/install/bumperbot_msgs/include/bumperbot_msgs/bumperbot_msgs/srv/detail/add_two_ints__functions.c
[0.970s] -- Up-to-date: /home/behzad/ros2_ws/install/bumperbot_msgs/include/bumperbot_msgs/bumperbot_msgs/msg
[0.970s] -- Up-to-date: /home/behzad/ros2_ws/install/bumperbot_msgs/include/bumperbot_msgs/bumperbot_msgs/msg/rosidl_generator_c__visibility_control.h
[0.970s] -- Up-to-date: /home/behzad/ros2_ws/install/bumperbot_msgs/include/bumperbot_msgs/bumperbot_msgs/action
[0.970s] -- Up-to-date: /home/behzad/ros2_ws/install/bumperbot_msgs/include/bumperbot_msgs/bumperbot_msgs/action/fibonacci.h
[0.970s] -- Up-to-date: /home/behzad/ros2_ws/install/bumperbot_msgs/include/bumperbot_msgs/bumperbot_msgs/action/detail
[0.970s] -- Up-to-date: /home/behzad/ros2_ws/install/bumperbot_msgs/include/bumperbot_msgs/bumperbot_msgs/action/detail/fibonacci__type_support.h
[0.970s] -- Up-to-date: /home/behzad/ros2_ws/install/bumperbot_msgs/include/bumperbot_msgs/bumperbot_msgs/action/detail/fibonacci__struct.h
[0.970s] -- Up-to-date: /home/behzad/ros2_ws/install/bumperbot_msgs/include/bumperbot_msgs/bumperbot_msgs/action/detail/fibonacci__functions.h
[0.970s] -- Up-to-date: /home/behzad/ros2_ws/install/bumperbot_msgs/include/bumperbot_msgs/bumperbot_msgs/action/detail/fibonacci__functions.c
[0.970s] -- Up-to-date: /home/behzad/ros2_ws/install/bumperbot_msgs/share/bumperbot_msgs/environment/library_path.sh
[0.971s] -- Up-to-date: /home/behzad/ros2_ws/install/bumperbot_msgs/share/bumperbot_msgs/environment/library_path.dsv
[0.971s] -- Up-to-date: /home/behzad/ros2_ws/install/bumperbot_msgs/lib/libbumperbot_msgs__rosidl_generator_c.so
[0.971s] -- Up-to-date: /home/behzad/ros2_ws/install/bumperbot_msgs/include/bumperbot_msgs/bumperbot_msgs
[0.971s] -- Up-to-date: /home/behzad/ros2_ws/install/bumperbot_msgs/include/bumperbot_msgs/bumperbot_msgs/srv
[0.971s] -- Up-to-date: /home/behzad/ros2_ws/install/bumperbot_msgs/include/bumperbot_msgs/bumperbot_msgs/srv/detail
[0.971s] -- Up-to-date: /home/behzad/ros2_ws/install/bumperbot_msgs/include/bumperbot_msgs/bumperbot_msgs/srv/detail/get_transform__rosidl_typesupport_fastrtps_c.h
[0.971s] -- Up-to-date: /home/behzad/ros2_ws/install/bumperbot_msgs/include/bumperbot_msgs/bumperbot_msgs/srv/detail/add_two_ints__rosidl_typesupport_fastrtps_c.h
[0.971s] -- Up-to-date: /home/behzad/ros2_ws/install/bumperbot_msgs/include/bumperbot_msgs/bumperbot_msgs/msg
[0.971s] -- Up-to-date: /home/behzad/ros2_ws/install/bumperbot_msgs/include/bumperbot_msgs/bumperbot_msgs/msg/rosidl_typesupport_fastrtps_c__visibility_control.h
[0.971s] -- Up-to-date: /home/behzad/ros2_ws/install/bumperbot_msgs/include/bumperbot_msgs/bumperbot_msgs/action
[0.971s] -- Up-to-date: /home/behzad/ros2_ws/install/bumperbot_msgs/include/bumperbot_msgs/bumperbot_msgs/action/detail
[0.972s] -- Up-to-date: /home/behzad/ros2_ws/install/bumperbot_msgs/include/bumperbot_msgs/bumperbot_msgs/action/detail/fibonacci__rosidl_typesupport_fastrtps_c.h
[0.972s] -- Up-to-date: /home/behzad/ros2_ws/install/bumperbot_msgs/lib/libbumperbot_msgs__rosidl_typesupport_fastrtps_c.so
[0.972s] -- Up-to-date: /home/behzad/ros2_ws/install/bumperbot_msgs/include/bumperbot_msgs/bumperbot_msgs
[0.972s] -- Up-to-date: /home/behzad/ros2_ws/install/bumperbot_msgs/include/bumperbot_msgs/bumperbot_msgs/srv
[0.972s] -- Up-to-date: /home/behzad/ros2_ws/install/bumperbot_msgs/include/bumperbot_msgs/bumperbot_msgs/srv/add_two_ints.hpp
[0.972s] -- Up-to-date: /home/behzad/ros2_ws/install/bumperbot_msgs/include/bumperbot_msgs/bumperbot_msgs/srv/get_transform.hpp
[0.972s] -- Up-to-date: /home/behzad/ros2_ws/install/bumperbot_msgs/include/bumperbot_msgs/bumperbot_msgs/srv/detail
[0.973s] -- Up-to-date: /home/behzad/ros2_ws/install/bumperbot_msgs/include/bumperbot_msgs/bumperbot_msgs/srv/detail/add_two_ints__builder.hpp
[0.973s] -- Up-to-date: /home/behzad/ros2_ws/install/bumperbot_msgs/include/bumperbot_msgs/bumperbot_msgs/srv/detail/add_two_ints__struct.hpp
[0.973s] -- Up-to-date: /home/behzad/ros2_ws/install/bumperbot_msgs/include/bumperbot_msgs/bumperbot_msgs/srv/detail/get_transform__type_support.hpp
[0.973s] -- Up-to-date: /home/behzad/ros2_ws/install/bumperbot_msgs/include/bumperbot_msgs/bumperbot_msgs/srv/detail/get_transform__traits.hpp
[0.973s] -- Up-to-date: /home/behzad/ros2_ws/install/bumperbot_msgs/include/bumperbot_msgs/bumperbot_msgs/srv/detail/add_two_ints__type_support.hpp
[0.973s] -- Up-to-date: /home/behzad/ros2_ws/install/bumperbot_msgs/include/bumperbot_msgs/bumperbot_msgs/srv/detail/get_transform__builder.hpp
[0.973s] -- Up-to-date: /home/behzad/ros2_ws/install/bumperbot_msgs/include/bumperbot_msgs/bumperbot_msgs/srv/detail/get_transform__struct.hpp
[0.973s] -- Up-to-date: /home/behzad/ros2_ws/install/bumperbot_msgs/include/bumperbot_msgs/bumperbot_msgs/srv/detail/add_two_ints__traits.hpp
[0.973s] -- Up-to-date: /home/behzad/ros2_ws/install/bumperbot_msgs/include/bumperbot_msgs/bumperbot_msgs/msg
[0.973s] -- Up-to-date: /home/behzad/ros2_ws/install/bumperbot_msgs/include/bumperbot_msgs/bumperbot_msgs/msg/rosidl_generator_cpp__visibility_control.hpp
[0.973s] -- Up-to-date: /home/behzad/ros2_ws/install/bumperbot_msgs/include/bumperbot_msgs/bumperbot_msgs/action
[0.974s] -- Up-to-date: /home/behzad/ros2_ws/install/bumperbot_msgs/include/bumperbot_msgs/bumperbot_msgs/action/fibonacci.hpp
[0.974s] -- Up-to-date: /home/behzad/ros2_ws/install/bumperbot_msgs/include/bumperbot_msgs/bumperbot_msgs/action/detail
[0.974s] -- Up-to-date: /home/behzad/ros2_ws/install/bumperbot_msgs/include/bumperbot_msgs/bumperbot_msgs/action/detail/fibonacci__type_support.hpp
[0.974s] -- Up-to-date: /home/behzad/ros2_ws/install/bumperbot_msgs/include/bumperbot_msgs/bumperbot_msgs/action/detail/fibonacci__traits.hpp
[0.974s] -- Up-to-date: /home/behzad/ros2_ws/install/bumperbot_msgs/include/bumperbot_msgs/bumperbot_msgs/action/detail/fibonacci__struct.hpp
[0.974s] -- Up-to-date: /home/behzad/ros2_ws/install/bumperbot_msgs/include/bumperbot_msgs/bumperbot_msgs/action/detail/fibonacci__builder.hpp
[0.974s] -- Up-to-date: /home/behzad/ros2_ws/install/bumperbot_msgs/include/bumperbot_msgs/bumperbot_msgs
[0.974s] -- Up-to-date: /home/behzad/ros2_ws/install/bumperbot_msgs/include/bumperbot_msgs/bumperbot_msgs/srv
[0.974s] -- Up-to-date: /home/behzad/ros2_ws/install/bumperbot_msgs/include/bumperbot_msgs/bumperbot_msgs/srv/detail
[0.974s] -- Up-to-date: /home/behzad/ros2_ws/install/bumperbot_msgs/include/bumperbot_msgs/bumperbot_msgs/srv/detail/dds_fastrtps
[0.974s] -- Up-to-date: /home/behzad/ros2_ws/install/bumperbot_msgs/include/bumperbot_msgs/bumperbot_msgs/srv/detail/get_transform__rosidl_typesupport_fastrtps_cpp.hpp
[0.974s] -- Up-to-date: /home/behzad/ros2_ws/install/bumperbot_msgs/include/bumperbot_msgs/bumperbot_msgs/srv/detail/add_two_ints__rosidl_typesupport_fastrtps_cpp.hpp
[0.975s] -- Up-to-date: /home/behzad/ros2_ws/install/bumperbot_msgs/include/bumperbot_msgs/bumperbot_msgs/msg
[0.975s] -- Up-to-date: /home/behzad/ros2_ws/install/bumperbot_msgs/include/bumperbot_msgs/bumperbot_msgs/msg/rosidl_typesupport_fastrtps_cpp__visibility_control.h
[0.975s] -- Up-to-date: /home/behzad/ros2_ws/install/bumperbot_msgs/include/bumperbot_msgs/bumperbot_msgs/action
[0.975s] -- Up-to-date: /home/behzad/ros2_ws/install/bumperbot_msgs/include/bumperbot_msgs/bumperbot_msgs/action/detail
[0.975s] -- Up-to-date: /home/behzad/ros2_ws/install/bumperbot_msgs/include/bumperbot_msgs/bumperbot_msgs/action/detail/dds_fastrtps
[0.975s] -- Up-to-date: /home/behzad/ros2_ws/install/bumperbot_msgs/include/bumperbot_msgs/bumperbot_msgs/action/detail/fibonacci__rosidl_typesupport_fastrtps_cpp.hpp
[0.975s] -- Up-to-date: /home/behzad/ros2_ws/install/bumperbot_msgs/lib/libbumperbot_msgs__rosidl_typesupport_fastrtps_cpp.so
[0.976s] -- Up-to-date: /home/behzad/ros2_ws/install/bumperbot_msgs/include/bumperbot_msgs/bumperbot_msgs
[0.976s] -- Up-to-date: /home/behzad/ros2_ws/install/bumperbot_msgs/include/bumperbot_msgs/bumperbot_msgs/srv
[0.976s] -- Up-to-date: /home/behzad/ros2_ws/install/bumperbot_msgs/include/bumperbot_msgs/bumperbot_msgs/srv/detail
[0.976s] -- Up-to-date: /home/behzad/ros2_ws/install/bumperbot_msgs/include/bumperbot_msgs/bumperbot_msgs/srv/detail/add_two_ints__type_support.c
[0.977s] -- Up-to-date: /home/behzad/ros2_ws/install/bumperbot_msgs/include/bumperbot_msgs/bumperbot_msgs/srv/detail/get_transform__rosidl_typesupport_introspection_c.h
[0.977s] -- Up-to-date: /home/behzad/ros2_ws/install/bumperbot_msgs/include/bumperbot_msgs/bumperbot_msgs/srv/detail/add_two_ints__rosidl_typesupport_introspection_c.h
[0.977s] -- Up-to-date: /home/behzad/ros2_ws/install/bumperbot_msgs/include/bumperbot_msgs/bumperbot_msgs/srv/detail/get_transform__type_support.c
[0.977s] -- Up-to-date: /home/behzad/ros2_ws/install/bumperbot_msgs/include/bumperbot_msgs/bumperbot_msgs/msg
[0.977s] -- Up-to-date: /home/behzad/ros2_ws/install/bumperbot_msgs/include/bumperbot_msgs/bumperbot_msgs/msg/rosidl_typesupport_introspection_c__visibility_control.h
[0.977s] -- Up-to-date: /home/behzad/ros2_ws/install/bumperbot_msgs/include/bumperbot_msgs/bumperbot_msgs/action
[0.977s] -- Up-to-date: /home/behzad/ros2_ws/install/bumperbot_msgs/include/bumperbot_msgs/bumperbot_msgs/action/detail
[0.977s] -- Up-to-date: /home/behzad/ros2_ws/install/bumperbot_msgs/include/bumperbot_msgs/bumperbot_msgs/action/detail/fibonacci__type_support.c
[0.977s] -- Up-to-date: /home/behzad/ros2_ws/install/bumperbot_msgs/include/bumperbot_msgs/bumperbot_msgs/action/detail/fibonacci__rosidl_typesupport_introspection_c.h
[0.978s] -- Up-to-date: /home/behzad/ros2_ws/install/bumperbot_msgs/lib/libbumperbot_msgs__rosidl_typesupport_introspection_c.so
[0.978s] -- Up-to-date: /home/behzad/ros2_ws/install/bumperbot_msgs/lib/libbumperbot_msgs__rosidl_typesupport_c.so
[0.978s] -- Up-to-date: /home/behzad/ros2_ws/install/bumperbot_msgs/include/bumperbot_msgs/bumperbot_msgs
[0.978s] -- Up-to-date: /home/behzad/ros2_ws/install/bumperbot_msgs/include/bumperbot_msgs/bumperbot_msgs/srv
[0.978s] -- Up-to-date: /home/behzad/ros2_ws/install/bumperbot_msgs/include/bumperbot_msgs/bumperbot_msgs/srv/detail
[0.978s] -- Up-to-date: /home/behzad/ros2_ws/install/bumperbot_msgs/include/bumperbot_msgs/bumperbot_msgs/srv/detail/add_two_ints__rosidl_typesupport_introspection_cpp.hpp
[0.978s] -- Up-to-date: /home/behzad/ros2_ws/install/bumperbot_msgs/include/bumperbot_msgs/bumperbot_msgs/srv/detail/get_transform__type_support.cpp
[0.978s] -- Up-to-date: /home/behzad/ros2_ws/install/bumperbot_msgs/include/bumperbot_msgs/bumperbot_msgs/srv/detail/add_two_ints__type_support.cpp
[0.978s] -- Up-to-date: /home/behzad/ros2_ws/install/bumperbot_msgs/include/bumperbot_msgs/bumperbot_msgs/srv/detail/get_transform__rosidl_typesupport_introspection_cpp.hpp
[0.979s] -- Up-to-date: /home/behzad/ros2_ws/install/bumperbot_msgs/include/bumperbot_msgs/bumperbot_msgs/action
[0.979s] -- Up-to-date: /home/behzad/ros2_ws/install/bumperbot_msgs/include/bumperbot_msgs/bumperbot_msgs/action/detail
[0.979s] -- Up-to-date: /home/behzad/ros2_ws/install/bumperbot_msgs/include/bumperbot_msgs/bumperbot_msgs/action/detail/fibonacci__type_support.cpp
[0.979s] -- Up-to-date: /home/behzad/ros2_ws/install/bumperbot_msgs/include/bumperbot_msgs/bumperbot_msgs/action/detail/fibonacci__rosidl_typesupport_introspection_cpp.hpp
[0.979s] -- Up-to-date: /home/behzad/ros2_ws/install/bumperbot_msgs/lib/libbumperbot_msgs__rosidl_typesupport_introspection_cpp.so
[0.979s] -- Up-to-date: /home/behzad/ros2_ws/install/bumperbot_msgs/lib/libbumperbot_msgs__rosidl_typesupport_cpp.so
[0.979s] -- Up-to-date: /home/behzad/ros2_ws/install/bumperbot_msgs/share/bumperbot_msgs/environment/pythonpath.sh
[0.979s] -- Up-to-date: /home/behzad/ros2_ws/install/bumperbot_msgs/share/bumperbot_msgs/environment/pythonpath.dsv
[0.979s] -- Up-to-date: /home/behzad/ros2_ws/install/bumperbot_msgs/local/lib/python3.10/dist-packages/bumperbot_msgs-0.0.0-py3.10.egg-info
[0.979s] -- Installing: /home/behzad/ros2_ws/install/bumperbot_msgs/local/lib/python3.10/dist-packages/bumperbot_msgs-0.0.0-py3.10.egg-info/dependency_links.txt
[0.979s] -- Installing: /home/behzad/ros2_ws/install/bumperbot_msgs/local/lib/python3.10/dist-packages/bumperbot_msgs-0.0.0-py3.10.egg-info/PKG-INFO
[0.981s] -- Installing: /home/behzad/ros2_ws/install/bumperbot_msgs/local/lib/python3.10/dist-packages/bumperbot_msgs-0.0.0-py3.10.egg-info/SOURCES.txt
[0.981s] -- Installing: /home/behzad/ros2_ws/install/bumperbot_msgs/local/lib/python3.10/dist-packages/bumperbot_msgs-0.0.0-py3.10.egg-info/top_level.txt
[0.981s] -- Up-to-date: /home/behzad/ros2_ws/install/bumperbot_msgs/local/lib/python3.10/dist-packages/bumperbot_msgs
[0.981s] -- Up-to-date: /home/behzad/ros2_ws/install/bumperbot_msgs/local/lib/python3.10/dist-packages/bumperbot_msgs/__init__.py
[0.981s] -- Up-to-date: /home/behzad/ros2_ws/install/bumperbot_msgs/local/lib/python3.10/dist-packages/bumperbot_msgs/_bumperbot_msgs_s.ep.rosidl_typesupport_introspection_c.c
[0.981s] -- Up-to-date: /home/behzad/ros2_ws/install/bumperbot_msgs/local/lib/python3.10/dist-packages/bumperbot_msgs/srv
[0.981s] -- Up-to-date: /home/behzad/ros2_ws/install/bumperbot_msgs/local/lib/python3.10/dist-packages/bumperbot_msgs/srv/__init__.py
[0.981s] -- Up-to-date: /home/behzad/ros2_ws/install/bumperbot_msgs/local/lib/python3.10/dist-packages/bumperbot_msgs/srv/_add_two_ints_s.c
[0.982s] -- Up-to-date: /home/behzad/ros2_ws/install/bumperbot_msgs/local/lib/python3.10/dist-packages/bumperbot_msgs/srv/_add_two_ints.py
[0.982s] -- Up-to-date: /home/behzad/ros2_ws/install/bumperbot_msgs/local/lib/python3.10/dist-packages/bumperbot_msgs/srv/_get_transform.py
[0.982s] -- Up-to-date: /home/behzad/ros2_ws/install/bumperbot_msgs/local/lib/python3.10/dist-packages/bumperbot_msgs/srv/_get_transform_s.c
[0.982s] -- Up-to-date: /home/behzad/ros2_ws/install/bumperbot_msgs/local/lib/python3.10/dist-packages/bumperbot_msgs/_bumperbot_msgs_s.ep.rosidl_typesupport_c.c
[0.982s] -- Up-to-date: /home/behzad/ros2_ws/install/bumperbot_msgs/local/lib/python3.10/dist-packages/bumperbot_msgs/bumperbot_msgs_s__rosidl_typesupport_introspection_c.cpython-310-x86_64-linux-gnu.so
[0.982s] -- Up-to-date: /home/behzad/ros2_ws/install/bumperbot_msgs/local/lib/python3.10/dist-packages/bumperbot_msgs/action
[0.982s] -- Up-to-date: /home/behzad/ros2_ws/install/bumperbot_msgs/local/lib/python3.10/dist-packages/bumperbot_msgs/action/__init__.py
[0.982s] -- Up-to-date: /home/behzad/ros2_ws/install/bumperbot_msgs/local/lib/python3.10/dist-packages/bumperbot_msgs/action/_fibonacci_s.c
[0.982s] -- Up-to-date: /home/behzad/ros2_ws/install/bumperbot_msgs/local/lib/python3.10/dist-packages/bumperbot_msgs/action/_fibonacci.py
[0.983s] -- Up-to-date: /home/behzad/ros2_ws/install/bumperbot_msgs/local/lib/python3.10/dist-packages/bumperbot_msgs/bumperbot_msgs_s__rosidl_typesupport_fastrtps_c.cpython-310-x86_64-linux-gnu.so
[0.983s] -- Up-to-date: /home/behzad/ros2_ws/install/bumperbot_msgs/local/lib/python3.10/dist-packages/bumperbot_msgs/_bumperbot_msgs_s.ep.rosidl_typesupport_fastrtps_c.c
[0.983s] -- Up-to-date: /home/behzad/ros2_ws/install/bumperbot_msgs/local/lib/python3.10/dist-packages/bumperbot_msgs/bumperbot_msgs_s__rosidl_typesupport_c.cpython-310-x86_64-linux-gnu.so
[0.983s] -- Up-to-date: /home/behzad/ros2_ws/install/bumperbot_msgs/local/lib/python3.10/dist-packages/bumperbot_msgs/libbumperbot_msgs__rosidl_generator_py.so
[1.044s] Listing '/home/behzad/ros2_ws/install/bumperbot_msgs/local/lib/python3.10/dist-packages/bumperbot_msgs'...
[1.045s] Listing '/home/behzad/ros2_ws/install/bumperbot_msgs/local/lib/python3.10/dist-packages/bumperbot_msgs/action'...
[1.045s] Listing '/home/behzad/ros2_ws/install/bumperbot_msgs/local/lib/python3.10/dist-packages/bumperbot_msgs/srv'...
[1.059s] -- Up-to-date: /home/behzad/ros2_ws/install/bumperbot_msgs/local/lib/python3.10/dist-packages/bumperbot_msgs/bumperbot_msgs_s__rosidl_typesupport_fastrtps_c.cpython-310-x86_64-linux-gnu.so
[1.060s] -- Up-to-date: /home/behzad/ros2_ws/install/bumperbot_msgs/local/lib/python3.10/dist-packages/bumperbot_msgs/bumperbot_msgs_s__rosidl_typesupport_introspection_c.cpython-310-x86_64-linux-gnu.so
[1.060s] -- Up-to-date: /home/behzad/ros2_ws/install/bumperbot_msgs/local/lib/python3.10/dist-packages/bumperbot_msgs/bumperbot_msgs_s__rosidl_typesupport_c.cpython-310-x86_64-linux-gnu.so
[1.061s] -- Up-to-date: /home/behzad/ros2_ws/install/bumperbot_msgs/lib/libbumperbot_msgs__rosidl_generator_py.so
[1.061s] -- Up-to-date: /home/behzad/ros2_ws/install/bumperbot_msgs/share/bumperbot_msgs/action/Fibonacci.idl
[1.061s] -- Up-to-date: /home/behzad/ros2_ws/install/bumperbot_msgs/share/bumperbot_msgs/srv/AddTwoInts.idl
[1.061s] -- Up-to-date: /home/behzad/ros2_ws/install/bumperbot_msgs/share/bumperbot_msgs/srv/GetTransform.idl
[1.062s] -- Up-to-date: /home/behzad/ros2_ws/install/bumperbot_msgs/share/bumperbot_msgs/action/Fibonacci.action
[1.062s] -- Up-to-date: /home/behzad/ros2_ws/install/bumperbot_msgs/share/bumperbot_msgs/srv/AddTwoInts.srv
[1.062s] -- Up-to-date: /home/behzad/ros2_ws/install/bumperbot_msgs/share/bumperbot_msgs/srv/AddTwoInts_Request.msg
[1.062s] -- Up-to-date: /home/behzad/ros2_ws/install/bumperbot_msgs/share/bumperbot_msgs/srv/AddTwoInts_Response.msg
[1.062s] -- Up-to-date: /home/behzad/ros2_ws/install/bumperbot_msgs/share/bumperbot_msgs/srv/GetTransform.srv
[1.062s] -- Up-to-date: /home/behzad/ros2_ws/install/bumperbot_msgs/share/bumperbot_msgs/srv/GetTransform_Request.msg
[1.062s] -- Up-to-date: /home/behzad/ros2_ws/install/bumperbot_msgs/share/bumperbot_msgs/srv/GetTransform_Response.msg
[1.063s] -- Up-to-date: /home/behzad/ros2_ws/install/bumperbot_msgs/share/ament_index/resource_index/package_run_dependencies/bumperbot_msgs
[1.063s] -- Up-to-date: /home/behzad/ros2_ws/install/bumperbot_msgs/share/ament_index/resource_index/parent_prefix_path/bumperbot_msgs
[1.063s] -- Up-to-date: /home/behzad/ros2_ws/install/bumperbot_msgs/share/bumperbot_msgs/environment/ament_prefix_path.sh
[1.067s] -- Up-to-date: /home/behzad/ros2_ws/install/bumperbot_msgs/share/bumperbot_msgs/environment/ament_prefix_path.dsv
[1.067s] -- Up-to-date: /home/behzad/ros2_ws/install/bumperbot_msgs/share/bumperbot_msgs/environment/path.sh
[1.067s] -- Up-to-date: /home/behzad/ros2_ws/install/bumperbot_msgs/share/bumperbot_msgs/environment/path.dsv
[1.067s] -- Up-to-date: /home/behzad/ros2_ws/install/bumperbot_msgs/share/bumperbot_msgs/local_setup.bash
[1.067s] -- Up-to-date: /home/behzad/ros2_ws/install/bumperbot_msgs/share/bumperbot_msgs/local_setup.sh
[1.068s] -- Up-to-date: /home/behzad/ros2_ws/install/bumperbot_msgs/share/bumperbot_msgs/local_setup.zsh
[1.068s] -- Up-to-date: /home/behzad/ros2_ws/install/bumperbot_msgs/share/bumperbot_msgs/local_setup.dsv
[1.068s] -- Installing: /home/behzad/ros2_ws/install/bumperbot_msgs/share/bumperbot_msgs/package.dsv
[1.068s] -- Up-to-date: /home/behzad/ros2_ws/install/bumperbot_msgs/share/ament_index/resource_index/packages/bumperbot_msgs
[1.069s] -- Up-to-date: /home/behzad/ros2_ws/install/bumperbot_msgs/share/bumperbot_msgs/cmake/export_bumperbot_msgs__rosidl_generator_cExport.cmake
[1.069s] -- Up-to-date: /home/behzad/ros2_ws/install/bumperbot_msgs/share/bumperbot_msgs/cmake/export_bumperbot_msgs__rosidl_generator_cExport-noconfig.cmake
[1.069s] -- Up-to-date: /home/behzad/ros2_ws/install/bumperbot_msgs/share/bumperbot_msgs/cmake/export_bumperbot_msgs__rosidl_typesupport_fastrtps_cExport.cmake
[1.069s] -- Up-to-date: /home/behzad/ros2_ws/install/bumperbot_msgs/share/bumperbot_msgs/cmake/export_bumperbot_msgs__rosidl_typesupport_fastrtps_cExport-noconfig.cmake
[1.069s] -- Up-to-date: /home/behzad/ros2_ws/install/bumperbot_msgs/share/bumperbot_msgs/cmake/export_bumperbot_msgs__rosidl_generator_cppExport.cmake
[1.069s] -- Up-to-date: /home/behzad/ros2_ws/install/bumperbot_msgs/share/bumperbot_msgs/cmake/export_bumperbot_msgs__rosidl_typesupport_fastrtps_cppExport.cmake
[1.070s] -- Up-to-date: /home/behzad/ros2_ws/install/bumperbot_msgs/share/bumperbot_msgs/cmake/export_bumperbot_msgs__rosidl_typesupport_fastrtps_cppExport-noconfig.cmake
[1.070s] -- Up-to-date: /home/behzad/ros2_ws/install/bumperbot_msgs/share/bumperbot_msgs/cmake/bumperbot_msgs__rosidl_typesupport_introspection_cExport.cmake
[1.070s] -- Up-to-date: /home/behzad/ros2_ws/install/bumperbot_msgs/share/bumperbot_msgs/cmake/bumperbot_msgs__rosidl_typesupport_introspection_cExport-noconfig.cmake
[1.070s] -- Up-to-date: /home/behzad/ros2_ws/install/bumperbot_msgs/share/bumperbot_msgs/cmake/bumperbot_msgs__rosidl_typesupport_cExport.cmake
[1.070s] -- Up-to-date: /home/behzad/ros2_ws/install/bumperbot_msgs/share/bumperbot_msgs/cmake/bumperbot_msgs__rosidl_typesupport_cExport-noconfig.cmake
[1.070s] -- Up-to-date: /home/behzad/ros2_ws/install/bumperbot_msgs/share/bumperbot_msgs/cmake/bumperbot_msgs__rosidl_typesupport_introspection_cppExport.cmake
[1.071s] -- Up-to-date: /home/behzad/ros2_ws/install/bumperbot_msgs/share/bumperbot_msgs/cmake/bumperbot_msgs__rosidl_typesupport_introspection_cppExport-noconfig.cmake
[1.071s] -- Up-to-date: /home/behzad/ros2_ws/install/bumperbot_msgs/share/bumperbot_msgs/cmake/bumperbot_msgs__rosidl_typesupport_cppExport.cmake
[1.071s] -- Up-to-date: /home/behzad/ros2_ws/install/bumperbot_msgs/share/bumperbot_msgs/cmake/bumperbot_msgs__rosidl_typesupport_cppExport-noconfig.cmake
[1.071s] -- Up-to-date: /home/behzad/ros2_ws/install/bumperbot_msgs/share/bumperbot_msgs/cmake/export_bumperbot_msgs__rosidl_generator_pyExport.cmake
[1.071s] -- Up-to-date: /home/behzad/ros2_ws/install/bumperbot_msgs/share/bumperbot_msgs/cmake/export_bumperbot_msgs__rosidl_generator_pyExport-noconfig.cmake
[1.071s] -- Up-to-date: /home/behzad/ros2_ws/install/bumperbot_msgs/share/bumperbot_msgs/cmake/rosidl_cmake-extras.cmake
[1.071s] -- Up-to-date: /home/behzad/ros2_ws/install/bumperbot_msgs/share/bumperbot_msgs/cmake/ament_cmake_export_dependencies-extras.cmake
[1.072s] -- Up-to-date: /home/behzad/ros2_ws/install/bumperbot_msgs/share/bumperbot_msgs/cmake/ament_cmake_export_include_directories-extras.cmake
[1.072s] -- Up-to-date: /home/behzad/ros2_ws/install/bumperbot_msgs/share/bumperbot_msgs/cmake/ament_cmake_export_libraries-extras.cmake
[1.072s] -- Up-to-date: /home/behzad/ros2_ws/install/bumperbot_msgs/share/bumperbot_msgs/cmake/ament_cmake_export_targets-extras.cmake
[1.072s] -- Up-to-date: /home/behzad/ros2_ws/install/bumperbot_msgs/share/bumperbot_msgs/cmake/rosidl_cmake_export_typesupport_targets-extras.cmake
[1.072s] -- Up-to-date: /home/behzad/ros2_ws/install/bumperbot_msgs/share/bumperbot_msgs/cmake/rosidl_cmake_export_typesupport_libraries-extras.cmake
[1.072s] -- Up-to-date: /home/behzad/ros2_ws/install/bumperbot_msgs/share/bumperbot_msgs/cmake/bumperbot_msgsConfig.cmake
[1.073s] -- Up-to-date: /home/behzad/ros2_ws/install/bumperbot_msgs/share/bumperbot_msgs/cmake/bumperbot_msgsConfig-version.cmake
[1.073s] -- Up-to-date: /home/behzad/ros2_ws/install/bumperbot_msgs/share/bumperbot_msgs/package.xml
[1.108s] Invoked command in '/home/behzad/ros2_ws/build/bumperbot_msgs' returned '0': CMAKE_PREFIX_PATH=${CMAKE_PREFIX_PATH}:/home/behzad/ros2_ws/install/bumperbot_py_examples:/home/behzad/bumporbot_ws/install/bumporbot_py_examples:/opt/ros/humble /usr/bin/cmake --install /home/behzad/ros2_ws/build/bumperbot_msgs
