[0.053s] Invoking command in '/home/behzad/ros2_ws/build/bumperbot_mapping': CMAKE_PREFIX_PATH=${CMAKE_PREFIX_PATH}:/home/behzad/ros2_ws/install/bumperbot_py_examples:/home/behzad/bumporbot_ws/install/bumporbot_py_examples:/opt/ros/humble /usr/bin/cmake --build /home/behzad/ros2_ws/build/bumperbot_mapping -- -j12 -l12
[0.241s] [  0%] Built target ament_cmake_python_copy_bumperbot_mapping
[0.270s] [100%] Built target mapping_with_known_poses
[0.848s] running egg_info
[0.848s] writing bumperbot_mapping.egg-info/PKG-INFO
[0.849s] writing dependency_links to bumperbot_mapping.egg-info/dependency_links.txt
[0.852s] writing top-level names to bumperbot_mapping.egg-info/top_level.txt
[0.855s] reading manifest file 'bumperbot_mapping.egg-info/SOURCES.txt'
[0.857s] writing manifest file 'bumperbot_mapping.egg-info/SOURCES.txt'
[0.945s] [100%] Built target ament_cmake_python_build_bumperbot_mapping_egg
[0.967s] Invoked command in '/home/behzad/ros2_ws/build/bumperbot_mapping' returned '0': CMAKE_PREFIX_PATH=${CMAKE_PREFIX_PATH}:/home/behzad/ros2_ws/install/bumperbot_py_examples:/home/behzad/bumporbot_ws/install/bumporbot_py_examples:/opt/ros/humble /usr/bin/cmake --build /home/behzad/ros2_ws/build/bumperbot_mapping -- -j12 -l12
[0.970s] Invoking command in '/home/behzad/ros2_ws/build/bumperbot_mapping': CMAKE_PREFIX_PATH=${CMAKE_PREFIX_PATH}:/home/behzad/ros2_ws/install/bumperbot_py_examples:/home/behzad/bumporbot_ws/install/bumporbot_py_examples:/opt/ros/humble /usr/bin/cmake --install /home/behzad/ros2_ws/build/bumperbot_mapping
[0.987s] -- Install configuration: ""
[0.987s] -- Up-to-date: /home/behzad/ros2_ws/install/bumperbot_mapping/share/bumperbot_mapping/environment/pythonpath.sh
[0.987s] -- Up-to-date: /home/behzad/ros2_ws/install/bumperbot_mapping/share/bumperbot_mapping/environment/pythonpath.dsv
[0.987s] -- Up-to-date: /home/behzad/ros2_ws/install/bumperbot_mapping/local/lib/python3.10/dist-packages/bumperbot_mapping-0.0.0-py3.10.egg-info
[0.987s] -- Installing: /home/behzad/ros2_ws/install/bumperbot_mapping/local/lib/python3.10/dist-packages/bumperbot_mapping-0.0.0-py3.10.egg-info/dependency_links.txt
[0.987s] -- Installing: /home/behzad/ros2_ws/install/bumperbot_mapping/local/lib/python3.10/dist-packages/bumperbot_mapping-0.0.0-py3.10.egg-info/PKG-INFO
[0.988s] -- Installing: /home/behzad/ros2_ws/install/bumperbot_mapping/local/lib/python3.10/dist-packages/bumperbot_mapping-0.0.0-py3.10.egg-info/SOURCES.txt
[0.988s] -- Installing: /home/behzad/ros2_ws/install/bumperbot_mapping/local/lib/python3.10/dist-packages/bumperbot_mapping-0.0.0-py3.10.egg-info/top_level.txt
[0.988s] -- Up-to-date: /home/behzad/ros2_ws/install/bumperbot_mapping/local/lib/python3.10/dist-packages/bumperbot_mapping
[0.988s] -- Up-to-date: /home/behzad/ros2_ws/install/bumperbot_mapping/local/lib/python3.10/dist-packages/bumperbot_mapping/__init__.py
[0.989s] -- Up-to-date: /home/behzad/ros2_ws/install/bumperbot_mapping/local/lib/python3.10/dist-packages/bumperbot_mapping/mapping_with_known_poses.py
[1.057s] Listing '/home/behzad/ros2_ws/install/bumperbot_mapping/local/lib/python3.10/dist-packages/bumperbot_mapping'...
[1.066s] -- Up-to-date: /home/behzad/ros2_ws/install/bumperbot_mapping/include/include
[1.066s] -- Up-to-date: /home/behzad/ros2_ws/install/bumperbot_mapping/include/include/bumperbot_mapping
[1.066s] -- Up-to-date: /home/behzad/ros2_ws/install/bumperbot_mapping/include/include/bumperbot_mapping/mapping_with_known_poses.hpp
[1.066s] -- Up-to-date: /home/behzad/ros2_ws/install/bumperbot_mapping/lib/bumperbot_mapping/mapping_with_known_poses
[1.066s] -- Up-to-date: /home/behzad/ros2_ws/install/bumperbot_mapping/share/bumperbot_mapping/config
[1.066s] -- Up-to-date: /home/behzad/ros2_ws/install/bumperbot_mapping/share/bumperbot_mapping/config/slam_toolbox.yaml
[1.066s] -- Up-to-date: /home/behzad/ros2_ws/install/bumperbot_mapping/share/bumperbot_mapping/launch
[1.066s] -- Up-to-date: /home/behzad/ros2_ws/install/bumperbot_mapping/share/bumperbot_mapping/launch/slam.launch.py
[1.066s] -- Up-to-date: /home/behzad/ros2_ws/install/bumperbot_mapping/share/bumperbot_mapping/maps
[1.067s] -- Up-to-date: /home/behzad/ros2_ws/install/bumperbot_mapping/share/bumperbot_mapping/maps/small_house
[1.067s] -- Up-to-date: /home/behzad/ros2_ws/install/bumperbot_mapping/share/bumperbot_mapping/maps/small_house/map.pgm
[1.067s] -- Up-to-date: /home/behzad/ros2_ws/install/bumperbot_mapping/share/bumperbot_mapping/maps/small_house/map.yaml
[1.067s] -- Up-to-date: /home/behzad/ros2_ws/install/bumperbot_mapping/share/bumperbot_mapping/maps/small_warehouse
[1.067s] -- Up-to-date: /home/behzad/ros2_ws/install/bumperbot_mapping/share/bumperbot_mapping/maps/small_warehouse/map.pgm
[1.067s] -- Up-to-date: /home/behzad/ros2_ws/install/bumperbot_mapping/share/bumperbot_mapping/maps/small_warehouse/map.yaml
[1.067s] -- Up-to-date: /home/behzad/ros2_ws/install/bumperbot_mapping/share/bumperbot_mapping/rviz
[1.067s] -- Up-to-date: /home/behzad/ros2_ws/install/bumperbot_mapping/share/bumperbot_mapping/rviz/slam.rviz
[1.067s] -- Up-to-date: /home/behzad/ros2_ws/install/bumperbot_mapping/lib/bumperbot_mapping/mapping_with_known_poses.py
[1.067s] -- Up-to-date: /home/behzad/ros2_ws/install/bumperbot_mapping/share/ament_index/resource_index/package_run_dependencies/bumperbot_mapping
[1.068s] -- Up-to-date: /home/behzad/ros2_ws/install/bumperbot_mapping/share/ament_index/resource_index/parent_prefix_path/bumperbot_mapping
[1.068s] -- Up-to-date: /home/behzad/ros2_ws/install/bumperbot_mapping/share/bumperbot_mapping/environment/ament_prefix_path.sh
[1.068s] -- Up-to-date: /home/behzad/ros2_ws/install/bumperbot_mapping/share/bumperbot_mapping/environment/ament_prefix_path.dsv
[1.068s] -- Up-to-date: /home/behzad/ros2_ws/install/bumperbot_mapping/share/bumperbot_mapping/environment/path.sh
[1.068s] -- Up-to-date: /home/behzad/ros2_ws/install/bumperbot_mapping/share/bumperbot_mapping/environment/path.dsv
[1.068s] -- Up-to-date: /home/behzad/ros2_ws/install/bumperbot_mapping/share/bumperbot_mapping/local_setup.bash
[1.068s] -- Up-to-date: /home/behzad/ros2_ws/install/bumperbot_mapping/share/bumperbot_mapping/local_setup.sh
[1.068s] -- Up-to-date: /home/behzad/ros2_ws/install/bumperbot_mapping/share/bumperbot_mapping/local_setup.zsh
[1.068s] -- Up-to-date: /home/behzad/ros2_ws/install/bumperbot_mapping/share/bumperbot_mapping/local_setup.dsv
[1.068s] -- Installing: /home/behzad/ros2_ws/install/bumperbot_mapping/share/bumperbot_mapping/package.dsv
[1.069s] -- Up-to-date: /home/behzad/ros2_ws/install/bumperbot_mapping/share/ament_index/resource_index/packages/bumperbot_mapping
[1.069s] -- Up-to-date: /home/behzad/ros2_ws/install/bumperbot_mapping/share/bumperbot_mapping/cmake/bumperbot_mappingConfig.cmake
[1.069s] -- Up-to-date: /home/behzad/ros2_ws/install/bumperbot_mapping/share/bumperbot_mapping/cmake/bumperbot_mappingConfig-version.cmake
[1.069s] -- Up-to-date: /home/behzad/ros2_ws/install/bumperbot_mapping/share/bumperbot_mapping/package.xml
[1.141s] Invoked command in '/home/behzad/ros2_ws/build/bumperbot_mapping' returned '0': CMAKE_PREFIX_PATH=${CMAKE_PREFIX_PATH}:/home/behzad/ros2_ws/install/bumperbot_py_examples:/home/behzad/bumporbot_ws/install/bumporbot_py_examples:/opt/ros/humble /usr/bin/cmake --install /home/behzad/ros2_ws/build/bumperbot_mapping
