[0.050s] Invoking command in '/home/behzad/ros2_ws/build/bumperbot_mapping': CMAKE_PREFIX_PATH=${CMAKE_PREFIX_PATH}:/home/behzad/ros2_ws/install/bumperbot_py_examples:/home/behzad/bumporbot_ws/install/bumporbot_py_examples:/opt/ros/humble /usr/bin/cmake --build /home/behzad/ros2_ws/build/bumperbot_mapping -- -j12 -l12
[0.167s] [35m[1mConsolidate compiler generated dependencies of target mapping_with_known_poses[0m
[0.222s] [100%] Built target mapping_with_known_poses
[0.245s] [100%] Built target ament_cmake_python_copy_bumperbot_mapping
[0.670s] running egg_info
[0.672s] writing bumperbot_mapping.egg-info/PKG-INFO
[0.673s] writing dependency_links to bumperbot_mapping.egg-info/dependency_links.txt
[0.673s] writing top-level names to bumperbot_mapping.egg-info/top_level.txt
[0.677s] reading manifest file 'bumperbot_mapping.egg-info/SOURCES.txt'
[0.678s] writing manifest file 'bumperbot_mapping.egg-info/SOURCES.txt'
[0.737s] [100%] Built target ament_cmake_python_build_bumperbot_mapping_egg
[0.759s] Invoked command in '/home/behzad/ros2_ws/build/bumperbot_mapping' returned '0': CMAKE_PREFIX_PATH=${CMAKE_PREFIX_PATH}:/home/behzad/ros2_ws/install/bumperbot_py_examples:/home/behzad/bumporbot_ws/install/bumporbot_py_examples:/opt/ros/humble /usr/bin/cmake --build /home/behzad/ros2_ws/build/bumperbot_mapping -- -j12 -l12
[0.763s] Invoking command in '/home/behzad/ros2_ws/build/bumperbot_mapping': CMAKE_PREFIX_PATH=${CMAKE_PREFIX_PATH}:/home/behzad/ros2_ws/install/bumperbot_py_examples:/home/behzad/bumporbot_ws/install/bumporbot_py_examples:/opt/ros/humble /usr/bin/cmake --install /home/behzad/ros2_ws/build/bumperbot_mapping
[0.776s] -- Install configuration: ""
[0.776s] -- Up-to-date: /home/behzad/ros2_ws/install/bumperbot_mapping/share/bumperbot_mapping/environment/pythonpath.sh
[0.776s] -- Up-to-date: /home/behzad/ros2_ws/install/bumperbot_mapping/share/bumperbot_mapping/environment/pythonpath.dsv
[0.777s] -- Up-to-date: /home/behzad/ros2_ws/install/bumperbot_mapping/local/lib/python3.10/dist-packages/bumperbot_mapping-0.0.0-py3.10.egg-info
[0.777s] -- Installing: /home/behzad/ros2_ws/install/bumperbot_mapping/local/lib/python3.10/dist-packages/bumperbot_mapping-0.0.0-py3.10.egg-info/dependency_links.txt
[0.777s] -- Installing: /home/behzad/ros2_ws/install/bumperbot_mapping/local/lib/python3.10/dist-packages/bumperbot_mapping-0.0.0-py3.10.egg-info/PKG-INFO
[0.777s] -- Installing: /home/behzad/ros2_ws/install/bumperbot_mapping/local/lib/python3.10/dist-packages/bumperbot_mapping-0.0.0-py3.10.egg-info/SOURCES.txt
[0.777s] -- Installing: /home/behzad/ros2_ws/install/bumperbot_mapping/local/lib/python3.10/dist-packages/bumperbot_mapping-0.0.0-py3.10.egg-info/top_level.txt
[0.777s] -- Up-to-date: /home/behzad/ros2_ws/install/bumperbot_mapping/local/lib/python3.10/dist-packages/bumperbot_mapping
[0.777s] -- Up-to-date: /home/behzad/ros2_ws/install/bumperbot_mapping/local/lib/python3.10/dist-packages/bumperbot_mapping/__init__.py
[0.778s] -- Up-to-date: /home/behzad/ros2_ws/install/bumperbot_mapping/local/lib/python3.10/dist-packages/bumperbot_mapping/mapping_with_known_poses.py
[0.837s] Listing '/home/behzad/ros2_ws/install/bumperbot_mapping/local/lib/python3.10/dist-packages/bumperbot_mapping'...
[0.843s] -- Up-to-date: /home/behzad/ros2_ws/install/bumperbot_mapping/include/include
[0.843s] -- Up-to-date: /home/behzad/ros2_ws/install/bumperbot_mapping/include/include/bumperbot_mapping
[0.844s] -- Up-to-date: /home/behzad/ros2_ws/install/bumperbot_mapping/include/include/bumperbot_mapping/mapping_with_known_poses.hpp
[0.845s] -- Up-to-date: /home/behzad/ros2_ws/install/bumperbot_mapping/lib/bumperbot_mapping/mapping_with_known_poses
[0.846s] -- Up-to-date: /home/behzad/ros2_ws/install/bumperbot_mapping/share/bumperbot_mapping/config
[0.846s] -- Up-to-date: /home/behzad/ros2_ws/install/bumperbot_mapping/share/bumperbot_mapping/config/slam_toolbox.yaml
[0.846s] -- Up-to-date: /home/behzad/ros2_ws/install/bumperbot_mapping/share/bumperbot_mapping/launch
[0.846s] -- Up-to-date: /home/behzad/ros2_ws/install/bumperbot_mapping/share/bumperbot_mapping/launch/slam.launch.py
[0.846s] -- Up-to-date: /home/behzad/ros2_ws/install/bumperbot_mapping/share/bumperbot_mapping/maps
[0.846s] -- Up-to-date: /home/behzad/ros2_ws/install/bumperbot_mapping/share/bumperbot_mapping/maps/small_house
[0.846s] -- Up-to-date: /home/behzad/ros2_ws/install/bumperbot_mapping/share/bumperbot_mapping/maps/small_house/map.pgm
[0.847s] -- Up-to-date: /home/behzad/ros2_ws/install/bumperbot_mapping/share/bumperbot_mapping/maps/small_house/map.yaml
[0.847s] -- Up-to-date: /home/behzad/ros2_ws/install/bumperbot_mapping/share/bumperbot_mapping/maps/small_warehouse
[0.847s] -- Up-to-date: /home/behzad/ros2_ws/install/bumperbot_mapping/share/bumperbot_mapping/maps/small_warehouse/map.pgm
[0.847s] -- Up-to-date: /home/behzad/ros2_ws/install/bumperbot_mapping/share/bumperbot_mapping/maps/small_warehouse/map.yaml
[0.847s] -- Up-to-date: /home/behzad/ros2_ws/install/bumperbot_mapping/share/bumperbot_mapping/rviz
[0.847s] -- Up-to-date: /home/behzad/ros2_ws/install/bumperbot_mapping/share/bumperbot_mapping/rviz/slam.rviz
[0.847s] -- Up-to-date: /home/behzad/ros2_ws/install/bumperbot_mapping/lib/bumperbot_mapping/mapping_with_known_poses.py
[0.848s] -- Up-to-date: /home/behzad/ros2_ws/install/bumperbot_mapping/share/ament_index/resource_index/package_run_dependencies/bumperbot_mapping
[0.848s] -- Up-to-date: /home/behzad/ros2_ws/install/bumperbot_mapping/share/ament_index/resource_index/parent_prefix_path/bumperbot_mapping
[0.848s] -- Up-to-date: /home/behzad/ros2_ws/install/bumperbot_mapping/share/bumperbot_mapping/environment/ament_prefix_path.sh
[0.848s] -- Up-to-date: /home/behzad/ros2_ws/install/bumperbot_mapping/share/bumperbot_mapping/environment/ament_prefix_path.dsv
[0.848s] -- Up-to-date: /home/behzad/ros2_ws/install/bumperbot_mapping/share/bumperbot_mapping/environment/path.sh
[0.848s] -- Up-to-date: /home/behzad/ros2_ws/install/bumperbot_mapping/share/bumperbot_mapping/environment/path.dsv
[0.848s] -- Up-to-date: /home/behzad/ros2_ws/install/bumperbot_mapping/share/bumperbot_mapping/local_setup.bash
[0.848s] -- Up-to-date: /home/behzad/ros2_ws/install/bumperbot_mapping/share/bumperbot_mapping/local_setup.sh
[0.848s] -- Up-to-date: /home/behzad/ros2_ws/install/bumperbot_mapping/share/bumperbot_mapping/local_setup.zsh
[0.848s] -- Up-to-date: /home/behzad/ros2_ws/install/bumperbot_mapping/share/bumperbot_mapping/local_setup.dsv
[0.848s] -- Installing: /home/behzad/ros2_ws/install/bumperbot_mapping/share/bumperbot_mapping/package.dsv
[0.849s] -- Up-to-date: /home/behzad/ros2_ws/install/bumperbot_mapping/share/ament_index/resource_index/packages/bumperbot_mapping
[0.849s] -- Up-to-date: /home/behzad/ros2_ws/install/bumperbot_mapping/share/bumperbot_mapping/cmake/bumperbot_mappingConfig.cmake
[0.849s] -- Up-to-date: /home/behzad/ros2_ws/install/bumperbot_mapping/share/bumperbot_mapping/cmake/bumperbot_mappingConfig-version.cmake
[0.849s] -- Up-to-date: /home/behzad/ros2_ws/install/bumperbot_mapping/share/bumperbot_mapping/package.xml
[0.921s] Invoked command in '/home/behzad/ros2_ws/build/bumperbot_mapping' returned '0': CMAKE_PREFIX_PATH=${CMAKE_PREFIX_PATH}:/home/behzad/ros2_ws/install/bumperbot_py_examples:/home/behzad/bumporbot_ws/install/bumporbot_py_examples:/opt/ros/humble /usr/bin/cmake --install /home/behzad/ros2_ws/build/bumperbot_mapping
