[0.039s] Invoking command in '/home/behzad/ros2_ws/build/bumperbot_utils': CMAKE_PREFIX_PATH=${CMAKE_PREFIX_PATH}:/home/behzad/ros2_ws/install/bumperbot_py_examples:/home/behzad/bumporbot_ws/install/bumporbot_py_examples:/opt/ros/humble /usr/bin/cmake --build /home/behzad/ros2_ws/build/bumperbot_utils -- -j12 -l12
[0.224s] [100%] Built target safety_stop
[0.254s] [100%] Built target ament_cmake_python_copy_bumperbot_utils
[0.542s] running egg_info
[0.543s] writing bumperbot_utils.egg-info/PKG-INFO
[0.544s] writing dependency_links to bumperbot_utils.egg-info/dependency_links.txt
[0.544s] writing top-level names to bumperbot_utils.egg-info/top_level.txt
[0.547s] reading manifest file 'bumperbot_utils.egg-info/SOURCES.txt'
[0.548s] writing manifest file 'bumperbot_utils.egg-info/SOURCES.txt'
[0.607s] [100%] Built target ament_cmake_python_build_bumperbot_utils_egg
[0.630s] Invoked command in '/home/behzad/ros2_ws/build/bumperbot_utils' returned '0': CMAKE_PREFIX_PATH=${CMAKE_PREFIX_PATH}:/home/behzad/ros2_ws/install/bumperbot_py_examples:/home/behzad/bumporbot_ws/install/bumporbot_py_examples:/opt/ros/humble /usr/bin/cmake --build /home/behzad/ros2_ws/build/bumperbot_utils -- -j12 -l12
[0.632s] Invoking command in '/home/behzad/ros2_ws/build/bumperbot_utils': CMAKE_PREFIX_PATH=${CMAKE_PREFIX_PATH}:/home/behzad/ros2_ws/install/bumperbot_py_examples:/home/behzad/bumporbot_ws/install/bumporbot_py_examples:/opt/ros/humble /usr/bin/cmake --install /home/behzad/ros2_ws/build/bumperbot_utils
[0.646s] -- Install configuration: ""
[0.646s] -- Up-to-date: /home/behzad/ros2_ws/install/bumperbot_utils/share/bumperbot_utils/environment/pythonpath.sh
[0.646s] -- Up-to-date: /home/behzad/ros2_ws/install/bumperbot_utils/share/bumperbot_utils/environment/pythonpath.dsv
[0.646s] -- Up-to-date: /home/behzad/ros2_ws/install/bumperbot_utils/local/lib/python3.10/dist-packages/bumperbot_utils-0.0.0-py3.10.egg-info
[0.646s] -- Installing: /home/behzad/ros2_ws/install/bumperbot_utils/local/lib/python3.10/dist-packages/bumperbot_utils-0.0.0-py3.10.egg-info/dependency_links.txt
[0.648s] -- Installing: /home/behzad/ros2_ws/install/bumperbot_utils/local/lib/python3.10/dist-packages/bumperbot_utils-0.0.0-py3.10.egg-info/PKG-INFO
[0.648s] -- Installing: /home/behzad/ros2_ws/install/bumperbot_utils/local/lib/python3.10/dist-packages/bumperbot_utils-0.0.0-py3.10.egg-info/SOURCES.txt
[0.648s] -- Installing: /home/behzad/ros2_ws/install/bumperbot_utils/local/lib/python3.10/dist-packages/bumperbot_utils-0.0.0-py3.10.egg-info/top_level.txt
[0.648s] -- Up-to-date: /home/behzad/ros2_ws/install/bumperbot_utils/local/lib/python3.10/dist-packages/bumperbot_utils
[0.649s] -- Up-to-date: /home/behzad/ros2_ws/install/bumperbot_utils/local/lib/python3.10/dist-packages/bumperbot_utils/__init__.py
[0.649s] -- Up-to-date: /home/behzad/ros2_ws/install/bumperbot_utils/local/lib/python3.10/dist-packages/bumperbot_utils/safety_stop.py
[0.697s] Listing '/home/behzad/ros2_ws/install/bumperbot_utils/local/lib/python3.10/dist-packages/bumperbot_utils'...
[0.703s] -- Up-to-date: /home/behzad/ros2_ws/install/bumperbot_utils/lib/bumperbot_utils/safety_stop
[0.703s] -- Up-to-date: /home/behzad/ros2_ws/install/bumperbot_utils/lib/bumperbot_utils/safety_stop.py
[0.703s] -- Up-to-date: /home/behzad/ros2_ws/install/bumperbot_utils/share/ament_index/resource_index/package_run_dependencies/bumperbot_utils
[0.703s] -- Up-to-date: /home/behzad/ros2_ws/install/bumperbot_utils/share/ament_index/resource_index/parent_prefix_path/bumperbot_utils
[0.704s] -- Up-to-date: /home/behzad/ros2_ws/install/bumperbot_utils/share/bumperbot_utils/environment/ament_prefix_path.sh
[0.704s] -- Up-to-date: /home/behzad/ros2_ws/install/bumperbot_utils/share/bumperbot_utils/environment/ament_prefix_path.dsv
[0.704s] -- Up-to-date: /home/behzad/ros2_ws/install/bumperbot_utils/share/bumperbot_utils/environment/path.sh
[0.704s] -- Up-to-date: /home/behzad/ros2_ws/install/bumperbot_utils/share/bumperbot_utils/environment/path.dsv
[0.704s] -- Up-to-date: /home/behzad/ros2_ws/install/bumperbot_utils/share/bumperbot_utils/local_setup.bash
[0.704s] -- Up-to-date: /home/behzad/ros2_ws/install/bumperbot_utils/share/bumperbot_utils/local_setup.sh
[0.705s] -- Up-to-date: /home/behzad/ros2_ws/install/bumperbot_utils/share/bumperbot_utils/local_setup.zsh
[0.705s] -- Up-to-date: /home/behzad/ros2_ws/install/bumperbot_utils/share/bumperbot_utils/local_setup.dsv
[0.705s] -- Installing: /home/behzad/ros2_ws/install/bumperbot_utils/share/bumperbot_utils/package.dsv
[0.705s] -- Up-to-date: /home/behzad/ros2_ws/install/bumperbot_utils/share/ament_index/resource_index/packages/bumperbot_utils
[0.705s] -- Up-to-date: /home/behzad/ros2_ws/install/bumperbot_utils/share/bumperbot_utils/cmake/bumperbot_utilsConfig.cmake
[0.705s] -- Up-to-date: /home/behzad/ros2_ws/install/bumperbot_utils/share/bumperbot_utils/cmake/bumperbot_utilsConfig-version.cmake
[0.705s] -- Up-to-date: /home/behzad/ros2_ws/install/bumperbot_utils/share/bumperbot_utils/package.xml
[0.731s] Invoked command in '/home/behzad/ros2_ws/build/bumperbot_utils' returned '0': CMAKE_PREFIX_PATH=${CMAKE_PREFIX_PATH}:/home/behzad/ros2_ws/install/bumperbot_py_examples:/home/behzad/bumporbot_ws/install/bumporbot_py_examples:/opt/ros/humble /usr/bin/cmake --install /home/behzad/ros2_ws/build/bumperbot_utils
