[0.060s] Invoking command in '/home/behzad/ros2_ws/build/bumperbot_controller': CMAKE_PREFIX_PATH=${CMAKE_PREFIX_PATH}:/home/behzad/ros2_ws/install/bumperbot_py_examples:/home/behzad/bumporbot_ws/install/bumporbot_py_examples:/opt/ros/humble /usr/bin/cmake --build /home/behzad/ros2_ws/build/bumperbot_controller -- -j12 -l12
[0.198s] [35m[1mConsolidate compiler generated dependencies of target simple_controller[0m
[0.204s] [35m[1mConsolidate compiler generated dependencies of target twist_relay[0m
[0.207s] [35m[1mConsolidate compiler generated dependencies of target noisy_controller[0m
[0.251s] [ 33%] Built target twist_relay
[0.252s] [ 33%] Built target ament_cmake_python_copy_bumperbot_controller
[0.255s] [ 66%] Built target simple_controller
[0.272s] [100%] Built target noisy_controller
[0.748s] running egg_info
[0.749s] writing bumperbot_controller.egg-info/PKG-INFO
[0.749s] writing dependency_links to bumperbot_controller.egg-info/dependency_links.txt
[0.749s] writing top-level names to bumperbot_controller.egg-info/top_level.txt
[0.752s] reading manifest file 'bumperbot_controller.egg-info/SOURCES.txt'
[0.753s] writing manifest file 'bumperbot_controller.egg-info/SOURCES.txt'
[0.808s] [100%] Built target ament_cmake_python_build_bumperbot_controller_egg
[0.826s] Invoked command in '/home/behzad/ros2_ws/build/bumperbot_controller' returned '0': CMAKE_PREFIX_PATH=${CMAKE_PREFIX_PATH}:/home/behzad/ros2_ws/install/bumperbot_py_examples:/home/behzad/bumporbot_ws/install/bumporbot_py_examples:/opt/ros/humble /usr/bin/cmake --build /home/behzad/ros2_ws/build/bumperbot_controller -- -j12 -l12
[0.831s] Invoking command in '/home/behzad/ros2_ws/build/bumperbot_controller': CMAKE_PREFIX_PATH=${CMAKE_PREFIX_PATH}:/home/behzad/ros2_ws/install/bumperbot_py_examples:/home/behzad/bumporbot_ws/install/bumporbot_py_examples:/opt/ros/humble /usr/bin/cmake --install /home/behzad/ros2_ws/build/bumperbot_controller
[0.845s] -- Install configuration: ""
[0.845s] -- Up-to-date: /home/behzad/ros2_ws/install/bumperbot_controller/share/bumperbot_controller/environment/pythonpath.sh
[0.845s] -- Up-to-date: /home/behzad/ros2_ws/install/bumperbot_controller/share/bumperbot_controller/environment/pythonpath.dsv
[0.845s] -- Up-to-date: /home/behzad/ros2_ws/install/bumperbot_controller/local/lib/python3.10/dist-packages/bumperbot_controller-0.0.0-py3.10.egg-info
[0.846s] -- Installing: /home/behzad/ros2_ws/install/bumperbot_controller/local/lib/python3.10/dist-packages/bumperbot_controller-0.0.0-py3.10.egg-info/dependency_links.txt
[0.846s] -- Installing: /home/behzad/ros2_ws/install/bumperbot_controller/local/lib/python3.10/dist-packages/bumperbot_controller-0.0.0-py3.10.egg-info/PKG-INFO
[0.846s] -- Installing: /home/behzad/ros2_ws/install/bumperbot_controller/local/lib/python3.10/dist-packages/bumperbot_controller-0.0.0-py3.10.egg-info/SOURCES.txt
[0.847s] -- Installing: /home/behzad/ros2_ws/install/bumperbot_controller/local/lib/python3.10/dist-packages/bumperbot_controller-0.0.0-py3.10.egg-info/top_level.txt
[0.848s] -- Up-to-date: /home/behzad/ros2_ws/install/bumperbot_controller/local/lib/python3.10/dist-packages/bumperbot_controller
[0.848s] -- Up-to-date: /home/behzad/ros2_ws/install/bumperbot_controller/local/lib/python3.10/dist-packages/bumperbot_controller/__init__.py
[0.848s] -- Up-to-date: /home/behzad/ros2_ws/install/bumperbot_controller/local/lib/python3.10/dist-packages/bumperbot_controller/noisy_controller.py
[0.848s] -- Up-to-date: /home/behzad/ros2_ws/install/bumperbot_controller/local/lib/python3.10/dist-packages/bumperbot_controller/twist_relay.py
[0.849s] -- Up-to-date: /home/behzad/ros2_ws/install/bumperbot_controller/local/lib/python3.10/dist-packages/bumperbot_controller/simple_controller.py
[0.898s] Listing '/home/behzad/ros2_ws/install/bumperbot_controller/local/lib/python3.10/dist-packages/bumperbot_controller'...
[0.902s] -- Up-to-date: /home/behzad/ros2_ws/install/bumperbot_controller/include/include
[0.902s] -- Up-to-date: /home/behzad/ros2_ws/install/bumperbot_controller/include/include/bumperbot_controller
[0.902s] -- Up-to-date: /home/behzad/ros2_ws/install/bumperbot_controller/include/include/bumperbot_controller/simple_controller.hpp
[0.902s] -- Up-to-date: /home/behzad/ros2_ws/install/bumperbot_controller/include/include/bumperbot_controller/noisy_controller.hpp
[0.903s] -- Up-to-date: /home/behzad/ros2_ws/install/bumperbot_controller/lib/bumperbot_controller/simple_controller
[0.904s] -- Up-to-date: /home/behzad/ros2_ws/install/bumperbot_controller/lib/bumperbot_controller/noisy_controller
[0.905s] -- Up-to-date: /home/behzad/ros2_ws/install/bumperbot_controller/lib/bumperbot_controller/twist_relay
[0.906s] -- Up-to-date: /home/behzad/ros2_ws/install/bumperbot_controller/share/bumperbot_controller/launch
[0.906s] -- Up-to-date: /home/behzad/ros2_ws/install/bumperbot_controller/share/bumperbot_controller/launch/joystick_teleop.launch.py
[0.906s] -- Up-to-date: /home/behzad/ros2_ws/install/bumperbot_controller/share/bumperbot_controller/launch/controller.launch.py
[0.906s] -- Up-to-date: /home/behzad/ros2_ws/install/bumperbot_controller/share/bumperbot_controller/config
[0.907s] -- Up-to-date: /home/behzad/ros2_ws/install/bumperbot_controller/share/bumperbot_controller/config/joy_config.yaml
[0.907s] -- Up-to-date: /home/behzad/ros2_ws/install/bumperbot_controller/share/bumperbot_controller/config/twist_mux_locks.yaml
[0.907s] -- Up-to-date: /home/behzad/ros2_ws/install/bumperbot_controller/share/bumperbot_controller/config/bumperbot_controllers.yaml
[0.907s] -- Up-to-date: /home/behzad/ros2_ws/install/bumperbot_controller/share/bumperbot_controller/config/twist_mux_topics.yaml
[0.907s] -- Up-to-date: /home/behzad/ros2_ws/install/bumperbot_controller/share/bumperbot_controller/config/twist_mux_joy.yaml
[0.907s] -- Up-to-date: /home/behzad/ros2_ws/install/bumperbot_controller/share/bumperbot_controller/config/joy_teleop.yaml
[0.907s] -- Up-to-date: /home/behzad/ros2_ws/install/bumperbot_controller/lib/bumperbot_controller/simple_controller.py
[0.907s] -- Up-to-date: /home/behzad/ros2_ws/install/bumperbot_controller/lib/bumperbot_controller/noisy_controller.py
[0.908s] -- Up-to-date: /home/behzad/ros2_ws/install/bumperbot_controller/lib/bumperbot_controller/twist_relay.py
[0.908s] -- Up-to-date: /home/behzad/ros2_ws/install/bumperbot_controller/share/ament_index/resource_index/package_run_dependencies/bumperbot_controller
[0.908s] -- Up-to-date: /home/behzad/ros2_ws/install/bumperbot_controller/share/ament_index/resource_index/parent_prefix_path/bumperbot_controller
[0.908s] -- Up-to-date: /home/behzad/ros2_ws/install/bumperbot_controller/share/bumperbot_controller/environment/ament_prefix_path.sh
[0.908s] -- Up-to-date: /home/behzad/ros2_ws/install/bumperbot_controller/share/bumperbot_controller/environment/ament_prefix_path.dsv
[0.908s] -- Up-to-date: /home/behzad/ros2_ws/install/bumperbot_controller/share/bumperbot_controller/environment/path.sh
[0.908s] -- Up-to-date: /home/behzad/ros2_ws/install/bumperbot_controller/share/bumperbot_controller/environment/path.dsv
[0.908s] -- Up-to-date: /home/behzad/ros2_ws/install/bumperbot_controller/share/bumperbot_controller/local_setup.bash
[0.908s] -- Up-to-date: /home/behzad/ros2_ws/install/bumperbot_controller/share/bumperbot_controller/local_setup.sh
[0.908s] -- Up-to-date: /home/behzad/ros2_ws/install/bumperbot_controller/share/bumperbot_controller/local_setup.zsh
[0.908s] -- Up-to-date: /home/behzad/ros2_ws/install/bumperbot_controller/share/bumperbot_controller/local_setup.dsv
[0.909s] -- Installing: /home/behzad/ros2_ws/install/bumperbot_controller/share/bumperbot_controller/package.dsv
[0.909s] -- Up-to-date: /home/behzad/ros2_ws/install/bumperbot_controller/share/ament_index/resource_index/packages/bumperbot_controller
[0.909s] -- Up-to-date: /home/behzad/ros2_ws/install/bumperbot_controller/share/bumperbot_controller/cmake/bumperbot_controllerConfig.cmake
[0.909s] -- Up-to-date: /home/behzad/ros2_ws/install/bumperbot_controller/share/bumperbot_controller/cmake/bumperbot_controllerConfig-version.cmake
[0.909s] -- Up-to-date: /home/behzad/ros2_ws/install/bumperbot_controller/share/bumperbot_controller/package.xml
[0.985s] Invoked command in '/home/behzad/ros2_ws/build/bumperbot_controller' returned '0': CMAKE_PREFIX_PATH=${CMAKE_PREFIX_PATH}:/home/behzad/ros2_ws/install/bumperbot_py_examples:/home/behzad/bumporbot_ws/install/bumporbot_py_examples:/opt/ros/humble /usr/bin/cmake --install /home/behzad/ros2_ws/build/bumperbot_controller
