[0.046s] Invoking command in '/home/behzad/ros2_ws/build/bumperbot_controller': CMAKE_PREFIX_PATH=${CMAKE_PREFIX_PATH}:/home/behzad/ros2_ws/install/bumperbot_py_examples:/home/behzad/bumporbot_ws/install/bumporbot_py_examples:/opt/ros/humble /usr/bin/cmake /home/behzad/ros2_ws/src/bumperbot_controller -DCMAKE_INSTALL_PREFIX=/home/behzad/ros2_ws/install/bumperbot_controller
[0.240s] -- The C compiler identification is GNU 11.4.0
[0.360s] -- The CXX compiler identification is GNU 11.4.0
[0.370s] -- Detecting C compiler ABI info
[0.480s] -- Detecting C compiler ABI info - done
[0.493s] -- Check for working C compiler: /usr/bin/cc - skipped
[0.494s] -- Detecting C compile features
[0.494s] -- Detecting C compile features - done
[0.499s] -- Detecting CXX compiler ABI info
[0.608s] -- Detecting CXX compiler ABI info - done
[0.618s] -- Check for working CXX compiler: /usr/bin/c++ - skipped
[0.619s] -- Detecting CXX compile features
[0.619s] -- Detecting CXX compile features - done
[0.628s] -- Found ament_cmake: 1.3.12 (/opt/ros/humble/share/ament_cmake/cmake)
[0.878s] -- Found Python3: /usr/bin/python3 (found version "3.10.12") found components: Interpreter 
[1.060s] -- Found rclcpp: 16.0.15 (/opt/ros/humble/share/rclcpp/cmake)
[1.138s] -- Found rosidl_generator_c: 3.1.7 (/opt/ros/humble/share/rosidl_generator_c/cmake)
[1.147s] -- Found rosidl_adapter: 3.1.7 (/opt/ros/humble/share/rosidl_adapter/cmake)
[1.161s] -- Found rosidl_generator_cpp: 3.1.7 (/opt/ros/humble/share/rosidl_generator_cpp/cmake)
[1.186s] -- Using all available rosidl_typesupport_c: rosidl_typesupport_fastrtps_c;rosidl_typesupport_introspection_c
[1.222s] -- Using all available rosidl_typesupport_cpp: rosidl_typesupport_fastrtps_cpp;rosidl_typesupport_introspection_cpp
[1.295s] -- Found rmw_implementation_cmake: 6.1.2 (/opt/ros/humble/share/rmw_implementation_cmake/cmake)
[1.302s] -- Found rmw_fastrtps_cpp: 6.2.9 (/opt/ros/humble/share/rmw_fastrtps_cpp/cmake)
[1.452s] -- Found OpenSSL: /usr/lib/x86_64-linux-gnu/libcrypto.so (found version "3.0.2")  
[1.493s] -- Found FastRTPS: /opt/ros/humble/include  
[1.558s] -- Using RMW implementation 'rmw_fastrtps_cpp' as default
[1.579s] -- Looking for pthread.h
[1.688s] -- Looking for pthread.h - found
[1.689s] -- Performing Test CMAKE_HAVE_LIBC_PTHREAD
[1.801s] -- Performing Test CMAKE_HAVE_LIBC_PTHREAD - Success
[1.802s] -- Found Threads: TRUE  
[1.900s] -- Found rclpy: 3.3.17 (/opt/ros/humble/share/rclpy/cmake)
[1.905s] -- Found geometry_msgs: 4.9.0 (/opt/ros/humble/share/geometry_msgs/cmake)
[1.930s] -- Found sensor_msgs: 4.9.0 (/opt/ros/humble/share/sensor_msgs/cmake)
[1.963s] -- Found nav_msgs: 4.9.0 (/opt/ros/humble/share/nav_msgs/cmake)
[1.993s] -- Found tf2_ros: 0.25.16 (/opt/ros/humble/share/tf2_ros/cmake)
[2.440s] -- Configuring done
[2.472s] -- Generating done
[2.485s] -- Build files have been written to: /home/behzad/ros2_ws/build/bumperbot_controller
[2.512s] Invoked command in '/home/behzad/ros2_ws/build/bumperbot_controller' returned '0': CMAKE_PREFIX_PATH=${CMAKE_PREFIX_PATH}:/home/behzad/ros2_ws/install/bumperbot_py_examples:/home/behzad/bumporbot_ws/install/bumporbot_py_examples:/opt/ros/humble /usr/bin/cmake /home/behzad/ros2_ws/src/bumperbot_controller -DCMAKE_INSTALL_PREFIX=/home/behzad/ros2_ws/install/bumperbot_controller
[2.515s] Invoking command in '/home/behzad/ros2_ws/build/bumperbot_controller': CMAKE_PREFIX_PATH=${CMAKE_PREFIX_PATH}:/home/behzad/ros2_ws/install/bumperbot_py_examples:/home/behzad/bumporbot_ws/install/bumporbot_py_examples:/opt/ros/humble /usr/bin/cmake --build /home/behzad/ros2_ws/build/bumperbot_controller -- -j12 -l12
[2.618s] [ 16%] [32mBuilding CXX object CMakeFiles/noisy_controller.dir/src/noisy_controller.cpp.o[0m
[2.621s] [ 33%] [32mBuilding CXX object CMakeFiles/twist_relay.dir/src/twist_relay.cpp.o[0m
[2.621s] [ 50%] [32mBuilding CXX object CMakeFiles/simple_controller.dir/src/simple_controller.cpp.o[0m
[2.648s] [ 50%] Built target ament_cmake_python_copy_bumperbot_controller
[3.254s] running egg_info
[3.255s] creating bumperbot_controller.egg-info
[3.255s] writing bumperbot_controller.egg-info/PKG-INFO
[3.255s] writing dependency_links to bumperbot_controller.egg-info/dependency_links.txt
[3.256s] writing top-level names to bumperbot_controller.egg-info/top_level.txt
[3.256s] writing manifest file 'bumperbot_controller.egg-info/SOURCES.txt'
[3.260s] reading manifest file 'bumperbot_controller.egg-info/SOURCES.txt'
[3.263s] writing manifest file 'bumperbot_controller.egg-info/SOURCES.txt'
[3.325s] [ 50%] Built target ament_cmake_python_build_bumperbot_controller_egg
[20.338s] [ 66%] [32m[1mLinking CXX executable noisy_controller[0m
[22.929s] [ 66%] Built target noisy_controller
[29.339s] [ 83%] [32m[1mLinking CXX executable twist_relay[0m
[31.690s] [ 83%] Built target twist_relay
[33.784s] [100%] [32m[1mLinking CXX executable simple_controller[0m
[36.031s] [100%] Built target simple_controller
[36.066s] Invoked command in '/home/behzad/ros2_ws/build/bumperbot_controller' returned '0': CMAKE_PREFIX_PATH=${CMAKE_PREFIX_PATH}:/home/behzad/ros2_ws/install/bumperbot_py_examples:/home/behzad/bumporbot_ws/install/bumporbot_py_examples:/opt/ros/humble /usr/bin/cmake --build /home/behzad/ros2_ws/build/bumperbot_controller -- -j12 -l12
[36.069s] Invoking command in '/home/behzad/ros2_ws/build/bumperbot_controller': CMAKE_PREFIX_PATH=${CMAKE_PREFIX_PATH}:/home/behzad/ros2_ws/install/bumperbot_py_examples:/home/behzad/bumporbot_ws/install/bumporbot_py_examples:/opt/ros/humble /usr/bin/cmake --install /home/behzad/ros2_ws/build/bumperbot_controller
[36.085s] -- Install configuration: ""
[36.086s] -- Installing: /home/behzad/ros2_ws/install/bumperbot_controller/share/bumperbot_controller/environment/pythonpath.sh
[36.087s] -- Installing: /home/behzad/ros2_ws/install/bumperbot_controller/share/bumperbot_controller/environment/pythonpath.dsv
[36.087s] -- Installing: /home/behzad/ros2_ws/install/bumperbot_controller/local/lib/python3.10/dist-packages/bumperbot_controller-0.0.0-py3.10.egg-info
[36.087s] -- Installing: /home/behzad/ros2_ws/install/bumperbot_controller/local/lib/python3.10/dist-packages/bumperbot_controller-0.0.0-py3.10.egg-info/dependency_links.txt
[36.087s] -- Installing: /home/behzad/ros2_ws/install/bumperbot_controller/local/lib/python3.10/dist-packages/bumperbot_controller-0.0.0-py3.10.egg-info/PKG-INFO
[36.088s] -- Installing: /home/behzad/ros2_ws/install/bumperbot_controller/local/lib/python3.10/dist-packages/bumperbot_controller-0.0.0-py3.10.egg-info/SOURCES.txt
[36.088s] -- Installing: /home/behzad/ros2_ws/install/bumperbot_controller/local/lib/python3.10/dist-packages/bumperbot_controller-0.0.0-py3.10.egg-info/top_level.txt
[36.088s] -- Installing: /home/behzad/ros2_ws/install/bumperbot_controller/local/lib/python3.10/dist-packages/bumperbot_controller
[36.088s] -- Installing: /home/behzad/ros2_ws/install/bumperbot_controller/local/lib/python3.10/dist-packages/bumperbot_controller/__init__.py
[36.088s] -- Installing: /home/behzad/ros2_ws/install/bumperbot_controller/local/lib/python3.10/dist-packages/bumperbot_controller/noisy_controller.py
[36.088s] -- Installing: /home/behzad/ros2_ws/install/bumperbot_controller/local/lib/python3.10/dist-packages/bumperbot_controller/twist_relay.py
[36.088s] -- Installing: /home/behzad/ros2_ws/install/bumperbot_controller/local/lib/python3.10/dist-packages/bumperbot_controller/simple_controller.py
[36.197s] Listing '/home/behzad/ros2_ws/install/bumperbot_controller/local/lib/python3.10/dist-packages/bumperbot_controller'...
[36.197s] Compiling '/home/behzad/ros2_ws/install/bumperbot_controller/local/lib/python3.10/dist-packages/bumperbot_controller/__init__.py'...
[36.197s] Compiling '/home/behzad/ros2_ws/install/bumperbot_controller/local/lib/python3.10/dist-packages/bumperbot_controller/noisy_controller.py'...
[36.197s] Compiling '/home/behzad/ros2_ws/install/bumperbot_controller/local/lib/python3.10/dist-packages/bumperbot_controller/simple_controller.py'...
[36.197s] Compiling '/home/behzad/ros2_ws/install/bumperbot_controller/local/lib/python3.10/dist-packages/bumperbot_controller/twist_relay.py'...
[36.216s] -- Installing: /home/behzad/ros2_ws/install/bumperbot_controller/include/include
[36.216s] -- Installing: /home/behzad/ros2_ws/install/bumperbot_controller/include/include/bumperbot_controller
[36.216s] -- Installing: /home/behzad/ros2_ws/install/bumperbot_controller/include/include/bumperbot_controller/simple_controller.hpp
[36.216s] -- Installing: /home/behzad/ros2_ws/install/bumperbot_controller/include/include/bumperbot_controller/noisy_controller.hpp
[36.216s] -- Installing: /home/behzad/ros2_ws/install/bumperbot_controller/lib/bumperbot_controller/simple_controller
[36.229s] -- Set runtime path of "/home/behzad/ros2_ws/install/bumperbot_controller/lib/bumperbot_controller/simple_controller" to ""
[36.231s] -- Installing: /home/behzad/ros2_ws/install/bumperbot_controller/lib/bumperbot_controller/noisy_controller
[36.238s] -- Set runtime path of "/home/behzad/ros2_ws/install/bumperbot_controller/lib/bumperbot_controller/noisy_controller" to ""
[36.239s] -- Installing: /home/behzad/ros2_ws/install/bumperbot_controller/lib/bumperbot_controller/twist_relay
[36.251s] -- Set runtime path of "/home/behzad/ros2_ws/install/bumperbot_controller/lib/bumperbot_controller/twist_relay" to ""
[36.251s] -- Installing: /home/behzad/ros2_ws/install/bumperbot_controller/share/bumperbot_controller/launch
[36.253s] -- Installing: /home/behzad/ros2_ws/install/bumperbot_controller/share/bumperbot_controller/launch/joystick_teleop.launch.py
[36.254s] -- Installing: /home/behzad/ros2_ws/install/bumperbot_controller/share/bumperbot_controller/launch/controller.launch.py
[36.256s] -- Installing: /home/behzad/ros2_ws/install/bumperbot_controller/share/bumperbot_controller/config
[36.257s] -- Installing: /home/behzad/ros2_ws/install/bumperbot_controller/share/bumperbot_controller/config/joy_config.yaml
[36.257s] -- Installing: /home/behzad/ros2_ws/install/bumperbot_controller/share/bumperbot_controller/config/twist_mux_locks.yaml
[36.259s] -- Installing: /home/behzad/ros2_ws/install/bumperbot_controller/share/bumperbot_controller/config/bumperbot_controllers.yaml
[36.260s] -- Installing: /home/behzad/ros2_ws/install/bumperbot_controller/share/bumperbot_controller/config/twist_mux_topics.yaml
[36.261s] -- Installing: /home/behzad/ros2_ws/install/bumperbot_controller/share/bumperbot_controller/config/twist_mux_joy.yaml
[36.261s] -- Installing: /home/behzad/ros2_ws/install/bumperbot_controller/share/bumperbot_controller/config/joy_teleop.yaml
[36.267s] -- Installing: /home/behzad/ros2_ws/install/bumperbot_controller/lib/bumperbot_controller/simple_controller.py
[36.267s] -- Installing: /home/behzad/ros2_ws/install/bumperbot_controller/lib/bumperbot_controller/noisy_controller.py
[36.267s] -- Installing: /home/behzad/ros2_ws/install/bumperbot_controller/lib/bumperbot_controller/twist_relay.py
[36.267s] -- Installing: /home/behzad/ros2_ws/install/bumperbot_controller/share/ament_index/resource_index/package_run_dependencies/bumperbot_controller
[36.267s] -- Installing: /home/behzad/ros2_ws/install/bumperbot_controller/share/ament_index/resource_index/parent_prefix_path/bumperbot_controller
[36.267s] -- Installing: /home/behzad/ros2_ws/install/bumperbot_controller/share/bumperbot_controller/environment/ament_prefix_path.sh
[36.267s] -- Installing: /home/behzad/ros2_ws/install/bumperbot_controller/share/bumperbot_controller/environment/ament_prefix_path.dsv
[36.268s] -- Installing: /home/behzad/ros2_ws/install/bumperbot_controller/share/bumperbot_controller/environment/path.sh
[36.268s] -- Installing: /home/behzad/ros2_ws/install/bumperbot_controller/share/bumperbot_controller/environment/path.dsv
[36.268s] -- Installing: /home/behzad/ros2_ws/install/bumperbot_controller/share/bumperbot_controller/local_setup.bash
[36.268s] -- Installing: /home/behzad/ros2_ws/install/bumperbot_controller/share/bumperbot_controller/local_setup.sh
[36.270s] -- Installing: /home/behzad/ros2_ws/install/bumperbot_controller/share/bumperbot_controller/local_setup.zsh
[36.270s] -- Installing: /home/behzad/ros2_ws/install/bumperbot_controller/share/bumperbot_controller/local_setup.dsv
[36.270s] -- Installing: /home/behzad/ros2_ws/install/bumperbot_controller/share/bumperbot_controller/package.dsv
[36.270s] -- Installing: /home/behzad/ros2_ws/install/bumperbot_controller/share/ament_index/resource_index/packages/bumperbot_controller
[36.271s] -- Installing: /home/behzad/ros2_ws/install/bumperbot_controller/share/bumperbot_controller/cmake/bumperbot_controllerConfig.cmake
[36.273s] -- Installing: /home/behzad/ros2_ws/install/bumperbot_controller/share/bumperbot_controller/cmake/bumperbot_controllerConfig-version.cmake
[36.273s] -- Installing: /home/behzad/ros2_ws/install/bumperbot_controller/share/bumperbot_controller/package.xml
[36.288s] Invoked command in '/home/behzad/ros2_ws/build/bumperbot_controller' returned '0': CMAKE_PREFIX_PATH=${CMAKE_PREFIX_PATH}:/home/behzad/ros2_ws/install/bumperbot_py_examples:/home/behzad/bumporbot_ws/install/bumporbot_py_examples:/opt/ros/humble /usr/bin/cmake --install /home/behzad/ros2_ws/build/bumperbot_controller
