[0.072s] Invoking command in '/home/behzad/ros2_ws/build/bumperbot_msgs': CMAKE_PREFIX_PATH=${CMAKE_PREFIX_PATH}:/home/behzad/ros2_ws/install/bumperbot_py_examples:/home/behzad/bumporbot_ws/install/bumporbot_py_examples:/opt/ros/humble /usr/bin/cmake --build /home/behzad/ros2_ws/build/bumperbot_msgs -- -j12 -l12
[0.219s] [  2%] Built target bumperbot_msgs__cpp
[0.219s] [  4%] Built target ament_cmake_python_copy_bumperbot_msgs
[0.220s] [ 12%] Built target bumperbot_msgs__rosidl_generator_c
[0.406s] [ 23%] Built target bumperbot_msgs__rosidl_typesupport_fastrtps_cpp
[0.406s] [ 34%] Built target bumperbot_msgs__rosidl_typesupport_cpp
[0.408s] [ 44%] Built target bumperbot_msgs__rosidl_typesupport_c
[0.408s] [ 55%] Built target bumperbot_msgs__rosidl_typesupport_introspection_c
[0.408s] [ 65%] Built target bumperbot_msgs__rosidl_typesupport_introspection_cpp
[0.408s] [ 76%] Built target bumperbot_msgs__rosidl_typesupport_fastrtps_c
[0.429s] [ 76%] Built target bumperbot_msgs
[0.478s] [ 78%] Built target bumperbot_msgs__py
[0.534s] [ 87%] Built target bumperbot_msgs__rosidl_generator_py
[0.582s] [ 91%] Built target bumperbot_msgs__rosidl_typesupport_c__pyext
[0.588s] [ 95%] Built target bumperbot_msgs__rosidl_typesupport_introspection_c__pyext
[0.596s] [100%] Built target bumperbot_msgs__rosidl_typesupport_fastrtps_c__pyext
[0.758s] running egg_info
[0.759s] writing bumperbot_msgs.egg-info/PKG-INFO
[0.759s] writing dependency_links to bumperbot_msgs.egg-info/dependency_links.txt
[0.759s] writing top-level names to bumperbot_msgs.egg-info/top_level.txt
[0.763s] reading manifest file 'bumperbot_msgs.egg-info/SOURCES.txt'
[0.766s] writing manifest file 'bumperbot_msgs.egg-info/SOURCES.txt'
[0.843s] [100%] Built target ament_cmake_python_build_bumperbot_msgs_egg
[0.877s] Invoked command in '/home/behzad/ros2_ws/build/bumperbot_msgs' returned '0': CMAKE_PREFIX_PATH=${CMAKE_PREFIX_PATH}:/home/behzad/ros2_ws/install/bumperbot_py_examples:/home/behzad/bumporbot_ws/install/bumporbot_py_examples:/opt/ros/humble /usr/bin/cmake --build /home/behzad/ros2_ws/build/bumperbot_msgs -- -j12 -l12
[0.879s] Invoking command in '/home/behzad/ros2_ws/build/bumperbot_msgs': CMAKE_PREFIX_PATH=${CMAKE_PREFIX_PATH}:/home/behzad/ros2_ws/install/bumperbot_py_examples:/home/behzad/bumporbot_ws/install/bumporbot_py_examples:/opt/ros/humble /usr/bin/cmake --install /home/behzad/ros2_ws/build/bumperbot_msgs
[0.893s] -- Install configuration: ""
[0.893s] -- Up-to-date: /home/behzad/ros2_ws/install/bumperbot_msgs/share/ament_index/resource_index/rosidl_interfaces/bumperbot_msgs
[0.894s] -- Up-to-date: /home/behzad/ros2_ws/install/bumperbot_msgs/include/bumperbot_msgs/bumperbot_msgs
[0.894s] -- Up-to-date: /home/behzad/ros2_ws/install/bumperbot_msgs/include/bumperbot_msgs/bumperbot_msgs/srv
[0.894s] -- Up-to-date: /home/behzad/ros2_ws/install/bumperbot_msgs/include/bumperbot_msgs/bumperbot_msgs/srv/add_two_ints.h
[0.894s] -- Up-to-date: /home/behzad/ros2_ws/install/bumperbot_msgs/include/bumperbot_msgs/bumperbot_msgs/srv/get_transform.h
[0.894s] -- Up-to-date: /home/behzad/ros2_ws/install/bumperbot_msgs/include/bumperbot_msgs/bumperbot_msgs/srv/detail
[0.894s] -- Up-to-date: /home/behzad/ros2_ws/install/bumperbot_msgs/include/bumperbot_msgs/bumperbot_msgs/srv/detail/add_two_ints__functions.h
[0.894s] -- Up-to-date: /home/behzad/ros2_ws/install/bumperbot_msgs/include/bumperbot_msgs/bumperbot_msgs/srv/detail/get_transform__struct.h
[0.894s] -- Up-to-date: /home/behzad/ros2_ws/install/bumperbot_msgs/include/bumperbot_msgs/bumperbot_msgs/srv/detail/get_transform__functions.h
[0.894s] -- Up-to-date: /home/behzad/ros2_ws/install/bumperbot_msgs/include/bumperbot_msgs/bumperbot_msgs/srv/detail/add_two_ints__type_support.h
[0.894s] -- Up-to-date: /home/behzad/ros2_ws/install/bumperbot_msgs/include/bumperbot_msgs/bumperbot_msgs/srv/detail/get_transform__functions.c
[0.895s] -- Up-to-date: /home/behzad/ros2_ws/install/bumperbot_msgs/include/bumperbot_msgs/bumperbot_msgs/srv/detail/add_two_ints__struct.h
[0.895s] -- Up-to-date: /home/behzad/ros2_ws/install/bumperbot_msgs/include/bumperbot_msgs/bumperbot_msgs/srv/detail/get_transform__type_support.h
[0.900s] -- Up-to-date: /home/behzad/ros2_ws/install/bumperbot_msgs/include/bumperbot_msgs/bumperbot_msgs/srv/detail/add_two_ints__functions.c
[0.901s] -- Up-to-date: /home/behzad/ros2_ws/install/bumperbot_msgs/include/bumperbot_msgs/bumperbot_msgs/msg
[0.902s] -- Up-to-date: /home/behzad/ros2_ws/install/bumperbot_msgs/include/bumperbot_msgs/bumperbot_msgs/msg/rosidl_generator_c__visibility_control.h
[0.902s] -- Up-to-date: /home/behzad/ros2_ws/install/bumperbot_msgs/include/bumperbot_msgs/bumperbot_msgs/action
[0.902s] -- Up-to-date: /home/behzad/ros2_ws/install/bumperbot_msgs/include/bumperbot_msgs/bumperbot_msgs/action/fibonacci.h
[0.902s] -- Up-to-date: /home/behzad/ros2_ws/install/bumperbot_msgs/include/bumperbot_msgs/bumperbot_msgs/action/detail
[0.902s] -- Up-to-date: /home/behzad/ros2_ws/install/bumperbot_msgs/include/bumperbot_msgs/bumperbot_msgs/action/detail/fibonacci__type_support.h
[0.903s] -- Up-to-date: /home/behzad/ros2_ws/install/bumperbot_msgs/include/bumperbot_msgs/bumperbot_msgs/action/detail/fibonacci__struct.h
[0.903s] -- Up-to-date: /home/behzad/ros2_ws/install/bumperbot_msgs/include/bumperbot_msgs/bumperbot_msgs/action/detail/fibonacci__functions.h
[0.903s] -- Up-to-date: /home/behzad/ros2_ws/install/bumperbot_msgs/include/bumperbot_msgs/bumperbot_msgs/action/detail/fibonacci__functions.c
[0.903s] -- Up-to-date: /home/behzad/ros2_ws/install/bumperbot_msgs/share/bumperbot_msgs/environment/library_path.sh
[0.903s] -- Up-to-date: /home/behzad/ros2_ws/install/bumperbot_msgs/share/bumperbot_msgs/environment/library_path.dsv
[0.904s] -- Up-to-date: /home/behzad/ros2_ws/install/bumperbot_msgs/lib/libbumperbot_msgs__rosidl_generator_c.so
[0.904s] -- Up-to-date: /home/behzad/ros2_ws/install/bumperbot_msgs/include/bumperbot_msgs/bumperbot_msgs
[0.905s] -- Up-to-date: /home/behzad/ros2_ws/install/bumperbot_msgs/include/bumperbot_msgs/bumperbot_msgs/srv
[0.905s] -- Up-to-date: /home/behzad/ros2_ws/install/bumperbot_msgs/include/bumperbot_msgs/bumperbot_msgs/srv/detail
[0.905s] -- Up-to-date: /home/behzad/ros2_ws/install/bumperbot_msgs/include/bumperbot_msgs/bumperbot_msgs/srv/detail/get_transform__rosidl_typesupport_fastrtps_c.h
[0.905s] -- Up-to-date: /home/behzad/ros2_ws/install/bumperbot_msgs/include/bumperbot_msgs/bumperbot_msgs/srv/detail/add_two_ints__rosidl_typesupport_fastrtps_c.h
[0.906s] -- Up-to-date: /home/behzad/ros2_ws/install/bumperbot_msgs/include/bumperbot_msgs/bumperbot_msgs/msg
[0.907s] -- Up-to-date: /home/behzad/ros2_ws/install/bumperbot_msgs/include/bumperbot_msgs/bumperbot_msgs/msg/rosidl_typesupport_fastrtps_c__visibility_control.h
[0.907s] -- Up-to-date: /home/behzad/ros2_ws/install/bumperbot_msgs/include/bumperbot_msgs/bumperbot_msgs/action
[0.907s] -- Up-to-date: /home/behzad/ros2_ws/install/bumperbot_msgs/include/bumperbot_msgs/bumperbot_msgs/action/detail
[0.908s] -- Up-to-date: /home/behzad/ros2_ws/install/bumperbot_msgs/include/bumperbot_msgs/bumperbot_msgs/action/detail/fibonacci__rosidl_typesupport_fastrtps_c.h
[0.908s] -- Up-to-date: /home/behzad/ros2_ws/install/bumperbot_msgs/lib/libbumperbot_msgs__rosidl_typesupport_fastrtps_c.so
[0.908s] -- Up-to-date: /home/behzad/ros2_ws/install/bumperbot_msgs/include/bumperbot_msgs/bumperbot_msgs
[0.908s] -- Up-to-date: /home/behzad/ros2_ws/install/bumperbot_msgs/include/bumperbot_msgs/bumperbot_msgs/srv
[0.908s] -- Up-to-date: /home/behzad/ros2_ws/install/bumperbot_msgs/include/bumperbot_msgs/bumperbot_msgs/srv/add_two_ints.hpp
[0.909s] -- Up-to-date: /home/behzad/ros2_ws/install/bumperbot_msgs/include/bumperbot_msgs/bumperbot_msgs/srv/get_transform.hpp
[0.911s] -- Up-to-date: /home/behzad/ros2_ws/install/bumperbot_msgs/include/bumperbot_msgs/bumperbot_msgs/srv/detail
[0.911s] -- Up-to-date: /home/behzad/ros2_ws/install/bumperbot_msgs/include/bumperbot_msgs/bumperbot_msgs/srv/detail/add_two_ints__builder.hpp
[0.911s] -- Up-to-date: /home/behzad/ros2_ws/install/bumperbot_msgs/include/bumperbot_msgs/bumperbot_msgs/srv/detail/add_two_ints__struct.hpp
[0.911s] -- Up-to-date: /home/behzad/ros2_ws/install/bumperbot_msgs/include/bumperbot_msgs/bumperbot_msgs/srv/detail/get_transform__type_support.hpp
[0.912s] -- Up-to-date: /home/behzad/ros2_ws/install/bumperbot_msgs/include/bumperbot_msgs/bumperbot_msgs/srv/detail/get_transform__traits.hpp
[0.912s] -- Up-to-date: /home/behzad/ros2_ws/install/bumperbot_msgs/include/bumperbot_msgs/bumperbot_msgs/srv/detail/add_two_ints__type_support.hpp
[0.912s] -- Up-to-date: /home/behzad/ros2_ws/install/bumperbot_msgs/include/bumperbot_msgs/bumperbot_msgs/srv/detail/get_transform__builder.hpp
[0.912s] -- Up-to-date: /home/behzad/ros2_ws/install/bumperbot_msgs/include/bumperbot_msgs/bumperbot_msgs/srv/detail/get_transform__struct.hpp
[0.913s] -- Up-to-date: /home/behzad/ros2_ws/install/bumperbot_msgs/include/bumperbot_msgs/bumperbot_msgs/srv/detail/add_two_ints__traits.hpp
[0.913s] -- Up-to-date: /home/behzad/ros2_ws/install/bumperbot_msgs/include/bumperbot_msgs/bumperbot_msgs/msg
[0.913s] -- Up-to-date: /home/behzad/ros2_ws/install/bumperbot_msgs/include/bumperbot_msgs/bumperbot_msgs/msg/rosidl_generator_cpp__visibility_control.hpp
[0.913s] -- Up-to-date: /home/behzad/ros2_ws/install/bumperbot_msgs/include/bumperbot_msgs/bumperbot_msgs/action
[0.913s] -- Up-to-date: /home/behzad/ros2_ws/install/bumperbot_msgs/include/bumperbot_msgs/bumperbot_msgs/action/fibonacci.hpp
[0.913s] -- Up-to-date: /home/behzad/ros2_ws/install/bumperbot_msgs/include/bumperbot_msgs/bumperbot_msgs/action/detail
[0.917s] -- Up-to-date: /home/behzad/ros2_ws/install/bumperbot_msgs/include/bumperbot_msgs/bumperbot_msgs/action/detail/fibonacci__type_support.hpp
[0.917s] -- Up-to-date: /home/behzad/ros2_ws/install/bumperbot_msgs/include/bumperbot_msgs/bumperbot_msgs/action/detail/fibonacci__traits.hpp
[0.917s] -- Up-to-date: /home/behzad/ros2_ws/install/bumperbot_msgs/include/bumperbot_msgs/bumperbot_msgs/action/detail/fibonacci__struct.hpp
[0.917s] -- Up-to-date: /home/behzad/ros2_ws/install/bumperbot_msgs/include/bumperbot_msgs/bumperbot_msgs/action/detail/fibonacci__builder.hpp
[0.917s] -- Up-to-date: /home/behzad/ros2_ws/install/bumperbot_msgs/include/bumperbot_msgs/bumperbot_msgs
[0.917s] -- Up-to-date: /home/behzad/ros2_ws/install/bumperbot_msgs/include/bumperbot_msgs/bumperbot_msgs/srv
[0.917s] -- Up-to-date: /home/behzad/ros2_ws/install/bumperbot_msgs/include/bumperbot_msgs/bumperbot_msgs/srv/detail
[0.917s] -- Up-to-date: /home/behzad/ros2_ws/install/bumperbot_msgs/include/bumperbot_msgs/bumperbot_msgs/srv/detail/dds_fastrtps
[0.918s] -- Up-to-date: /home/behzad/ros2_ws/install/bumperbot_msgs/include/bumperbot_msgs/bumperbot_msgs/srv/detail/get_transform__rosidl_typesupport_fastrtps_cpp.hpp
[0.919s] -- Up-to-date: /home/behzad/ros2_ws/install/bumperbot_msgs/include/bumperbot_msgs/bumperbot_msgs/srv/detail/add_two_ints__rosidl_typesupport_fastrtps_cpp.hpp
[0.919s] -- Up-to-date: /home/behzad/ros2_ws/install/bumperbot_msgs/include/bumperbot_msgs/bumperbot_msgs/msg
[0.919s] -- Up-to-date: /home/behzad/ros2_ws/install/bumperbot_msgs/include/bumperbot_msgs/bumperbot_msgs/msg/rosidl_typesupport_fastrtps_cpp__visibility_control.h
[0.919s] -- Up-to-date: /home/behzad/ros2_ws/install/bumperbot_msgs/include/bumperbot_msgs/bumperbot_msgs/action
[0.920s] -- Up-to-date: /home/behzad/ros2_ws/install/bumperbot_msgs/include/bumperbot_msgs/bumperbot_msgs/action/detail
[0.920s] -- Up-to-date: /home/behzad/ros2_ws/install/bumperbot_msgs/include/bumperbot_msgs/bumperbot_msgs/action/detail/dds_fastrtps
[0.920s] -- Up-to-date: /home/behzad/ros2_ws/install/bumperbot_msgs/include/bumperbot_msgs/bumperbot_msgs/action/detail/fibonacci__rosidl_typesupport_fastrtps_cpp.hpp
[0.920s] -- Up-to-date: /home/behzad/ros2_ws/install/bumperbot_msgs/lib/libbumperbot_msgs__rosidl_typesupport_fastrtps_cpp.so
[0.920s] -- Up-to-date: /home/behzad/ros2_ws/install/bumperbot_msgs/include/bumperbot_msgs/bumperbot_msgs
[0.921s] -- Up-to-date: /home/behzad/ros2_ws/install/bumperbot_msgs/include/bumperbot_msgs/bumperbot_msgs/srv
[0.921s] -- Up-to-date: /home/behzad/ros2_ws/install/bumperbot_msgs/include/bumperbot_msgs/bumperbot_msgs/srv/detail
[0.921s] -- Up-to-date: /home/behzad/ros2_ws/install/bumperbot_msgs/include/bumperbot_msgs/bumperbot_msgs/srv/detail/add_two_ints__type_support.c
[0.921s] -- Up-to-date: /home/behzad/ros2_ws/install/bumperbot_msgs/include/bumperbot_msgs/bumperbot_msgs/srv/detail/get_transform__rosidl_typesupport_introspection_c.h
[0.921s] -- Up-to-date: /home/behzad/ros2_ws/install/bumperbot_msgs/include/bumperbot_msgs/bumperbot_msgs/srv/detail/add_two_ints__rosidl_typesupport_introspection_c.h
[0.922s] -- Up-to-date: /home/behzad/ros2_ws/install/bumperbot_msgs/include/bumperbot_msgs/bumperbot_msgs/srv/detail/get_transform__type_support.c
[0.922s] -- Up-to-date: /home/behzad/ros2_ws/install/bumperbot_msgs/include/bumperbot_msgs/bumperbot_msgs/msg
[0.923s] -- Up-to-date: /home/behzad/ros2_ws/install/bumperbot_msgs/include/bumperbot_msgs/bumperbot_msgs/msg/rosidl_typesupport_introspection_c__visibility_control.h
[0.923s] -- Up-to-date: /home/behzad/ros2_ws/install/bumperbot_msgs/include/bumperbot_msgs/bumperbot_msgs/action
[0.923s] -- Up-to-date: /home/behzad/ros2_ws/install/bumperbot_msgs/include/bumperbot_msgs/bumperbot_msgs/action/detail
[0.923s] -- Up-to-date: /home/behzad/ros2_ws/install/bumperbot_msgs/include/bumperbot_msgs/bumperbot_msgs/action/detail/fibonacci__type_support.c
[0.923s] -- Up-to-date: /home/behzad/ros2_ws/install/bumperbot_msgs/include/bumperbot_msgs/bumperbot_msgs/action/detail/fibonacci__rosidl_typesupport_introspection_c.h
[0.923s] -- Up-to-date: /home/behzad/ros2_ws/install/bumperbot_msgs/lib/libbumperbot_msgs__rosidl_typesupport_introspection_c.so
[0.923s] -- Up-to-date: /home/behzad/ros2_ws/install/bumperbot_msgs/lib/libbumperbot_msgs__rosidl_typesupport_c.so
[0.924s] -- Up-to-date: /home/behzad/ros2_ws/install/bumperbot_msgs/include/bumperbot_msgs/bumperbot_msgs
[0.924s] -- Up-to-date: /home/behzad/ros2_ws/install/bumperbot_msgs/include/bumperbot_msgs/bumperbot_msgs/srv
[0.924s] -- Up-to-date: /home/behzad/ros2_ws/install/bumperbot_msgs/include/bumperbot_msgs/bumperbot_msgs/srv/detail
[0.925s] -- Up-to-date: /home/behzad/ros2_ws/install/bumperbot_msgs/include/bumperbot_msgs/bumperbot_msgs/srv/detail/add_two_ints__rosidl_typesupport_introspection_cpp.hpp
[0.925s] -- Up-to-date: /home/behzad/ros2_ws/install/bumperbot_msgs/include/bumperbot_msgs/bumperbot_msgs/srv/detail/get_transform__type_support.cpp
[0.925s] -- Up-to-date: /home/behzad/ros2_ws/install/bumperbot_msgs/include/bumperbot_msgs/bumperbot_msgs/srv/detail/add_two_ints__type_support.cpp
[0.925s] -- Up-to-date: /home/behzad/ros2_ws/install/bumperbot_msgs/include/bumperbot_msgs/bumperbot_msgs/srv/detail/get_transform__rosidl_typesupport_introspection_cpp.hpp
[0.925s] -- Up-to-date: /home/behzad/ros2_ws/install/bumperbot_msgs/include/bumperbot_msgs/bumperbot_msgs/action
[0.926s] -- Up-to-date: /home/behzad/ros2_ws/install/bumperbot_msgs/include/bumperbot_msgs/bumperbot_msgs/action/detail
[0.926s] -- Up-to-date: /home/behzad/ros2_ws/install/bumperbot_msgs/include/bumperbot_msgs/bumperbot_msgs/action/detail/fibonacci__type_support.cpp
[0.926s] -- Up-to-date: /home/behzad/ros2_ws/install/bumperbot_msgs/include/bumperbot_msgs/bumperbot_msgs/action/detail/fibonacci__rosidl_typesupport_introspection_cpp.hpp
[0.926s] -- Up-to-date: /home/behzad/ros2_ws/install/bumperbot_msgs/lib/libbumperbot_msgs__rosidl_typesupport_introspection_cpp.so
[0.926s] -- Up-to-date: /home/behzad/ros2_ws/install/bumperbot_msgs/lib/libbumperbot_msgs__rosidl_typesupport_cpp.so
[0.927s] -- Up-to-date: /home/behzad/ros2_ws/install/bumperbot_msgs/share/bumperbot_msgs/environment/pythonpath.sh
[0.927s] -- Up-to-date: /home/behzad/ros2_ws/install/bumperbot_msgs/share/bumperbot_msgs/environment/pythonpath.dsv
[0.927s] -- Up-to-date: /home/behzad/ros2_ws/install/bumperbot_msgs/local/lib/python3.10/dist-packages/bumperbot_msgs-0.0.0-py3.10.egg-info
[0.927s] -- Installing: /home/behzad/ros2_ws/install/bumperbot_msgs/local/lib/python3.10/dist-packages/bumperbot_msgs-0.0.0-py3.10.egg-info/dependency_links.txt
[0.927s] -- Installing: /home/behzad/ros2_ws/install/bumperbot_msgs/local/lib/python3.10/dist-packages/bumperbot_msgs-0.0.0-py3.10.egg-info/PKG-INFO
[0.927s] -- Installing: /home/behzad/ros2_ws/install/bumperbot_msgs/local/lib/python3.10/dist-packages/bumperbot_msgs-0.0.0-py3.10.egg-info/SOURCES.txt
[0.927s] -- Installing: /home/behzad/ros2_ws/install/bumperbot_msgs/local/lib/python3.10/dist-packages/bumperbot_msgs-0.0.0-py3.10.egg-info/top_level.txt
[0.927s] -- Up-to-date: /home/behzad/ros2_ws/install/bumperbot_msgs/local/lib/python3.10/dist-packages/bumperbot_msgs
[0.928s] -- Up-to-date: /home/behzad/ros2_ws/install/bumperbot_msgs/local/lib/python3.10/dist-packages/bumperbot_msgs/__init__.py
[0.928s] -- Up-to-date: /home/behzad/ros2_ws/install/bumperbot_msgs/local/lib/python3.10/dist-packages/bumperbot_msgs/_bumperbot_msgs_s.ep.rosidl_typesupport_introspection_c.c
[0.928s] -- Up-to-date: /home/behzad/ros2_ws/install/bumperbot_msgs/local/lib/python3.10/dist-packages/bumperbot_msgs/srv
[0.928s] -- Up-to-date: /home/behzad/ros2_ws/install/bumperbot_msgs/local/lib/python3.10/dist-packages/bumperbot_msgs/srv/__init__.py
[0.929s] -- Up-to-date: /home/behzad/ros2_ws/install/bumperbot_msgs/local/lib/python3.10/dist-packages/bumperbot_msgs/srv/_add_two_ints_s.c
[0.929s] -- Up-to-date: /home/behzad/ros2_ws/install/bumperbot_msgs/local/lib/python3.10/dist-packages/bumperbot_msgs/srv/_add_two_ints.py
[0.929s] -- Up-to-date: /home/behzad/ros2_ws/install/bumperbot_msgs/local/lib/python3.10/dist-packages/bumperbot_msgs/srv/_get_transform.py
[0.929s] -- Up-to-date: /home/behzad/ros2_ws/install/bumperbot_msgs/local/lib/python3.10/dist-packages/bumperbot_msgs/srv/_get_transform_s.c
[0.929s] -- Up-to-date: /home/behzad/ros2_ws/install/bumperbot_msgs/local/lib/python3.10/dist-packages/bumperbot_msgs/_bumperbot_msgs_s.ep.rosidl_typesupport_c.c
[0.929s] -- Up-to-date: /home/behzad/ros2_ws/install/bumperbot_msgs/local/lib/python3.10/dist-packages/bumperbot_msgs/bumperbot_msgs_s__rosidl_typesupport_introspection_c.cpython-310-x86_64-linux-gnu.so
[0.929s] -- Up-to-date: /home/behzad/ros2_ws/install/bumperbot_msgs/local/lib/python3.10/dist-packages/bumperbot_msgs/action
[0.932s] -- Up-to-date: /home/behzad/ros2_ws/install/bumperbot_msgs/local/lib/python3.10/dist-packages/bumperbot_msgs/action/__init__.py
[0.932s] -- Up-to-date: /home/behzad/ros2_ws/install/bumperbot_msgs/local/lib/python3.10/dist-packages/bumperbot_msgs/action/_fibonacci_s.c
[0.932s] -- Up-to-date: /home/behzad/ros2_ws/install/bumperbot_msgs/local/lib/python3.10/dist-packages/bumperbot_msgs/action/_fibonacci.py
[0.932s] -- Up-to-date: /home/behzad/ros2_ws/install/bumperbot_msgs/local/lib/python3.10/dist-packages/bumperbot_msgs/bumperbot_msgs_s__rosidl_typesupport_fastrtps_c.cpython-310-x86_64-linux-gnu.so
[0.932s] -- Up-to-date: /home/behzad/ros2_ws/install/bumperbot_msgs/local/lib/python3.10/dist-packages/bumperbot_msgs/_bumperbot_msgs_s.ep.rosidl_typesupport_fastrtps_c.c
[0.932s] -- Up-to-date: /home/behzad/ros2_ws/install/bumperbot_msgs/local/lib/python3.10/dist-packages/bumperbot_msgs/bumperbot_msgs_s__rosidl_typesupport_c.cpython-310-x86_64-linux-gnu.so
[0.932s] -- Up-to-date: /home/behzad/ros2_ws/install/bumperbot_msgs/local/lib/python3.10/dist-packages/bumperbot_msgs/libbumperbot_msgs__rosidl_generator_py.so
[0.968s] Listing '/home/behzad/ros2_ws/install/bumperbot_msgs/local/lib/python3.10/dist-packages/bumperbot_msgs'...
[0.969s] Listing '/home/behzad/ros2_ws/install/bumperbot_msgs/local/lib/python3.10/dist-packages/bumperbot_msgs/action'...
[0.969s] Listing '/home/behzad/ros2_ws/install/bumperbot_msgs/local/lib/python3.10/dist-packages/bumperbot_msgs/srv'...
[0.976s] -- Up-to-date: /home/behzad/ros2_ws/install/bumperbot_msgs/local/lib/python3.10/dist-packages/bumperbot_msgs/bumperbot_msgs_s__rosidl_typesupport_fastrtps_c.cpython-310-x86_64-linux-gnu.so
[0.976s] -- Up-to-date: /home/behzad/ros2_ws/install/bumperbot_msgs/local/lib/python3.10/dist-packages/bumperbot_msgs/bumperbot_msgs_s__rosidl_typesupport_introspection_c.cpython-310-x86_64-linux-gnu.so
[0.976s] -- Up-to-date: /home/behzad/ros2_ws/install/bumperbot_msgs/local/lib/python3.10/dist-packages/bumperbot_msgs/bumperbot_msgs_s__rosidl_typesupport_c.cpython-310-x86_64-linux-gnu.so
[0.977s] -- Up-to-date: /home/behzad/ros2_ws/install/bumperbot_msgs/lib/libbumperbot_msgs__rosidl_generator_py.so
[0.978s] -- Up-to-date: /home/behzad/ros2_ws/install/bumperbot_msgs/share/bumperbot_msgs/action/Fibonacci.idl
[0.978s] -- Up-to-date: /home/behzad/ros2_ws/install/bumperbot_msgs/share/bumperbot_msgs/srv/AddTwoInts.idl
[0.978s] -- Up-to-date: /home/behzad/ros2_ws/install/bumperbot_msgs/share/bumperbot_msgs/srv/GetTransform.idl
[0.978s] -- Up-to-date: /home/behzad/ros2_ws/install/bumperbot_msgs/share/bumperbot_msgs/action/Fibonacci.action
[0.978s] -- Up-to-date: /home/behzad/ros2_ws/install/bumperbot_msgs/share/bumperbot_msgs/srv/AddTwoInts.srv
[0.979s] -- Up-to-date: /home/behzad/ros2_ws/install/bumperbot_msgs/share/bumperbot_msgs/srv/AddTwoInts_Request.msg
[0.979s] -- Up-to-date: /home/behzad/ros2_ws/install/bumperbot_msgs/share/bumperbot_msgs/srv/AddTwoInts_Response.msg
[0.979s] -- Up-to-date: /home/behzad/ros2_ws/install/bumperbot_msgs/share/bumperbot_msgs/srv/GetTransform.srv
[0.979s] -- Up-to-date: /home/behzad/ros2_ws/install/bumperbot_msgs/share/bumperbot_msgs/srv/GetTransform_Request.msg
[0.979s] -- Up-to-date: /home/behzad/ros2_ws/install/bumperbot_msgs/share/bumperbot_msgs/srv/GetTransform_Response.msg
[0.979s] -- Up-to-date: /home/behzad/ros2_ws/install/bumperbot_msgs/share/ament_index/resource_index/package_run_dependencies/bumperbot_msgs
[0.979s] -- Up-to-date: /home/behzad/ros2_ws/install/bumperbot_msgs/share/ament_index/resource_index/parent_prefix_path/bumperbot_msgs
[0.979s] -- Up-to-date: /home/behzad/ros2_ws/install/bumperbot_msgs/share/bumperbot_msgs/environment/ament_prefix_path.sh
[0.980s] -- Up-to-date: /home/behzad/ros2_ws/install/bumperbot_msgs/share/bumperbot_msgs/environment/ament_prefix_path.dsv
[0.980s] -- Up-to-date: /home/behzad/ros2_ws/install/bumperbot_msgs/share/bumperbot_msgs/environment/path.sh
[0.980s] -- Up-to-date: /home/behzad/ros2_ws/install/bumperbot_msgs/share/bumperbot_msgs/environment/path.dsv
[0.980s] -- Up-to-date: /home/behzad/ros2_ws/install/bumperbot_msgs/share/bumperbot_msgs/local_setup.bash
[0.980s] -- Up-to-date: /home/behzad/ros2_ws/install/bumperbot_msgs/share/bumperbot_msgs/local_setup.sh
[0.980s] -- Up-to-date: /home/behzad/ros2_ws/install/bumperbot_msgs/share/bumperbot_msgs/local_setup.zsh
[0.980s] -- Up-to-date: /home/behzad/ros2_ws/install/bumperbot_msgs/share/bumperbot_msgs/local_setup.dsv
[0.980s] -- Installing: /home/behzad/ros2_ws/install/bumperbot_msgs/share/bumperbot_msgs/package.dsv
[0.981s] -- Up-to-date: /home/behzad/ros2_ws/install/bumperbot_msgs/share/ament_index/resource_index/packages/bumperbot_msgs
[0.981s] -- Up-to-date: /home/behzad/ros2_ws/install/bumperbot_msgs/share/bumperbot_msgs/cmake/export_bumperbot_msgs__rosidl_generator_cExport.cmake
[0.981s] -- Up-to-date: /home/behzad/ros2_ws/install/bumperbot_msgs/share/bumperbot_msgs/cmake/export_bumperbot_msgs__rosidl_generator_cExport-noconfig.cmake
[0.981s] -- Up-to-date: /home/behzad/ros2_ws/install/bumperbot_msgs/share/bumperbot_msgs/cmake/export_bumperbot_msgs__rosidl_typesupport_fastrtps_cExport.cmake
[0.981s] -- Up-to-date: /home/behzad/ros2_ws/install/bumperbot_msgs/share/bumperbot_msgs/cmake/export_bumperbot_msgs__rosidl_typesupport_fastrtps_cExport-noconfig.cmake
[0.983s] -- Up-to-date: /home/behzad/ros2_ws/install/bumperbot_msgs/share/bumperbot_msgs/cmake/export_bumperbot_msgs__rosidl_generator_cppExport.cmake
[0.983s] -- Up-to-date: /home/behzad/ros2_ws/install/bumperbot_msgs/share/bumperbot_msgs/cmake/export_bumperbot_msgs__rosidl_typesupport_fastrtps_cppExport.cmake
[0.983s] -- Up-to-date: /home/behzad/ros2_ws/install/bumperbot_msgs/share/bumperbot_msgs/cmake/export_bumperbot_msgs__rosidl_typesupport_fastrtps_cppExport-noconfig.cmake
[0.983s] -- Up-to-date: /home/behzad/ros2_ws/install/bumperbot_msgs/share/bumperbot_msgs/cmake/bumperbot_msgs__rosidl_typesupport_introspection_cExport.cmake
[0.983s] -- Up-to-date: /home/behzad/ros2_ws/install/bumperbot_msgs/share/bumperbot_msgs/cmake/bumperbot_msgs__rosidl_typesupport_introspection_cExport-noconfig.cmake
[0.984s] -- Up-to-date: /home/behzad/ros2_ws/install/bumperbot_msgs/share/bumperbot_msgs/cmake/bumperbot_msgs__rosidl_typesupport_cExport.cmake
[0.984s] -- Up-to-date: /home/behzad/ros2_ws/install/bumperbot_msgs/share/bumperbot_msgs/cmake/bumperbot_msgs__rosidl_typesupport_cExport-noconfig.cmake
[0.984s] -- Up-to-date: /home/behzad/ros2_ws/install/bumperbot_msgs/share/bumperbot_msgs/cmake/bumperbot_msgs__rosidl_typesupport_introspection_cppExport.cmake
[0.984s] -- Up-to-date: /home/behzad/ros2_ws/install/bumperbot_msgs/share/bumperbot_msgs/cmake/bumperbot_msgs__rosidl_typesupport_introspection_cppExport-noconfig.cmake
[0.984s] -- Up-to-date: /home/behzad/ros2_ws/install/bumperbot_msgs/share/bumperbot_msgs/cmake/bumperbot_msgs__rosidl_typesupport_cppExport.cmake
[0.984s] -- Up-to-date: /home/behzad/ros2_ws/install/bumperbot_msgs/share/bumperbot_msgs/cmake/bumperbot_msgs__rosidl_typesupport_cppExport-noconfig.cmake
[0.984s] -- Up-to-date: /home/behzad/ros2_ws/install/bumperbot_msgs/share/bumperbot_msgs/cmake/export_bumperbot_msgs__rosidl_generator_pyExport.cmake
[0.984s] -- Up-to-date: /home/behzad/ros2_ws/install/bumperbot_msgs/share/bumperbot_msgs/cmake/export_bumperbot_msgs__rosidl_generator_pyExport-noconfig.cmake
[0.985s] -- Up-to-date: /home/behzad/ros2_ws/install/bumperbot_msgs/share/bumperbot_msgs/cmake/rosidl_cmake-extras.cmake
[0.985s] -- Up-to-date: /home/behzad/ros2_ws/install/bumperbot_msgs/share/bumperbot_msgs/cmake/ament_cmake_export_dependencies-extras.cmake
[0.985s] -- Up-to-date: /home/behzad/ros2_ws/install/bumperbot_msgs/share/bumperbot_msgs/cmake/ament_cmake_export_include_directories-extras.cmake
[0.985s] -- Up-to-date: /home/behzad/ros2_ws/install/bumperbot_msgs/share/bumperbot_msgs/cmake/ament_cmake_export_libraries-extras.cmake
[0.985s] -- Up-to-date: /home/behzad/ros2_ws/install/bumperbot_msgs/share/bumperbot_msgs/cmake/ament_cmake_export_targets-extras.cmake
[0.985s] -- Up-to-date: /home/behzad/ros2_ws/install/bumperbot_msgs/share/bumperbot_msgs/cmake/rosidl_cmake_export_typesupport_targets-extras.cmake
[0.985s] -- Up-to-date: /home/behzad/ros2_ws/install/bumperbot_msgs/share/bumperbot_msgs/cmake/rosidl_cmake_export_typesupport_libraries-extras.cmake
[0.985s] -- Up-to-date: /home/behzad/ros2_ws/install/bumperbot_msgs/share/bumperbot_msgs/cmake/bumperbot_msgsConfig.cmake
[0.986s] -- Up-to-date: /home/behzad/ros2_ws/install/bumperbot_msgs/share/bumperbot_msgs/cmake/bumperbot_msgsConfig-version.cmake
[0.986s] -- Up-to-date: /home/behzad/ros2_ws/install/bumperbot_msgs/share/bumperbot_msgs/package.xml
[0.987s] Invoked command in '/home/behzad/ros2_ws/build/bumperbot_msgs' returned '0': CMAKE_PREFIX_PATH=${CMAKE_PREFIX_PATH}:/home/behzad/ros2_ws/install/bumperbot_py_examples:/home/behzad/bumporbot_ws/install/bumporbot_py_examples:/opt/ros/humble /usr/bin/cmake --install /home/behzad/ros2_ws/build/bumperbot_msgs
