[0.052s] Invoking command in '/home/behzad/ros2_ws/build/bumperbot_controller': CMAKE_PREFIX_PATH=${CMAKE_PREFIX_PATH}:/home/behzad/ros2_ws/install/bumperbot_py_examples:/home/behzad/bumporbot_ws/install/bumporbot_py_examples:/opt/ros/humble /usr/bin/cmake --build /home/behzad/ros2_ws/build/bumperbot_controller -- -j12 -l12
[0.269s] [ 33%] Built target simple_controller
[0.316s] [ 66%] Built target noisy_controller
[0.330s] [100%] Built target twist_relay
[0.334s] [100%] Built target ament_cmake_python_copy_bumperbot_controller
[0.618s] running egg_info
[0.618s] writing bumperbot_controller.egg-info/PKG-INFO
[0.619s] writing dependency_links to bumperbot_controller.egg-info/dependency_links.txt
[0.619s] writing top-level names to bumperbot_controller.egg-info/top_level.txt
[0.622s] reading manifest file 'bumperbot_controller.egg-info/SOURCES.txt'
[0.622s] writing manifest file 'bumperbot_controller.egg-info/SOURCES.txt'
[0.674s] [100%] Built target ament_cmake_python_build_bumperbot_controller_egg
[0.690s] Invoked command in '/home/behzad/ros2_ws/build/bumperbot_controller' returned '0': CMAKE_PREFIX_PATH=${CMAKE_PREFIX_PATH}:/home/behzad/ros2_ws/install/bumperbot_py_examples:/home/behzad/bumporbot_ws/install/bumporbot_py_examples:/opt/ros/humble /usr/bin/cmake --build /home/behzad/ros2_ws/build/bumperbot_controller -- -j12 -l12
[0.694s] Invoking command in '/home/behzad/ros2_ws/build/bumperbot_controller': CMAKE_PREFIX_PATH=${CMAKE_PREFIX_PATH}:/home/behzad/ros2_ws/install/bumperbot_py_examples:/home/behzad/bumporbot_ws/install/bumporbot_py_examples:/opt/ros/humble /usr/bin/cmake --install /home/behzad/ros2_ws/build/bumperbot_controller
[0.705s] -- Install configuration: ""
[0.706s] -- Up-to-date: /home/behzad/ros2_ws/install/bumperbot_controller/share/bumperbot_controller/environment/pythonpath.sh
[0.706s] -- Up-to-date: /home/behzad/ros2_ws/install/bumperbot_controller/share/bumperbot_controller/environment/pythonpath.dsv
[0.706s] -- Up-to-date: /home/behzad/ros2_ws/install/bumperbot_controller/local/lib/python3.10/dist-packages/bumperbot_controller-0.0.0-py3.10.egg-info
[0.706s] -- Installing: /home/behzad/ros2_ws/install/bumperbot_controller/local/lib/python3.10/dist-packages/bumperbot_controller-0.0.0-py3.10.egg-info/dependency_links.txt
[0.706s] -- Installing: /home/behzad/ros2_ws/install/bumperbot_controller/local/lib/python3.10/dist-packages/bumperbot_controller-0.0.0-py3.10.egg-info/PKG-INFO
[0.706s] -- Installing: /home/behzad/ros2_ws/install/bumperbot_controller/local/lib/python3.10/dist-packages/bumperbot_controller-0.0.0-py3.10.egg-info/SOURCES.txt
[0.707s] -- Installing: /home/behzad/ros2_ws/install/bumperbot_controller/local/lib/python3.10/dist-packages/bumperbot_controller-0.0.0-py3.10.egg-info/top_level.txt
[0.707s] -- Up-to-date: /home/behzad/ros2_ws/install/bumperbot_controller/local/lib/python3.10/dist-packages/bumperbot_controller
[0.707s] -- Up-to-date: /home/behzad/ros2_ws/install/bumperbot_controller/local/lib/python3.10/dist-packages/bumperbot_controller/__init__.py
[0.707s] -- Up-to-date: /home/behzad/ros2_ws/install/bumperbot_controller/local/lib/python3.10/dist-packages/bumperbot_controller/noisy_controller.py
[0.707s] -- Up-to-date: /home/behzad/ros2_ws/install/bumperbot_controller/local/lib/python3.10/dist-packages/bumperbot_controller/twist_relay.py
[0.707s] -- Up-to-date: /home/behzad/ros2_ws/install/bumperbot_controller/local/lib/python3.10/dist-packages/bumperbot_controller/simple_controller.py
[0.760s] Listing '/home/behzad/ros2_ws/install/bumperbot_controller/local/lib/python3.10/dist-packages/bumperbot_controller'...
[0.766s] -- Up-to-date: /home/behzad/ros2_ws/install/bumperbot_controller/include/include
[0.766s] -- Up-to-date: /home/behzad/ros2_ws/install/bumperbot_controller/include/include/bumperbot_controller
[0.766s] -- Up-to-date: /home/behzad/ros2_ws/install/bumperbot_controller/include/include/bumperbot_controller/simple_controller.hpp
[0.766s] -- Up-to-date: /home/behzad/ros2_ws/install/bumperbot_controller/include/include/bumperbot_controller/noisy_controller.hpp
[0.767s] -- Up-to-date: /home/behzad/ros2_ws/install/bumperbot_controller/lib/bumperbot_controller/simple_controller
[0.767s] -- Up-to-date: /home/behzad/ros2_ws/install/bumperbot_controller/lib/bumperbot_controller/noisy_controller
[0.769s] -- Up-to-date: /home/behzad/ros2_ws/install/bumperbot_controller/lib/bumperbot_controller/twist_relay
[0.770s] -- Up-to-date: /home/behzad/ros2_ws/install/bumperbot_controller/share/bumperbot_controller/launch
[0.770s] -- Up-to-date: /home/behzad/ros2_ws/install/bumperbot_controller/share/bumperbot_controller/launch/joystick_teleop.launch.py
[0.770s] -- Up-to-date: /home/behzad/ros2_ws/install/bumperbot_controller/share/bumperbot_controller/launch/controller.launch.py
[0.770s] -- Up-to-date: /home/behzad/ros2_ws/install/bumperbot_controller/share/bumperbot_controller/config
[0.770s] -- Up-to-date: /home/behzad/ros2_ws/install/bumperbot_controller/share/bumperbot_controller/config/joy_config.yaml
[0.770s] -- Up-to-date: /home/behzad/ros2_ws/install/bumperbot_controller/share/bumperbot_controller/config/twist_mux_locks.yaml
[0.770s] -- Up-to-date: /home/behzad/ros2_ws/install/bumperbot_controller/share/bumperbot_controller/config/bumperbot_controllers.yaml
[0.770s] -- Up-to-date: /home/behzad/ros2_ws/install/bumperbot_controller/share/bumperbot_controller/config/twist_mux_topics.yaml
[0.770s] -- Up-to-date: /home/behzad/ros2_ws/install/bumperbot_controller/share/bumperbot_controller/config/twist_mux_joy.yaml
[0.770s] -- Up-to-date: /home/behzad/ros2_ws/install/bumperbot_controller/share/bumperbot_controller/config/joy_teleop.yaml
[0.771s] -- Up-to-date: /home/behzad/ros2_ws/install/bumperbot_controller/lib/bumperbot_controller/simple_controller.py
[0.771s] -- Up-to-date: /home/behzad/ros2_ws/install/bumperbot_controller/lib/bumperbot_controller/noisy_controller.py
[0.771s] -- Up-to-date: /home/behzad/ros2_ws/install/bumperbot_controller/lib/bumperbot_controller/twist_relay.py
[0.771s] -- Up-to-date: /home/behzad/ros2_ws/install/bumperbot_controller/share/ament_index/resource_index/package_run_dependencies/bumperbot_controller
[0.771s] -- Up-to-date: /home/behzad/ros2_ws/install/bumperbot_controller/share/ament_index/resource_index/parent_prefix_path/bumperbot_controller
[0.771s] -- Up-to-date: /home/behzad/ros2_ws/install/bumperbot_controller/share/bumperbot_controller/environment/ament_prefix_path.sh
[0.771s] -- Up-to-date: /home/behzad/ros2_ws/install/bumperbot_controller/share/bumperbot_controller/environment/ament_prefix_path.dsv
[0.771s] -- Up-to-date: /home/behzad/ros2_ws/install/bumperbot_controller/share/bumperbot_controller/environment/path.sh
[0.771s] -- Up-to-date: /home/behzad/ros2_ws/install/bumperbot_controller/share/bumperbot_controller/environment/path.dsv
[0.771s] -- Up-to-date: /home/behzad/ros2_ws/install/bumperbot_controller/share/bumperbot_controller/local_setup.bash
[0.771s] -- Up-to-date: /home/behzad/ros2_ws/install/bumperbot_controller/share/bumperbot_controller/local_setup.sh
[0.772s] -- Up-to-date: /home/behzad/ros2_ws/install/bumperbot_controller/share/bumperbot_controller/local_setup.zsh
[0.772s] -- Up-to-date: /home/behzad/ros2_ws/install/bumperbot_controller/share/bumperbot_controller/local_setup.dsv
[0.772s] -- Installing: /home/behzad/ros2_ws/install/bumperbot_controller/share/bumperbot_controller/package.dsv
[0.772s] -- Up-to-date: /home/behzad/ros2_ws/install/bumperbot_controller/share/ament_index/resource_index/packages/bumperbot_controller
[0.772s] -- Up-to-date: /home/behzad/ros2_ws/install/bumperbot_controller/share/bumperbot_controller/cmake/bumperbot_controllerConfig.cmake
[0.772s] -- Up-to-date: /home/behzad/ros2_ws/install/bumperbot_controller/share/bumperbot_controller/cmake/bumperbot_controllerConfig-version.cmake
[0.772s] -- Up-to-date: /home/behzad/ros2_ws/install/bumperbot_controller/share/bumperbot_controller/package.xml
[0.783s] Invoked command in '/home/behzad/ros2_ws/build/bumperbot_controller' returned '0': CMAKE_PREFIX_PATH=${CMAKE_PREFIX_PATH}:/home/behzad/ros2_ws/install/bumperbot_py_examples:/home/behzad/bumporbot_ws/install/bumporbot_py_examples:/opt/ros/humble /usr/bin/cmake --install /home/behzad/ros2_ws/build/bumperbot_controller
