[0.062s] Invoking command in '/home/behzad/ros2_ws/build/bumperbot_msgs': CMAKE_PREFIX_PATH=${CMAKE_PREFIX_PATH}:/home/behzad/ros2_ws/install/bumperbot_py_examples:/home/behzad/bumporbot_ws/install/bumporbot_py_examples:/opt/ros/humble /usr/bin/cmake --build /home/behzad/ros2_ws/build/bumperbot_msgs -- -j12 -l12
[0.172s] [  2%] Built target bumperbot_msgs__cpp
[0.172s] [ 12%] Built target bumperbot_msgs__rosidl_generator_c
[0.223s] [ 12%] Built target ament_cmake_python_copy_bumperbot_msgs
[0.287s] [ 23%] Built target bumperbot_msgs__rosidl_typesupport_c
[0.293s] [ 34%] Built target bumperbot_msgs__rosidl_typesupport_fastrtps_cpp
[0.297s] [ 44%] Built target bumperbot_msgs__rosidl_typesupport_fastrtps_c
[0.298s] [ 55%] Built target bumperbot_msgs__rosidl_typesupport_introspection_c
[0.325s] [ 65%] Built target bumperbot_msgs__rosidl_typesupport_cpp
[0.326s] [ 76%] Built target bumperbot_msgs__rosidl_typesupport_introspection_cpp
[0.327s] [ 76%] Built target bumperbot_msgs
[0.332s] [ 78%] Built target bumperbot_msgs__py
[0.371s] [ 87%] Built target bumperbot_msgs__rosidl_generator_py
[0.414s] [ 91%] Built target bumperbot_msgs__rosidl_typesupport_introspection_c__pyext
[0.414s] [ 95%] Built target bumperbot_msgs__rosidl_typesupport_c__pyext
[0.415s] [100%] Built target bumperbot_msgs__rosidl_typesupport_fastrtps_c__pyext
[0.690s] running egg_info
[0.692s] writing bumperbot_msgs.egg-info/PKG-INFO
[0.693s] writing dependency_links to bumperbot_msgs.egg-info/dependency_links.txt
[0.693s] writing top-level names to bumperbot_msgs.egg-info/top_level.txt
[0.697s] reading manifest file 'bumperbot_msgs.egg-info/SOURCES.txt'
[0.700s] writing manifest file 'bumperbot_msgs.egg-info/SOURCES.txt'
[0.767s] [100%] Built target ament_cmake_python_build_bumperbot_msgs_egg
[0.812s] Invoked command in '/home/behzad/ros2_ws/build/bumperbot_msgs' returned '0': CMAKE_PREFIX_PATH=${CMAKE_PREFIX_PATH}:/home/behzad/ros2_ws/install/bumperbot_py_examples:/home/behzad/bumporbot_ws/install/bumporbot_py_examples:/opt/ros/humble /usr/bin/cmake --build /home/behzad/ros2_ws/build/bumperbot_msgs -- -j12 -l12
[0.813s] Invoking command in '/home/behzad/ros2_ws/build/bumperbot_msgs': CMAKE_PREFIX_PATH=${CMAKE_PREFIX_PATH}:/home/behzad/ros2_ws/install/bumperbot_py_examples:/home/behzad/bumporbot_ws/install/bumporbot_py_examples:/opt/ros/humble /usr/bin/cmake --install /home/behzad/ros2_ws/build/bumperbot_msgs
[0.828s] -- Install configuration: ""
[0.829s] -- Up-to-date: /home/behzad/ros2_ws/install/bumperbot_msgs/share/ament_index/resource_index/rosidl_interfaces/bumperbot_msgs
[0.829s] -- Up-to-date: /home/behzad/ros2_ws/install/bumperbot_msgs/include/bumperbot_msgs/bumperbot_msgs
[0.829s] -- Up-to-date: /home/behzad/ros2_ws/install/bumperbot_msgs/include/bumperbot_msgs/bumperbot_msgs/srv
[0.829s] -- Up-to-date: /home/behzad/ros2_ws/install/bumperbot_msgs/include/bumperbot_msgs/bumperbot_msgs/srv/add_two_ints.h
[0.829s] -- Up-to-date: /home/behzad/ros2_ws/install/bumperbot_msgs/include/bumperbot_msgs/bumperbot_msgs/srv/get_transform.h
[0.829s] -- Up-to-date: /home/behzad/ros2_ws/install/bumperbot_msgs/include/bumperbot_msgs/bumperbot_msgs/srv/detail
[0.830s] -- Up-to-date: /home/behzad/ros2_ws/install/bumperbot_msgs/include/bumperbot_msgs/bumperbot_msgs/srv/detail/add_two_ints__functions.h
[0.830s] -- Up-to-date: /home/behzad/ros2_ws/install/bumperbot_msgs/include/bumperbot_msgs/bumperbot_msgs/srv/detail/get_transform__struct.h
[0.830s] -- Up-to-date: /home/behzad/ros2_ws/install/bumperbot_msgs/include/bumperbot_msgs/bumperbot_msgs/srv/detail/get_transform__functions.h
[0.830s] -- Up-to-date: /home/behzad/ros2_ws/install/bumperbot_msgs/include/bumperbot_msgs/bumperbot_msgs/srv/detail/add_two_ints__type_support.h
[0.830s] -- Up-to-date: /home/behzad/ros2_ws/install/bumperbot_msgs/include/bumperbot_msgs/bumperbot_msgs/srv/detail/get_transform__functions.c
[0.830s] -- Up-to-date: /home/behzad/ros2_ws/install/bumperbot_msgs/include/bumperbot_msgs/bumperbot_msgs/srv/detail/add_two_ints__struct.h
[0.830s] -- Up-to-date: /home/behzad/ros2_ws/install/bumperbot_msgs/include/bumperbot_msgs/bumperbot_msgs/srv/detail/get_transform__type_support.h
[0.830s] -- Up-to-date: /home/behzad/ros2_ws/install/bumperbot_msgs/include/bumperbot_msgs/bumperbot_msgs/srv/detail/add_two_ints__functions.c
[0.831s] -- Up-to-date: /home/behzad/ros2_ws/install/bumperbot_msgs/include/bumperbot_msgs/bumperbot_msgs/msg
[0.831s] -- Up-to-date: /home/behzad/ros2_ws/install/bumperbot_msgs/include/bumperbot_msgs/bumperbot_msgs/msg/rosidl_generator_c__visibility_control.h
[0.831s] -- Up-to-date: /home/behzad/ros2_ws/install/bumperbot_msgs/include/bumperbot_msgs/bumperbot_msgs/action
[0.831s] -- Up-to-date: /home/behzad/ros2_ws/install/bumperbot_msgs/include/bumperbot_msgs/bumperbot_msgs/action/fibonacci.h
[0.831s] -- Up-to-date: /home/behzad/ros2_ws/install/bumperbot_msgs/include/bumperbot_msgs/bumperbot_msgs/action/detail
[0.831s] -- Up-to-date: /home/behzad/ros2_ws/install/bumperbot_msgs/include/bumperbot_msgs/bumperbot_msgs/action/detail/fibonacci__type_support.h
[0.831s] -- Up-to-date: /home/behzad/ros2_ws/install/bumperbot_msgs/include/bumperbot_msgs/bumperbot_msgs/action/detail/fibonacci__struct.h
[0.831s] -- Up-to-date: /home/behzad/ros2_ws/install/bumperbot_msgs/include/bumperbot_msgs/bumperbot_msgs/action/detail/fibonacci__functions.h
[0.831s] -- Up-to-date: /home/behzad/ros2_ws/install/bumperbot_msgs/include/bumperbot_msgs/bumperbot_msgs/action/detail/fibonacci__functions.c
[0.832s] -- Up-to-date: /home/behzad/ros2_ws/install/bumperbot_msgs/share/bumperbot_msgs/environment/library_path.sh
[0.832s] -- Up-to-date: /home/behzad/ros2_ws/install/bumperbot_msgs/share/bumperbot_msgs/environment/library_path.dsv
[0.832s] -- Up-to-date: /home/behzad/ros2_ws/install/bumperbot_msgs/lib/libbumperbot_msgs__rosidl_generator_c.so
[0.832s] -- Up-to-date: /home/behzad/ros2_ws/install/bumperbot_msgs/include/bumperbot_msgs/bumperbot_msgs
[0.832s] -- Up-to-date: /home/behzad/ros2_ws/install/bumperbot_msgs/include/bumperbot_msgs/bumperbot_msgs/srv
[0.832s] -- Up-to-date: /home/behzad/ros2_ws/install/bumperbot_msgs/include/bumperbot_msgs/bumperbot_msgs/srv/detail
[0.832s] -- Up-to-date: /home/behzad/ros2_ws/install/bumperbot_msgs/include/bumperbot_msgs/bumperbot_msgs/srv/detail/get_transform__rosidl_typesupport_fastrtps_c.h
[0.832s] -- Up-to-date: /home/behzad/ros2_ws/install/bumperbot_msgs/include/bumperbot_msgs/bumperbot_msgs/srv/detail/add_two_ints__rosidl_typesupport_fastrtps_c.h
[0.833s] -- Up-to-date: /home/behzad/ros2_ws/install/bumperbot_msgs/include/bumperbot_msgs/bumperbot_msgs/msg
[0.833s] -- Up-to-date: /home/behzad/ros2_ws/install/bumperbot_msgs/include/bumperbot_msgs/bumperbot_msgs/msg/rosidl_typesupport_fastrtps_c__visibility_control.h
[0.833s] -- Up-to-date: /home/behzad/ros2_ws/install/bumperbot_msgs/include/bumperbot_msgs/bumperbot_msgs/action
[0.833s] -- Up-to-date: /home/behzad/ros2_ws/install/bumperbot_msgs/include/bumperbot_msgs/bumperbot_msgs/action/detail
[0.833s] -- Up-to-date: /home/behzad/ros2_ws/install/bumperbot_msgs/include/bumperbot_msgs/bumperbot_msgs/action/detail/fibonacci__rosidl_typesupport_fastrtps_c.h
[0.833s] -- Up-to-date: /home/behzad/ros2_ws/install/bumperbot_msgs/lib/libbumperbot_msgs__rosidl_typesupport_fastrtps_c.so
[0.834s] -- Up-to-date: /home/behzad/ros2_ws/install/bumperbot_msgs/include/bumperbot_msgs/bumperbot_msgs
[0.834s] -- Up-to-date: /home/behzad/ros2_ws/install/bumperbot_msgs/include/bumperbot_msgs/bumperbot_msgs/srv
[0.834s] -- Up-to-date: /home/behzad/ros2_ws/install/bumperbot_msgs/include/bumperbot_msgs/bumperbot_msgs/srv/add_two_ints.hpp
[0.834s] -- Up-to-date: /home/behzad/ros2_ws/install/bumperbot_msgs/include/bumperbot_msgs/bumperbot_msgs/srv/get_transform.hpp
[0.834s] -- Up-to-date: /home/behzad/ros2_ws/install/bumperbot_msgs/include/bumperbot_msgs/bumperbot_msgs/srv/detail
[0.834s] -- Up-to-date: /home/behzad/ros2_ws/install/bumperbot_msgs/include/bumperbot_msgs/bumperbot_msgs/srv/detail/add_two_ints__builder.hpp
[0.834s] -- Up-to-date: /home/behzad/ros2_ws/install/bumperbot_msgs/include/bumperbot_msgs/bumperbot_msgs/srv/detail/add_two_ints__struct.hpp
[0.835s] -- Up-to-date: /home/behzad/ros2_ws/install/bumperbot_msgs/include/bumperbot_msgs/bumperbot_msgs/srv/detail/get_transform__type_support.hpp
[0.835s] -- Up-to-date: /home/behzad/ros2_ws/install/bumperbot_msgs/include/bumperbot_msgs/bumperbot_msgs/srv/detail/get_transform__traits.hpp
[0.835s] -- Up-to-date: /home/behzad/ros2_ws/install/bumperbot_msgs/include/bumperbot_msgs/bumperbot_msgs/srv/detail/add_two_ints__type_support.hpp
[0.835s] -- Up-to-date: /home/behzad/ros2_ws/install/bumperbot_msgs/include/bumperbot_msgs/bumperbot_msgs/srv/detail/get_transform__builder.hpp
[0.835s] -- Up-to-date: /home/behzad/ros2_ws/install/bumperbot_msgs/include/bumperbot_msgs/bumperbot_msgs/srv/detail/get_transform__struct.hpp
[0.835s] -- Up-to-date: /home/behzad/ros2_ws/install/bumperbot_msgs/include/bumperbot_msgs/bumperbot_msgs/srv/detail/add_two_ints__traits.hpp
[0.835s] -- Up-to-date: /home/behzad/ros2_ws/install/bumperbot_msgs/include/bumperbot_msgs/bumperbot_msgs/msg
[0.835s] -- Up-to-date: /home/behzad/ros2_ws/install/bumperbot_msgs/include/bumperbot_msgs/bumperbot_msgs/msg/rosidl_generator_cpp__visibility_control.hpp
[0.835s] -- Up-to-date: /home/behzad/ros2_ws/install/bumperbot_msgs/include/bumperbot_msgs/bumperbot_msgs/action
[0.836s] -- Up-to-date: /home/behzad/ros2_ws/install/bumperbot_msgs/include/bumperbot_msgs/bumperbot_msgs/action/fibonacci.hpp
[0.836s] -- Up-to-date: /home/behzad/ros2_ws/install/bumperbot_msgs/include/bumperbot_msgs/bumperbot_msgs/action/detail
[0.836s] -- Up-to-date: /home/behzad/ros2_ws/install/bumperbot_msgs/include/bumperbot_msgs/bumperbot_msgs/action/detail/fibonacci__type_support.hpp
[0.837s] -- Up-to-date: /home/behzad/ros2_ws/install/bumperbot_msgs/include/bumperbot_msgs/bumperbot_msgs/action/detail/fibonacci__traits.hpp
[0.837s] -- Up-to-date: /home/behzad/ros2_ws/install/bumperbot_msgs/include/bumperbot_msgs/bumperbot_msgs/action/detail/fibonacci__struct.hpp
[0.838s] -- Up-to-date: /home/behzad/ros2_ws/install/bumperbot_msgs/include/bumperbot_msgs/bumperbot_msgs/action/detail/fibonacci__builder.hpp
[0.838s] -- Up-to-date: /home/behzad/ros2_ws/install/bumperbot_msgs/include/bumperbot_msgs/bumperbot_msgs
[0.838s] -- Up-to-date: /home/behzad/ros2_ws/install/bumperbot_msgs/include/bumperbot_msgs/bumperbot_msgs/srv
[0.838s] -- Up-to-date: /home/behzad/ros2_ws/install/bumperbot_msgs/include/bumperbot_msgs/bumperbot_msgs/srv/detail
[0.838s] -- Up-to-date: /home/behzad/ros2_ws/install/bumperbot_msgs/include/bumperbot_msgs/bumperbot_msgs/srv/detail/dds_fastrtps
[0.838s] -- Up-to-date: /home/behzad/ros2_ws/install/bumperbot_msgs/include/bumperbot_msgs/bumperbot_msgs/srv/detail/get_transform__rosidl_typesupport_fastrtps_cpp.hpp
[0.838s] -- Up-to-date: /home/behzad/ros2_ws/install/bumperbot_msgs/include/bumperbot_msgs/bumperbot_msgs/srv/detail/add_two_ints__rosidl_typesupport_fastrtps_cpp.hpp
[0.838s] -- Up-to-date: /home/behzad/ros2_ws/install/bumperbot_msgs/include/bumperbot_msgs/bumperbot_msgs/msg
[0.839s] -- Up-to-date: /home/behzad/ros2_ws/install/bumperbot_msgs/include/bumperbot_msgs/bumperbot_msgs/msg/rosidl_typesupport_fastrtps_cpp__visibility_control.h
[0.839s] -- Up-to-date: /home/behzad/ros2_ws/install/bumperbot_msgs/include/bumperbot_msgs/bumperbot_msgs/action
[0.839s] -- Up-to-date: /home/behzad/ros2_ws/install/bumperbot_msgs/include/bumperbot_msgs/bumperbot_msgs/action/detail
[0.839s] -- Up-to-date: /home/behzad/ros2_ws/install/bumperbot_msgs/include/bumperbot_msgs/bumperbot_msgs/action/detail/dds_fastrtps
[0.839s] -- Up-to-date: /home/behzad/ros2_ws/install/bumperbot_msgs/include/bumperbot_msgs/bumperbot_msgs/action/detail/fibonacci__rosidl_typesupport_fastrtps_cpp.hpp
[0.839s] -- Up-to-date: /home/behzad/ros2_ws/install/bumperbot_msgs/lib/libbumperbot_msgs__rosidl_typesupport_fastrtps_cpp.so
[0.839s] -- Up-to-date: /home/behzad/ros2_ws/install/bumperbot_msgs/include/bumperbot_msgs/bumperbot_msgs
[0.839s] -- Up-to-date: /home/behzad/ros2_ws/install/bumperbot_msgs/include/bumperbot_msgs/bumperbot_msgs/srv
[0.840s] -- Up-to-date: /home/behzad/ros2_ws/install/bumperbot_msgs/include/bumperbot_msgs/bumperbot_msgs/srv/detail
[0.840s] -- Up-to-date: /home/behzad/ros2_ws/install/bumperbot_msgs/include/bumperbot_msgs/bumperbot_msgs/srv/detail/add_two_ints__type_support.c
[0.840s] -- Up-to-date: /home/behzad/ros2_ws/install/bumperbot_msgs/include/bumperbot_msgs/bumperbot_msgs/srv/detail/get_transform__rosidl_typesupport_introspection_c.h
[0.840s] -- Up-to-date: /home/behzad/ros2_ws/install/bumperbot_msgs/include/bumperbot_msgs/bumperbot_msgs/srv/detail/add_two_ints__rosidl_typesupport_introspection_c.h
[0.840s] -- Up-to-date: /home/behzad/ros2_ws/install/bumperbot_msgs/include/bumperbot_msgs/bumperbot_msgs/srv/detail/get_transform__type_support.c
[0.840s] -- Up-to-date: /home/behzad/ros2_ws/install/bumperbot_msgs/include/bumperbot_msgs/bumperbot_msgs/msg
[0.840s] -- Up-to-date: /home/behzad/ros2_ws/install/bumperbot_msgs/include/bumperbot_msgs/bumperbot_msgs/msg/rosidl_typesupport_introspection_c__visibility_control.h
[0.840s] -- Up-to-date: /home/behzad/ros2_ws/install/bumperbot_msgs/include/bumperbot_msgs/bumperbot_msgs/action
[0.841s] -- Up-to-date: /home/behzad/ros2_ws/install/bumperbot_msgs/include/bumperbot_msgs/bumperbot_msgs/action/detail
[0.841s] -- Up-to-date: /home/behzad/ros2_ws/install/bumperbot_msgs/include/bumperbot_msgs/bumperbot_msgs/action/detail/fibonacci__type_support.c
[0.841s] -- Up-to-date: /home/behzad/ros2_ws/install/bumperbot_msgs/include/bumperbot_msgs/bumperbot_msgs/action/detail/fibonacci__rosidl_typesupport_introspection_c.h
[0.841s] -- Up-to-date: /home/behzad/ros2_ws/install/bumperbot_msgs/lib/libbumperbot_msgs__rosidl_typesupport_introspection_c.so
[0.841s] -- Up-to-date: /home/behzad/ros2_ws/install/bumperbot_msgs/lib/libbumperbot_msgs__rosidl_typesupport_c.so
[0.841s] -- Up-to-date: /home/behzad/ros2_ws/install/bumperbot_msgs/include/bumperbot_msgs/bumperbot_msgs
[0.841s] -- Up-to-date: /home/behzad/ros2_ws/install/bumperbot_msgs/include/bumperbot_msgs/bumperbot_msgs/srv
[0.841s] -- Up-to-date: /home/behzad/ros2_ws/install/bumperbot_msgs/include/bumperbot_msgs/bumperbot_msgs/srv/detail
[0.842s] -- Up-to-date: /home/behzad/ros2_ws/install/bumperbot_msgs/include/bumperbot_msgs/bumperbot_msgs/srv/detail/add_two_ints__rosidl_typesupport_introspection_cpp.hpp
[0.842s] -- Up-to-date: /home/behzad/ros2_ws/install/bumperbot_msgs/include/bumperbot_msgs/bumperbot_msgs/srv/detail/get_transform__type_support.cpp
[0.842s] -- Up-to-date: /home/behzad/ros2_ws/install/bumperbot_msgs/include/bumperbot_msgs/bumperbot_msgs/srv/detail/add_two_ints__type_support.cpp
[0.842s] -- Up-to-date: /home/behzad/ros2_ws/install/bumperbot_msgs/include/bumperbot_msgs/bumperbot_msgs/srv/detail/get_transform__rosidl_typesupport_introspection_cpp.hpp
[0.842s] -- Up-to-date: /home/behzad/ros2_ws/install/bumperbot_msgs/include/bumperbot_msgs/bumperbot_msgs/action
[0.842s] -- Up-to-date: /home/behzad/ros2_ws/install/bumperbot_msgs/include/bumperbot_msgs/bumperbot_msgs/action/detail
[0.842s] -- Up-to-date: /home/behzad/ros2_ws/install/bumperbot_msgs/include/bumperbot_msgs/bumperbot_msgs/action/detail/fibonacci__type_support.cpp
[0.842s] -- Up-to-date: /home/behzad/ros2_ws/install/bumperbot_msgs/include/bumperbot_msgs/bumperbot_msgs/action/detail/fibonacci__rosidl_typesupport_introspection_cpp.hpp
[0.842s] -- Up-to-date: /home/behzad/ros2_ws/install/bumperbot_msgs/lib/libbumperbot_msgs__rosidl_typesupport_introspection_cpp.so
[0.843s] -- Up-to-date: /home/behzad/ros2_ws/install/bumperbot_msgs/lib/libbumperbot_msgs__rosidl_typesupport_cpp.so
[0.843s] -- Up-to-date: /home/behzad/ros2_ws/install/bumperbot_msgs/share/bumperbot_msgs/environment/pythonpath.sh
[0.843s] -- Up-to-date: /home/behzad/ros2_ws/install/bumperbot_msgs/share/bumperbot_msgs/environment/pythonpath.dsv
[0.843s] -- Up-to-date: /home/behzad/ros2_ws/install/bumperbot_msgs/local/lib/python3.10/dist-packages/bumperbot_msgs-0.0.0-py3.10.egg-info
[0.843s] -- Installing: /home/behzad/ros2_ws/install/bumperbot_msgs/local/lib/python3.10/dist-packages/bumperbot_msgs-0.0.0-py3.10.egg-info/dependency_links.txt
[0.843s] -- Installing: /home/behzad/ros2_ws/install/bumperbot_msgs/local/lib/python3.10/dist-packages/bumperbot_msgs-0.0.0-py3.10.egg-info/PKG-INFO
[0.843s] -- Installing: /home/behzad/ros2_ws/install/bumperbot_msgs/local/lib/python3.10/dist-packages/bumperbot_msgs-0.0.0-py3.10.egg-info/SOURCES.txt
[0.843s] -- Installing: /home/behzad/ros2_ws/install/bumperbot_msgs/local/lib/python3.10/dist-packages/bumperbot_msgs-0.0.0-py3.10.egg-info/top_level.txt
[0.843s] -- Up-to-date: /home/behzad/ros2_ws/install/bumperbot_msgs/local/lib/python3.10/dist-packages/bumperbot_msgs
[0.844s] -- Up-to-date: /home/behzad/ros2_ws/install/bumperbot_msgs/local/lib/python3.10/dist-packages/bumperbot_msgs/__init__.py
[0.844s] -- Up-to-date: /home/behzad/ros2_ws/install/bumperbot_msgs/local/lib/python3.10/dist-packages/bumperbot_msgs/_bumperbot_msgs_s.ep.rosidl_typesupport_introspection_c.c
[0.844s] -- Up-to-date: /home/behzad/ros2_ws/install/bumperbot_msgs/local/lib/python3.10/dist-packages/bumperbot_msgs/srv
[0.844s] -- Up-to-date: /home/behzad/ros2_ws/install/bumperbot_msgs/local/lib/python3.10/dist-packages/bumperbot_msgs/srv/__init__.py
[0.844s] -- Up-to-date: /home/behzad/ros2_ws/install/bumperbot_msgs/local/lib/python3.10/dist-packages/bumperbot_msgs/srv/_add_two_ints_s.c
[0.844s] -- Up-to-date: /home/behzad/ros2_ws/install/bumperbot_msgs/local/lib/python3.10/dist-packages/bumperbot_msgs/srv/_add_two_ints.py
[0.844s] -- Up-to-date: /home/behzad/ros2_ws/install/bumperbot_msgs/local/lib/python3.10/dist-packages/bumperbot_msgs/srv/_get_transform.py
[0.844s] -- Up-to-date: /home/behzad/ros2_ws/install/bumperbot_msgs/local/lib/python3.10/dist-packages/bumperbot_msgs/srv/_get_transform_s.c
[0.844s] -- Up-to-date: /home/behzad/ros2_ws/install/bumperbot_msgs/local/lib/python3.10/dist-packages/bumperbot_msgs/_bumperbot_msgs_s.ep.rosidl_typesupport_c.c
[0.845s] -- Up-to-date: /home/behzad/ros2_ws/install/bumperbot_msgs/local/lib/python3.10/dist-packages/bumperbot_msgs/bumperbot_msgs_s__rosidl_typesupport_introspection_c.cpython-310-x86_64-linux-gnu.so
[0.845s] -- Up-to-date: /home/behzad/ros2_ws/install/bumperbot_msgs/local/lib/python3.10/dist-packages/bumperbot_msgs/action
[0.845s] -- Up-to-date: /home/behzad/ros2_ws/install/bumperbot_msgs/local/lib/python3.10/dist-packages/bumperbot_msgs/action/__init__.py
[0.845s] -- Up-to-date: /home/behzad/ros2_ws/install/bumperbot_msgs/local/lib/python3.10/dist-packages/bumperbot_msgs/action/_fibonacci_s.c
[0.845s] -- Up-to-date: /home/behzad/ros2_ws/install/bumperbot_msgs/local/lib/python3.10/dist-packages/bumperbot_msgs/action/_fibonacci.py
[0.845s] -- Up-to-date: /home/behzad/ros2_ws/install/bumperbot_msgs/local/lib/python3.10/dist-packages/bumperbot_msgs/bumperbot_msgs_s__rosidl_typesupport_fastrtps_c.cpython-310-x86_64-linux-gnu.so
[0.845s] -- Up-to-date: /home/behzad/ros2_ws/install/bumperbot_msgs/local/lib/python3.10/dist-packages/bumperbot_msgs/_bumperbot_msgs_s.ep.rosidl_typesupport_fastrtps_c.c
[0.845s] -- Up-to-date: /home/behzad/ros2_ws/install/bumperbot_msgs/local/lib/python3.10/dist-packages/bumperbot_msgs/bumperbot_msgs_s__rosidl_typesupport_c.cpython-310-x86_64-linux-gnu.so
[0.845s] -- Up-to-date: /home/behzad/ros2_ws/install/bumperbot_msgs/local/lib/python3.10/dist-packages/bumperbot_msgs/libbumperbot_msgs__rosidl_generator_py.so
[0.884s] Listing '/home/behzad/ros2_ws/install/bumperbot_msgs/local/lib/python3.10/dist-packages/bumperbot_msgs'...
[0.884s] Listing '/home/behzad/ros2_ws/install/bumperbot_msgs/local/lib/python3.10/dist-packages/bumperbot_msgs/action'...
[0.884s] Listing '/home/behzad/ros2_ws/install/bumperbot_msgs/local/lib/python3.10/dist-packages/bumperbot_msgs/srv'...
[0.888s] -- Up-to-date: /home/behzad/ros2_ws/install/bumperbot_msgs/local/lib/python3.10/dist-packages/bumperbot_msgs/bumperbot_msgs_s__rosidl_typesupport_fastrtps_c.cpython-310-x86_64-linux-gnu.so
[0.888s] -- Up-to-date: /home/behzad/ros2_ws/install/bumperbot_msgs/local/lib/python3.10/dist-packages/bumperbot_msgs/bumperbot_msgs_s__rosidl_typesupport_introspection_c.cpython-310-x86_64-linux-gnu.so
[0.888s] -- Up-to-date: /home/behzad/ros2_ws/install/bumperbot_msgs/local/lib/python3.10/dist-packages/bumperbot_msgs/bumperbot_msgs_s__rosidl_typesupport_c.cpython-310-x86_64-linux-gnu.so
[0.889s] -- Up-to-date: /home/behzad/ros2_ws/install/bumperbot_msgs/lib/libbumperbot_msgs__rosidl_generator_py.so
[0.889s] -- Up-to-date: /home/behzad/ros2_ws/install/bumperbot_msgs/share/bumperbot_msgs/action/Fibonacci.idl
[0.889s] -- Up-to-date: /home/behzad/ros2_ws/install/bumperbot_msgs/share/bumperbot_msgs/srv/AddTwoInts.idl
[0.889s] -- Up-to-date: /home/behzad/ros2_ws/install/bumperbot_msgs/share/bumperbot_msgs/srv/GetTransform.idl
[0.889s] -- Up-to-date: /home/behzad/ros2_ws/install/bumperbot_msgs/share/bumperbot_msgs/action/Fibonacci.action
[0.890s] -- Up-to-date: /home/behzad/ros2_ws/install/bumperbot_msgs/share/bumperbot_msgs/srv/AddTwoInts.srv
[0.891s] -- Up-to-date: /home/behzad/ros2_ws/install/bumperbot_msgs/share/bumperbot_msgs/srv/AddTwoInts_Request.msg
[0.891s] -- Up-to-date: /home/behzad/ros2_ws/install/bumperbot_msgs/share/bumperbot_msgs/srv/AddTwoInts_Response.msg
[0.892s] -- Up-to-date: /home/behzad/ros2_ws/install/bumperbot_msgs/share/bumperbot_msgs/srv/GetTransform.srv
[0.892s] -- Up-to-date: /home/behzad/ros2_ws/install/bumperbot_msgs/share/bumperbot_msgs/srv/GetTransform_Request.msg
[0.893s] -- Up-to-date: /home/behzad/ros2_ws/install/bumperbot_msgs/share/bumperbot_msgs/srv/GetTransform_Response.msg
[0.894s] -- Up-to-date: /home/behzad/ros2_ws/install/bumperbot_msgs/share/ament_index/resource_index/package_run_dependencies/bumperbot_msgs
[0.894s] -- Up-to-date: /home/behzad/ros2_ws/install/bumperbot_msgs/share/ament_index/resource_index/parent_prefix_path/bumperbot_msgs
[0.895s] -- Up-to-date: /home/behzad/ros2_ws/install/bumperbot_msgs/share/bumperbot_msgs/environment/ament_prefix_path.sh
[0.895s] -- Up-to-date: /home/behzad/ros2_ws/install/bumperbot_msgs/share/bumperbot_msgs/environment/ament_prefix_path.dsv
[0.895s] -- Up-to-date: /home/behzad/ros2_ws/install/bumperbot_msgs/share/bumperbot_msgs/environment/path.sh
[0.895s] -- Up-to-date: /home/behzad/ros2_ws/install/bumperbot_msgs/share/bumperbot_msgs/environment/path.dsv
[0.896s] -- Up-to-date: /home/behzad/ros2_ws/install/bumperbot_msgs/share/bumperbot_msgs/local_setup.bash
[0.897s] -- Up-to-date: /home/behzad/ros2_ws/install/bumperbot_msgs/share/bumperbot_msgs/local_setup.sh
[0.897s] -- Up-to-date: /home/behzad/ros2_ws/install/bumperbot_msgs/share/bumperbot_msgs/local_setup.zsh
[0.897s] -- Up-to-date: /home/behzad/ros2_ws/install/bumperbot_msgs/share/bumperbot_msgs/local_setup.dsv
[0.898s] -- Installing: /home/behzad/ros2_ws/install/bumperbot_msgs/share/bumperbot_msgs/package.dsv
[0.898s] -- Up-to-date: /home/behzad/ros2_ws/install/bumperbot_msgs/share/ament_index/resource_index/packages/bumperbot_msgs
[0.898s] -- Up-to-date: /home/behzad/ros2_ws/install/bumperbot_msgs/share/bumperbot_msgs/cmake/export_bumperbot_msgs__rosidl_generator_cExport.cmake
[0.899s] -- Up-to-date: /home/behzad/ros2_ws/install/bumperbot_msgs/share/bumperbot_msgs/cmake/export_bumperbot_msgs__rosidl_generator_cExport-noconfig.cmake
[0.899s] -- Up-to-date: /home/behzad/ros2_ws/install/bumperbot_msgs/share/bumperbot_msgs/cmake/export_bumperbot_msgs__rosidl_typesupport_fastrtps_cExport.cmake
[0.900s] -- Up-to-date: /home/behzad/ros2_ws/install/bumperbot_msgs/share/bumperbot_msgs/cmake/export_bumperbot_msgs__rosidl_typesupport_fastrtps_cExport-noconfig.cmake
[0.900s] -- Up-to-date: /home/behzad/ros2_ws/install/bumperbot_msgs/share/bumperbot_msgs/cmake/export_bumperbot_msgs__rosidl_generator_cppExport.cmake
[0.900s] -- Up-to-date: /home/behzad/ros2_ws/install/bumperbot_msgs/share/bumperbot_msgs/cmake/export_bumperbot_msgs__rosidl_typesupport_fastrtps_cppExport.cmake
[0.901s] -- Up-to-date: /home/behzad/ros2_ws/install/bumperbot_msgs/share/bumperbot_msgs/cmake/export_bumperbot_msgs__rosidl_typesupport_fastrtps_cppExport-noconfig.cmake
[0.901s] -- Up-to-date: /home/behzad/ros2_ws/install/bumperbot_msgs/share/bumperbot_msgs/cmake/bumperbot_msgs__rosidl_typesupport_introspection_cExport.cmake
[0.901s] -- Up-to-date: /home/behzad/ros2_ws/install/bumperbot_msgs/share/bumperbot_msgs/cmake/bumperbot_msgs__rosidl_typesupport_introspection_cExport-noconfig.cmake
[0.901s] -- Up-to-date: /home/behzad/ros2_ws/install/bumperbot_msgs/share/bumperbot_msgs/cmake/bumperbot_msgs__rosidl_typesupport_cExport.cmake
[0.901s] -- Up-to-date: /home/behzad/ros2_ws/install/bumperbot_msgs/share/bumperbot_msgs/cmake/bumperbot_msgs__rosidl_typesupport_cExport-noconfig.cmake
[0.901s] -- Up-to-date: /home/behzad/ros2_ws/install/bumperbot_msgs/share/bumperbot_msgs/cmake/bumperbot_msgs__rosidl_typesupport_introspection_cppExport.cmake
[0.901s] -- Up-to-date: /home/behzad/ros2_ws/install/bumperbot_msgs/share/bumperbot_msgs/cmake/bumperbot_msgs__rosidl_typesupport_introspection_cppExport-noconfig.cmake
[0.902s] -- Up-to-date: /home/behzad/ros2_ws/install/bumperbot_msgs/share/bumperbot_msgs/cmake/bumperbot_msgs__rosidl_typesupport_cppExport.cmake
[0.902s] -- Up-to-date: /home/behzad/ros2_ws/install/bumperbot_msgs/share/bumperbot_msgs/cmake/bumperbot_msgs__rosidl_typesupport_cppExport-noconfig.cmake
[0.902s] -- Up-to-date: /home/behzad/ros2_ws/install/bumperbot_msgs/share/bumperbot_msgs/cmake/export_bumperbot_msgs__rosidl_generator_pyExport.cmake
[0.903s] -- Up-to-date: /home/behzad/ros2_ws/install/bumperbot_msgs/share/bumperbot_msgs/cmake/export_bumperbot_msgs__rosidl_generator_pyExport-noconfig.cmake
[0.903s] -- Up-to-date: /home/behzad/ros2_ws/install/bumperbot_msgs/share/bumperbot_msgs/cmake/rosidl_cmake-extras.cmake
[0.903s] -- Up-to-date: /home/behzad/ros2_ws/install/bumperbot_msgs/share/bumperbot_msgs/cmake/ament_cmake_export_dependencies-extras.cmake
[0.904s] -- Up-to-date: /home/behzad/ros2_ws/install/bumperbot_msgs/share/bumperbot_msgs/cmake/ament_cmake_export_include_directories-extras.cmake
[0.904s] -- Up-to-date: /home/behzad/ros2_ws/install/bumperbot_msgs/share/bumperbot_msgs/cmake/ament_cmake_export_libraries-extras.cmake
[0.904s] -- Up-to-date: /home/behzad/ros2_ws/install/bumperbot_msgs/share/bumperbot_msgs/cmake/ament_cmake_export_targets-extras.cmake
[0.904s] -- Up-to-date: /home/behzad/ros2_ws/install/bumperbot_msgs/share/bumperbot_msgs/cmake/rosidl_cmake_export_typesupport_targets-extras.cmake
[0.904s] -- Up-to-date: /home/behzad/ros2_ws/install/bumperbot_msgs/share/bumperbot_msgs/cmake/rosidl_cmake_export_typesupport_libraries-extras.cmake
[0.904s] -- Up-to-date: /home/behzad/ros2_ws/install/bumperbot_msgs/share/bumperbot_msgs/cmake/bumperbot_msgsConfig.cmake
[0.904s] -- Up-to-date: /home/behzad/ros2_ws/install/bumperbot_msgs/share/bumperbot_msgs/cmake/bumperbot_msgsConfig-version.cmake
[0.905s] -- Up-to-date: /home/behzad/ros2_ws/install/bumperbot_msgs/share/bumperbot_msgs/package.xml
[0.913s] Invoked command in '/home/behzad/ros2_ws/build/bumperbot_msgs' returned '0': CMAKE_PREFIX_PATH=${CMAKE_PREFIX_PATH}:/home/behzad/ros2_ws/install/bumperbot_py_examples:/home/behzad/bumporbot_ws/install/bumporbot_py_examples:/opt/ros/humble /usr/bin/cmake --install /home/behzad/ros2_ws/build/bumperbot_msgs
