[0.119s] DEBUG:colcon:Command line arguments: ['/usr/bin/colcon', 'build', '--packages-select', 'bumperbot_planning', '--cmake-clean-cache']
[0.119s] DEBUG:colcon:Parsed command line arguments: Namespace(log_base=None, log_level=None, verb_name='build', build_base='build', install_base='install', merge_install=False, symlink_install=False, test_result_base=None, continue_on_error=False, executor='parallel', parallel_workers=12, event_handlers=None, ignore_user_meta=False, metas=['./colcon.meta'], base_paths=['.'], packages_ignore=None, packages_ignore_regex=None, paths=None, packages_up_to=None, packages_up_to_regex=None, packages_above=None, packages_above_and_dependencies=None, packages_above_depth=None, packages_select_by_dep=None, packages_skip_by_dep=None, packages_skip_up_to=None, packages_select_build_failed=False, packages_skip_build_finished=False, packages_select_test_failures=False, packages_skip_test_passed=False, packages_select=['bumperbot_planning'], packages_skip=None, packages_select_regex=None, packages_skip_regex=None, packages_start=None, packages_end=None, allow_overriding=[], cmake_args=None, cmake_target=None, cmake_target_skip_unavailable=False, cmake_clean_cache=True, cmake_clean_first=False, cmake_force_configure=False, ament_cmake_args=None, catkin_cmake_args=None, catkin_skip_building_tests=False, verb_parser=<colcon_defaults.argument_parser.defaults.DefaultArgumentsDecorator object at 0x7494a6c5f010>, verb_extension=<colcon_core.verb.build.BuildVerb object at 0x7494a6c5ea10>, main=<bound method BuildVerb.main of <colcon_core.verb.build.BuildVerb object at 0x7494a6c5ea10>>)
[0.317s] Level 1:colcon.colcon_core.package_discovery:discover_packages(colcon_meta) check parameters
[0.317s] Level 1:colcon.colcon_core.package_discovery:discover_packages(recursive) check parameters
[0.317s] Level 1:colcon.colcon_core.package_discovery:discover_packages(ignore) check parameters
[0.317s] Level 1:colcon.colcon_core.package_discovery:discover_packages(path) check parameters
[0.317s] Level 1:colcon.colcon_core.package_discovery:discover_packages(colcon_meta) discover
[0.317s] Level 1:colcon.colcon_core.package_discovery:discover_packages(recursive) discover
[0.317s] INFO:colcon.colcon_core.package_discovery:Crawling recursively for packages in '/home/behzad/ros2_ws'
[0.317s] Level 1:colcon.colcon_core.package_identification:_identify(.) by extensions ['ignore', 'ignore_ament_install']
[0.317s] Level 1:colcon.colcon_core.package_identification:_identify(.) by extension 'ignore'
[0.317s] Level 1:colcon.colcon_core.package_identification:_identify(.) by extension 'ignore_ament_install'
[0.318s] Level 1:colcon.colcon_core.package_identification:_identify(.) by extensions ['colcon_pkg']
[0.318s] Level 1:colcon.colcon_core.package_identification:_identify(.) by extension 'colcon_pkg'
[0.318s] Level 1:colcon.colcon_core.package_identification:_identify(.) by extensions ['colcon_meta']
[0.318s] Level 1:colcon.colcon_core.package_identification:_identify(.) by extension 'colcon_meta'
[0.318s] Level 1:colcon.colcon_core.package_identification:_identify(.) by extensions ['ros']
[0.318s] Level 1:colcon.colcon_core.package_identification:_identify(.) by extension 'ros'
[0.329s] Level 1:colcon.colcon_core.package_identification:_identify(.) by extensions ['cmake', 'python']
[0.329s] Level 1:colcon.colcon_core.package_identification:_identify(.) by extension 'cmake'
[0.329s] Level 1:colcon.colcon_core.package_identification:_identify(.) by extension 'python'
[0.329s] Level 1:colcon.colcon_core.package_identification:_identify(.) by extensions ['python_setup_py']
[0.329s] Level 1:colcon.colcon_core.package_identification:_identify(.) by extension 'python_setup_py'
[0.329s] Level 1:colcon.colcon_core.package_identification:_identify(build) by extensions ['ignore', 'ignore_ament_install']
[0.329s] Level 1:colcon.colcon_core.package_identification:_identify(build) by extension 'ignore'
[0.329s] Level 1:colcon.colcon_core.package_identification:_identify(build) ignored
[0.329s] Level 1:colcon.colcon_core.package_identification:_identify(install) by extensions ['ignore', 'ignore_ament_install']
[0.329s] Level 1:colcon.colcon_core.package_identification:_identify(install) by extension 'ignore'
[0.329s] Level 1:colcon.colcon_core.package_identification:_identify(install) ignored
[0.329s] Level 1:colcon.colcon_core.package_identification:_identify(log) by extensions ['ignore', 'ignore_ament_install']
[0.329s] Level 1:colcon.colcon_core.package_identification:_identify(log) by extension 'ignore'
[0.330s] Level 1:colcon.colcon_core.package_identification:_identify(log) ignored
[0.330s] Level 1:colcon.colcon_core.package_identification:_identify(src) by extensions ['ignore', 'ignore_ament_install']
[0.330s] Level 1:colcon.colcon_core.package_identification:_identify(src) by extension 'ignore'
[0.330s] Level 1:colcon.colcon_core.package_identification:_identify(src) by extension 'ignore_ament_install'
[0.330s] Level 1:colcon.colcon_core.package_identification:_identify(src) by extensions ['colcon_pkg']
[0.330s] Level 1:colcon.colcon_core.package_identification:_identify(src) by extension 'colcon_pkg'
[0.330s] Level 1:colcon.colcon_core.package_identification:_identify(src) by extensions ['colcon_meta']
[0.330s] Level 1:colcon.colcon_core.package_identification:_identify(src) by extension 'colcon_meta'
[0.330s] Level 1:colcon.colcon_core.package_identification:_identify(src) by extensions ['ros']
[0.330s] Level 1:colcon.colcon_core.package_identification:_identify(src) by extension 'ros'
[0.330s] Level 1:colcon.colcon_core.package_identification:_identify(src) by extensions ['cmake', 'python']
[0.330s] Level 1:colcon.colcon_core.package_identification:_identify(src) by extension 'cmake'
[0.330s] Level 1:colcon.colcon_core.package_identification:_identify(src) by extension 'python'
[0.330s] Level 1:colcon.colcon_core.package_identification:_identify(src) by extensions ['python_setup_py']
[0.330s] Level 1:colcon.colcon_core.package_identification:_identify(src) by extension 'python_setup_py'
[0.330s] Level 1:colcon.colcon_core.package_identification:_identify(src/bumperbot_bringup) by extensions ['ignore', 'ignore_ament_install']
[0.330s] Level 1:colcon.colcon_core.package_identification:_identify(src/bumperbot_bringup) by extension 'ignore'
[0.330s] Level 1:colcon.colcon_core.package_identification:_identify(src/bumperbot_bringup) by extension 'ignore_ament_install'
[0.330s] Level 1:colcon.colcon_core.package_identification:_identify(src/bumperbot_bringup) by extensions ['colcon_pkg']
[0.330s] Level 1:colcon.colcon_core.package_identification:_identify(src/bumperbot_bringup) by extension 'colcon_pkg'
[0.330s] Level 1:colcon.colcon_core.package_identification:_identify(src/bumperbot_bringup) by extensions ['colcon_meta']
[0.331s] Level 1:colcon.colcon_core.package_identification:_identify(src/bumperbot_bringup) by extension 'colcon_meta'
[0.331s] Level 1:colcon.colcon_core.package_identification:_identify(src/bumperbot_bringup) by extensions ['ros']
[0.331s] Level 1:colcon.colcon_core.package_identification:_identify(src/bumperbot_bringup) by extension 'ros'
[0.333s] DEBUG:colcon.colcon_core.package_identification:Package 'src/bumperbot_bringup' with type 'ros.ament_cmake' and name 'bumperbot_bringup'
[0.333s] Level 1:colcon.colcon_core.package_identification:_identify(src/bumperbot_controller) by extensions ['ignore', 'ignore_ament_install']
[0.333s] Level 1:colcon.colcon_core.package_identification:_identify(src/bumperbot_controller) by extension 'ignore'
[0.333s] Level 1:colcon.colcon_core.package_identification:_identify(src/bumperbot_controller) by extension 'ignore_ament_install'
[0.333s] Level 1:colcon.colcon_core.package_identification:_identify(src/bumperbot_controller) by extensions ['colcon_pkg']
[0.333s] Level 1:colcon.colcon_core.package_identification:_identify(src/bumperbot_controller) by extension 'colcon_pkg'
[0.333s] Level 1:colcon.colcon_core.package_identification:_identify(src/bumperbot_controller) by extensions ['colcon_meta']
[0.333s] Level 1:colcon.colcon_core.package_identification:_identify(src/bumperbot_controller) by extension 'colcon_meta'
[0.334s] Level 1:colcon.colcon_core.package_identification:_identify(src/bumperbot_controller) by extensions ['ros']
[0.334s] Level 1:colcon.colcon_core.package_identification:_identify(src/bumperbot_controller) by extension 'ros'
[0.335s] DEBUG:colcon.colcon_core.package_identification:Package 'src/bumperbot_controller' with type 'ros.ament_cmake' and name 'bumperbot_controller'
[0.335s] Level 1:colcon.colcon_core.package_identification:_identify(src/bumperbot_cpp_examples) by extensions ['ignore', 'ignore_ament_install']
[0.335s] Level 1:colcon.colcon_core.package_identification:_identify(src/bumperbot_cpp_examples) by extension 'ignore'
[0.335s] Level 1:colcon.colcon_core.package_identification:_identify(src/bumperbot_cpp_examples) by extension 'ignore_ament_install'
[0.336s] Level 1:colcon.colcon_core.package_identification:_identify(src/bumperbot_cpp_examples) by extensions ['colcon_pkg']
[0.336s] Level 1:colcon.colcon_core.package_identification:_identify(src/bumperbot_cpp_examples) by extension 'colcon_pkg'
[0.336s] Level 1:colcon.colcon_core.package_identification:_identify(src/bumperbot_cpp_examples) by extensions ['colcon_meta']
[0.336s] Level 1:colcon.colcon_core.package_identification:_identify(src/bumperbot_cpp_examples) by extension 'colcon_meta'
[0.336s] Level 1:colcon.colcon_core.package_identification:_identify(src/bumperbot_cpp_examples) by extensions ['ros']
[0.336s] Level 1:colcon.colcon_core.package_identification:_identify(src/bumperbot_cpp_examples) by extension 'ros'
[0.337s] DEBUG:colcon.colcon_core.package_identification:Package 'src/bumperbot_cpp_examples' with type 'ros.ament_cmake' and name 'bumperbot_cpp_examples'
[0.337s] Level 1:colcon.colcon_core.package_identification:_identify(src/bumperbot_description) by extensions ['ignore', 'ignore_ament_install']
[0.338s] Level 1:colcon.colcon_core.package_identification:_identify(src/bumperbot_description) by extension 'ignore'
[0.338s] Level 1:colcon.colcon_core.package_identification:_identify(src/bumperbot_description) by extension 'ignore_ament_install'
[0.338s] Level 1:colcon.colcon_core.package_identification:_identify(src/bumperbot_description) by extensions ['colcon_pkg']
[0.338s] Level 1:colcon.colcon_core.package_identification:_identify(src/bumperbot_description) by extension 'colcon_pkg'
[0.338s] Level 1:colcon.colcon_core.package_identification:_identify(src/bumperbot_description) by extensions ['colcon_meta']
[0.338s] Level 1:colcon.colcon_core.package_identification:_identify(src/bumperbot_description) by extension 'colcon_meta'
[0.338s] Level 1:colcon.colcon_core.package_identification:_identify(src/bumperbot_description) by extensions ['ros']
[0.338s] Level 1:colcon.colcon_core.package_identification:_identify(src/bumperbot_description) by extension 'ros'
[0.340s] DEBUG:colcon.colcon_core.package_identification:Package 'src/bumperbot_description' with type 'ros.ament_cmake' and name 'bumperbot_description'
[0.340s] Level 1:colcon.colcon_core.package_identification:_identify(src/bumperbot_firmware) by extensions ['ignore', 'ignore_ament_install']
[0.340s] Level 1:colcon.colcon_core.package_identification:_identify(src/bumperbot_firmware) by extension 'ignore'
[0.341s] Level 1:colcon.colcon_core.package_identification:_identify(src/bumperbot_firmware) by extension 'ignore_ament_install'
[0.341s] Level 1:colcon.colcon_core.package_identification:_identify(src/bumperbot_firmware) by extensions ['colcon_pkg']
[0.341s] Level 1:colcon.colcon_core.package_identification:_identify(src/bumperbot_firmware) by extension 'colcon_pkg'
[0.341s] Level 1:colcon.colcon_core.package_identification:_identify(src/bumperbot_firmware) by extensions ['colcon_meta']
[0.341s] Level 1:colcon.colcon_core.package_identification:_identify(src/bumperbot_firmware) by extension 'colcon_meta'
[0.341s] Level 1:colcon.colcon_core.package_identification:_identify(src/bumperbot_firmware) by extensions ['ros']
[0.341s] Level 1:colcon.colcon_core.package_identification:_identify(src/bumperbot_firmware) by extension 'ros'
[0.342s] DEBUG:colcon.colcon_core.package_identification:Package 'src/bumperbot_firmware' with type 'ros.ament_cmake' and name 'bumperbot_firmware'
[0.342s] Level 1:colcon.colcon_core.package_identification:_identify(src/bumperbot_localization) by extensions ['ignore', 'ignore_ament_install']
[0.342s] Level 1:colcon.colcon_core.package_identification:_identify(src/bumperbot_localization) by extension 'ignore'
[0.342s] Level 1:colcon.colcon_core.package_identification:_identify(src/bumperbot_localization) by extension 'ignore_ament_install'
[0.342s] Level 1:colcon.colcon_core.package_identification:_identify(src/bumperbot_localization) by extensions ['colcon_pkg']
[0.342s] Level 1:colcon.colcon_core.package_identification:_identify(src/bumperbot_localization) by extension 'colcon_pkg'
[0.342s] Level 1:colcon.colcon_core.package_identification:_identify(src/bumperbot_localization) by extensions ['colcon_meta']
[0.342s] Level 1:colcon.colcon_core.package_identification:_identify(src/bumperbot_localization) by extension 'colcon_meta'
[0.342s] Level 1:colcon.colcon_core.package_identification:_identify(src/bumperbot_localization) by extensions ['ros']
[0.342s] Level 1:colcon.colcon_core.package_identification:_identify(src/bumperbot_localization) by extension 'ros'
[0.343s] DEBUG:colcon.colcon_core.package_identification:Package 'src/bumperbot_localization' with type 'ros.ament_cmake' and name 'bumperbot_localization'
[0.343s] Level 1:colcon.colcon_core.package_identification:_identify(src/bumperbot_mapping) by extensions ['ignore', 'ignore_ament_install']
[0.343s] Level 1:colcon.colcon_core.package_identification:_identify(src/bumperbot_mapping) by extension 'ignore'
[0.343s] Level 1:colcon.colcon_core.package_identification:_identify(src/bumperbot_mapping) by extension 'ignore_ament_install'
[0.343s] Level 1:colcon.colcon_core.package_identification:_identify(src/bumperbot_mapping) by extensions ['colcon_pkg']
[0.343s] Level 1:colcon.colcon_core.package_identification:_identify(src/bumperbot_mapping) by extension 'colcon_pkg'
[0.344s] Level 1:colcon.colcon_core.package_identification:_identify(src/bumperbot_mapping) by extensions ['colcon_meta']
[0.344s] Level 1:colcon.colcon_core.package_identification:_identify(src/bumperbot_mapping) by extension 'colcon_meta'
[0.344s] Level 1:colcon.colcon_core.package_identification:_identify(src/bumperbot_mapping) by extensions ['ros']
[0.344s] Level 1:colcon.colcon_core.package_identification:_identify(src/bumperbot_mapping) by extension 'ros'
[0.345s] DEBUG:colcon.colcon_core.package_identification:Package 'src/bumperbot_mapping' with type 'ros.ament_cmake' and name 'bumperbot_mapping'
[0.345s] Level 1:colcon.colcon_core.package_identification:_identify(src/bumperbot_msgs) by extensions ['ignore', 'ignore_ament_install']
[0.345s] Level 1:colcon.colcon_core.package_identification:_identify(src/bumperbot_msgs) by extension 'ignore'
[0.345s] Level 1:colcon.colcon_core.package_identification:_identify(src/bumperbot_msgs) by extension 'ignore_ament_install'
[0.345s] Level 1:colcon.colcon_core.package_identification:_identify(src/bumperbot_msgs) by extensions ['colcon_pkg']
[0.345s] Level 1:colcon.colcon_core.package_identification:_identify(src/bumperbot_msgs) by extension 'colcon_pkg'
[0.345s] Level 1:colcon.colcon_core.package_identification:_identify(src/bumperbot_msgs) by extensions ['colcon_meta']
[0.345s] Level 1:colcon.colcon_core.package_identification:_identify(src/bumperbot_msgs) by extension 'colcon_meta'
[0.345s] Level 1:colcon.colcon_core.package_identification:_identify(src/bumperbot_msgs) by extensions ['ros']
[0.345s] Level 1:colcon.colcon_core.package_identification:_identify(src/bumperbot_msgs) by extension 'ros'
[0.346s] DEBUG:colcon.colcon_core.package_identification:Package 'src/bumperbot_msgs' with type 'ros.ament_cmake' and name 'bumperbot_msgs'
[0.346s] Level 1:colcon.colcon_core.package_identification:_identify(src/bumperbot_planning) by extensions ['ignore', 'ignore_ament_install']
[0.347s] Level 1:colcon.colcon_core.package_identification:_identify(src/bumperbot_planning) by extension 'ignore'
[0.347s] Level 1:colcon.colcon_core.package_identification:_identify(src/bumperbot_planning) by extension 'ignore_ament_install'
[0.347s] Level 1:colcon.colcon_core.package_identification:_identify(src/bumperbot_planning) by extensions ['colcon_pkg']
[0.347s] Level 1:colcon.colcon_core.package_identification:_identify(src/bumperbot_planning) by extension 'colcon_pkg'
[0.347s] Level 1:colcon.colcon_core.package_identification:_identify(src/bumperbot_planning) by extensions ['colcon_meta']
[0.347s] Level 1:colcon.colcon_core.package_identification:_identify(src/bumperbot_planning) by extension 'colcon_meta'
[0.347s] Level 1:colcon.colcon_core.package_identification:_identify(src/bumperbot_planning) by extensions ['ros']
[0.347s] Level 1:colcon.colcon_core.package_identification:_identify(src/bumperbot_planning) by extension 'ros'
[0.348s] DEBUG:colcon.colcon_core.package_identification:Package 'src/bumperbot_planning' with type 'ros.ament_cmake' and name 'bumperbot_planning'
[0.348s] Level 1:colcon.colcon_core.package_identification:_identify(src/bumperbot_py_examples) by extensions ['ignore', 'ignore_ament_install']
[0.348s] Level 1:colcon.colcon_core.package_identification:_identify(src/bumperbot_py_examples) by extension 'ignore'
[0.348s] Level 1:colcon.colcon_core.package_identification:_identify(src/bumperbot_py_examples) by extension 'ignore_ament_install'
[0.348s] Level 1:colcon.colcon_core.package_identification:_identify(src/bumperbot_py_examples) by extensions ['colcon_pkg']
[0.348s] Level 1:colcon.colcon_core.package_identification:_identify(src/bumperbot_py_examples) by extension 'colcon_pkg'
[0.348s] Level 1:colcon.colcon_core.package_identification:_identify(src/bumperbot_py_examples) by extensions ['colcon_meta']
[0.348s] Level 1:colcon.colcon_core.package_identification:_identify(src/bumperbot_py_examples) by extension 'colcon_meta'
[0.348s] Level 1:colcon.colcon_core.package_identification:_identify(src/bumperbot_py_examples) by extensions ['ros']
[0.348s] Level 1:colcon.colcon_core.package_identification:_identify(src/bumperbot_py_examples) by extension 'ros'
[0.349s] DEBUG:colcon.colcon_core.package_identification:Package 'src/bumperbot_py_examples' with type 'ros.ament_python' and name 'bumperbot_py_examples'
[0.349s] Level 1:colcon.colcon_core.package_identification:_identify(src/bumperbot_utils) by extensions ['ignore', 'ignore_ament_install']
[0.350s] Level 1:colcon.colcon_core.package_identification:_identify(src/bumperbot_utils) by extension 'ignore'
[0.350s] Level 1:colcon.colcon_core.package_identification:_identify(src/bumperbot_utils) by extension 'ignore_ament_install'
[0.350s] Level 1:colcon.colcon_core.package_identification:_identify(src/bumperbot_utils) by extensions ['colcon_pkg']
[0.350s] Level 1:colcon.colcon_core.package_identification:_identify(src/bumperbot_utils) by extension 'colcon_pkg'
[0.350s] Level 1:colcon.colcon_core.package_identification:_identify(src/bumperbot_utils) by extensions ['colcon_meta']
[0.350s] Level 1:colcon.colcon_core.package_identification:_identify(src/bumperbot_utils) by extension 'colcon_meta'
[0.350s] Level 1:colcon.colcon_core.package_identification:_identify(src/bumperbot_utils) by extensions ['ros']
[0.350s] Level 1:colcon.colcon_core.package_identification:_identify(src/bumperbot_utils) by extension 'ros'
[0.351s] DEBUG:colcon.colcon_core.package_identification:Package 'src/bumperbot_utils' with type 'ros.ament_cmake' and name 'bumperbot_utils'
[0.351s] Level 1:colcon.colcon_core.package_discovery:discover_packages(recursive) using defaults
[0.351s] Level 1:colcon.colcon_core.package_discovery:discover_packages(ignore) discover
[0.351s] Level 1:colcon.colcon_core.package_discovery:discover_packages(ignore) using defaults
[0.351s] Level 1:colcon.colcon_core.package_discovery:discover_packages(path) discover
[0.351s] Level 1:colcon.colcon_core.package_discovery:discover_packages(path) using defaults
[0.385s] INFO:colcon.colcon_core.package_selection:Skipping not selected package 'bumperbot_controller' in 'src/bumperbot_controller'
[0.386s] INFO:colcon.colcon_core.package_selection:Skipping not selected package 'bumperbot_description' in 'src/bumperbot_description'
[0.386s] INFO:colcon.colcon_core.package_selection:Skipping not selected package 'bumperbot_firmware' in 'src/bumperbot_firmware'
[0.386s] INFO:colcon.colcon_core.package_selection:Skipping not selected package 'bumperbot_localization' in 'src/bumperbot_localization'
[0.386s] INFO:colcon.colcon_core.package_selection:Skipping not selected package 'bumperbot_mapping' in 'src/bumperbot_mapping'
[0.386s] INFO:colcon.colcon_core.package_selection:Skipping not selected package 'bumperbot_msgs' in 'src/bumperbot_msgs'
[0.386s] INFO:colcon.colcon_core.package_selection:Skipping not selected package 'bumperbot_utils' in 'src/bumperbot_utils'
[0.386s] INFO:colcon.colcon_core.package_selection:Skipping not selected package 'bumperbot_bringup' in 'src/bumperbot_bringup'
[0.386s] INFO:colcon.colcon_core.package_selection:Skipping not selected package 'bumperbot_cpp_examples' in 'src/bumperbot_cpp_examples'
[0.386s] INFO:colcon.colcon_core.package_selection:Skipping not selected package 'bumperbot_py_examples' in 'src/bumperbot_py_examples'
[0.386s] Level 1:colcon.colcon_core.package_discovery:discover_packages(prefix_path) check parameters
[0.386s] Level 1:colcon.colcon_core.package_discovery:discover_packages(prefix_path) discover
[0.389s] DEBUG:colcon.colcon_installed_package_information.package_discovery:Found 11 installed packages in /home/behzad/ros2_ws/install
[0.389s] DEBUG:colcon.colcon_installed_package_information.package_discovery:Found 11 installed packages in /home/behzad/bumporbot_ws/install
[0.392s] DEBUG:colcon.colcon_installed_package_information.package_discovery:Found 445 installed packages in /opt/ros/humble
[0.395s] Level 1:colcon.colcon_core.package_discovery:discover_packages(prefix_path) using defaults
[0.456s] Level 5:colcon.colcon_core.verb:set package 'bumperbot_planning' build argument 'cmake_args' from command line to 'None'
[0.456s] Level 5:colcon.colcon_core.verb:set package 'bumperbot_planning' build argument 'cmake_target' from command line to 'None'
[0.456s] Level 5:colcon.colcon_core.verb:set package 'bumperbot_planning' build argument 'cmake_target_skip_unavailable' from command line to 'False'
[0.456s] Level 5:colcon.colcon_core.verb:set package 'bumperbot_planning' build argument 'cmake_clean_cache' from command line to 'True'
[0.456s] Level 5:colcon.colcon_core.verb:set package 'bumperbot_planning' build argument 'cmake_clean_first' from command line to 'False'
[0.456s] Level 5:colcon.colcon_core.verb:set package 'bumperbot_planning' build argument 'cmake_force_configure' from command line to 'False'
[0.456s] Level 5:colcon.colcon_core.verb:set package 'bumperbot_planning' build argument 'ament_cmake_args' from command line to 'None'
[0.456s] Level 5:colcon.colcon_core.verb:set package 'bumperbot_planning' build argument 'catkin_cmake_args' from command line to 'None'
[0.456s] Level 5:colcon.colcon_core.verb:set package 'bumperbot_planning' build argument 'catkin_skip_building_tests' from command line to 'False'
[0.456s] DEBUG:colcon.colcon_core.verb:Building package 'bumperbot_planning' with the following arguments: {'ament_cmake_args': None, 'build_base': '/home/behzad/ros2_ws/build/bumperbot_planning', 'catkin_cmake_args': None, 'catkin_skip_building_tests': False, 'cmake_args': None, 'cmake_clean_cache': True, 'cmake_clean_first': False, 'cmake_force_configure': False, 'cmake_target': None, 'cmake_target_skip_unavailable': False, 'install_base': '/home/behzad/ros2_ws/install/bumperbot_planning', 'merge_install': False, 'path': '/home/behzad/ros2_ws/src/bumperbot_planning', 'symlink_install': False, 'test_result_base': None}
[0.456s] INFO:colcon.colcon_core.executor:Executing jobs using 'parallel' executor
[0.457s] DEBUG:colcon.colcon_parallel_executor.executor.parallel:run_until_complete
[0.458s] INFO:colcon.colcon_ros.task.ament_cmake.build:Building ROS package in '/home/behzad/ros2_ws/src/bumperbot_planning' with build type 'ament_cmake'
[0.458s] INFO:colcon.colcon_cmake.task.cmake.build:Building CMake package in '/home/behzad/ros2_ws/src/bumperbot_planning'
[0.461s] INFO:colcon.colcon_core.plugin_system:Skipping extension 'colcon_core.shell.bat': Not used on non-Windows systems
[0.461s] INFO:colcon.colcon_core.shell:Skip shell extension 'powershell' for command environment: Not usable outside of PowerShell
[0.461s] DEBUG:colcon.colcon_core.shell:Skip shell extension 'dsv' for command environment
[0.477s] DEBUG:colcon.colcon_core.event_handler.log_command:Invoking command in '/home/behzad/ros2_ws/build/bumperbot_planning': CMAKE_PREFIX_PATH=${CMAKE_PREFIX_PATH}:/home/behzad/ros2_ws/install/bumperbot_py_examples:/home/behzad/bumporbot_ws/install/bumporbot_py_examples:/opt/ros/humble /usr/bin/cmake /home/behzad/ros2_ws/src/bumperbot_planning -DCMAKE_INSTALL_PREFIX=/home/behzad/ros2_ws/install/bumperbot_planning
[2.647s] DEBUG:colcon.colcon_core.event_handler.log_command:Invoked command in '/home/behzad/ros2_ws/build/bumperbot_planning' returned '0': CMAKE_PREFIX_PATH=${CMAKE_PREFIX_PATH}:/home/behzad/ros2_ws/install/bumperbot_py_examples:/home/behzad/bumporbot_ws/install/bumporbot_py_examples:/opt/ros/humble /usr/bin/cmake /home/behzad/ros2_ws/src/bumperbot_planning -DCMAKE_INSTALL_PREFIX=/home/behzad/ros2_ws/install/bumperbot_planning
[2.649s] DEBUG:colcon.colcon_core.event_handler.log_command:Invoking command in '/home/behzad/ros2_ws/build/bumperbot_planning': CMAKE_PREFIX_PATH=${CMAKE_PREFIX_PATH}:/home/behzad/ros2_ws/install/bumperbot_py_examples:/home/behzad/bumporbot_ws/install/bumporbot_py_examples:/opt/ros/humble /usr/bin/cmake --build /home/behzad/ros2_ws/build/bumperbot_planning -- -j12 -l12
[15.533s] DEBUG:colcon.colcon_core.event_handler.log_command:Invoked command in '/home/behzad/ros2_ws/build/bumperbot_planning' returned '0': CMAKE_PREFIX_PATH=${CMAKE_PREFIX_PATH}:/home/behzad/ros2_ws/install/bumperbot_py_examples:/home/behzad/bumporbot_ws/install/bumporbot_py_examples:/opt/ros/humble /usr/bin/cmake --build /home/behzad/ros2_ws/build/bumperbot_planning -- -j12 -l12
[15.547s] DEBUG:colcon.colcon_core.event_handler.log_command:Invoking command in '/home/behzad/ros2_ws/build/bumperbot_planning': CMAKE_PREFIX_PATH=${CMAKE_PREFIX_PATH}:/home/behzad/ros2_ws/install/bumperbot_py_examples:/home/behzad/bumporbot_ws/install/bumporbot_py_examples:/opt/ros/humble /usr/bin/cmake --install /home/behzad/ros2_ws/build/bumperbot_planning
[15.642s] Level 1:colcon.colcon_core.environment:create_environment_scripts_only(bumperbot_planning)
[15.643s] DEBUG:colcon.colcon_core.event_handler.log_command:Invoked command in '/home/behzad/ros2_ws/build/bumperbot_planning' returned '0': CMAKE_PREFIX_PATH=${CMAKE_PREFIX_PATH}:/home/behzad/ros2_ws/install/bumperbot_py_examples:/home/behzad/bumporbot_ws/install/bumporbot_py_examples:/opt/ros/humble /usr/bin/cmake --install /home/behzad/ros2_ws/build/bumperbot_planning
[15.649s] Level 1:colcon.colcon_core.environment:checking '/home/behzad/ros2_ws/install/bumperbot_planning' for CMake module files
[15.650s] Level 1:colcon.colcon_core.environment:checking '/home/behzad/ros2_ws/install/bumperbot_planning' for CMake config files
[15.651s] Level 1:colcon.colcon_core.shell:create_environment_hook('bumperbot_planning', 'cmake_prefix_path')
[15.652s] INFO:colcon.colcon_core.shell:Creating environment hook '/home/behzad/ros2_ws/install/bumperbot_planning/share/bumperbot_planning/hook/cmake_prefix_path.ps1'
[15.653s] INFO:colcon.colcon_core.shell:Creating environment descriptor '/home/behzad/ros2_ws/install/bumperbot_planning/share/bumperbot_planning/hook/cmake_prefix_path.dsv'
[15.654s] INFO:colcon.colcon_core.shell:Creating environment hook '/home/behzad/ros2_ws/install/bumperbot_planning/share/bumperbot_planning/hook/cmake_prefix_path.sh'
[15.656s] Level 1:colcon.colcon_core.environment:checking '/home/behzad/ros2_ws/install/bumperbot_planning/lib'
[15.656s] Level 1:colcon.colcon_core.environment:checking '/home/behzad/ros2_ws/install/bumperbot_planning/bin'
[15.657s] Level 1:colcon.colcon_core.environment:checking '/home/behzad/ros2_ws/install/bumperbot_planning/lib/pkgconfig/bumperbot_planning.pc'
[15.657s] Level 1:colcon.colcon_core.environment:checking '/home/behzad/ros2_ws/install/bumperbot_planning/lib/python3.10/site-packages'
[15.658s] Level 1:colcon.colcon_core.environment:checking '/home/behzad/ros2_ws/install/bumperbot_planning/bin'
[15.658s] INFO:colcon.colcon_core.shell:Creating package script '/home/behzad/ros2_ws/install/bumperbot_planning/share/bumperbot_planning/package.ps1'
[15.660s] INFO:colcon.colcon_core.shell:Creating package descriptor '/home/behzad/ros2_ws/install/bumperbot_planning/share/bumperbot_planning/package.dsv'
[15.661s] INFO:colcon.colcon_core.shell:Creating package script '/home/behzad/ros2_ws/install/bumperbot_planning/share/bumperbot_planning/package.sh'
[15.663s] INFO:colcon.colcon_core.shell:Creating package script '/home/behzad/ros2_ws/install/bumperbot_planning/share/bumperbot_planning/package.bash'
[15.664s] INFO:colcon.colcon_core.shell:Creating package script '/home/behzad/ros2_ws/install/bumperbot_planning/share/bumperbot_planning/package.zsh'
[15.666s] Level 1:colcon.colcon_core.environment:create_file_with_runtime_dependencies(/home/behzad/ros2_ws/install/bumperbot_planning/share/colcon-core/packages/bumperbot_planning)
[15.667s] Level 1:colcon.colcon_core.environment:create_environment_scripts_only(bumperbot_planning)
[15.668s] Level 1:colcon.colcon_core.environment:checking '/home/behzad/ros2_ws/install/bumperbot_planning' for CMake module files
[15.669s] Level 1:colcon.colcon_core.environment:checking '/home/behzad/ros2_ws/install/bumperbot_planning' for CMake config files
[15.670s] Level 1:colcon.colcon_core.shell:create_environment_hook('bumperbot_planning', 'cmake_prefix_path')
[15.670s] INFO:colcon.colcon_core.shell:Creating environment hook '/home/behzad/ros2_ws/install/bumperbot_planning/share/bumperbot_planning/hook/cmake_prefix_path.ps1'
[15.671s] INFO:colcon.colcon_core.shell:Creating environment descriptor '/home/behzad/ros2_ws/install/bumperbot_planning/share/bumperbot_planning/hook/cmake_prefix_path.dsv'
[15.672s] INFO:colcon.colcon_core.shell:Creating environment hook '/home/behzad/ros2_ws/install/bumperbot_planning/share/bumperbot_planning/hook/cmake_prefix_path.sh'
[15.673s] Level 1:colcon.colcon_core.environment:checking '/home/behzad/ros2_ws/install/bumperbot_planning/lib'
[15.673s] Level 1:colcon.colcon_core.environment:checking '/home/behzad/ros2_ws/install/bumperbot_planning/bin'
[15.673s] Level 1:colcon.colcon_core.environment:checking '/home/behzad/ros2_ws/install/bumperbot_planning/lib/pkgconfig/bumperbot_planning.pc'
[15.674s] Level 1:colcon.colcon_core.environment:checking '/home/behzad/ros2_ws/install/bumperbot_planning/lib/python3.10/site-packages'
[15.675s] Level 1:colcon.colcon_core.environment:checking '/home/behzad/ros2_ws/install/bumperbot_planning/bin'
[15.675s] INFO:colcon.colcon_core.shell:Creating package script '/home/behzad/ros2_ws/install/bumperbot_planning/share/bumperbot_planning/package.ps1'
[15.676s] INFO:colcon.colcon_core.shell:Creating package descriptor '/home/behzad/ros2_ws/install/bumperbot_planning/share/bumperbot_planning/package.dsv'
[15.678s] INFO:colcon.colcon_core.shell:Creating package script '/home/behzad/ros2_ws/install/bumperbot_planning/share/bumperbot_planning/package.sh'
[15.679s] INFO:colcon.colcon_core.shell:Creating package script '/home/behzad/ros2_ws/install/bumperbot_planning/share/bumperbot_planning/package.bash'
[15.681s] INFO:colcon.colcon_core.shell:Creating package script '/home/behzad/ros2_ws/install/bumperbot_planning/share/bumperbot_planning/package.zsh'
[15.682s] Level 1:colcon.colcon_core.environment:create_file_with_runtime_dependencies(/home/behzad/ros2_ws/install/bumperbot_planning/share/colcon-core/packages/bumperbot_planning)
[15.683s] DEBUG:colcon.colcon_parallel_executor.executor.parallel:closing loop
[15.683s] DEBUG:colcon.colcon_parallel_executor.executor.parallel:loop closed
[15.684s] DEBUG:colcon.colcon_parallel_executor.executor.parallel:run_until_complete finished with '0'
[15.684s] DEBUG:colcon.colcon_core.event_reactor:joining thread
[15.697s] INFO:colcon.colcon_core.plugin_system:Skipping extension 'colcon_notification.desktop_notification.terminal_notifier': Not used on non-Darwin systems
[15.697s] INFO:colcon.colcon_core.plugin_system:Skipping extension 'colcon_notification.desktop_notification.win32': Not used on non-Windows systems
[15.697s] INFO:colcon.colcon_notification.desktop_notification:Sending desktop notification using 'notify2'
[15.721s] DEBUG:colcon.colcon_core.event_reactor:joined thread
[15.722s] INFO:colcon.colcon_core.shell:Creating prefix script '/home/behzad/ros2_ws/install/local_setup.ps1'
[15.724s] INFO:colcon.colcon_core.shell:Creating prefix util module '/home/behzad/ros2_ws/install/_local_setup_util_ps1.py'
[15.727s] INFO:colcon.colcon_core.shell:Creating prefix chain script '/home/behzad/ros2_ws/install/setup.ps1'
[15.731s] INFO:colcon.colcon_core.shell:Creating prefix script '/home/behzad/ros2_ws/install/local_setup.sh'
[15.733s] INFO:colcon.colcon_core.shell:Creating prefix util module '/home/behzad/ros2_ws/install/_local_setup_util_sh.py'
[15.734s] INFO:colcon.colcon_core.shell:Creating prefix chain script '/home/behzad/ros2_ws/install/setup.sh'
[15.738s] INFO:colcon.colcon_core.shell:Creating prefix script '/home/behzad/ros2_ws/install/local_setup.bash'
[15.739s] INFO:colcon.colcon_core.shell:Creating prefix chain script '/home/behzad/ros2_ws/install/setup.bash'
[15.744s] INFO:colcon.colcon_core.shell:Creating prefix script '/home/behzad/ros2_ws/install/local_setup.zsh'
[15.745s] INFO:colcon.colcon_core.shell:Creating prefix chain script '/home/behzad/ros2_ws/install/setup.zsh'
