[0.044s] Invoking command in '/home/behzad/ros2_ws/build/bumperbot_localization': CMAKE_PREFIX_PATH=${CMAKE_PREFIX_PATH}:/home/behzad/ros2_ws/install/bumperbot_py_examples:/home/behzad/bumporbot_ws/install/bumporbot_py_examples:/opt/ros/humble /usr/bin/cmake --build /home/behzad/ros2_ws/build/bumperbot_localization -- -j12 -l12
[0.211s] [ 33%] Built target kalman_filter
[0.211s] [ 66%] Built target imu_republisher
[0.230s] [ 66%] Built target ament_cmake_python_copy_bumperbot_localization
[0.232s] [100%] Built target odometry_motion_model
[0.658s] running egg_info
[0.659s] writing bumperbot_localization.egg-info/PKG-INFO
[0.659s] writing dependency_links to bumperbot_localization.egg-info/dependency_links.txt
[0.660s] writing top-level names to bumperbot_localization.egg-info/top_level.txt
[0.663s] reading manifest file 'bumperbot_localization.egg-info/SOURCES.txt'
[0.664s] writing manifest file 'bumperbot_localization.egg-info/SOURCES.txt'
[0.727s] [100%] Built target ament_cmake_python_build_bumperbot_localization_egg
[0.782s] Invoked command in '/home/behzad/ros2_ws/build/bumperbot_localization' returned '0': CMAKE_PREFIX_PATH=${CMAKE_PREFIX_PATH}:/home/behzad/ros2_ws/install/bumperbot_py_examples:/home/behzad/bumporbot_ws/install/bumporbot_py_examples:/opt/ros/humble /usr/bin/cmake --build /home/behzad/ros2_ws/build/bumperbot_localization -- -j12 -l12
[0.784s] Invoking command in '/home/behzad/ros2_ws/build/bumperbot_localization': CMAKE_PREFIX_PATH=${CMAKE_PREFIX_PATH}:/home/behzad/ros2_ws/install/bumperbot_py_examples:/home/behzad/bumporbot_ws/install/bumporbot_py_examples:/opt/ros/humble /usr/bin/cmake --install /home/behzad/ros2_ws/build/bumperbot_localization
[0.805s] -- Install configuration: ""
[0.805s] -- Up-to-date: /home/behzad/ros2_ws/install/bumperbot_localization/share/bumperbot_localization/environment/pythonpath.sh
[0.805s] -- Up-to-date: /home/behzad/ros2_ws/install/bumperbot_localization/share/bumperbot_localization/environment/pythonpath.dsv
[0.805s] -- Up-to-date: /home/behzad/ros2_ws/install/bumperbot_localization/local/lib/python3.10/dist-packages/bumperbot_localization-0.0.0-py3.10.egg-info
[0.806s] -- Installing: /home/behzad/ros2_ws/install/bumperbot_localization/local/lib/python3.10/dist-packages/bumperbot_localization-0.0.0-py3.10.egg-info/dependency_links.txt
[0.806s] -- Installing: /home/behzad/ros2_ws/install/bumperbot_localization/local/lib/python3.10/dist-packages/bumperbot_localization-0.0.0-py3.10.egg-info/PKG-INFO
[0.806s] -- Installing: /home/behzad/ros2_ws/install/bumperbot_localization/local/lib/python3.10/dist-packages/bumperbot_localization-0.0.0-py3.10.egg-info/SOURCES.txt
[0.806s] -- Installing: /home/behzad/ros2_ws/install/bumperbot_localization/local/lib/python3.10/dist-packages/bumperbot_localization-0.0.0-py3.10.egg-info/top_level.txt
[0.806s] -- Up-to-date: /home/behzad/ros2_ws/install/bumperbot_localization/local/lib/python3.10/dist-packages/bumperbot_localization
[0.807s] -- Up-to-date: /home/behzad/ros2_ws/install/bumperbot_localization/local/lib/python3.10/dist-packages/bumperbot_localization/__init__.py
[0.807s] -- Up-to-date: /home/behzad/ros2_ws/install/bumperbot_localization/local/lib/python3.10/dist-packages/bumperbot_localization/kalman_filter.py
[0.807s] -- Up-to-date: /home/behzad/ros2_ws/install/bumperbot_localization/local/lib/python3.10/dist-packages/bumperbot_localization/odometry_motion_model.py
[0.807s] -- Up-to-date: /home/behzad/ros2_ws/install/bumperbot_localization/local/lib/python3.10/dist-packages/bumperbot_localization/imu_republisher.py
[0.871s] Listing '/home/behzad/ros2_ws/install/bumperbot_localization/local/lib/python3.10/dist-packages/bumperbot_localization'...
[0.876s] -- Up-to-date: /home/behzad/ros2_ws/install/bumperbot_localization/include/include
[0.877s] -- Up-to-date: /home/behzad/ros2_ws/install/bumperbot_localization/include/include/bumperbot_localization
[0.877s] -- Up-to-date: /home/behzad/ros2_ws/install/bumperbot_localization/include/include/bumperbot_localization/kalman_filter.hpp
[0.877s] -- Up-to-date: /home/behzad/ros2_ws/install/bumperbot_localization/include/include/bumperbot_localization/odometry_motion_model.hpp
[0.877s] -- Up-to-date: /home/behzad/ros2_ws/install/bumperbot_localization/bin/odometry_motion_model
[0.877s] -- Up-to-date: /home/behzad/ros2_ws/install/bumperbot_localization/lib/bumperbot_localization/kalman_filter
[0.877s] -- Up-to-date: /home/behzad/ros2_ws/install/bumperbot_localization/lib/bumperbot_localization/imu_republisher
[0.877s] -- Up-to-date: /home/behzad/ros2_ws/install/bumperbot_localization/lib/bumperbot_localization/odometry_motion_model
[0.877s] -- Up-to-date: /home/behzad/ros2_ws/install/bumperbot_localization/share/bumperbot_localization/launch
[0.877s] -- Up-to-date: /home/behzad/ros2_ws/install/bumperbot_localization/share/bumperbot_localization/launch/global_localization.launch.py
[0.877s] -- Up-to-date: /home/behzad/ros2_ws/install/bumperbot_localization/share/bumperbot_localization/launch/local_localization.launch.py
[0.878s] -- Up-to-date: /home/behzad/ros2_ws/install/bumperbot_localization/share/bumperbot_localization/config
[0.878s] -- Up-to-date: /home/behzad/ros2_ws/install/bumperbot_localization/share/bumperbot_localization/config/amcl.yaml
[0.878s] -- Up-to-date: /home/behzad/ros2_ws/install/bumperbot_localization/share/bumperbot_localization/config/odometry_motion_model.rviz
[0.880s] -- Up-to-date: /home/behzad/ros2_ws/install/bumperbot_localization/share/bumperbot_localization/config/ekf.yaml
[0.880s] -- Up-to-date: /home/behzad/ros2_ws/install/bumperbot_localization/share/bumperbot_localization/rviz
[0.880s] -- Up-to-date: /home/behzad/ros2_ws/install/bumperbot_localization/share/bumperbot_localization/rviz/global_localization.rviz
[0.880s] -- Up-to-date: /home/behzad/ros2_ws/install/bumperbot_localization/lib/bumperbot_localization/kalman_filter.py
[0.880s] -- Up-to-date: /home/behzad/ros2_ws/install/bumperbot_localization/lib/bumperbot_localization/imu_republisher.py
[0.881s] -- Up-to-date: /home/behzad/ros2_ws/install/bumperbot_localization/lib/bumperbot_localization/odometry_motion_model.py
[0.881s] -- Up-to-date: /home/behzad/ros2_ws/install/bumperbot_localization/share/ament_index/resource_index/package_run_dependencies/bumperbot_localization
[0.881s] -- Up-to-date: /home/behzad/ros2_ws/install/bumperbot_localization/share/ament_index/resource_index/parent_prefix_path/bumperbot_localization
[0.881s] -- Up-to-date: /home/behzad/ros2_ws/install/bumperbot_localization/share/bumperbot_localization/environment/ament_prefix_path.sh
[0.881s] -- Up-to-date: /home/behzad/ros2_ws/install/bumperbot_localization/share/bumperbot_localization/environment/ament_prefix_path.dsv
[0.881s] -- Up-to-date: /home/behzad/ros2_ws/install/bumperbot_localization/share/bumperbot_localization/environment/path.sh
[0.881s] -- Up-to-date: /home/behzad/ros2_ws/install/bumperbot_localization/share/bumperbot_localization/environment/path.dsv
[0.881s] -- Up-to-date: /home/behzad/ros2_ws/install/bumperbot_localization/share/bumperbot_localization/local_setup.bash
[0.881s] -- Up-to-date: /home/behzad/ros2_ws/install/bumperbot_localization/share/bumperbot_localization/local_setup.sh
[0.881s] -- Up-to-date: /home/behzad/ros2_ws/install/bumperbot_localization/share/bumperbot_localization/local_setup.zsh
[0.881s] -- Up-to-date: /home/behzad/ros2_ws/install/bumperbot_localization/share/bumperbot_localization/local_setup.dsv
[0.882s] -- Installing: /home/behzad/ros2_ws/install/bumperbot_localization/share/bumperbot_localization/package.dsv
[0.882s] -- Up-to-date: /home/behzad/ros2_ws/install/bumperbot_localization/share/ament_index/resource_index/packages/bumperbot_localization
[0.882s] -- Up-to-date: /home/behzad/ros2_ws/install/bumperbot_localization/share/bumperbot_localization/cmake/bumperbot_localizationConfig.cmake
[0.882s] -- Up-to-date: /home/behzad/ros2_ws/install/bumperbot_localization/share/bumperbot_localization/cmake/bumperbot_localizationConfig-version.cmake
[0.882s] -- Up-to-date: /home/behzad/ros2_ws/install/bumperbot_localization/share/bumperbot_localization/package.xml
[1.204s] Invoked command in '/home/behzad/ros2_ws/build/bumperbot_localization' returned '0': CMAKE_PREFIX_PATH=${CMAKE_PREFIX_PATH}:/home/behzad/ros2_ws/install/bumperbot_py_examples:/home/behzad/bumporbot_ws/install/bumporbot_py_examples:/opt/ros/humble /usr/bin/cmake --install /home/behzad/ros2_ws/build/bumperbot_localization
