[0.040s] Invoking command in '/home/behzad/ros2_ws/build/bumperbot_firmware': CMAKE_PREFIX_PATH=${CMAKE_PREFIX_PATH}:/home/behzad/ros2_ws/install/bumperbot_py_examples:/home/behzad/bumporbot_ws/install/bumporbot_py_examples:/opt/ros/humble /usr/bin/cmake /home/behzad/ros2_ws/src/bumperbot_firmware -DCMAKE_INSTALL_PREFIX=/home/behzad/ros2_ws/install/bumperbot_firmware
[0.223s] -- The C compiler identification is GNU 11.4.0
[0.357s] -- The CXX compiler identification is GNU 11.4.0
[0.368s] -- Detecting C compiler ABI info
[0.468s] -- Detecting C compiler ABI info - done
[0.481s] -- Check for working C compiler: /usr/bin/cc - skipped
[0.481s] -- Detecting C compile features
[0.482s] -- Detecting C compile features - done
[0.486s] -- Detecting CXX compiler ABI info
[0.597s] -- Detecting CXX compiler ABI info - done
[0.611s] -- Check for working CXX compiler: /usr/bin/c++ - skipped
[0.611s] -- Detecting CXX compile features
[0.612s] -- Detecting CXX compile features - done
[0.618s] -- Found ament_cmake: 1.3.12 (/opt/ros/humble/share/ament_cmake/cmake)
[0.830s] -- Found Python3: /usr/bin/python3 (found version "3.10.12") found components: Interpreter 
[1.023s] -- Found rclcpp: 16.0.15 (/opt/ros/humble/share/rclcpp/cmake)
[1.093s] -- Found rosidl_generator_c: 3.1.7 (/opt/ros/humble/share/rosidl_generator_c/cmake)
[1.107s] -- Found rosidl_adapter: 3.1.7 (/opt/ros/humble/share/rosidl_adapter/cmake)
[1.126s] -- Found rosidl_generator_cpp: 3.1.7 (/opt/ros/humble/share/rosidl_generator_cpp/cmake)
[1.154s] -- Using all available rosidl_typesupport_c: rosidl_typesupport_fastrtps_c;rosidl_typesupport_introspection_c
[1.189s] -- Using all available rosidl_typesupport_cpp: rosidl_typesupport_fastrtps_cpp;rosidl_typesupport_introspection_cpp
[1.286s] -- Found rmw_implementation_cmake: 6.1.2 (/opt/ros/humble/share/rmw_implementation_cmake/cmake)
[1.292s] -- Found rmw_fastrtps_cpp: 6.2.9 (/opt/ros/humble/share/rmw_fastrtps_cpp/cmake)
[1.438s] -- Found OpenSSL: /usr/lib/x86_64-linux-gnu/libcrypto.so (found version "3.0.2")  
[1.482s] -- Found FastRTPS: /opt/ros/humble/include  
[1.542s] -- Using RMW implementation 'rmw_fastrtps_cpp' as default
[1.562s] -- Looking for pthread.h
[1.672s] -- Looking for pthread.h - found
[1.672s] -- Performing Test CMAKE_HAVE_LIBC_PTHREAD
[1.776s] -- Performing Test CMAKE_HAVE_LIBC_PTHREAD - Success
[1.778s] -- Found Threads: TRUE  
[1.887s] -- Found rclpy: 3.3.17 (/opt/ros/humble/share/rclpy/cmake)
[1.892s] -- Found hardware_interface: 2.52.0 (/opt/ros/humble/share/hardware_interface/cmake)
[2.167s] -- Found PkgConfig: /usr/bin/pkg-config (found version "0.29.2") 
[2.169s] -- Checking for module 'libserial'
[2.193s] --   Found libserial, version 1.0.0
[2.523s] -- Configuring done
[2.562s] -- Generating done
[2.573s] -- Build files have been written to: /home/behzad/ros2_ws/build/bumperbot_firmware
[2.611s] Invoked command in '/home/behzad/ros2_ws/build/bumperbot_firmware' returned '0': CMAKE_PREFIX_PATH=${CMAKE_PREFIX_PATH}:/home/behzad/ros2_ws/install/bumperbot_py_examples:/home/behzad/bumporbot_ws/install/bumporbot_py_examples:/opt/ros/humble /usr/bin/cmake /home/behzad/ros2_ws/src/bumperbot_firmware -DCMAKE_INSTALL_PREFIX=/home/behzad/ros2_ws/install/bumperbot_firmware
[2.611s] Invoking command in '/home/behzad/ros2_ws/build/bumperbot_firmware': CMAKE_PREFIX_PATH=${CMAKE_PREFIX_PATH}:/home/behzad/ros2_ws/install/bumperbot_py_examples:/home/behzad/bumporbot_ws/install/bumporbot_py_examples:/opt/ros/humble /usr/bin/cmake --build /home/behzad/ros2_ws/build/bumperbot_firmware -- -j12 -l12
[2.756s] [ 16%] [32mBuilding CXX object CMakeFiles/bumperbot_firmware.dir/src/bumperbot_interface.cpp.o[0m
[2.758s] [ 33%] [32mBuilding CXX object CMakeFiles/simple_serial_receiver.dir/src/simple_serial_receiver.cpp.o[0m
[2.763s] [ 50%] [32mBuilding CXX object CMakeFiles/simple_serial_transmitter.dir/src/simple_serial_transmitter.cpp.o[0m
[2.774s] [ 50%] Built target ament_cmake_python_copy_bumperbot_firmware
[3.320s] running egg_info
[3.322s] creating bumperbot_firmware.egg-info
[3.322s] writing bumperbot_firmware.egg-info/PKG-INFO
[3.322s] writing dependency_links to bumperbot_firmware.egg-info/dependency_links.txt
[3.322s] writing top-level names to bumperbot_firmware.egg-info/top_level.txt
[3.324s] writing manifest file 'bumperbot_firmware.egg-info/SOURCES.txt'
[3.326s] reading manifest file 'bumperbot_firmware.egg-info/SOURCES.txt'
[3.330s] writing manifest file 'bumperbot_firmware.egg-info/SOURCES.txt'
[3.384s] [ 50%] Built target ament_cmake_python_build_bumperbot_firmware_egg
[10.725s] [ 66%] [32m[1mLinking CXX shared library libbumperbot_firmware.so[0m
[11.180s] [ 66%] Built target bumperbot_firmware
[12.125s] [ 83%] [32m[1mLinking CXX executable simple_serial_receiver[0m
[12.561s] [ 83%] Built target simple_serial_receiver
[20.598s] [100%] [32m[1mLinking CXX executable simple_serial_transmitter[0m
[22.323s] [100%] Built target simple_serial_transmitter
[22.390s] Invoked command in '/home/behzad/ros2_ws/build/bumperbot_firmware' returned '0': CMAKE_PREFIX_PATH=${CMAKE_PREFIX_PATH}:/home/behzad/ros2_ws/install/bumperbot_py_examples:/home/behzad/bumporbot_ws/install/bumporbot_py_examples:/opt/ros/humble /usr/bin/cmake --build /home/behzad/ros2_ws/build/bumperbot_firmware -- -j12 -l12
[22.393s] Invoking command in '/home/behzad/ros2_ws/build/bumperbot_firmware': CMAKE_PREFIX_PATH=${CMAKE_PREFIX_PATH}:/home/behzad/ros2_ws/install/bumperbot_py_examples:/home/behzad/bumporbot_ws/install/bumporbot_py_examples:/opt/ros/humble /usr/bin/cmake --install /home/behzad/ros2_ws/build/bumperbot_firmware
[22.432s] -- Install configuration: ""
[22.432s] -- Installing: /home/behzad/ros2_ws/install/bumperbot_firmware/share/bumperbot_firmware/environment/pythonpath.sh
[22.432s] -- Installing: /home/behzad/ros2_ws/install/bumperbot_firmware/share/bumperbot_firmware/environment/pythonpath.dsv
[22.434s] -- Installing: /home/behzad/ros2_ws/install/bumperbot_firmware/local/lib/python3.10/dist-packages/bumperbot_firmware-0.0.0-py3.10.egg-info
[22.440s] -- Installing: /home/behzad/ros2_ws/install/bumperbot_firmware/local/lib/python3.10/dist-packages/bumperbot_firmware-0.0.0-py3.10.egg-info/dependency_links.txt
[22.440s] -- Installing: /home/behzad/ros2_ws/install/bumperbot_firmware/local/lib/python3.10/dist-packages/bumperbot_firmware-0.0.0-py3.10.egg-info/PKG-INFO
[22.440s] -- Installing: /home/behzad/ros2_ws/install/bumperbot_firmware/local/lib/python3.10/dist-packages/bumperbot_firmware-0.0.0-py3.10.egg-info/SOURCES.txt
[22.440s] -- Installing: /home/behzad/ros2_ws/install/bumperbot_firmware/local/lib/python3.10/dist-packages/bumperbot_firmware-0.0.0-py3.10.egg-info/top_level.txt
[22.441s] -- Installing: /home/behzad/ros2_ws/install/bumperbot_firmware/local/lib/python3.10/dist-packages/bumperbot_firmware
[22.441s] -- Installing: /home/behzad/ros2_ws/install/bumperbot_firmware/local/lib/python3.10/dist-packages/bumperbot_firmware/__init__.py
[22.441s] -- Installing: /home/behzad/ros2_ws/install/bumperbot_firmware/local/lib/python3.10/dist-packages/bumperbot_firmware/simple_serial_receiver.py
[22.441s] -- Installing: /home/behzad/ros2_ws/install/bumperbot_firmware/local/lib/python3.10/dist-packages/bumperbot_firmware/simple_serial_transmitter.py
[22.441s] -- Installing: /home/behzad/ros2_ws/install/bumperbot_firmware/local/lib/python3.10/dist-packages/bumperbot_firmware/mpu6050_driver.py
[22.600s] Listing '/home/behzad/ros2_ws/install/bumperbot_firmware/local/lib/python3.10/dist-packages/bumperbot_firmware'...
[22.600s] Compiling '/home/behzad/ros2_ws/install/bumperbot_firmware/local/lib/python3.10/dist-packages/bumperbot_firmware/__init__.py'...
[22.601s] Compiling '/home/behzad/ros2_ws/install/bumperbot_firmware/local/lib/python3.10/dist-packages/bumperbot_firmware/mpu6050_driver.py'...
[22.601s] Compiling '/home/behzad/ros2_ws/install/bumperbot_firmware/local/lib/python3.10/dist-packages/bumperbot_firmware/simple_serial_receiver.py'...
[22.601s] Compiling '/home/behzad/ros2_ws/install/bumperbot_firmware/local/lib/python3.10/dist-packages/bumperbot_firmware/simple_serial_transmitter.py'...
[22.618s] -- Installing: /home/behzad/ros2_ws/install/bumperbot_firmware/share/bumperbot_firmware/bumperbot_interface.xml
[22.624s] -- Installing: /home/behzad/ros2_ws/install/bumperbot_firmware/lib/libbumperbot_firmware.so
[22.626s] -- Set runtime path of "/home/behzad/ros2_ws/install/bumperbot_firmware/lib/libbumperbot_firmware.so" to ""
[22.627s] -- Installing: /home/behzad/ros2_ws/install/bumperbot_firmware/include/include
[22.627s] -- Installing: /home/behzad/ros2_ws/install/bumperbot_firmware/include/include/bumperbot_firmware
[22.628s] -- Installing: /home/behzad/ros2_ws/install/bumperbot_firmware/include/include/bumperbot_firmware/bumperbot_interface.hpp
[22.633s] -- Installing: /home/behzad/ros2_ws/install/bumperbot_firmware/share/bumperbot_firmware/launch
[22.633s] -- Installing: /home/behzad/ros2_ws/install/bumperbot_firmware/share/bumperbot_firmware/launch/hardware_interface.launch.py
[22.635s] -- Installing: /home/behzad/ros2_ws/install/bumperbot_firmware/lib/bumperbot_firmware/simple_serial_transmitter.py
[22.635s] -- Installing: /home/behzad/ros2_ws/install/bumperbot_firmware/lib/bumperbot_firmware/simple_serial_receiver.py
[22.635s] -- Installing: /home/behzad/ros2_ws/install/bumperbot_firmware/lib/bumperbot_firmware/mpu6050_driver.py
[22.638s] -- Installing: /home/behzad/ros2_ws/install/bumperbot_firmware/lib/bumperbot_firmware/simple_serial_receiver
[22.646s] -- Set runtime path of "/home/behzad/ros2_ws/install/bumperbot_firmware/lib/bumperbot_firmware/simple_serial_receiver" to ""
[22.646s] -- Installing: /home/behzad/ros2_ws/install/bumperbot_firmware/lib/bumperbot_firmware/simple_serial_transmitter
[22.659s] -- Set runtime path of "/home/behzad/ros2_ws/install/bumperbot_firmware/lib/bumperbot_firmware/simple_serial_transmitter" to ""
[22.659s] -- Installing: /home/behzad/ros2_ws/install/bumperbot_firmware/share/bumperbot_firmware/environment/library_path.sh
[22.660s] -- Installing: /home/behzad/ros2_ws/install/bumperbot_firmware/share/bumperbot_firmware/environment/library_path.dsv
[22.666s] -- Installing: /home/behzad/ros2_ws/install/bumperbot_firmware/share/ament_index/resource_index/package_run_dependencies/bumperbot_firmware
[22.667s] -- Installing: /home/behzad/ros2_ws/install/bumperbot_firmware/share/ament_index/resource_index/parent_prefix_path/bumperbot_firmware
[22.667s] -- Installing: /home/behzad/ros2_ws/install/bumperbot_firmware/share/bumperbot_firmware/environment/ament_prefix_path.sh
[22.667s] -- Installing: /home/behzad/ros2_ws/install/bumperbot_firmware/share/bumperbot_firmware/environment/ament_prefix_path.dsv
[22.667s] -- Installing: /home/behzad/ros2_ws/install/bumperbot_firmware/share/bumperbot_firmware/environment/path.sh
[22.667s] -- Installing: /home/behzad/ros2_ws/install/bumperbot_firmware/share/bumperbot_firmware/environment/path.dsv
[22.668s] -- Installing: /home/behzad/ros2_ws/install/bumperbot_firmware/share/bumperbot_firmware/local_setup.bash
[22.668s] -- Installing: /home/behzad/ros2_ws/install/bumperbot_firmware/share/bumperbot_firmware/local_setup.sh
[22.674s] -- Installing: /home/behzad/ros2_ws/install/bumperbot_firmware/share/bumperbot_firmware/local_setup.zsh
[22.674s] -- Installing: /home/behzad/ros2_ws/install/bumperbot_firmware/share/bumperbot_firmware/local_setup.dsv
[22.674s] -- Installing: /home/behzad/ros2_ws/install/bumperbot_firmware/share/bumperbot_firmware/package.dsv
[22.674s] -- Installing: /home/behzad/ros2_ws/install/bumperbot_firmware/share/ament_index/resource_index/packages/bumperbot_firmware
[22.674s] -- Installing: /home/behzad/ros2_ws/install/bumperbot_firmware/share/ament_index/resource_index/hardware_interface__pluginlib__plugin/bumperbot_firmware
[22.676s] -- Installing: /home/behzad/ros2_ws/install/bumperbot_firmware/share/bumperbot_firmware/cmake/ament_cmake_export_include_directories-extras.cmake
[22.676s] -- Installing: /home/behzad/ros2_ws/install/bumperbot_firmware/share/bumperbot_firmware/cmake/ament_cmake_export_libraries-extras.cmake
[22.676s] -- Installing: /home/behzad/ros2_ws/install/bumperbot_firmware/share/bumperbot_firmware/cmake/ament_cmake_export_dependencies-extras.cmake
[22.677s] -- Installing: /home/behzad/ros2_ws/install/bumperbot_firmware/share/bumperbot_firmware/cmake/bumperbot_firmwareConfig.cmake
[22.677s] -- Installing: /home/behzad/ros2_ws/install/bumperbot_firmware/share/bumperbot_firmware/cmake/bumperbot_firmwareConfig-version.cmake
[22.679s] -- Installing: /home/behzad/ros2_ws/install/bumperbot_firmware/share/bumperbot_firmware/package.xml
[22.688s] Invoked command in '/home/behzad/ros2_ws/build/bumperbot_firmware' returned '0': CMAKE_PREFIX_PATH=${CMAKE_PREFIX_PATH}:/home/behzad/ros2_ws/install/bumperbot_py_examples:/home/behzad/bumporbot_ws/install/bumporbot_py_examples:/opt/ros/humble /usr/bin/cmake --install /home/behzad/ros2_ws/build/bumperbot_firmware
