[0.051s] Invoking command in '/home/behzad/ros2_ws/build/bumperbot_mapping': CMAKE_PREFIX_PATH=${CMAKE_PREFIX_PATH}:/home/behzad/ros2_ws/install/bumperbot_py_examples:/home/behzad/bumporbot_ws/install/bumporbot_py_examples:/opt/ros/humble /usr/bin/cmake --build /home/behzad/ros2_ws/build/bumperbot_mapping -- -j12 -l12
[0.201s] [  0%] Built target ament_cmake_python_copy_bumperbot_mapping
[0.215s] [100%] Built target mapping_with_known_poses
[0.701s] running egg_info
[0.701s] writing bumperbot_mapping.egg-info/PKG-INFO
[0.702s] writing dependency_links to bumperbot_mapping.egg-info/dependency_links.txt
[0.702s] writing top-level names to bumperbot_mapping.egg-info/top_level.txt
[0.705s] reading manifest file 'bumperbot_mapping.egg-info/SOURCES.txt'
[0.706s] writing manifest file 'bumperbot_mapping.egg-info/SOURCES.txt'
[0.787s] [100%] Built target ament_cmake_python_build_bumperbot_mapping_egg
[0.816s] Invoked command in '/home/behzad/ros2_ws/build/bumperbot_mapping' returned '0': CMAKE_PREFIX_PATH=${CMAKE_PREFIX_PATH}:/home/behzad/ros2_ws/install/bumperbot_py_examples:/home/behzad/bumporbot_ws/install/bumporbot_py_examples:/opt/ros/humble /usr/bin/cmake --build /home/behzad/ros2_ws/build/bumperbot_mapping -- -j12 -l12
[0.820s] Invoking command in '/home/behzad/ros2_ws/build/bumperbot_mapping': CMAKE_PREFIX_PATH=${CMAKE_PREFIX_PATH}:/home/behzad/ros2_ws/install/bumperbot_py_examples:/home/behzad/bumporbot_ws/install/bumporbot_py_examples:/opt/ros/humble /usr/bin/cmake --install /home/behzad/ros2_ws/build/bumperbot_mapping
[0.837s] -- Install configuration: ""
[0.837s] -- Up-to-date: /home/behzad/ros2_ws/install/bumperbot_mapping/share/bumperbot_mapping/environment/pythonpath.sh
[0.837s] -- Up-to-date: /home/behzad/ros2_ws/install/bumperbot_mapping/share/bumperbot_mapping/environment/pythonpath.dsv
[0.837s] -- Up-to-date: /home/behzad/ros2_ws/install/bumperbot_mapping/local/lib/python3.10/dist-packages/bumperbot_mapping-0.0.0-py3.10.egg-info
[0.838s] -- Installing: /home/behzad/ros2_ws/install/bumperbot_mapping/local/lib/python3.10/dist-packages/bumperbot_mapping-0.0.0-py3.10.egg-info/dependency_links.txt
[0.838s] -- Installing: /home/behzad/ros2_ws/install/bumperbot_mapping/local/lib/python3.10/dist-packages/bumperbot_mapping-0.0.0-py3.10.egg-info/PKG-INFO
[0.838s] -- Installing: /home/behzad/ros2_ws/install/bumperbot_mapping/local/lib/python3.10/dist-packages/bumperbot_mapping-0.0.0-py3.10.egg-info/SOURCES.txt
[0.839s] -- Installing: /home/behzad/ros2_ws/install/bumperbot_mapping/local/lib/python3.10/dist-packages/bumperbot_mapping-0.0.0-py3.10.egg-info/top_level.txt
[0.839s] -- Up-to-date: /home/behzad/ros2_ws/install/bumperbot_mapping/local/lib/python3.10/dist-packages/bumperbot_mapping
[0.839s] -- Up-to-date: /home/behzad/ros2_ws/install/bumperbot_mapping/local/lib/python3.10/dist-packages/bumperbot_mapping/__init__.py
[0.841s] -- Up-to-date: /home/behzad/ros2_ws/install/bumperbot_mapping/local/lib/python3.10/dist-packages/bumperbot_mapping/mapping_with_known_poses.py
[0.931s] Listing '/home/behzad/ros2_ws/install/bumperbot_mapping/local/lib/python3.10/dist-packages/bumperbot_mapping'...
[0.947s] -- Up-to-date: /home/behzad/ros2_ws/install/bumperbot_mapping/include/include
[0.948s] -- Up-to-date: /home/behzad/ros2_ws/install/bumperbot_mapping/include/include/bumperbot_mapping
[0.948s] -- Up-to-date: /home/behzad/ros2_ws/install/bumperbot_mapping/include/include/bumperbot_mapping/mapping_with_known_poses.hpp
[0.949s] -- Up-to-date: /home/behzad/ros2_ws/install/bumperbot_mapping/lib/bumperbot_mapping/mapping_with_known_poses
[0.951s] -- Up-to-date: /home/behzad/ros2_ws/install/bumperbot_mapping/share/bumperbot_mapping/config
[0.951s] -- Up-to-date: /home/behzad/ros2_ws/install/bumperbot_mapping/share/bumperbot_mapping/config/slam_toolbox.yaml
[0.951s] -- Up-to-date: /home/behzad/ros2_ws/install/bumperbot_mapping/share/bumperbot_mapping/launch
[0.951s] -- Up-to-date: /home/behzad/ros2_ws/install/bumperbot_mapping/share/bumperbot_mapping/launch/slam.launch.py
[0.953s] -- Up-to-date: /home/behzad/ros2_ws/install/bumperbot_mapping/share/bumperbot_mapping/maps
[0.953s] -- Up-to-date: /home/behzad/ros2_ws/install/bumperbot_mapping/share/bumperbot_mapping/maps/small_house
[0.953s] -- Up-to-date: /home/behzad/ros2_ws/install/bumperbot_mapping/share/bumperbot_mapping/maps/small_house/map.pgm
[0.953s] -- Up-to-date: /home/behzad/ros2_ws/install/bumperbot_mapping/share/bumperbot_mapping/maps/small_house/map.yaml
[0.954s] -- Up-to-date: /home/behzad/ros2_ws/install/bumperbot_mapping/share/bumperbot_mapping/maps/small_warehouse
[0.954s] -- Up-to-date: /home/behzad/ros2_ws/install/bumperbot_mapping/share/bumperbot_mapping/maps/small_warehouse/map.pgm
[0.954s] -- Up-to-date: /home/behzad/ros2_ws/install/bumperbot_mapping/share/bumperbot_mapping/maps/small_warehouse/map.yaml
[0.954s] -- Up-to-date: /home/behzad/ros2_ws/install/bumperbot_mapping/share/bumperbot_mapping/rviz
[0.954s] -- Up-to-date: /home/behzad/ros2_ws/install/bumperbot_mapping/share/bumperbot_mapping/rviz/slam.rviz
[0.954s] -- Up-to-date: /home/behzad/ros2_ws/install/bumperbot_mapping/lib/bumperbot_mapping/mapping_with_known_poses.py
[0.954s] -- Up-to-date: /home/behzad/ros2_ws/install/bumperbot_mapping/share/ament_index/resource_index/package_run_dependencies/bumperbot_mapping
[0.955s] -- Up-to-date: /home/behzad/ros2_ws/install/bumperbot_mapping/share/ament_index/resource_index/parent_prefix_path/bumperbot_mapping
[0.955s] -- Up-to-date: /home/behzad/ros2_ws/install/bumperbot_mapping/share/bumperbot_mapping/environment/ament_prefix_path.sh
[0.955s] -- Up-to-date: /home/behzad/ros2_ws/install/bumperbot_mapping/share/bumperbot_mapping/environment/ament_prefix_path.dsv
[0.955s] -- Up-to-date: /home/behzad/ros2_ws/install/bumperbot_mapping/share/bumperbot_mapping/environment/path.sh
[0.955s] -- Up-to-date: /home/behzad/ros2_ws/install/bumperbot_mapping/share/bumperbot_mapping/environment/path.dsv
[0.955s] -- Up-to-date: /home/behzad/ros2_ws/install/bumperbot_mapping/share/bumperbot_mapping/local_setup.bash
[0.955s] -- Up-to-date: /home/behzad/ros2_ws/install/bumperbot_mapping/share/bumperbot_mapping/local_setup.sh
[0.955s] -- Up-to-date: /home/behzad/ros2_ws/install/bumperbot_mapping/share/bumperbot_mapping/local_setup.zsh
[0.955s] -- Up-to-date: /home/behzad/ros2_ws/install/bumperbot_mapping/share/bumperbot_mapping/local_setup.dsv
[0.956s] -- Installing: /home/behzad/ros2_ws/install/bumperbot_mapping/share/bumperbot_mapping/package.dsv
[0.956s] -- Up-to-date: /home/behzad/ros2_ws/install/bumperbot_mapping/share/ament_index/resource_index/packages/bumperbot_mapping
[0.956s] -- Up-to-date: /home/behzad/ros2_ws/install/bumperbot_mapping/share/bumperbot_mapping/cmake/bumperbot_mappingConfig.cmake
[0.956s] -- Up-to-date: /home/behzad/ros2_ws/install/bumperbot_mapping/share/bumperbot_mapping/cmake/bumperbot_mappingConfig-version.cmake
[0.956s] -- Up-to-date: /home/behzad/ros2_ws/install/bumperbot_mapping/share/bumperbot_mapping/package.xml
[1.001s] Invoked command in '/home/behzad/ros2_ws/build/bumperbot_mapping' returned '0': CMAKE_PREFIX_PATH=${CMAKE_PREFIX_PATH}:/home/behzad/ros2_ws/install/bumperbot_py_examples:/home/behzad/bumporbot_ws/install/bumporbot_py_examples:/opt/ros/humble /usr/bin/cmake --install /home/behzad/ros2_ws/build/bumperbot_mapping
