[0.054s] Invoking command in '/home/behzad/ros2_ws/build/bumperbot_localization': CMAKE_PREFIX_PATH=${CMAKE_PREFIX_PATH}:/home/behzad/ros2_ws/install/bumperbot_py_examples:/home/behzad/bumporbot_ws/install/bumporbot_py_examples:/opt/ros/humble /usr/bin/cmake --build /home/behzad/ros2_ws/build/bumperbot_localization -- -j12 -l12
[0.412s] [ 33%] Built target imu_republisher
[0.417s] [ 66%] Built target kalman_filter
[0.419s] [100%] Built target odometry_motion_model
[0.419s] [100%] Built target ament_cmake_python_copy_bumperbot_localization
[1.054s] running egg_info
[1.055s] writing bumperbot_localization.egg-info/PKG-INFO
[1.055s] writing dependency_links to bumperbot_localization.egg-info/dependency_links.txt
[1.055s] writing top-level names to bumperbot_localization.egg-info/top_level.txt
[1.062s] reading manifest file 'bumperbot_localization.egg-info/SOURCES.txt'
[1.067s] writing manifest file 'bumperbot_localization.egg-info/SOURCES.txt'
[1.146s] [100%] Built target ament_cmake_python_build_bumperbot_localization_egg
[1.161s] Invoked command in '/home/behzad/ros2_ws/build/bumperbot_localization' returned '0': CMAKE_PREFIX_PATH=${CMAKE_PREFIX_PATH}:/home/behzad/ros2_ws/install/bumperbot_py_examples:/home/behzad/bumporbot_ws/install/bumporbot_py_examples:/opt/ros/humble /usr/bin/cmake --build /home/behzad/ros2_ws/build/bumperbot_localization -- -j12 -l12
[1.167s] Invoking command in '/home/behzad/ros2_ws/build/bumperbot_localization': CMAKE_PREFIX_PATH=${CMAKE_PREFIX_PATH}:/home/behzad/ros2_ws/install/bumperbot_py_examples:/home/behzad/bumporbot_ws/install/bumporbot_py_examples:/opt/ros/humble /usr/bin/cmake --install /home/behzad/ros2_ws/build/bumperbot_localization
[1.190s] -- Install configuration: ""
[1.190s] -- Up-to-date: /home/behzad/ros2_ws/install/bumperbot_localization/share/bumperbot_localization/environment/pythonpath.sh
[1.190s] -- Up-to-date: /home/behzad/ros2_ws/install/bumperbot_localization/share/bumperbot_localization/environment/pythonpath.dsv
[1.190s] -- Up-to-date: /home/behzad/ros2_ws/install/bumperbot_localization/local/lib/python3.10/dist-packages/bumperbot_localization-0.0.0-py3.10.egg-info
[1.190s] -- Installing: /home/behzad/ros2_ws/install/bumperbot_localization/local/lib/python3.10/dist-packages/bumperbot_localization-0.0.0-py3.10.egg-info/dependency_links.txt
[1.190s] -- Installing: /home/behzad/ros2_ws/install/bumperbot_localization/local/lib/python3.10/dist-packages/bumperbot_localization-0.0.0-py3.10.egg-info/PKG-INFO
[1.191s] -- Installing: /home/behzad/ros2_ws/install/bumperbot_localization/local/lib/python3.10/dist-packages/bumperbot_localization-0.0.0-py3.10.egg-info/SOURCES.txt
[1.191s] -- Installing: /home/behzad/ros2_ws/install/bumperbot_localization/local/lib/python3.10/dist-packages/bumperbot_localization-0.0.0-py3.10.egg-info/top_level.txt
[1.191s] -- Up-to-date: /home/behzad/ros2_ws/install/bumperbot_localization/local/lib/python3.10/dist-packages/bumperbot_localization
[1.191s] -- Up-to-date: /home/behzad/ros2_ws/install/bumperbot_localization/local/lib/python3.10/dist-packages/bumperbot_localization/__init__.py
[1.191s] -- Up-to-date: /home/behzad/ros2_ws/install/bumperbot_localization/local/lib/python3.10/dist-packages/bumperbot_localization/kalman_filter.py
[1.191s] -- Up-to-date: /home/behzad/ros2_ws/install/bumperbot_localization/local/lib/python3.10/dist-packages/bumperbot_localization/odometry_motion_model.py
[1.191s] -- Up-to-date: /home/behzad/ros2_ws/install/bumperbot_localization/local/lib/python3.10/dist-packages/bumperbot_localization/imu_republisher.py
[1.249s] Listing '/home/behzad/ros2_ws/install/bumperbot_localization/local/lib/python3.10/dist-packages/bumperbot_localization'...
[1.258s] -- Up-to-date: /home/behzad/ros2_ws/install/bumperbot_localization/include/include
[1.258s] -- Up-to-date: /home/behzad/ros2_ws/install/bumperbot_localization/include/include/bumperbot_localization
[1.258s] -- Up-to-date: /home/behzad/ros2_ws/install/bumperbot_localization/include/include/bumperbot_localization/kalman_filter.hpp
[1.258s] -- Up-to-date: /home/behzad/ros2_ws/install/bumperbot_localization/include/include/bumperbot_localization/odometry_motion_model.hpp
[1.258s] -- Up-to-date: /home/behzad/ros2_ws/install/bumperbot_localization/bin/odometry_motion_model
[1.258s] -- Up-to-date: /home/behzad/ros2_ws/install/bumperbot_localization/lib/bumperbot_localization/kalman_filter
[1.259s] -- Up-to-date: /home/behzad/ros2_ws/install/bumperbot_localization/lib/bumperbot_localization/imu_republisher
[1.259s] -- Up-to-date: /home/behzad/ros2_ws/install/bumperbot_localization/lib/bumperbot_localization/odometry_motion_model
[1.259s] -- Up-to-date: /home/behzad/ros2_ws/install/bumperbot_localization/share/bumperbot_localization/launch
[1.259s] -- Up-to-date: /home/behzad/ros2_ws/install/bumperbot_localization/share/bumperbot_localization/launch/global_localization.launch.py
[1.259s] -- Up-to-date: /home/behzad/ros2_ws/install/bumperbot_localization/share/bumperbot_localization/launch/local_localization.launch.py
[1.259s] -- Up-to-date: /home/behzad/ros2_ws/install/bumperbot_localization/share/bumperbot_localization/config
[1.259s] -- Up-to-date: /home/behzad/ros2_ws/install/bumperbot_localization/share/bumperbot_localization/config/amcl.yaml
[1.260s] -- Up-to-date: /home/behzad/ros2_ws/install/bumperbot_localization/share/bumperbot_localization/config/odometry_motion_model.rviz
[1.260s] -- Up-to-date: /home/behzad/ros2_ws/install/bumperbot_localization/share/bumperbot_localization/config/ekf.yaml
[1.260s] -- Up-to-date: /home/behzad/ros2_ws/install/bumperbot_localization/share/bumperbot_localization/rviz
[1.260s] -- Up-to-date: /home/behzad/ros2_ws/install/bumperbot_localization/share/bumperbot_localization/rviz/global_localization.rviz
[1.260s] -- Up-to-date: /home/behzad/ros2_ws/install/bumperbot_localization/lib/bumperbot_localization/kalman_filter.py
[1.260s] -- Up-to-date: /home/behzad/ros2_ws/install/bumperbot_localization/lib/bumperbot_localization/imu_republisher.py
[1.260s] -- Up-to-date: /home/behzad/ros2_ws/install/bumperbot_localization/lib/bumperbot_localization/odometry_motion_model.py
[1.260s] -- Up-to-date: /home/behzad/ros2_ws/install/bumperbot_localization/share/ament_index/resource_index/package_run_dependencies/bumperbot_localization
[1.260s] -- Up-to-date: /home/behzad/ros2_ws/install/bumperbot_localization/share/ament_index/resource_index/parent_prefix_path/bumperbot_localization
[1.261s] -- Up-to-date: /home/behzad/ros2_ws/install/bumperbot_localization/share/bumperbot_localization/environment/ament_prefix_path.sh
[1.261s] -- Up-to-date: /home/behzad/ros2_ws/install/bumperbot_localization/share/bumperbot_localization/environment/ament_prefix_path.dsv
[1.261s] -- Up-to-date: /home/behzad/ros2_ws/install/bumperbot_localization/share/bumperbot_localization/environment/path.sh
[1.261s] -- Up-to-date: /home/behzad/ros2_ws/install/bumperbot_localization/share/bumperbot_localization/environment/path.dsv
[1.261s] -- Up-to-date: /home/behzad/ros2_ws/install/bumperbot_localization/share/bumperbot_localization/local_setup.bash
[1.261s] -- Up-to-date: /home/behzad/ros2_ws/install/bumperbot_localization/share/bumperbot_localization/local_setup.sh
[1.261s] -- Up-to-date: /home/behzad/ros2_ws/install/bumperbot_localization/share/bumperbot_localization/local_setup.zsh
[1.262s] -- Up-to-date: /home/behzad/ros2_ws/install/bumperbot_localization/share/bumperbot_localization/local_setup.dsv
[1.262s] -- Installing: /home/behzad/ros2_ws/install/bumperbot_localization/share/bumperbot_localization/package.dsv
[1.262s] -- Up-to-date: /home/behzad/ros2_ws/install/bumperbot_localization/share/ament_index/resource_index/packages/bumperbot_localization
[1.263s] -- Up-to-date: /home/behzad/ros2_ws/install/bumperbot_localization/share/bumperbot_localization/cmake/bumperbot_localizationConfig.cmake
[1.263s] -- Up-to-date: /home/behzad/ros2_ws/install/bumperbot_localization/share/bumperbot_localization/cmake/bumperbot_localizationConfig-version.cmake
[1.263s] -- Up-to-date: /home/behzad/ros2_ws/install/bumperbot_localization/share/bumperbot_localization/package.xml
[1.341s] Invoked command in '/home/behzad/ros2_ws/build/bumperbot_localization' returned '0': CMAKE_PREFIX_PATH=${CMAKE_PREFIX_PATH}:/home/behzad/ros2_ws/install/bumperbot_py_examples:/home/behzad/bumporbot_ws/install/bumporbot_py_examples:/opt/ros/humble /usr/bin/cmake --install /home/behzad/ros2_ws/build/bumperbot_localization
