[0.141s] DEBUG:colcon:Command line arguments: ['/usr/bin/colcon', 'build', '--packages-select', 'bumperbot_planning', '--cmake-clean-cache']
[0.141s] DEBUG:colcon:Parsed command line arguments: Namespace(log_base=None, log_level=None, verb_name='build', build_base='build', install_base='install', merge_install=False, symlink_install=False, test_result_base=None, continue_on_error=False, executor='parallel', parallel_workers=12, event_handlers=None, ignore_user_meta=False, metas=['./colcon.meta'], base_paths=['.'], packages_ignore=None, packages_ignore_regex=None, paths=None, packages_up_to=None, packages_up_to_regex=None, packages_above=None, packages_above_and_dependencies=None, packages_above_depth=None, packages_select_by_dep=None, packages_skip_by_dep=None, packages_skip_up_to=None, packages_select_build_failed=False, packages_skip_build_finished=False, packages_select_test_failures=False, packages_skip_test_passed=False, packages_select=['bumperbot_planning'], packages_skip=None, packages_select_regex=None, packages_skip_regex=None, packages_start=None, packages_end=None, allow_overriding=[], cmake_args=None, cmake_target=None, cmake_target_skip_unavailable=False, cmake_clean_cache=True, cmake_clean_first=False, cmake_force_configure=False, ament_cmake_args=None, catkin_cmake_args=None, catkin_skip_building_tests=False, verb_parser=<colcon_defaults.argument_parser.defaults.DefaultArgumentsDecorator object at 0x7463bda23010>, verb_extension=<colcon_core.verb.build.BuildVerb object at 0x7463bda22a10>, main=<bound method BuildVerb.main of <colcon_core.verb.build.BuildVerb object at 0x7463bda22a10>>)
[0.382s] Level 1:colcon.colcon_core.package_discovery:discover_packages(colcon_meta) check parameters
[0.382s] Level 1:colcon.colcon_core.package_discovery:discover_packages(recursive) check parameters
[0.382s] Level 1:colcon.colcon_core.package_discovery:discover_packages(ignore) check parameters
[0.382s] Level 1:colcon.colcon_core.package_discovery:discover_packages(path) check parameters
[0.382s] Level 1:colcon.colcon_core.package_discovery:discover_packages(colcon_meta) discover
[0.382s] Level 1:colcon.colcon_core.package_discovery:discover_packages(recursive) discover
[0.382s] INFO:colcon.colcon_core.package_discovery:Crawling recursively for packages in '/home/behzad/ros2_ws'
[0.382s] Level 1:colcon.colcon_core.package_identification:_identify(.) by extensions ['ignore', 'ignore_ament_install']
[0.383s] Level 1:colcon.colcon_core.package_identification:_identify(.) by extension 'ignore'
[0.383s] Level 1:colcon.colcon_core.package_identification:_identify(.) by extension 'ignore_ament_install'
[0.383s] Level 1:colcon.colcon_core.package_identification:_identify(.) by extensions ['colcon_pkg']
[0.383s] Level 1:colcon.colcon_core.package_identification:_identify(.) by extension 'colcon_pkg'
[0.383s] Level 1:colcon.colcon_core.package_identification:_identify(.) by extensions ['colcon_meta']
[0.383s] Level 1:colcon.colcon_core.package_identification:_identify(.) by extension 'colcon_meta'
[0.383s] Level 1:colcon.colcon_core.package_identification:_identify(.) by extensions ['ros']
[0.383s] Level 1:colcon.colcon_core.package_identification:_identify(.) by extension 'ros'
[0.397s] Level 1:colcon.colcon_core.package_identification:_identify(.) by extensions ['cmake', 'python']
[0.397s] Level 1:colcon.colcon_core.package_identification:_identify(.) by extension 'cmake'
[0.397s] Level 1:colcon.colcon_core.package_identification:_identify(.) by extension 'python'
[0.397s] Level 1:colcon.colcon_core.package_identification:_identify(.) by extensions ['python_setup_py']
[0.397s] Level 1:colcon.colcon_core.package_identification:_identify(.) by extension 'python_setup_py'
[0.397s] Level 1:colcon.colcon_core.package_identification:_identify(build) by extensions ['ignore', 'ignore_ament_install']
[0.397s] Level 1:colcon.colcon_core.package_identification:_identify(build) by extension 'ignore'
[0.397s] Level 1:colcon.colcon_core.package_identification:_identify(build) ignored
[0.397s] Level 1:colcon.colcon_core.package_identification:_identify(install) by extensions ['ignore', 'ignore_ament_install']
[0.398s] Level 1:colcon.colcon_core.package_identification:_identify(install) by extension 'ignore'
[0.398s] Level 1:colcon.colcon_core.package_identification:_identify(install) ignored
[0.398s] Level 1:colcon.colcon_core.package_identification:_identify(log) by extensions ['ignore', 'ignore_ament_install']
[0.398s] Level 1:colcon.colcon_core.package_identification:_identify(log) by extension 'ignore'
[0.398s] Level 1:colcon.colcon_core.package_identification:_identify(log) ignored
[0.398s] Level 1:colcon.colcon_core.package_identification:_identify(src) by extensions ['ignore', 'ignore_ament_install']
[0.398s] Level 1:colcon.colcon_core.package_identification:_identify(src) by extension 'ignore'
[0.398s] Level 1:colcon.colcon_core.package_identification:_identify(src) by extension 'ignore_ament_install'
[0.398s] Level 1:colcon.colcon_core.package_identification:_identify(src) by extensions ['colcon_pkg']
[0.398s] Level 1:colcon.colcon_core.package_identification:_identify(src) by extension 'colcon_pkg'
[0.398s] Level 1:colcon.colcon_core.package_identification:_identify(src) by extensions ['colcon_meta']
[0.398s] Level 1:colcon.colcon_core.package_identification:_identify(src) by extension 'colcon_meta'
[0.398s] Level 1:colcon.colcon_core.package_identification:_identify(src) by extensions ['ros']
[0.398s] Level 1:colcon.colcon_core.package_identification:_identify(src) by extension 'ros'
[0.398s] Level 1:colcon.colcon_core.package_identification:_identify(src) by extensions ['cmake', 'python']
[0.398s] Level 1:colcon.colcon_core.package_identification:_identify(src) by extension 'cmake'
[0.398s] Level 1:colcon.colcon_core.package_identification:_identify(src) by extension 'python'
[0.398s] Level 1:colcon.colcon_core.package_identification:_identify(src) by extensions ['python_setup_py']
[0.398s] Level 1:colcon.colcon_core.package_identification:_identify(src) by extension 'python_setup_py'
[0.399s] Level 1:colcon.colcon_core.package_identification:_identify(src/bumperbot_bringup) by extensions ['ignore', 'ignore_ament_install']
[0.399s] Level 1:colcon.colcon_core.package_identification:_identify(src/bumperbot_bringup) by extension 'ignore'
[0.399s] Level 1:colcon.colcon_core.package_identification:_identify(src/bumperbot_bringup) by extension 'ignore_ament_install'
[0.399s] Level 1:colcon.colcon_core.package_identification:_identify(src/bumperbot_bringup) by extensions ['colcon_pkg']
[0.399s] Level 1:colcon.colcon_core.package_identification:_identify(src/bumperbot_bringup) by extension 'colcon_pkg'
[0.399s] Level 1:colcon.colcon_core.package_identification:_identify(src/bumperbot_bringup) by extensions ['colcon_meta']
[0.399s] Level 1:colcon.colcon_core.package_identification:_identify(src/bumperbot_bringup) by extension 'colcon_meta'
[0.399s] Level 1:colcon.colcon_core.package_identification:_identify(src/bumperbot_bringup) by extensions ['ros']
[0.399s] Level 1:colcon.colcon_core.package_identification:_identify(src/bumperbot_bringup) by extension 'ros'
[0.402s] DEBUG:colcon.colcon_core.package_identification:Package 'src/bumperbot_bringup' with type 'ros.ament_cmake' and name 'bumperbot_bringup'
[0.402s] Level 1:colcon.colcon_core.package_identification:_identify(src/bumperbot_controller) by extensions ['ignore', 'ignore_ament_install']
[0.402s] Level 1:colcon.colcon_core.package_identification:_identify(src/bumperbot_controller) by extension 'ignore'
[0.402s] Level 1:colcon.colcon_core.package_identification:_identify(src/bumperbot_controller) by extension 'ignore_ament_install'
[0.403s] Level 1:colcon.colcon_core.package_identification:_identify(src/bumperbot_controller) by extensions ['colcon_pkg']
[0.403s] Level 1:colcon.colcon_core.package_identification:_identify(src/bumperbot_controller) by extension 'colcon_pkg'
[0.403s] Level 1:colcon.colcon_core.package_identification:_identify(src/bumperbot_controller) by extensions ['colcon_meta']
[0.403s] Level 1:colcon.colcon_core.package_identification:_identify(src/bumperbot_controller) by extension 'colcon_meta'
[0.403s] Level 1:colcon.colcon_core.package_identification:_identify(src/bumperbot_controller) by extensions ['ros']
[0.403s] Level 1:colcon.colcon_core.package_identification:_identify(src/bumperbot_controller) by extension 'ros'
[0.405s] DEBUG:colcon.colcon_core.package_identification:Package 'src/bumperbot_controller' with type 'ros.ament_cmake' and name 'bumperbot_controller'
[0.405s] Level 1:colcon.colcon_core.package_identification:_identify(src/bumperbot_cpp_examples) by extensions ['ignore', 'ignore_ament_install']
[0.405s] Level 1:colcon.colcon_core.package_identification:_identify(src/bumperbot_cpp_examples) by extension 'ignore'
[0.405s] Level 1:colcon.colcon_core.package_identification:_identify(src/bumperbot_cpp_examples) by extension 'ignore_ament_install'
[0.405s] Level 1:colcon.colcon_core.package_identification:_identify(src/bumperbot_cpp_examples) by extensions ['colcon_pkg']
[0.405s] Level 1:colcon.colcon_core.package_identification:_identify(src/bumperbot_cpp_examples) by extension 'colcon_pkg'
[0.405s] Level 1:colcon.colcon_core.package_identification:_identify(src/bumperbot_cpp_examples) by extensions ['colcon_meta']
[0.405s] Level 1:colcon.colcon_core.package_identification:_identify(src/bumperbot_cpp_examples) by extension 'colcon_meta'
[0.405s] Level 1:colcon.colcon_core.package_identification:_identify(src/bumperbot_cpp_examples) by extensions ['ros']
[0.405s] Level 1:colcon.colcon_core.package_identification:_identify(src/bumperbot_cpp_examples) by extension 'ros'
[0.407s] DEBUG:colcon.colcon_core.package_identification:Package 'src/bumperbot_cpp_examples' with type 'ros.ament_cmake' and name 'bumperbot_cpp_examples'
[0.407s] Level 1:colcon.colcon_core.package_identification:_identify(src/bumperbot_description) by extensions ['ignore', 'ignore_ament_install']
[0.407s] Level 1:colcon.colcon_core.package_identification:_identify(src/bumperbot_description) by extension 'ignore'
[0.407s] Level 1:colcon.colcon_core.package_identification:_identify(src/bumperbot_description) by extension 'ignore_ament_install'
[0.407s] Level 1:colcon.colcon_core.package_identification:_identify(src/bumperbot_description) by extensions ['colcon_pkg']
[0.407s] Level 1:colcon.colcon_core.package_identification:_identify(src/bumperbot_description) by extension 'colcon_pkg'
[0.407s] Level 1:colcon.colcon_core.package_identification:_identify(src/bumperbot_description) by extensions ['colcon_meta']
[0.407s] Level 1:colcon.colcon_core.package_identification:_identify(src/bumperbot_description) by extension 'colcon_meta'
[0.407s] Level 1:colcon.colcon_core.package_identification:_identify(src/bumperbot_description) by extensions ['ros']
[0.407s] Level 1:colcon.colcon_core.package_identification:_identify(src/bumperbot_description) by extension 'ros'
[0.410s] DEBUG:colcon.colcon_core.package_identification:Package 'src/bumperbot_description' with type 'ros.ament_cmake' and name 'bumperbot_description'
[0.411s] Level 1:colcon.colcon_core.package_identification:_identify(src/bumperbot_firmware) by extensions ['ignore', 'ignore_ament_install']
[0.411s] Level 1:colcon.colcon_core.package_identification:_identify(src/bumperbot_firmware) by extension 'ignore'
[0.411s] Level 1:colcon.colcon_core.package_identification:_identify(src/bumperbot_firmware) by extension 'ignore_ament_install'
[0.411s] Level 1:colcon.colcon_core.package_identification:_identify(src/bumperbot_firmware) by extensions ['colcon_pkg']
[0.411s] Level 1:colcon.colcon_core.package_identification:_identify(src/bumperbot_firmware) by extension 'colcon_pkg'
[0.411s] Level 1:colcon.colcon_core.package_identification:_identify(src/bumperbot_firmware) by extensions ['colcon_meta']
[0.411s] Level 1:colcon.colcon_core.package_identification:_identify(src/bumperbot_firmware) by extension 'colcon_meta'
[0.411s] Level 1:colcon.colcon_core.package_identification:_identify(src/bumperbot_firmware) by extensions ['ros']
[0.411s] Level 1:colcon.colcon_core.package_identification:_identify(src/bumperbot_firmware) by extension 'ros'
[0.412s] DEBUG:colcon.colcon_core.package_identification:Package 'src/bumperbot_firmware' with type 'ros.ament_cmake' and name 'bumperbot_firmware'
[0.413s] Level 1:colcon.colcon_core.package_identification:_identify(src/bumperbot_localization) by extensions ['ignore', 'ignore_ament_install']
[0.413s] Level 1:colcon.colcon_core.package_identification:_identify(src/bumperbot_localization) by extension 'ignore'
[0.413s] Level 1:colcon.colcon_core.package_identification:_identify(src/bumperbot_localization) by extension 'ignore_ament_install'
[0.413s] Level 1:colcon.colcon_core.package_identification:_identify(src/bumperbot_localization) by extensions ['colcon_pkg']
[0.413s] Level 1:colcon.colcon_core.package_identification:_identify(src/bumperbot_localization) by extension 'colcon_pkg'
[0.413s] Level 1:colcon.colcon_core.package_identification:_identify(src/bumperbot_localization) by extensions ['colcon_meta']
[0.413s] Level 1:colcon.colcon_core.package_identification:_identify(src/bumperbot_localization) by extension 'colcon_meta'
[0.413s] Level 1:colcon.colcon_core.package_identification:_identify(src/bumperbot_localization) by extensions ['ros']
[0.413s] Level 1:colcon.colcon_core.package_identification:_identify(src/bumperbot_localization) by extension 'ros'
[0.414s] DEBUG:colcon.colcon_core.package_identification:Package 'src/bumperbot_localization' with type 'ros.ament_cmake' and name 'bumperbot_localization'
[0.414s] Level 1:colcon.colcon_core.package_identification:_identify(src/bumperbot_mapping) by extensions ['ignore', 'ignore_ament_install']
[0.414s] Level 1:colcon.colcon_core.package_identification:_identify(src/bumperbot_mapping) by extension 'ignore'
[0.414s] Level 1:colcon.colcon_core.package_identification:_identify(src/bumperbot_mapping) by extension 'ignore_ament_install'
[0.415s] Level 1:colcon.colcon_core.package_identification:_identify(src/bumperbot_mapping) by extensions ['colcon_pkg']
[0.415s] Level 1:colcon.colcon_core.package_identification:_identify(src/bumperbot_mapping) by extension 'colcon_pkg'
[0.415s] Level 1:colcon.colcon_core.package_identification:_identify(src/bumperbot_mapping) by extensions ['colcon_meta']
[0.415s] Level 1:colcon.colcon_core.package_identification:_identify(src/bumperbot_mapping) by extension 'colcon_meta'
[0.415s] Level 1:colcon.colcon_core.package_identification:_identify(src/bumperbot_mapping) by extensions ['ros']
[0.415s] Level 1:colcon.colcon_core.package_identification:_identify(src/bumperbot_mapping) by extension 'ros'
[0.416s] DEBUG:colcon.colcon_core.package_identification:Package 'src/bumperbot_mapping' with type 'ros.ament_cmake' and name 'bumperbot_mapping'
[0.416s] Level 1:colcon.colcon_core.package_identification:_identify(src/bumperbot_msgs) by extensions ['ignore', 'ignore_ament_install']
[0.416s] Level 1:colcon.colcon_core.package_identification:_identify(src/bumperbot_msgs) by extension 'ignore'
[0.416s] Level 1:colcon.colcon_core.package_identification:_identify(src/bumperbot_msgs) by extension 'ignore_ament_install'
[0.416s] Level 1:colcon.colcon_core.package_identification:_identify(src/bumperbot_msgs) by extensions ['colcon_pkg']
[0.416s] Level 1:colcon.colcon_core.package_identification:_identify(src/bumperbot_msgs) by extension 'colcon_pkg'
[0.416s] Level 1:colcon.colcon_core.package_identification:_identify(src/bumperbot_msgs) by extensions ['colcon_meta']
[0.416s] Level 1:colcon.colcon_core.package_identification:_identify(src/bumperbot_msgs) by extension 'colcon_meta'
[0.416s] Level 1:colcon.colcon_core.package_identification:_identify(src/bumperbot_msgs) by extensions ['ros']
[0.417s] Level 1:colcon.colcon_core.package_identification:_identify(src/bumperbot_msgs) by extension 'ros'
[0.417s] DEBUG:colcon.colcon_core.package_identification:Package 'src/bumperbot_msgs' with type 'ros.ament_cmake' and name 'bumperbot_msgs'
[0.418s] Level 1:colcon.colcon_core.package_identification:_identify(src/bumperbot_planning) by extensions ['ignore', 'ignore_ament_install']
[0.419s] Level 1:colcon.colcon_core.package_identification:_identify(src/bumperbot_planning) by extension 'ignore'
[0.420s] Level 1:colcon.colcon_core.package_identification:_identify(src/bumperbot_planning) by extension 'ignore_ament_install'
[0.420s] Level 1:colcon.colcon_core.package_identification:_identify(src/bumperbot_planning) by extensions ['colcon_pkg']
[0.420s] Level 1:colcon.colcon_core.package_identification:_identify(src/bumperbot_planning) by extension 'colcon_pkg'
[0.420s] Level 1:colcon.colcon_core.package_identification:_identify(src/bumperbot_planning) by extensions ['colcon_meta']
[0.420s] Level 1:colcon.colcon_core.package_identification:_identify(src/bumperbot_planning) by extension 'colcon_meta'
[0.420s] Level 1:colcon.colcon_core.package_identification:_identify(src/bumperbot_planning) by extensions ['ros']
[0.420s] Level 1:colcon.colcon_core.package_identification:_identify(src/bumperbot_planning) by extension 'ros'
[0.421s] DEBUG:colcon.colcon_core.package_identification:Package 'src/bumperbot_planning' with type 'ros.ament_cmake' and name 'bumperbot_planning'
[0.422s] Level 1:colcon.colcon_core.package_identification:_identify(src/bumperbot_py_examples) by extensions ['ignore', 'ignore_ament_install']
[0.422s] Level 1:colcon.colcon_core.package_identification:_identify(src/bumperbot_py_examples) by extension 'ignore'
[0.422s] Level 1:colcon.colcon_core.package_identification:_identify(src/bumperbot_py_examples) by extension 'ignore_ament_install'
[0.422s] Level 1:colcon.colcon_core.package_identification:_identify(src/bumperbot_py_examples) by extensions ['colcon_pkg']
[0.422s] Level 1:colcon.colcon_core.package_identification:_identify(src/bumperbot_py_examples) by extension 'colcon_pkg'
[0.422s] Level 1:colcon.colcon_core.package_identification:_identify(src/bumperbot_py_examples) by extensions ['colcon_meta']
[0.422s] Level 1:colcon.colcon_core.package_identification:_identify(src/bumperbot_py_examples) by extension 'colcon_meta'
[0.422s] Level 1:colcon.colcon_core.package_identification:_identify(src/bumperbot_py_examples) by extensions ['ros']
[0.422s] Level 1:colcon.colcon_core.package_identification:_identify(src/bumperbot_py_examples) by extension 'ros'
[0.424s] DEBUG:colcon.colcon_core.package_identification:Package 'src/bumperbot_py_examples' with type 'ros.ament_python' and name 'bumperbot_py_examples'
[0.424s] Level 1:colcon.colcon_core.package_identification:_identify(src/bumperbot_utils) by extensions ['ignore', 'ignore_ament_install']
[0.424s] Level 1:colcon.colcon_core.package_identification:_identify(src/bumperbot_utils) by extension 'ignore'
[0.424s] Level 1:colcon.colcon_core.package_identification:_identify(src/bumperbot_utils) by extension 'ignore_ament_install'
[0.424s] Level 1:colcon.colcon_core.package_identification:_identify(src/bumperbot_utils) by extensions ['colcon_pkg']
[0.424s] Level 1:colcon.colcon_core.package_identification:_identify(src/bumperbot_utils) by extension 'colcon_pkg'
[0.425s] Level 1:colcon.colcon_core.package_identification:_identify(src/bumperbot_utils) by extensions ['colcon_meta']
[0.425s] Level 1:colcon.colcon_core.package_identification:_identify(src/bumperbot_utils) by extension 'colcon_meta'
[0.425s] Level 1:colcon.colcon_core.package_identification:_identify(src/bumperbot_utils) by extensions ['ros']
[0.425s] Level 1:colcon.colcon_core.package_identification:_identify(src/bumperbot_utils) by extension 'ros'
[0.426s] DEBUG:colcon.colcon_core.package_identification:Package 'src/bumperbot_utils' with type 'ros.ament_cmake' and name 'bumperbot_utils'
[0.426s] Level 1:colcon.colcon_core.package_discovery:discover_packages(recursive) using defaults
[0.426s] Level 1:colcon.colcon_core.package_discovery:discover_packages(ignore) discover
[0.426s] Level 1:colcon.colcon_core.package_discovery:discover_packages(ignore) using defaults
[0.426s] Level 1:colcon.colcon_core.package_discovery:discover_packages(path) discover
[0.426s] Level 1:colcon.colcon_core.package_discovery:discover_packages(path) using defaults
[0.469s] INFO:colcon.colcon_core.package_selection:Skipping not selected package 'bumperbot_controller' in 'src/bumperbot_controller'
[0.469s] INFO:colcon.colcon_core.package_selection:Skipping not selected package 'bumperbot_description' in 'src/bumperbot_description'
[0.469s] INFO:colcon.colcon_core.package_selection:Skipping not selected package 'bumperbot_firmware' in 'src/bumperbot_firmware'
[0.469s] INFO:colcon.colcon_core.package_selection:Skipping not selected package 'bumperbot_localization' in 'src/bumperbot_localization'
[0.469s] INFO:colcon.colcon_core.package_selection:Skipping not selected package 'bumperbot_mapping' in 'src/bumperbot_mapping'
[0.469s] INFO:colcon.colcon_core.package_selection:Skipping not selected package 'bumperbot_msgs' in 'src/bumperbot_msgs'
[0.469s] INFO:colcon.colcon_core.package_selection:Skipping not selected package 'bumperbot_utils' in 'src/bumperbot_utils'
[0.469s] INFO:colcon.colcon_core.package_selection:Skipping not selected package 'bumperbot_bringup' in 'src/bumperbot_bringup'
[0.469s] INFO:colcon.colcon_core.package_selection:Skipping not selected package 'bumperbot_cpp_examples' in 'src/bumperbot_cpp_examples'
[0.469s] INFO:colcon.colcon_core.package_selection:Skipping not selected package 'bumperbot_py_examples' in 'src/bumperbot_py_examples'
[0.469s] Level 1:colcon.colcon_core.package_discovery:discover_packages(prefix_path) check parameters
[0.469s] Level 1:colcon.colcon_core.package_discovery:discover_packages(prefix_path) discover
[0.473s] DEBUG:colcon.colcon_installed_package_information.package_discovery:Found 11 installed packages in /home/behzad/ros2_ws/install
[0.474s] DEBUG:colcon.colcon_installed_package_information.package_discovery:Found 11 installed packages in /home/behzad/bumporbot_ws/install
[0.477s] DEBUG:colcon.colcon_installed_package_information.package_discovery:Found 445 installed packages in /opt/ros/humble
[0.480s] Level 1:colcon.colcon_core.package_discovery:discover_packages(prefix_path) using defaults
[0.554s] Level 5:colcon.colcon_core.verb:set package 'bumperbot_planning' build argument 'cmake_args' from command line to 'None'
[0.554s] Level 5:colcon.colcon_core.verb:set package 'bumperbot_planning' build argument 'cmake_target' from command line to 'None'
[0.555s] Level 5:colcon.colcon_core.verb:set package 'bumperbot_planning' build argument 'cmake_target_skip_unavailable' from command line to 'False'
[0.555s] Level 5:colcon.colcon_core.verb:set package 'bumperbot_planning' build argument 'cmake_clean_cache' from command line to 'True'
[0.555s] Level 5:colcon.colcon_core.verb:set package 'bumperbot_planning' build argument 'cmake_clean_first' from command line to 'False'
[0.555s] Level 5:colcon.colcon_core.verb:set package 'bumperbot_planning' build argument 'cmake_force_configure' from command line to 'False'
[0.555s] Level 5:colcon.colcon_core.verb:set package 'bumperbot_planning' build argument 'ament_cmake_args' from command line to 'None'
[0.555s] Level 5:colcon.colcon_core.verb:set package 'bumperbot_planning' build argument 'catkin_cmake_args' from command line to 'None'
[0.555s] Level 5:colcon.colcon_core.verb:set package 'bumperbot_planning' build argument 'catkin_skip_building_tests' from command line to 'False'
[0.555s] DEBUG:colcon.colcon_core.verb:Building package 'bumperbot_planning' with the following arguments: {'ament_cmake_args': None, 'build_base': '/home/behzad/ros2_ws/build/bumperbot_planning', 'catkin_cmake_args': None, 'catkin_skip_building_tests': False, 'cmake_args': None, 'cmake_clean_cache': True, 'cmake_clean_first': False, 'cmake_force_configure': False, 'cmake_target': None, 'cmake_target_skip_unavailable': False, 'install_base': '/home/behzad/ros2_ws/install/bumperbot_planning', 'merge_install': False, 'path': '/home/behzad/ros2_ws/src/bumperbot_planning', 'symlink_install': False, 'test_result_base': None}
[0.555s] INFO:colcon.colcon_core.executor:Executing jobs using 'parallel' executor
[0.556s] DEBUG:colcon.colcon_parallel_executor.executor.parallel:run_until_complete
[0.557s] INFO:colcon.colcon_ros.task.ament_cmake.build:Building ROS package in '/home/behzad/ros2_ws/src/bumperbot_planning' with build type 'ament_cmake'
[0.557s] INFO:colcon.colcon_cmake.task.cmake.build:Building CMake package in '/home/behzad/ros2_ws/src/bumperbot_planning'
[0.559s] INFO:colcon.colcon_core.plugin_system:Skipping extension 'colcon_core.shell.bat': Not used on non-Windows systems
[0.560s] INFO:colcon.colcon_core.shell:Skip shell extension 'powershell' for command environment: Not usable outside of PowerShell
[0.560s] DEBUG:colcon.colcon_core.shell:Skip shell extension 'dsv' for command environment
[0.574s] DEBUG:colcon.colcon_core.event_handler.log_command:Invoking command in '/home/behzad/ros2_ws/build/bumperbot_planning': CMAKE_PREFIX_PATH=${CMAKE_PREFIX_PATH}:/home/behzad/ros2_ws/install/bumperbot_py_examples:/home/behzad/bumporbot_ws/install/bumporbot_py_examples:/opt/ros/humble /usr/bin/cmake /home/behzad/ros2_ws/src/bumperbot_planning -DCMAKE_INSTALL_PREFIX=/home/behzad/ros2_ws/install/bumperbot_planning
[2.767s] DEBUG:colcon.colcon_core.event_handler.log_command:Invoked command in '/home/behzad/ros2_ws/build/bumperbot_planning' returned '0': CMAKE_PREFIX_PATH=${CMAKE_PREFIX_PATH}:/home/behzad/ros2_ws/install/bumperbot_py_examples:/home/behzad/bumporbot_ws/install/bumporbot_py_examples:/opt/ros/humble /usr/bin/cmake /home/behzad/ros2_ws/src/bumperbot_planning -DCMAKE_INSTALL_PREFIX=/home/behzad/ros2_ws/install/bumperbot_planning
[2.769s] DEBUG:colcon.colcon_core.event_handler.log_command:Invoking command in '/home/behzad/ros2_ws/build/bumperbot_planning': CMAKE_PREFIX_PATH=${CMAKE_PREFIX_PATH}:/home/behzad/ros2_ws/install/bumperbot_py_examples:/home/behzad/bumporbot_ws/install/bumporbot_py_examples:/opt/ros/humble /usr/bin/cmake --build /home/behzad/ros2_ws/build/bumperbot_planning -- -j12 -l12
[16.213s] DEBUG:colcon.colcon_core.event_handler.log_command:Invoked command in '/home/behzad/ros2_ws/build/bumperbot_planning' returned '0': CMAKE_PREFIX_PATH=${CMAKE_PREFIX_PATH}:/home/behzad/ros2_ws/install/bumperbot_py_examples:/home/behzad/bumporbot_ws/install/bumporbot_py_examples:/opt/ros/humble /usr/bin/cmake --build /home/behzad/ros2_ws/build/bumperbot_planning -- -j12 -l12
[16.235s] DEBUG:colcon.colcon_core.event_handler.log_command:Invoking command in '/home/behzad/ros2_ws/build/bumperbot_planning': CMAKE_PREFIX_PATH=${CMAKE_PREFIX_PATH}:/home/behzad/ros2_ws/install/bumperbot_py_examples:/home/behzad/bumporbot_ws/install/bumporbot_py_examples:/opt/ros/humble /usr/bin/cmake --install /home/behzad/ros2_ws/build/bumperbot_planning
[16.310s] Level 1:colcon.colcon_core.environment:create_environment_scripts_only(bumperbot_planning)
[16.311s] DEBUG:colcon.colcon_core.event_handler.log_command:Invoked command in '/home/behzad/ros2_ws/build/bumperbot_planning' returned '0': CMAKE_PREFIX_PATH=${CMAKE_PREFIX_PATH}:/home/behzad/ros2_ws/install/bumperbot_py_examples:/home/behzad/bumporbot_ws/install/bumporbot_py_examples:/opt/ros/humble /usr/bin/cmake --install /home/behzad/ros2_ws/build/bumperbot_planning
[16.318s] Level 1:colcon.colcon_core.environment:checking '/home/behzad/ros2_ws/install/bumperbot_planning' for CMake module files
[16.319s] Level 1:colcon.colcon_core.environment:checking '/home/behzad/ros2_ws/install/bumperbot_planning' for CMake config files
[16.320s] Level 1:colcon.colcon_core.shell:create_environment_hook('bumperbot_planning', 'cmake_prefix_path')
[16.321s] INFO:colcon.colcon_core.shell:Creating environment hook '/home/behzad/ros2_ws/install/bumperbot_planning/share/bumperbot_planning/hook/cmake_prefix_path.ps1'
[16.323s] INFO:colcon.colcon_core.shell:Creating environment descriptor '/home/behzad/ros2_ws/install/bumperbot_planning/share/bumperbot_planning/hook/cmake_prefix_path.dsv'
[16.324s] INFO:colcon.colcon_core.shell:Creating environment hook '/home/behzad/ros2_ws/install/bumperbot_planning/share/bumperbot_planning/hook/cmake_prefix_path.sh'
[16.326s] Level 1:colcon.colcon_core.environment:checking '/home/behzad/ros2_ws/install/bumperbot_planning/lib'
[16.326s] Level 1:colcon.colcon_core.environment:checking '/home/behzad/ros2_ws/install/bumperbot_planning/bin'
[16.326s] Level 1:colcon.colcon_core.environment:checking '/home/behzad/ros2_ws/install/bumperbot_planning/lib/pkgconfig/bumperbot_planning.pc'
[16.327s] Level 1:colcon.colcon_core.environment:checking '/home/behzad/ros2_ws/install/bumperbot_planning/lib/python3.10/site-packages'
[16.328s] Level 1:colcon.colcon_core.environment:checking '/home/behzad/ros2_ws/install/bumperbot_planning/bin'
[16.329s] INFO:colcon.colcon_core.shell:Creating package script '/home/behzad/ros2_ws/install/bumperbot_planning/share/bumperbot_planning/package.ps1'
[16.330s] INFO:colcon.colcon_core.shell:Creating package descriptor '/home/behzad/ros2_ws/install/bumperbot_planning/share/bumperbot_planning/package.dsv'
[16.332s] INFO:colcon.colcon_core.shell:Creating package script '/home/behzad/ros2_ws/install/bumperbot_planning/share/bumperbot_planning/package.sh'
[16.334s] INFO:colcon.colcon_core.shell:Creating package script '/home/behzad/ros2_ws/install/bumperbot_planning/share/bumperbot_planning/package.bash'
[16.335s] INFO:colcon.colcon_core.shell:Creating package script '/home/behzad/ros2_ws/install/bumperbot_planning/share/bumperbot_planning/package.zsh'
[16.337s] Level 1:colcon.colcon_core.environment:create_file_with_runtime_dependencies(/home/behzad/ros2_ws/install/bumperbot_planning/share/colcon-core/packages/bumperbot_planning)
[16.339s] Level 1:colcon.colcon_core.environment:create_environment_scripts_only(bumperbot_planning)
[16.339s] Level 1:colcon.colcon_core.environment:checking '/home/behzad/ros2_ws/install/bumperbot_planning' for CMake module files
[16.340s] Level 1:colcon.colcon_core.environment:checking '/home/behzad/ros2_ws/install/bumperbot_planning' for CMake config files
[16.342s] Level 1:colcon.colcon_core.shell:create_environment_hook('bumperbot_planning', 'cmake_prefix_path')
[16.342s] INFO:colcon.colcon_core.shell:Creating environment hook '/home/behzad/ros2_ws/install/bumperbot_planning/share/bumperbot_planning/hook/cmake_prefix_path.ps1'
[16.343s] INFO:colcon.colcon_core.shell:Creating environment descriptor '/home/behzad/ros2_ws/install/bumperbot_planning/share/bumperbot_planning/hook/cmake_prefix_path.dsv'
[16.344s] INFO:colcon.colcon_core.shell:Creating environment hook '/home/behzad/ros2_ws/install/bumperbot_planning/share/bumperbot_planning/hook/cmake_prefix_path.sh'
[16.345s] Level 1:colcon.colcon_core.environment:checking '/home/behzad/ros2_ws/install/bumperbot_planning/lib'
[16.346s] Level 1:colcon.colcon_core.environment:checking '/home/behzad/ros2_ws/install/bumperbot_planning/bin'
[16.346s] Level 1:colcon.colcon_core.environment:checking '/home/behzad/ros2_ws/install/bumperbot_planning/lib/pkgconfig/bumperbot_planning.pc'
[16.346s] Level 1:colcon.colcon_core.environment:checking '/home/behzad/ros2_ws/install/bumperbot_planning/lib/python3.10/site-packages'
[16.347s] Level 1:colcon.colcon_core.environment:checking '/home/behzad/ros2_ws/install/bumperbot_planning/bin'
[16.348s] INFO:colcon.colcon_core.shell:Creating package script '/home/behzad/ros2_ws/install/bumperbot_planning/share/bumperbot_planning/package.ps1'
[16.349s] INFO:colcon.colcon_core.shell:Creating package descriptor '/home/behzad/ros2_ws/install/bumperbot_planning/share/bumperbot_planning/package.dsv'
[16.350s] INFO:colcon.colcon_core.shell:Creating package script '/home/behzad/ros2_ws/install/bumperbot_planning/share/bumperbot_planning/package.sh'
[16.351s] INFO:colcon.colcon_core.shell:Creating package script '/home/behzad/ros2_ws/install/bumperbot_planning/share/bumperbot_planning/package.bash'
[16.352s] INFO:colcon.colcon_core.shell:Creating package script '/home/behzad/ros2_ws/install/bumperbot_planning/share/bumperbot_planning/package.zsh'
[16.353s] Level 1:colcon.colcon_core.environment:create_file_with_runtime_dependencies(/home/behzad/ros2_ws/install/bumperbot_planning/share/colcon-core/packages/bumperbot_planning)
[16.354s] DEBUG:colcon.colcon_parallel_executor.executor.parallel:closing loop
[16.354s] DEBUG:colcon.colcon_parallel_executor.executor.parallel:loop closed
[16.354s] DEBUG:colcon.colcon_parallel_executor.executor.parallel:run_until_complete finished with '0'
[16.354s] DEBUG:colcon.colcon_core.event_reactor:joining thread
[16.367s] INFO:colcon.colcon_core.plugin_system:Skipping extension 'colcon_notification.desktop_notification.terminal_notifier': Not used on non-Darwin systems
[16.368s] INFO:colcon.colcon_core.plugin_system:Skipping extension 'colcon_notification.desktop_notification.win32': Not used on non-Windows systems
[16.368s] INFO:colcon.colcon_notification.desktop_notification:Sending desktop notification using 'notify2'
[16.391s] DEBUG:colcon.colcon_core.event_reactor:joined thread
[16.392s] INFO:colcon.colcon_core.shell:Creating prefix script '/home/behzad/ros2_ws/install/local_setup.ps1'
[16.394s] INFO:colcon.colcon_core.shell:Creating prefix util module '/home/behzad/ros2_ws/install/_local_setup_util_ps1.py'
[16.397s] INFO:colcon.colcon_core.shell:Creating prefix chain script '/home/behzad/ros2_ws/install/setup.ps1'
[16.402s] INFO:colcon.colcon_core.shell:Creating prefix script '/home/behzad/ros2_ws/install/local_setup.sh'
[16.403s] INFO:colcon.colcon_core.shell:Creating prefix util module '/home/behzad/ros2_ws/install/_local_setup_util_sh.py'
[16.404s] INFO:colcon.colcon_core.shell:Creating prefix chain script '/home/behzad/ros2_ws/install/setup.sh'
[16.408s] INFO:colcon.colcon_core.shell:Creating prefix script '/home/behzad/ros2_ws/install/local_setup.bash'
[16.409s] INFO:colcon.colcon_core.shell:Creating prefix chain script '/home/behzad/ros2_ws/install/setup.bash'
[16.414s] INFO:colcon.colcon_core.shell:Creating prefix script '/home/behzad/ros2_ws/install/local_setup.zsh'
[16.415s] INFO:colcon.colcon_core.shell:Creating prefix chain script '/home/behzad/ros2_ws/install/setup.zsh'
