[0.029s] Invoking command in '/home/behzad/ros2_ws/build/bumperbot_cpp_examples': CMAKE_PREFIX_PATH=/home/behzad/ros2_ws/install/bumperbot_msgs:/home/behzad/ros2_ws/install/bumperbot_utils:/home/behzad/ros2_ws/install/bumperbot_planning:/home/behzad/ros2_ws/install/bumperbot_cpp_examples:/home/behzad/ros2_ws/install/bumperbot_bringup:/home/behzad/ros2_ws/install/bumperbot_mapping:/home/behzad/ros2_ws/install/bumperbot_localization:/home/behzad/ros2_ws/install/bumperbot_firmware:/home/behzad/ros2_ws/install/bumperbot_description:/home/behzad/ros2_ws/install/bumperbot_controller:/home/behzad/bumporbot_ws/install/bumporbot_cpp_examples:/home/behzad/bumporbot_ws/install/bumperbot_planning:/home/behzad/bumporbot_ws/install/bumperbot_msgs:/home/behzad/bumporbot_ws/install/bumperbot_bringup:/home/behzad/bumporbot_ws/install/bumperbot_mapping:/home/behzad/bumporbot_ws/install/bumperbot_localization:/home/behzad/bumporbot_ws/install/bumperbot_firmware:/home/behzad/bumporbot_ws/install/bumperbot_description:/home/behzad/bumporbot_ws/install/bumperbot_controller:/home/behzad/ros2_ws/install/bumperbot_py_examples:/home/behzad/bumporbot_ws/install/bumporbot_py_examples:/opt/ros/humble LD_LIBRARY_PATH=/home/behzad/ros2_ws/install/bumperbot_msgs/lib:/home/behzad/ros2_ws/install/bumperbot_cpp_examples/lib:/home/behzad/ros2_ws/install/bumperbot_firmware/lib:/home/behzad/bumporbot_ws/install/bumperbot_msgs/lib:/home/behzad/bumporbot_ws/install/bumperbot_firmware/lib:/usr/lib/x86_64-linux-gnu/gazebo-11/plugins:/opt/ros/humble/opt/rviz_ogre_vendor/lib:/opt/ros/humble/lib/x86_64-linux-gnu:/opt/ros/humble/lib /usr/bin/cmake /home/behzad/ros2_ws/src/bumperbot_cpp_examples -DCMAKE_INSTALL_PREFIX=/home/behzad/ros2_ws/install/bumperbot_cpp_examples
[0.159s] -- The C compiler identification is GNU 11.4.0
[0.294s] -- The CXX compiler identification is GNU 11.4.0
[0.317s] -- Detecting C compiler ABI info
[0.532s] -- Detecting C compiler ABI info - done
[0.545s] -- Check for working C compiler: /usr/bin/cc - skipped
[0.546s] -- Detecting C compile features
[0.546s] -- Detecting C compile features - done
[0.553s] -- Detecting CXX compiler ABI info
[0.711s] -- Detecting CXX compiler ABI info - done
[0.726s] -- Check for working CXX compiler: /usr/bin/c++ - skipped
[0.726s] -- Detecting CXX compile features
[0.727s] -- Detecting CXX compile features - done
[0.735s] -- Found ament_cmake: 1.3.12 (/opt/ros/humble/share/ament_cmake/cmake)
[1.099s] -- Found Python3: /usr/bin/python3 (found version "3.10.12") found components: Interpreter 
[1.336s] -- Found rclcpp: 16.0.15 (/opt/ros/humble/share/rclcpp/cmake)
[1.453s] -- Found rosidl_generator_c: 3.1.7 (/opt/ros/humble/share/rosidl_generator_c/cmake)
[1.472s] -- Found rosidl_adapter: 3.1.7 (/opt/ros/humble/share/rosidl_adapter/cmake)
[1.493s] -- Found rosidl_generator_cpp: 3.1.7 (/opt/ros/humble/share/rosidl_generator_cpp/cmake)
[1.528s] -- Using all available rosidl_typesupport_c: rosidl_typesupport_fastrtps_c;rosidl_typesupport_introspection_c
[1.566s] -- Using all available rosidl_typesupport_cpp: rosidl_typesupport_fastrtps_cpp;rosidl_typesupport_introspection_cpp
[1.681s] -- Found rmw_implementation_cmake: 6.1.2 (/opt/ros/humble/share/rmw_implementation_cmake/cmake)
[1.690s] -- Found rmw_fastrtps_cpp: 6.2.9 (/opt/ros/humble/share/rmw_fastrtps_cpp/cmake)
[1.897s] -- Found OpenSSL: /usr/lib/x86_64-linux-gnu/libcrypto.so (found version "3.0.2")  
[1.960s] -- Found FastRTPS: /opt/ros/humble/include  
[2.051s] -- Using RMW implementation 'rmw_fastrtps_cpp' as default
[2.077s] -- Looking for pthread.h
[2.210s] -- Looking for pthread.h - found
[2.210s] -- Performing Test CMAKE_HAVE_LIBC_PTHREAD
[2.321s] -- Performing Test CMAKE_HAVE_LIBC_PTHREAD - Success
[2.321s] -- Found Threads: TRUE  
[2.433s] -- Found rclcpp_action: 16.0.15 (/opt/ros/humble/share/rclcpp_action/cmake)
[2.511s] -- Found rclcpp_components: 16.0.15 (/opt/ros/humble/share/rclcpp_components/cmake)
[2.579s] -- Found turtlesim: 1.4.3 (/opt/ros/humble/share/turtlesim/cmake)
[2.605s] -- Found bumperbot_msgs: 0.0.0 (/home/behzad/ros2_ws/install/bumperbot_msgs/share/bumperbot_msgs/cmake)
[2.673s] -- Found tf2: 0.25.16 (/opt/ros/humble/share/tf2/cmake)
[2.683s] -- Found tf2_ros: 0.25.16 (/opt/ros/humble/share/tf2_ros/cmake)
[2.751s] -- Found rclcpp_lifecycle: 16.0.15 (/opt/ros/humble/share/rclcpp_lifecycle/cmake)
[2.970s] -- Configuring done
[3.078s] -- Generating done
[3.123s] -- Build files have been written to: /home/behzad/ros2_ws/build/bumperbot_cpp_examples
[3.150s] Invoked command in '/home/behzad/ros2_ws/build/bumperbot_cpp_examples' returned '0': CMAKE_PREFIX_PATH=/home/behzad/ros2_ws/install/bumperbot_msgs:/home/behzad/ros2_ws/install/bumperbot_utils:/home/behzad/ros2_ws/install/bumperbot_planning:/home/behzad/ros2_ws/install/bumperbot_cpp_examples:/home/behzad/ros2_ws/install/bumperbot_bringup:/home/behzad/ros2_ws/install/bumperbot_mapping:/home/behzad/ros2_ws/install/bumperbot_localization:/home/behzad/ros2_ws/install/bumperbot_firmware:/home/behzad/ros2_ws/install/bumperbot_description:/home/behzad/ros2_ws/install/bumperbot_controller:/home/behzad/bumporbot_ws/install/bumporbot_cpp_examples:/home/behzad/bumporbot_ws/install/bumperbot_planning:/home/behzad/bumporbot_ws/install/bumperbot_msgs:/home/behzad/bumporbot_ws/install/bumperbot_bringup:/home/behzad/bumporbot_ws/install/bumperbot_mapping:/home/behzad/bumporbot_ws/install/bumperbot_localization:/home/behzad/bumporbot_ws/install/bumperbot_firmware:/home/behzad/bumporbot_ws/install/bumperbot_description:/home/behzad/bumporbot_ws/install/bumperbot_controller:/home/behzad/ros2_ws/install/bumperbot_py_examples:/home/behzad/bumporbot_ws/install/bumporbot_py_examples:/opt/ros/humble LD_LIBRARY_PATH=/home/behzad/ros2_ws/install/bumperbot_msgs/lib:/home/behzad/ros2_ws/install/bumperbot_cpp_examples/lib:/home/behzad/ros2_ws/install/bumperbot_firmware/lib:/home/behzad/bumporbot_ws/install/bumperbot_msgs/lib:/home/behzad/bumporbot_ws/install/bumperbot_firmware/lib:/usr/lib/x86_64-linux-gnu/gazebo-11/plugins:/opt/ros/humble/opt/rviz_ogre_vendor/lib:/opt/ros/humble/lib/x86_64-linux-gnu:/opt/ros/humble/lib /usr/bin/cmake /home/behzad/ros2_ws/src/bumperbot_cpp_examples -DCMAKE_INSTALL_PREFIX=/home/behzad/ros2_ws/install/bumperbot_cpp_examples
[3.153s] Invoking command in '/home/behzad/ros2_ws/build/bumperbot_cpp_examples': CMAKE_PREFIX_PATH=/home/behzad/ros2_ws/install/bumperbot_msgs:/home/behzad/ros2_ws/install/bumperbot_utils:/home/behzad/ros2_ws/install/bumperbot_planning:/home/behzad/ros2_ws/install/bumperbot_cpp_examples:/home/behzad/ros2_ws/install/bumperbot_bringup:/home/behzad/ros2_ws/install/bumperbot_mapping:/home/behzad/ros2_ws/install/bumperbot_localization:/home/behzad/ros2_ws/install/bumperbot_firmware:/home/behzad/ros2_ws/install/bumperbot_description:/home/behzad/ros2_ws/install/bumperbot_controller:/home/behzad/bumporbot_ws/install/bumporbot_cpp_examples:/home/behzad/bumporbot_ws/install/bumperbot_planning:/home/behzad/bumporbot_ws/install/bumperbot_msgs:/home/behzad/bumporbot_ws/install/bumperbot_bringup:/home/behzad/bumporbot_ws/install/bumperbot_mapping:/home/behzad/bumporbot_ws/install/bumperbot_localization:/home/behzad/bumporbot_ws/install/bumperbot_firmware:/home/behzad/bumporbot_ws/install/bumperbot_description:/home/behzad/bumporbot_ws/install/bumperbot_controller:/home/behzad/ros2_ws/install/bumperbot_py_examples:/home/behzad/bumporbot_ws/install/bumporbot_py_examples:/opt/ros/humble LD_LIBRARY_PATH=/home/behzad/ros2_ws/install/bumperbot_msgs/lib:/home/behzad/ros2_ws/install/bumperbot_cpp_examples/lib:/home/behzad/ros2_ws/install/bumperbot_firmware/lib:/home/behzad/bumporbot_ws/install/bumperbot_msgs/lib:/home/behzad/bumporbot_ws/install/bumperbot_firmware/lib:/usr/lib/x86_64-linux-gnu/gazebo-11/plugins:/opt/ros/humble/opt/rviz_ogre_vendor/lib:/opt/ros/humble/lib/x86_64-linux-gnu:/opt/ros/humble/lib /usr/bin/cmake --build /home/behzad/ros2_ws/build/bumperbot_cpp_examples -- -j12 -l12
[3.280s] [  3%] [32mBuilding CXX object CMakeFiles/simple_service_client.dir/src/simple_service_client.cpp.o[0m
[3.289s] [  7%] [32mBuilding CXX object CMakeFiles/simple_qos_publisher.dir/src/simple_qos_publisher.cpp.o[0m
[3.298s] [ 10%] [32mBuilding CXX object CMakeFiles/simple_service_server.dir/src/simple_service_server.cpp.o[0m
[3.312s] [ 14%] [32mBuilding CXX object CMakeFiles/simple_subscriber.dir/src/simple_subscriber.cpp.o[0m
[3.320s] [ 17%] [32mBuilding CXX object CMakeFiles/simple_qos_subscriber.dir/src/simple_qos_subscriber.cpp.o[0m
[3.328s] [ 21%] [32mBuilding CXX object CMakeFiles/simple_publisher.dir/src/simple_publisher.cpp.o[0m
[3.336s] [ 25%] [32mBuilding CXX object CMakeFiles/simple_tf_kinematics.dir/src/simple_tf_kinematics.cpp.o[0m
[3.340s] [ 28%] [32mBuilding CXX object CMakeFiles/simple_lifecycle_node.dir/src/simple_lifecycle_node.cpp.o[0m
[3.343s] [ 32%] [32mBuilding CXX object CMakeFiles/simple_turtlesim_kinematics.dir/src/simple_turtlesim_kinematics.cpp.o[0m
[3.343s] [ 35%] [32mBuilding CXX object CMakeFiles/simple_action_server.dir/src/simple_action_server.cpp.o[0m
[3.344s] [ 39%] [32mBuilding CXX object CMakeFiles/simple_parameter.dir/src/simple_parameter.cpp.o[0m
[3.353s] [ 42%] [32mBuilding CXX object CMakeFiles/simple_action_server_node.dir/rclcpp_components/node_main_simple_action_server_node.cpp.o[0m
[13.202s] [ 46%] [32m[1mLinking CXX executable simple_service_server[0m
[13.212s] [ 50%] [32m[1mLinking CXX executable simple_parameter[0m
[13.525s] [ 50%] Built target simple_parameter
[13.578s] [ 53%] [32mBuilding CXX object CMakeFiles/simple_action_client.dir/src/simple_action_client.cpp.o[0m
[13.918s] [ 57%] [32m[1mLinking CXX executable simple_action_server_node[0m
[13.923s] [ 57%] Built target simple_service_server
[14.015s] [ 60%] [32mBuilding CXX object CMakeFiles/simple_action_client_node.dir/rclcpp_components/node_main_simple_action_client_node.cpp.o[0m
[14.470s] [ 60%] Built target simple_action_server_node
[15.052s] [ 64%] [32m[1mLinking CXX executable simple_service_client[0m
[15.274s] [ 67%] [32m[1mLinking CXX executable simple_publisher[0m
[15.548s] [ 67%] Built target simple_service_client
[15.845s] [ 71%] [32m[1mLinking CXX executable simple_qos_publisher[0m
[15.899s] [ 71%] Built target simple_publisher
[16.484s] [ 75%] [32m[1mLinking CXX shared library libsimple_action_server.so[0m
[16.810s] [ 75%] Built target simple_qos_publisher
[17.328s] [ 75%] Built target simple_action_server
[17.853s] [ 78%] [32m[1mLinking CXX executable simple_tf_kinematics[0m
[19.018s] [ 78%] Built target simple_tf_kinematics
[21.385s] [ 82%] [32m[1mLinking CXX executable simple_action_client_node[0m
[21.768s] [ 82%] Built target simple_action_client_node
[23.435s] [ 85%] [32m[1mLinking CXX shared library libsimple_action_client.so[0m
[23.909s] [ 85%] Built target simple_action_client
[24.379s] [ 89%] [32m[1mLinking CXX executable simple_qos_subscriber[0m
[24.513s] [ 92%] [32m[1mLinking CXX executable simple_lifecycle_node[0m
[24.678s] [ 96%] [32m[1mLinking CXX executable simple_turtlesim_kinematics[0m
[25.053s] [100%] [32m[1mLinking CXX executable simple_subscriber[0m
[25.757s] [100%] Built target simple_qos_subscriber
[25.948s] [100%] Built target simple_lifecycle_node
[26.111s] [100%] Built target simple_turtlesim_kinematics
[26.115s] [100%] Built target simple_subscriber
[26.143s] Invoked command in '/home/behzad/ros2_ws/build/bumperbot_cpp_examples' returned '0': CMAKE_PREFIX_PATH=/home/behzad/ros2_ws/install/bumperbot_msgs:/home/behzad/ros2_ws/install/bumperbot_utils:/home/behzad/ros2_ws/install/bumperbot_planning:/home/behzad/ros2_ws/install/bumperbot_cpp_examples:/home/behzad/ros2_ws/install/bumperbot_bringup:/home/behzad/ros2_ws/install/bumperbot_mapping:/home/behzad/ros2_ws/install/bumperbot_localization:/home/behzad/ros2_ws/install/bumperbot_firmware:/home/behzad/ros2_ws/install/bumperbot_description:/home/behzad/ros2_ws/install/bumperbot_controller:/home/behzad/bumporbot_ws/install/bumporbot_cpp_examples:/home/behzad/bumporbot_ws/install/bumperbot_planning:/home/behzad/bumporbot_ws/install/bumperbot_msgs:/home/behzad/bumporbot_ws/install/bumperbot_bringup:/home/behzad/bumporbot_ws/install/bumperbot_mapping:/home/behzad/bumporbot_ws/install/bumperbot_localization:/home/behzad/bumporbot_ws/install/bumperbot_firmware:/home/behzad/bumporbot_ws/install/bumperbot_description:/home/behzad/bumporbot_ws/install/bumperbot_controller:/home/behzad/ros2_ws/install/bumperbot_py_examples:/home/behzad/bumporbot_ws/install/bumporbot_py_examples:/opt/ros/humble LD_LIBRARY_PATH=/home/behzad/ros2_ws/install/bumperbot_msgs/lib:/home/behzad/ros2_ws/install/bumperbot_cpp_examples/lib:/home/behzad/ros2_ws/install/bumperbot_firmware/lib:/home/behzad/bumporbot_ws/install/bumperbot_msgs/lib:/home/behzad/bumporbot_ws/install/bumperbot_firmware/lib:/usr/lib/x86_64-linux-gnu/gazebo-11/plugins:/opt/ros/humble/opt/rviz_ogre_vendor/lib:/opt/ros/humble/lib/x86_64-linux-gnu:/opt/ros/humble/lib /usr/bin/cmake --build /home/behzad/ros2_ws/build/bumperbot_cpp_examples -- -j12 -l12
[26.149s] Invoking command in '/home/behzad/ros2_ws/build/bumperbot_cpp_examples': CMAKE_PREFIX_PATH=/home/behzad/ros2_ws/install/bumperbot_msgs:/home/behzad/ros2_ws/install/bumperbot_utils:/home/behzad/ros2_ws/install/bumperbot_planning:/home/behzad/ros2_ws/install/bumperbot_cpp_examples:/home/behzad/ros2_ws/install/bumperbot_bringup:/home/behzad/ros2_ws/install/bumperbot_mapping:/home/behzad/ros2_ws/install/bumperbot_localization:/home/behzad/ros2_ws/install/bumperbot_firmware:/home/behzad/ros2_ws/install/bumperbot_description:/home/behzad/ros2_ws/install/bumperbot_controller:/home/behzad/bumporbot_ws/install/bumporbot_cpp_examples:/home/behzad/bumporbot_ws/install/bumperbot_planning:/home/behzad/bumporbot_ws/install/bumperbot_msgs:/home/behzad/bumporbot_ws/install/bumperbot_bringup:/home/behzad/bumporbot_ws/install/bumperbot_mapping:/home/behzad/bumporbot_ws/install/bumperbot_localization:/home/behzad/bumporbot_ws/install/bumperbot_firmware:/home/behzad/bumporbot_ws/install/bumperbot_description:/home/behzad/bumporbot_ws/install/bumperbot_controller:/home/behzad/ros2_ws/install/bumperbot_py_examples:/home/behzad/bumporbot_ws/install/bumporbot_py_examples:/opt/ros/humble LD_LIBRARY_PATH=/home/behzad/ros2_ws/install/bumperbot_msgs/lib:/home/behzad/ros2_ws/install/bumperbot_cpp_examples/lib:/home/behzad/ros2_ws/install/bumperbot_firmware/lib:/home/behzad/bumporbot_ws/install/bumperbot_msgs/lib:/home/behzad/bumporbot_ws/install/bumperbot_firmware/lib:/usr/lib/x86_64-linux-gnu/gazebo-11/plugins:/opt/ros/humble/opt/rviz_ogre_vendor/lib:/opt/ros/humble/lib/x86_64-linux-gnu:/opt/ros/humble/lib /usr/bin/cmake --install /home/behzad/ros2_ws/build/bumperbot_cpp_examples
[26.166s] -- Install configuration: ""
[26.167s] -- Installing: /home/behzad/ros2_ws/install/bumperbot_cpp_examples/lib/bumperbot_cpp_examples/simple_action_server_node
[26.169s] -- Set runtime path of "/home/behzad/ros2_ws/install/bumperbot_cpp_examples/lib/bumperbot_cpp_examples/simple_action_server_node" to ""
[26.169s] -- Installing: /home/behzad/ros2_ws/install/bumperbot_cpp_examples/lib/bumperbot_cpp_examples/simple_action_client_node
[26.170s] -- Set runtime path of "/home/behzad/ros2_ws/install/bumperbot_cpp_examples/lib/bumperbot_cpp_examples/simple_action_client_node" to ""
[26.170s] -- Installing: /home/behzad/ros2_ws/install/bumperbot_cpp_examples/include/include
[26.170s] -- Installing: /home/behzad/ros2_ws/install/bumperbot_cpp_examples/include/include/bumperbot_cpp_examples
[26.170s] -- Installing: /home/behzad/ros2_ws/install/bumperbot_cpp_examples/include/include/bumperbot_cpp_examples/simple_turtlesim_kinematics.hpp
[26.170s] -- Installing: /home/behzad/ros2_ws/install/bumperbot_cpp_examples/include/include/bumperbot_cpp_examples/simple_tf_kinematics.hpp
[26.171s] -- Installing: /home/behzad/ros2_ws/install/bumperbot_cpp_examples/lib/bumperbot_cpp_examples/simple_publisher
[26.175s] -- Set runtime path of "/home/behzad/ros2_ws/install/bumperbot_cpp_examples/lib/bumperbot_cpp_examples/simple_publisher" to ""
[26.178s] -- Installing: /home/behzad/ros2_ws/install/bumperbot_cpp_examples/lib/bumperbot_cpp_examples/simple_subscriber
[26.187s] -- Set runtime path of "/home/behzad/ros2_ws/install/bumperbot_cpp_examples/lib/bumperbot_cpp_examples/simple_subscriber" to ""
[26.188s] -- Installing: /home/behzad/ros2_ws/install/bumperbot_cpp_examples/lib/bumperbot_cpp_examples/simple_parameter
[26.188s] -- Set runtime path of "/home/behzad/ros2_ws/install/bumperbot_cpp_examples/lib/bumperbot_cpp_examples/simple_parameter" to ""
[26.188s] -- Installing: /home/behzad/ros2_ws/install/bumperbot_cpp_examples/lib/bumperbot_cpp_examples/simple_turtlesim_kinematics
[26.196s] -- Set runtime path of "/home/behzad/ros2_ws/install/bumperbot_cpp_examples/lib/bumperbot_cpp_examples/simple_turtlesim_kinematics" to ""
[26.196s] -- Installing: /home/behzad/ros2_ws/install/bumperbot_cpp_examples/lib/bumperbot_cpp_examples/simple_service_server
[26.198s] -- Set runtime path of "/home/behzad/ros2_ws/install/bumperbot_cpp_examples/lib/bumperbot_cpp_examples/simple_service_server" to ""
[26.198s] -- Installing: /home/behzad/ros2_ws/install/bumperbot_cpp_examples/lib/bumperbot_cpp_examples/simple_service_client
[26.202s] -- Set runtime path of "/home/behzad/ros2_ws/install/bumperbot_cpp_examples/lib/bumperbot_cpp_examples/simple_service_client" to ""
[26.203s] -- Installing: /home/behzad/ros2_ws/install/bumperbot_cpp_examples/lib/bumperbot_cpp_examples/simple_tf_kinematics
[26.206s] -- Set runtime path of "/home/behzad/ros2_ws/install/bumperbot_cpp_examples/lib/bumperbot_cpp_examples/simple_tf_kinematics" to ""
[26.206s] -- Installing: /home/behzad/ros2_ws/install/bumperbot_cpp_examples/lib/bumperbot_cpp_examples/simple_lifecycle_node
[26.213s] -- Set runtime path of "/home/behzad/ros2_ws/install/bumperbot_cpp_examples/lib/bumperbot_cpp_examples/simple_lifecycle_node" to ""
[26.214s] -- Installing: /home/behzad/ros2_ws/install/bumperbot_cpp_examples/lib/bumperbot_cpp_examples/simple_qos_publisher
[26.215s] -- Set runtime path of "/home/behzad/ros2_ws/install/bumperbot_cpp_examples/lib/bumperbot_cpp_examples/simple_qos_publisher" to ""
[26.215s] -- Installing: /home/behzad/ros2_ws/install/bumperbot_cpp_examples/lib/bumperbot_cpp_examples/simple_qos_subscriber
[26.220s] -- Set runtime path of "/home/behzad/ros2_ws/install/bumperbot_cpp_examples/lib/bumperbot_cpp_examples/simple_qos_subscriber" to ""
[26.220s] -- Installing: /home/behzad/ros2_ws/install/bumperbot_cpp_examples/lib/libsimple_action_server.so
[26.222s] -- Set runtime path of "/home/behzad/ros2_ws/install/bumperbot_cpp_examples/lib/libsimple_action_server.so" to ""
[26.222s] -- Installing: /home/behzad/ros2_ws/install/bumperbot_cpp_examples/lib/libsimple_action_client.so
[26.225s] -- Set runtime path of "/home/behzad/ros2_ws/install/bumperbot_cpp_examples/lib/libsimple_action_client.so" to ""
[26.225s] -- Installing: /home/behzad/ros2_ws/install/bumperbot_cpp_examples/share/ament_index/resource_index/package_run_dependencies/bumperbot_cpp_examples
[26.225s] -- Installing: /home/behzad/ros2_ws/install/bumperbot_cpp_examples/share/ament_index/resource_index/parent_prefix_path/bumperbot_cpp_examples
[26.225s] -- Installing: /home/behzad/ros2_ws/install/bumperbot_cpp_examples/share/bumperbot_cpp_examples/environment/ament_prefix_path.sh
[26.226s] -- Installing: /home/behzad/ros2_ws/install/bumperbot_cpp_examples/share/bumperbot_cpp_examples/environment/ament_prefix_path.dsv
[26.226s] -- Installing: /home/behzad/ros2_ws/install/bumperbot_cpp_examples/share/bumperbot_cpp_examples/environment/path.sh
[26.226s] -- Installing: /home/behzad/ros2_ws/install/bumperbot_cpp_examples/share/bumperbot_cpp_examples/environment/path.dsv
[26.226s] -- Installing: /home/behzad/ros2_ws/install/bumperbot_cpp_examples/share/bumperbot_cpp_examples/local_setup.bash
[26.226s] -- Installing: /home/behzad/ros2_ws/install/bumperbot_cpp_examples/share/bumperbot_cpp_examples/local_setup.sh
[26.227s] -- Installing: /home/behzad/ros2_ws/install/bumperbot_cpp_examples/share/bumperbot_cpp_examples/local_setup.zsh
[26.227s] -- Installing: /home/behzad/ros2_ws/install/bumperbot_cpp_examples/share/bumperbot_cpp_examples/local_setup.dsv
[26.227s] -- Installing: /home/behzad/ros2_ws/install/bumperbot_cpp_examples/share/bumperbot_cpp_examples/package.dsv
[26.227s] -- Installing: /home/behzad/ros2_ws/install/bumperbot_cpp_examples/share/ament_index/resource_index/packages/bumperbot_cpp_examples
[26.227s] -- Installing: /home/behzad/ros2_ws/install/bumperbot_cpp_examples/share/ament_index/resource_index/rclcpp_components/bumperbot_cpp_examples
[26.228s] -- Installing: /home/behzad/ros2_ws/install/bumperbot_cpp_examples/share/bumperbot_cpp_examples/cmake/bumperbot_cpp_examplesConfig.cmake
[26.228s] -- Installing: /home/behzad/ros2_ws/install/bumperbot_cpp_examples/share/bumperbot_cpp_examples/cmake/bumperbot_cpp_examplesConfig-version.cmake
[26.228s] -- Installing: /home/behzad/ros2_ws/install/bumperbot_cpp_examples/share/bumperbot_cpp_examples/package.xml
[26.232s] Invoked command in '/home/behzad/ros2_ws/build/bumperbot_cpp_examples' returned '0': CMAKE_PREFIX_PATH=/home/behzad/ros2_ws/install/bumperbot_msgs:/home/behzad/ros2_ws/install/bumperbot_utils:/home/behzad/ros2_ws/install/bumperbot_planning:/home/behzad/ros2_ws/install/bumperbot_cpp_examples:/home/behzad/ros2_ws/install/bumperbot_bringup:/home/behzad/ros2_ws/install/bumperbot_mapping:/home/behzad/ros2_ws/install/bumperbot_localization:/home/behzad/ros2_ws/install/bumperbot_firmware:/home/behzad/ros2_ws/install/bumperbot_description:/home/behzad/ros2_ws/install/bumperbot_controller:/home/behzad/bumporbot_ws/install/bumporbot_cpp_examples:/home/behzad/bumporbot_ws/install/bumperbot_planning:/home/behzad/bumporbot_ws/install/bumperbot_msgs:/home/behzad/bumporbot_ws/install/bumperbot_bringup:/home/behzad/bumporbot_ws/install/bumperbot_mapping:/home/behzad/bumporbot_ws/install/bumperbot_localization:/home/behzad/bumporbot_ws/install/bumperbot_firmware:/home/behzad/bumporbot_ws/install/bumperbot_description:/home/behzad/bumporbot_ws/install/bumperbot_controller:/home/behzad/ros2_ws/install/bumperbot_py_examples:/home/behzad/bumporbot_ws/install/bumporbot_py_examples:/opt/ros/humble LD_LIBRARY_PATH=/home/behzad/ros2_ws/install/bumperbot_msgs/lib:/home/behzad/ros2_ws/install/bumperbot_cpp_examples/lib:/home/behzad/ros2_ws/install/bumperbot_firmware/lib:/home/behzad/bumporbot_ws/install/bumperbot_msgs/lib:/home/behzad/bumporbot_ws/install/bumperbot_firmware/lib:/usr/lib/x86_64-linux-gnu/gazebo-11/plugins:/opt/ros/humble/opt/rviz_ogre_vendor/lib:/opt/ros/humble/lib/x86_64-linux-gnu:/opt/ros/humble/lib /usr/bin/cmake --install /home/behzad/ros2_ws/build/bumperbot_cpp_examples
