[0.068s] Invoking command in '/home/behzad/ros2_ws/build/bumperbot_msgs': CMAKE_PREFIX_PATH=${CMAKE_PREFIX_PATH}:/home/behzad/ros2_ws/install/bumperbot_py_examples:/home/behzad/bumporbot_ws/install/bumporbot_py_examples:/opt/ros/humble /usr/bin/cmake --build /home/behzad/ros2_ws/build/bumperbot_msgs -- -j12 -l12
[0.201s] [35m[1mConsolidate compiler generated dependencies of target bumperbot_msgs__rosidl_generator_c[0m
[0.236s] [  2%] Built target bumperbot_msgs__cpp
[0.238s] [ 12%] Built target bumperbot_msgs__rosidl_generator_c
[0.283s] [35m[1mConsolidate compiler generated dependencies of target bumperbot_msgs__rosidl_typesupport_introspection_cpp[0m
[0.283s] [ 12%] Built target ament_cmake_python_copy_bumperbot_msgs
[0.284s] [35m[1mConsolidate compiler generated dependencies of target bumperbot_msgs__rosidl_typesupport_fastrtps_c[0m
[0.290s] [35m[1mConsolidate compiler generated dependencies of target bumperbot_msgs__rosidl_typesupport_cpp[0m
[0.290s] [35m[1mConsolidate compiler generated dependencies of target bumperbot_msgs__rosidl_typesupport_c[0m
[0.292s] [35m[1mConsolidate compiler generated dependencies of target bumperbot_msgs__rosidl_typesupport_fastrtps_cpp[0m
[0.296s] [35m[1mConsolidate compiler generated dependencies of target bumperbot_msgs__rosidl_typesupport_introspection_c[0m
[0.313s] [ 23%] Built target bumperbot_msgs__rosidl_typesupport_introspection_cpp
[0.315s] [ 34%] Built target bumperbot_msgs__rosidl_typesupport_fastrtps_c
[0.322s] [ 44%] Built target bumperbot_msgs__rosidl_typesupport_introspection_c
[0.324s] [ 70%] Built target bumperbot_msgs__rosidl_typesupport_cpp
[0.324s] [ 72%] Built target bumperbot_msgs__rosidl_typesupport_c
[0.324s] [ 76%] Built target bumperbot_msgs__rosidl_typesupport_fastrtps_cpp
[0.366s] [ 76%] Built target bumperbot_msgs
[0.406s] [ 78%] Built target bumperbot_msgs__py
[0.432s] [35m[1mConsolidate compiler generated dependencies of target bumperbot_msgs__rosidl_generator_py[0m
[0.456s] [ 87%] Built target bumperbot_msgs__rosidl_generator_py
[0.477s] [35m[1mConsolidate compiler generated dependencies of target bumperbot_msgs__rosidl_typesupport_fastrtps_c__pyext[0m
[0.478s] [35m[1mConsolidate compiler generated dependencies of target bumperbot_msgs__rosidl_typesupport_c__pyext[0m
[0.478s] [35m[1mConsolidate compiler generated dependencies of target bumperbot_msgs__rosidl_typesupport_introspection_c__pyext[0m
[0.499s] [ 91%] Built target bumperbot_msgs__rosidl_typesupport_fastrtps_c__pyext
[0.501s] [100%] Built target bumperbot_msgs__rosidl_typesupport_c__pyext
[0.502s] [100%] Built target bumperbot_msgs__rosidl_typesupport_introspection_c__pyext
[0.682s] running egg_info
[0.683s] writing bumperbot_msgs.egg-info/PKG-INFO
[0.683s] writing dependency_links to bumperbot_msgs.egg-info/dependency_links.txt
[0.683s] writing top-level names to bumperbot_msgs.egg-info/top_level.txt
[0.687s] reading manifest file 'bumperbot_msgs.egg-info/SOURCES.txt'
[0.688s] writing manifest file 'bumperbot_msgs.egg-info/SOURCES.txt'
[0.743s] [100%] Built target ament_cmake_python_build_bumperbot_msgs_egg
[0.768s] Invoked command in '/home/behzad/ros2_ws/build/bumperbot_msgs' returned '0': CMAKE_PREFIX_PATH=${CMAKE_PREFIX_PATH}:/home/behzad/ros2_ws/install/bumperbot_py_examples:/home/behzad/bumporbot_ws/install/bumporbot_py_examples:/opt/ros/humble /usr/bin/cmake --build /home/behzad/ros2_ws/build/bumperbot_msgs -- -j12 -l12
[0.772s] Invoking command in '/home/behzad/ros2_ws/build/bumperbot_msgs': CMAKE_PREFIX_PATH=${CMAKE_PREFIX_PATH}:/home/behzad/ros2_ws/install/bumperbot_py_examples:/home/behzad/bumporbot_ws/install/bumporbot_py_examples:/opt/ros/humble /usr/bin/cmake --install /home/behzad/ros2_ws/build/bumperbot_msgs
[0.786s] -- Install configuration: ""
[0.786s] -- Up-to-date: /home/behzad/ros2_ws/install/bumperbot_msgs/share/ament_index/resource_index/rosidl_interfaces/bumperbot_msgs
[0.787s] -- Up-to-date: /home/behzad/ros2_ws/install/bumperbot_msgs/include/bumperbot_msgs/bumperbot_msgs
[0.787s] -- Up-to-date: /home/behzad/ros2_ws/install/bumperbot_msgs/include/bumperbot_msgs/bumperbot_msgs/srv
[0.787s] -- Up-to-date: /home/behzad/ros2_ws/install/bumperbot_msgs/include/bumperbot_msgs/bumperbot_msgs/srv/add_two_ints.h
[0.787s] -- Up-to-date: /home/behzad/ros2_ws/install/bumperbot_msgs/include/bumperbot_msgs/bumperbot_msgs/srv/get_transform.h
[0.787s] -- Up-to-date: /home/behzad/ros2_ws/install/bumperbot_msgs/include/bumperbot_msgs/bumperbot_msgs/srv/detail
[0.787s] -- Up-to-date: /home/behzad/ros2_ws/install/bumperbot_msgs/include/bumperbot_msgs/bumperbot_msgs/srv/detail/add_two_ints__functions.h
[0.787s] -- Up-to-date: /home/behzad/ros2_ws/install/bumperbot_msgs/include/bumperbot_msgs/bumperbot_msgs/srv/detail/get_transform__struct.h
[0.787s] -- Up-to-date: /home/behzad/ros2_ws/install/bumperbot_msgs/include/bumperbot_msgs/bumperbot_msgs/srv/detail/get_transform__functions.h
[0.787s] -- Up-to-date: /home/behzad/ros2_ws/install/bumperbot_msgs/include/bumperbot_msgs/bumperbot_msgs/srv/detail/add_two_ints__type_support.h
[0.788s] -- Up-to-date: /home/behzad/ros2_ws/install/bumperbot_msgs/include/bumperbot_msgs/bumperbot_msgs/srv/detail/get_transform__functions.c
[0.788s] -- Up-to-date: /home/behzad/ros2_ws/install/bumperbot_msgs/include/bumperbot_msgs/bumperbot_msgs/srv/detail/add_two_ints__struct.h
[0.788s] -- Up-to-date: /home/behzad/ros2_ws/install/bumperbot_msgs/include/bumperbot_msgs/bumperbot_msgs/srv/detail/get_transform__type_support.h
[0.788s] -- Up-to-date: /home/behzad/ros2_ws/install/bumperbot_msgs/include/bumperbot_msgs/bumperbot_msgs/srv/detail/add_two_ints__functions.c
[0.788s] -- Up-to-date: /home/behzad/ros2_ws/install/bumperbot_msgs/include/bumperbot_msgs/bumperbot_msgs/msg
[0.788s] -- Up-to-date: /home/behzad/ros2_ws/install/bumperbot_msgs/include/bumperbot_msgs/bumperbot_msgs/msg/rosidl_generator_c__visibility_control.h
[0.788s] -- Up-to-date: /home/behzad/ros2_ws/install/bumperbot_msgs/include/bumperbot_msgs/bumperbot_msgs/action
[0.788s] -- Up-to-date: /home/behzad/ros2_ws/install/bumperbot_msgs/include/bumperbot_msgs/bumperbot_msgs/action/fibonacci.h
[0.788s] -- Up-to-date: /home/behzad/ros2_ws/install/bumperbot_msgs/include/bumperbot_msgs/bumperbot_msgs/action/detail
[0.788s] -- Up-to-date: /home/behzad/ros2_ws/install/bumperbot_msgs/include/bumperbot_msgs/bumperbot_msgs/action/detail/fibonacci__type_support.h
[0.788s] -- Up-to-date: /home/behzad/ros2_ws/install/bumperbot_msgs/include/bumperbot_msgs/bumperbot_msgs/action/detail/fibonacci__struct.h
[0.789s] -- Up-to-date: /home/behzad/ros2_ws/install/bumperbot_msgs/include/bumperbot_msgs/bumperbot_msgs/action/detail/fibonacci__functions.h
[0.789s] -- Up-to-date: /home/behzad/ros2_ws/install/bumperbot_msgs/include/bumperbot_msgs/bumperbot_msgs/action/detail/fibonacci__functions.c
[0.789s] -- Up-to-date: /home/behzad/ros2_ws/install/bumperbot_msgs/share/bumperbot_msgs/environment/library_path.sh
[0.789s] -- Up-to-date: /home/behzad/ros2_ws/install/bumperbot_msgs/share/bumperbot_msgs/environment/library_path.dsv
[0.789s] -- Up-to-date: /home/behzad/ros2_ws/install/bumperbot_msgs/lib/libbumperbot_msgs__rosidl_generator_c.so
[0.789s] -- Up-to-date: /home/behzad/ros2_ws/install/bumperbot_msgs/include/bumperbot_msgs/bumperbot_msgs
[0.790s] -- Up-to-date: /home/behzad/ros2_ws/install/bumperbot_msgs/include/bumperbot_msgs/bumperbot_msgs/srv
[0.790s] -- Up-to-date: /home/behzad/ros2_ws/install/bumperbot_msgs/include/bumperbot_msgs/bumperbot_msgs/srv/detail
[0.790s] -- Up-to-date: /home/behzad/ros2_ws/install/bumperbot_msgs/include/bumperbot_msgs/bumperbot_msgs/srv/detail/get_transform__rosidl_typesupport_fastrtps_c.h
[0.790s] -- Up-to-date: /home/behzad/ros2_ws/install/bumperbot_msgs/include/bumperbot_msgs/bumperbot_msgs/srv/detail/add_two_ints__rosidl_typesupport_fastrtps_c.h
[0.790s] -- Up-to-date: /home/behzad/ros2_ws/install/bumperbot_msgs/include/bumperbot_msgs/bumperbot_msgs/msg
[0.790s] -- Up-to-date: /home/behzad/ros2_ws/install/bumperbot_msgs/include/bumperbot_msgs/bumperbot_msgs/msg/rosidl_typesupport_fastrtps_c__visibility_control.h
[0.791s] -- Up-to-date: /home/behzad/ros2_ws/install/bumperbot_msgs/include/bumperbot_msgs/bumperbot_msgs/action
[0.791s] -- Up-to-date: /home/behzad/ros2_ws/install/bumperbot_msgs/include/bumperbot_msgs/bumperbot_msgs/action/detail
[0.791s] -- Up-to-date: /home/behzad/ros2_ws/install/bumperbot_msgs/include/bumperbot_msgs/bumperbot_msgs/action/detail/fibonacci__rosidl_typesupport_fastrtps_c.h
[0.792s] -- Up-to-date: /home/behzad/ros2_ws/install/bumperbot_msgs/lib/libbumperbot_msgs__rosidl_typesupport_fastrtps_c.so
[0.792s] -- Up-to-date: /home/behzad/ros2_ws/install/bumperbot_msgs/include/bumperbot_msgs/bumperbot_msgs
[0.792s] -- Up-to-date: /home/behzad/ros2_ws/install/bumperbot_msgs/include/bumperbot_msgs/bumperbot_msgs/srv
[0.792s] -- Up-to-date: /home/behzad/ros2_ws/install/bumperbot_msgs/include/bumperbot_msgs/bumperbot_msgs/srv/add_two_ints.hpp
[0.793s] -- Up-to-date: /home/behzad/ros2_ws/install/bumperbot_msgs/include/bumperbot_msgs/bumperbot_msgs/srv/get_transform.hpp
[0.793s] -- Up-to-date: /home/behzad/ros2_ws/install/bumperbot_msgs/include/bumperbot_msgs/bumperbot_msgs/srv/detail
[0.793s] -- Up-to-date: /home/behzad/ros2_ws/install/bumperbot_msgs/include/bumperbot_msgs/bumperbot_msgs/srv/detail/add_two_ints__builder.hpp
[0.793s] -- Up-to-date: /home/behzad/ros2_ws/install/bumperbot_msgs/include/bumperbot_msgs/bumperbot_msgs/srv/detail/add_two_ints__struct.hpp
[0.793s] -- Up-to-date: /home/behzad/ros2_ws/install/bumperbot_msgs/include/bumperbot_msgs/bumperbot_msgs/srv/detail/get_transform__type_support.hpp
[0.793s] -- Up-to-date: /home/behzad/ros2_ws/install/bumperbot_msgs/include/bumperbot_msgs/bumperbot_msgs/srv/detail/get_transform__traits.hpp
[0.793s] -- Up-to-date: /home/behzad/ros2_ws/install/bumperbot_msgs/include/bumperbot_msgs/bumperbot_msgs/srv/detail/add_two_ints__type_support.hpp
[0.793s] -- Up-to-date: /home/behzad/ros2_ws/install/bumperbot_msgs/include/bumperbot_msgs/bumperbot_msgs/srv/detail/get_transform__builder.hpp
[0.794s] -- Up-to-date: /home/behzad/ros2_ws/install/bumperbot_msgs/include/bumperbot_msgs/bumperbot_msgs/srv/detail/get_transform__struct.hpp
[0.794s] -- Up-to-date: /home/behzad/ros2_ws/install/bumperbot_msgs/include/bumperbot_msgs/bumperbot_msgs/srv/detail/add_two_ints__traits.hpp
[0.794s] -- Up-to-date: /home/behzad/ros2_ws/install/bumperbot_msgs/include/bumperbot_msgs/bumperbot_msgs/msg
[0.794s] -- Up-to-date: /home/behzad/ros2_ws/install/bumperbot_msgs/include/bumperbot_msgs/bumperbot_msgs/msg/rosidl_generator_cpp__visibility_control.hpp
[0.794s] -- Up-to-date: /home/behzad/ros2_ws/install/bumperbot_msgs/include/bumperbot_msgs/bumperbot_msgs/action
[0.794s] -- Up-to-date: /home/behzad/ros2_ws/install/bumperbot_msgs/include/bumperbot_msgs/bumperbot_msgs/action/fibonacci.hpp
[0.794s] -- Up-to-date: /home/behzad/ros2_ws/install/bumperbot_msgs/include/bumperbot_msgs/bumperbot_msgs/action/detail
[0.794s] -- Up-to-date: /home/behzad/ros2_ws/install/bumperbot_msgs/include/bumperbot_msgs/bumperbot_msgs/action/detail/fibonacci__type_support.hpp
[0.794s] -- Up-to-date: /home/behzad/ros2_ws/install/bumperbot_msgs/include/bumperbot_msgs/bumperbot_msgs/action/detail/fibonacci__traits.hpp
[0.794s] -- Up-to-date: /home/behzad/ros2_ws/install/bumperbot_msgs/include/bumperbot_msgs/bumperbot_msgs/action/detail/fibonacci__struct.hpp
[0.795s] -- Up-to-date: /home/behzad/ros2_ws/install/bumperbot_msgs/include/bumperbot_msgs/bumperbot_msgs/action/detail/fibonacci__builder.hpp
[0.795s] -- Up-to-date: /home/behzad/ros2_ws/install/bumperbot_msgs/include/bumperbot_msgs/bumperbot_msgs
[0.795s] -- Up-to-date: /home/behzad/ros2_ws/install/bumperbot_msgs/include/bumperbot_msgs/bumperbot_msgs/srv
[0.795s] -- Up-to-date: /home/behzad/ros2_ws/install/bumperbot_msgs/include/bumperbot_msgs/bumperbot_msgs/srv/detail
[0.795s] -- Up-to-date: /home/behzad/ros2_ws/install/bumperbot_msgs/include/bumperbot_msgs/bumperbot_msgs/srv/detail/dds_fastrtps
[0.795s] -- Up-to-date: /home/behzad/ros2_ws/install/bumperbot_msgs/include/bumperbot_msgs/bumperbot_msgs/srv/detail/get_transform__rosidl_typesupport_fastrtps_cpp.hpp
[0.796s] -- Up-to-date: /home/behzad/ros2_ws/install/bumperbot_msgs/include/bumperbot_msgs/bumperbot_msgs/srv/detail/add_two_ints__rosidl_typesupport_fastrtps_cpp.hpp
[0.796s] -- Up-to-date: /home/behzad/ros2_ws/install/bumperbot_msgs/include/bumperbot_msgs/bumperbot_msgs/msg
[0.796s] -- Up-to-date: /home/behzad/ros2_ws/install/bumperbot_msgs/include/bumperbot_msgs/bumperbot_msgs/msg/rosidl_typesupport_fastrtps_cpp__visibility_control.h
[0.796s] -- Up-to-date: /home/behzad/ros2_ws/install/bumperbot_msgs/include/bumperbot_msgs/bumperbot_msgs/action
[0.796s] -- Up-to-date: /home/behzad/ros2_ws/install/bumperbot_msgs/include/bumperbot_msgs/bumperbot_msgs/action/detail
[0.796s] -- Up-to-date: /home/behzad/ros2_ws/install/bumperbot_msgs/include/bumperbot_msgs/bumperbot_msgs/action/detail/dds_fastrtps
[0.796s] -- Up-to-date: /home/behzad/ros2_ws/install/bumperbot_msgs/include/bumperbot_msgs/bumperbot_msgs/action/detail/fibonacci__rosidl_typesupport_fastrtps_cpp.hpp
[0.798s] -- Up-to-date: /home/behzad/ros2_ws/install/bumperbot_msgs/lib/libbumperbot_msgs__rosidl_typesupport_fastrtps_cpp.so
[0.798s] -- Up-to-date: /home/behzad/ros2_ws/install/bumperbot_msgs/include/bumperbot_msgs/bumperbot_msgs
[0.798s] -- Up-to-date: /home/behzad/ros2_ws/install/bumperbot_msgs/include/bumperbot_msgs/bumperbot_msgs/srv
[0.798s] -- Up-to-date: /home/behzad/ros2_ws/install/bumperbot_msgs/include/bumperbot_msgs/bumperbot_msgs/srv/detail
[0.799s] -- Up-to-date: /home/behzad/ros2_ws/install/bumperbot_msgs/include/bumperbot_msgs/bumperbot_msgs/srv/detail/add_two_ints__type_support.c
[0.799s] -- Up-to-date: /home/behzad/ros2_ws/install/bumperbot_msgs/include/bumperbot_msgs/bumperbot_msgs/srv/detail/get_transform__rosidl_typesupport_introspection_c.h
[0.799s] -- Up-to-date: /home/behzad/ros2_ws/install/bumperbot_msgs/include/bumperbot_msgs/bumperbot_msgs/srv/detail/add_two_ints__rosidl_typesupport_introspection_c.h
[0.799s] -- Up-to-date: /home/behzad/ros2_ws/install/bumperbot_msgs/include/bumperbot_msgs/bumperbot_msgs/srv/detail/get_transform__type_support.c
[0.800s] -- Up-to-date: /home/behzad/ros2_ws/install/bumperbot_msgs/include/bumperbot_msgs/bumperbot_msgs/msg
[0.800s] -- Up-to-date: /home/behzad/ros2_ws/install/bumperbot_msgs/include/bumperbot_msgs/bumperbot_msgs/msg/rosidl_typesupport_introspection_c__visibility_control.h
[0.800s] -- Up-to-date: /home/behzad/ros2_ws/install/bumperbot_msgs/include/bumperbot_msgs/bumperbot_msgs/action
[0.800s] -- Up-to-date: /home/behzad/ros2_ws/install/bumperbot_msgs/include/bumperbot_msgs/bumperbot_msgs/action/detail
[0.800s] -- Up-to-date: /home/behzad/ros2_ws/install/bumperbot_msgs/include/bumperbot_msgs/bumperbot_msgs/action/detail/fibonacci__type_support.c
[0.800s] -- Up-to-date: /home/behzad/ros2_ws/install/bumperbot_msgs/include/bumperbot_msgs/bumperbot_msgs/action/detail/fibonacci__rosidl_typesupport_introspection_c.h
[0.800s] -- Up-to-date: /home/behzad/ros2_ws/install/bumperbot_msgs/lib/libbumperbot_msgs__rosidl_typesupport_introspection_c.so
[0.800s] -- Up-to-date: /home/behzad/ros2_ws/install/bumperbot_msgs/lib/libbumperbot_msgs__rosidl_typesupport_c.so
[0.800s] -- Up-to-date: /home/behzad/ros2_ws/install/bumperbot_msgs/include/bumperbot_msgs/bumperbot_msgs
[0.800s] -- Up-to-date: /home/behzad/ros2_ws/install/bumperbot_msgs/include/bumperbot_msgs/bumperbot_msgs/srv
[0.801s] -- Up-to-date: /home/behzad/ros2_ws/install/bumperbot_msgs/include/bumperbot_msgs/bumperbot_msgs/srv/detail
[0.801s] -- Up-to-date: /home/behzad/ros2_ws/install/bumperbot_msgs/include/bumperbot_msgs/bumperbot_msgs/srv/detail/add_two_ints__rosidl_typesupport_introspection_cpp.hpp
[0.801s] -- Up-to-date: /home/behzad/ros2_ws/install/bumperbot_msgs/include/bumperbot_msgs/bumperbot_msgs/srv/detail/get_transform__type_support.cpp
[0.801s] -- Up-to-date: /home/behzad/ros2_ws/install/bumperbot_msgs/include/bumperbot_msgs/bumperbot_msgs/srv/detail/add_two_ints__type_support.cpp
[0.801s] -- Up-to-date: /home/behzad/ros2_ws/install/bumperbot_msgs/include/bumperbot_msgs/bumperbot_msgs/srv/detail/get_transform__rosidl_typesupport_introspection_cpp.hpp
[0.801s] -- Up-to-date: /home/behzad/ros2_ws/install/bumperbot_msgs/include/bumperbot_msgs/bumperbot_msgs/action
[0.802s] -- Up-to-date: /home/behzad/ros2_ws/install/bumperbot_msgs/include/bumperbot_msgs/bumperbot_msgs/action/detail
[0.802s] -- Up-to-date: /home/behzad/ros2_ws/install/bumperbot_msgs/include/bumperbot_msgs/bumperbot_msgs/action/detail/fibonacci__type_support.cpp
[0.802s] -- Up-to-date: /home/behzad/ros2_ws/install/bumperbot_msgs/include/bumperbot_msgs/bumperbot_msgs/action/detail/fibonacci__rosidl_typesupport_introspection_cpp.hpp
[0.802s] -- Up-to-date: /home/behzad/ros2_ws/install/bumperbot_msgs/lib/libbumperbot_msgs__rosidl_typesupport_introspection_cpp.so
[0.803s] -- Up-to-date: /home/behzad/ros2_ws/install/bumperbot_msgs/lib/libbumperbot_msgs__rosidl_typesupport_cpp.so
[0.804s] -- Up-to-date: /home/behzad/ros2_ws/install/bumperbot_msgs/share/bumperbot_msgs/environment/pythonpath.sh
[0.804s] -- Up-to-date: /home/behzad/ros2_ws/install/bumperbot_msgs/share/bumperbot_msgs/environment/pythonpath.dsv
[0.804s] -- Up-to-date: /home/behzad/ros2_ws/install/bumperbot_msgs/local/lib/python3.10/dist-packages/bumperbot_msgs-0.0.0-py3.10.egg-info
[0.804s] -- Installing: /home/behzad/ros2_ws/install/bumperbot_msgs/local/lib/python3.10/dist-packages/bumperbot_msgs-0.0.0-py3.10.egg-info/dependency_links.txt
[0.804s] -- Installing: /home/behzad/ros2_ws/install/bumperbot_msgs/local/lib/python3.10/dist-packages/bumperbot_msgs-0.0.0-py3.10.egg-info/PKG-INFO
[0.805s] -- Installing: /home/behzad/ros2_ws/install/bumperbot_msgs/local/lib/python3.10/dist-packages/bumperbot_msgs-0.0.0-py3.10.egg-info/SOURCES.txt
[0.805s] -- Installing: /home/behzad/ros2_ws/install/bumperbot_msgs/local/lib/python3.10/dist-packages/bumperbot_msgs-0.0.0-py3.10.egg-info/top_level.txt
[0.805s] -- Up-to-date: /home/behzad/ros2_ws/install/bumperbot_msgs/local/lib/python3.10/dist-packages/bumperbot_msgs
[0.806s] -- Up-to-date: /home/behzad/ros2_ws/install/bumperbot_msgs/local/lib/python3.10/dist-packages/bumperbot_msgs/__init__.py
[0.806s] -- Up-to-date: /home/behzad/ros2_ws/install/bumperbot_msgs/local/lib/python3.10/dist-packages/bumperbot_msgs/_bumperbot_msgs_s.ep.rosidl_typesupport_introspection_c.c
[0.806s] -- Up-to-date: /home/behzad/ros2_ws/install/bumperbot_msgs/local/lib/python3.10/dist-packages/bumperbot_msgs/srv
[0.806s] -- Up-to-date: /home/behzad/ros2_ws/install/bumperbot_msgs/local/lib/python3.10/dist-packages/bumperbot_msgs/srv/__init__.py
[0.806s] -- Up-to-date: /home/behzad/ros2_ws/install/bumperbot_msgs/local/lib/python3.10/dist-packages/bumperbot_msgs/srv/_add_two_ints_s.c
[0.807s] -- Up-to-date: /home/behzad/ros2_ws/install/bumperbot_msgs/local/lib/python3.10/dist-packages/bumperbot_msgs/srv/_add_two_ints.py
[0.807s] -- Up-to-date: /home/behzad/ros2_ws/install/bumperbot_msgs/local/lib/python3.10/dist-packages/bumperbot_msgs/srv/_get_transform.py
[0.807s] -- Up-to-date: /home/behzad/ros2_ws/install/bumperbot_msgs/local/lib/python3.10/dist-packages/bumperbot_msgs/srv/_get_transform_s.c
[0.807s] -- Up-to-date: /home/behzad/ros2_ws/install/bumperbot_msgs/local/lib/python3.10/dist-packages/bumperbot_msgs/_bumperbot_msgs_s.ep.rosidl_typesupport_c.c
[0.807s] -- Up-to-date: /home/behzad/ros2_ws/install/bumperbot_msgs/local/lib/python3.10/dist-packages/bumperbot_msgs/bumperbot_msgs_s__rosidl_typesupport_introspection_c.cpython-310-x86_64-linux-gnu.so
[0.807s] -- Up-to-date: /home/behzad/ros2_ws/install/bumperbot_msgs/local/lib/python3.10/dist-packages/bumperbot_msgs/action
[0.807s] -- Up-to-date: /home/behzad/ros2_ws/install/bumperbot_msgs/local/lib/python3.10/dist-packages/bumperbot_msgs/action/__init__.py
[0.807s] -- Up-to-date: /home/behzad/ros2_ws/install/bumperbot_msgs/local/lib/python3.10/dist-packages/bumperbot_msgs/action/_fibonacci_s.c
[0.807s] -- Up-to-date: /home/behzad/ros2_ws/install/bumperbot_msgs/local/lib/python3.10/dist-packages/bumperbot_msgs/action/_fibonacci.py
[0.808s] -- Up-to-date: /home/behzad/ros2_ws/install/bumperbot_msgs/local/lib/python3.10/dist-packages/bumperbot_msgs/bumperbot_msgs_s__rosidl_typesupport_fastrtps_c.cpython-310-x86_64-linux-gnu.so
[0.808s] -- Up-to-date: /home/behzad/ros2_ws/install/bumperbot_msgs/local/lib/python3.10/dist-packages/bumperbot_msgs/_bumperbot_msgs_s.ep.rosidl_typesupport_fastrtps_c.c
[0.808s] -- Up-to-date: /home/behzad/ros2_ws/install/bumperbot_msgs/local/lib/python3.10/dist-packages/bumperbot_msgs/bumperbot_msgs_s__rosidl_typesupport_c.cpython-310-x86_64-linux-gnu.so
[0.808s] -- Up-to-date: /home/behzad/ros2_ws/install/bumperbot_msgs/local/lib/python3.10/dist-packages/bumperbot_msgs/libbumperbot_msgs__rosidl_generator_py.so
[0.864s] Listing '/home/behzad/ros2_ws/install/bumperbot_msgs/local/lib/python3.10/dist-packages/bumperbot_msgs'...
[0.864s] Listing '/home/behzad/ros2_ws/install/bumperbot_msgs/local/lib/python3.10/dist-packages/bumperbot_msgs/action'...
[0.864s] Listing '/home/behzad/ros2_ws/install/bumperbot_msgs/local/lib/python3.10/dist-packages/bumperbot_msgs/srv'...
[0.870s] -- Up-to-date: /home/behzad/ros2_ws/install/bumperbot_msgs/local/lib/python3.10/dist-packages/bumperbot_msgs/bumperbot_msgs_s__rosidl_typesupport_fastrtps_c.cpython-310-x86_64-linux-gnu.so
[0.872s] -- Up-to-date: /home/behzad/ros2_ws/install/bumperbot_msgs/local/lib/python3.10/dist-packages/bumperbot_msgs/bumperbot_msgs_s__rosidl_typesupport_introspection_c.cpython-310-x86_64-linux-gnu.so
[0.872s] -- Up-to-date: /home/behzad/ros2_ws/install/bumperbot_msgs/local/lib/python3.10/dist-packages/bumperbot_msgs/bumperbot_msgs_s__rosidl_typesupport_c.cpython-310-x86_64-linux-gnu.so
[0.873s] -- Up-to-date: /home/behzad/ros2_ws/install/bumperbot_msgs/lib/libbumperbot_msgs__rosidl_generator_py.so
[0.874s] -- Up-to-date: /home/behzad/ros2_ws/install/bumperbot_msgs/share/bumperbot_msgs/action/Fibonacci.idl
[0.874s] -- Up-to-date: /home/behzad/ros2_ws/install/bumperbot_msgs/share/bumperbot_msgs/srv/AddTwoInts.idl
[0.875s] -- Up-to-date: /home/behzad/ros2_ws/install/bumperbot_msgs/share/bumperbot_msgs/srv/GetTransform.idl
[0.876s] -- Up-to-date: /home/behzad/ros2_ws/install/bumperbot_msgs/share/bumperbot_msgs/action/Fibonacci.action
[0.876s] -- Up-to-date: /home/behzad/ros2_ws/install/bumperbot_msgs/share/bumperbot_msgs/srv/AddTwoInts.srv
[0.876s] -- Up-to-date: /home/behzad/ros2_ws/install/bumperbot_msgs/share/bumperbot_msgs/srv/AddTwoInts_Request.msg
[0.877s] -- Up-to-date: /home/behzad/ros2_ws/install/bumperbot_msgs/share/bumperbot_msgs/srv/AddTwoInts_Response.msg
[0.877s] -- Up-to-date: /home/behzad/ros2_ws/install/bumperbot_msgs/share/bumperbot_msgs/srv/GetTransform.srv
[0.878s] -- Up-to-date: /home/behzad/ros2_ws/install/bumperbot_msgs/share/bumperbot_msgs/srv/GetTransform_Request.msg
[0.878s] -- Up-to-date: /home/behzad/ros2_ws/install/bumperbot_msgs/share/bumperbot_msgs/srv/GetTransform_Response.msg
[0.879s] -- Up-to-date: /home/behzad/ros2_ws/install/bumperbot_msgs/share/ament_index/resource_index/package_run_dependencies/bumperbot_msgs
[0.879s] -- Up-to-date: /home/behzad/ros2_ws/install/bumperbot_msgs/share/ament_index/resource_index/parent_prefix_path/bumperbot_msgs
[0.879s] -- Up-to-date: /home/behzad/ros2_ws/install/bumperbot_msgs/share/bumperbot_msgs/environment/ament_prefix_path.sh
[0.879s] -- Up-to-date: /home/behzad/ros2_ws/install/bumperbot_msgs/share/bumperbot_msgs/environment/ament_prefix_path.dsv
[0.879s] -- Up-to-date: /home/behzad/ros2_ws/install/bumperbot_msgs/share/bumperbot_msgs/environment/path.sh
[0.879s] -- Up-to-date: /home/behzad/ros2_ws/install/bumperbot_msgs/share/bumperbot_msgs/environment/path.dsv
[0.879s] -- Up-to-date: /home/behzad/ros2_ws/install/bumperbot_msgs/share/bumperbot_msgs/local_setup.bash
[0.879s] -- Up-to-date: /home/behzad/ros2_ws/install/bumperbot_msgs/share/bumperbot_msgs/local_setup.sh
[0.879s] -- Up-to-date: /home/behzad/ros2_ws/install/bumperbot_msgs/share/bumperbot_msgs/local_setup.zsh
[0.879s] -- Up-to-date: /home/behzad/ros2_ws/install/bumperbot_msgs/share/bumperbot_msgs/local_setup.dsv
[0.879s] -- Installing: /home/behzad/ros2_ws/install/bumperbot_msgs/share/bumperbot_msgs/package.dsv
[0.879s] -- Up-to-date: /home/behzad/ros2_ws/install/bumperbot_msgs/share/ament_index/resource_index/packages/bumperbot_msgs
[0.879s] -- Up-to-date: /home/behzad/ros2_ws/install/bumperbot_msgs/share/bumperbot_msgs/cmake/export_bumperbot_msgs__rosidl_generator_cExport.cmake
[0.880s] -- Up-to-date: /home/behzad/ros2_ws/install/bumperbot_msgs/share/bumperbot_msgs/cmake/export_bumperbot_msgs__rosidl_generator_cExport-noconfig.cmake
[0.880s] -- Up-to-date: /home/behzad/ros2_ws/install/bumperbot_msgs/share/bumperbot_msgs/cmake/export_bumperbot_msgs__rosidl_typesupport_fastrtps_cExport.cmake
[0.880s] -- Up-to-date: /home/behzad/ros2_ws/install/bumperbot_msgs/share/bumperbot_msgs/cmake/export_bumperbot_msgs__rosidl_typesupport_fastrtps_cExport-noconfig.cmake
[0.880s] -- Up-to-date: /home/behzad/ros2_ws/install/bumperbot_msgs/share/bumperbot_msgs/cmake/export_bumperbot_msgs__rosidl_generator_cppExport.cmake
[0.880s] -- Up-to-date: /home/behzad/ros2_ws/install/bumperbot_msgs/share/bumperbot_msgs/cmake/export_bumperbot_msgs__rosidl_typesupport_fastrtps_cppExport.cmake
[0.880s] -- Up-to-date: /home/behzad/ros2_ws/install/bumperbot_msgs/share/bumperbot_msgs/cmake/export_bumperbot_msgs__rosidl_typesupport_fastrtps_cppExport-noconfig.cmake
[0.881s] -- Up-to-date: /home/behzad/ros2_ws/install/bumperbot_msgs/share/bumperbot_msgs/cmake/bumperbot_msgs__rosidl_typesupport_introspection_cExport.cmake
[0.881s] -- Up-to-date: /home/behzad/ros2_ws/install/bumperbot_msgs/share/bumperbot_msgs/cmake/bumperbot_msgs__rosidl_typesupport_introspection_cExport-noconfig.cmake
[0.881s] -- Up-to-date: /home/behzad/ros2_ws/install/bumperbot_msgs/share/bumperbot_msgs/cmake/bumperbot_msgs__rosidl_typesupport_cExport.cmake
[0.881s] -- Up-to-date: /home/behzad/ros2_ws/install/bumperbot_msgs/share/bumperbot_msgs/cmake/bumperbot_msgs__rosidl_typesupport_cExport-noconfig.cmake
[0.882s] -- Up-to-date: /home/behzad/ros2_ws/install/bumperbot_msgs/share/bumperbot_msgs/cmake/bumperbot_msgs__rosidl_typesupport_introspection_cppExport.cmake
[0.882s] -- Up-to-date: /home/behzad/ros2_ws/install/bumperbot_msgs/share/bumperbot_msgs/cmake/bumperbot_msgs__rosidl_typesupport_introspection_cppExport-noconfig.cmake
[0.883s] -- Up-to-date: /home/behzad/ros2_ws/install/bumperbot_msgs/share/bumperbot_msgs/cmake/bumperbot_msgs__rosidl_typesupport_cppExport.cmake
[0.883s] -- Up-to-date: /home/behzad/ros2_ws/install/bumperbot_msgs/share/bumperbot_msgs/cmake/bumperbot_msgs__rosidl_typesupport_cppExport-noconfig.cmake
[0.884s] -- Up-to-date: /home/behzad/ros2_ws/install/bumperbot_msgs/share/bumperbot_msgs/cmake/export_bumperbot_msgs__rosidl_generator_pyExport.cmake
[0.884s] -- Up-to-date: /home/behzad/ros2_ws/install/bumperbot_msgs/share/bumperbot_msgs/cmake/export_bumperbot_msgs__rosidl_generator_pyExport-noconfig.cmake
[0.884s] -- Up-to-date: /home/behzad/ros2_ws/install/bumperbot_msgs/share/bumperbot_msgs/cmake/rosidl_cmake-extras.cmake
[0.884s] -- Up-to-date: /home/behzad/ros2_ws/install/bumperbot_msgs/share/bumperbot_msgs/cmake/ament_cmake_export_dependencies-extras.cmake
[0.884s] -- Up-to-date: /home/behzad/ros2_ws/install/bumperbot_msgs/share/bumperbot_msgs/cmake/ament_cmake_export_include_directories-extras.cmake
[0.884s] -- Up-to-date: /home/behzad/ros2_ws/install/bumperbot_msgs/share/bumperbot_msgs/cmake/ament_cmake_export_libraries-extras.cmake
[0.884s] -- Up-to-date: /home/behzad/ros2_ws/install/bumperbot_msgs/share/bumperbot_msgs/cmake/ament_cmake_export_targets-extras.cmake
[0.884s] -- Up-to-date: /home/behzad/ros2_ws/install/bumperbot_msgs/share/bumperbot_msgs/cmake/rosidl_cmake_export_typesupport_targets-extras.cmake
[0.885s] -- Up-to-date: /home/behzad/ros2_ws/install/bumperbot_msgs/share/bumperbot_msgs/cmake/rosidl_cmake_export_typesupport_libraries-extras.cmake
[0.885s] -- Up-to-date: /home/behzad/ros2_ws/install/bumperbot_msgs/share/bumperbot_msgs/cmake/bumperbot_msgsConfig.cmake
[0.885s] -- Up-to-date: /home/behzad/ros2_ws/install/bumperbot_msgs/share/bumperbot_msgs/cmake/bumperbot_msgsConfig-version.cmake
[0.885s] -- Up-to-date: /home/behzad/ros2_ws/install/bumperbot_msgs/share/bumperbot_msgs/package.xml
[0.927s] Invoked command in '/home/behzad/ros2_ws/build/bumperbot_msgs' returned '0': CMAKE_PREFIX_PATH=${CMAKE_PREFIX_PATH}:/home/behzad/ros2_ws/install/bumperbot_py_examples:/home/behzad/bumporbot_ws/install/bumporbot_py_examples:/opt/ros/humble /usr/bin/cmake --install /home/behzad/ros2_ws/build/bumperbot_msgs
