[0.037s] Invoking command in '/home/behzad/ros2_ws/build/bumperbot_cpp_examples': CMAKE_PREFIX_PATH=/home/behzad/ros2_ws/install/bumperbot_msgs:/home/behzad/ros2_ws/install/bumperbot_utils:/home/behzad/ros2_ws/install/bumperbot_planning:/home/behzad/ros2_ws/install/bumperbot_cpp_examples:/home/behzad/ros2_ws/install/bumperbot_bringup:/home/behzad/ros2_ws/install/bumperbot_mapping:/home/behzad/ros2_ws/install/bumperbot_localization:/home/behzad/ros2_ws/install/bumperbot_firmware:/home/behzad/ros2_ws/install/bumperbot_description:/home/behzad/ros2_ws/install/bumperbot_controller:/home/behzad/bumporbot_ws/install/bumporbot_cpp_examples:/home/behzad/bumporbot_ws/install/bumperbot_planning:/home/behzad/bumporbot_ws/install/bumperbot_msgs:/home/behzad/bumporbot_ws/install/bumperbot_bringup:/home/behzad/bumporbot_ws/install/bumperbot_mapping:/home/behzad/bumporbot_ws/install/bumperbot_localization:/home/behzad/bumporbot_ws/install/bumperbot_firmware:/home/behzad/bumporbot_ws/install/bumperbot_description:/home/behzad/bumporbot_ws/install/bumperbot_controller:/home/behzad/ros2_ws/install/bumperbot_py_examples:/home/behzad/bumporbot_ws/install/bumporbot_py_examples:/opt/ros/humble LD_LIBRARY_PATH=/home/behzad/ros2_ws/install/bumperbot_msgs/lib:/home/behzad/ros2_ws/install/bumperbot_cpp_examples/lib:/home/behzad/ros2_ws/install/bumperbot_firmware/lib:/home/behzad/bumporbot_ws/install/bumperbot_msgs/lib:/home/behzad/bumporbot_ws/install/bumperbot_firmware/lib:/usr/lib/x86_64-linux-gnu/gazebo-11/plugins:/opt/ros/humble/opt/rviz_ogre_vendor/lib:/opt/ros/humble/lib/x86_64-linux-gnu:/opt/ros/humble/lib /usr/bin/cmake --build /home/behzad/ros2_ws/build/bumperbot_cpp_examples -- -j12 -l12
[0.132s] [ 14%] Built target simple_service_server
[0.132s] [ 14%] Built target simple_turtlesim_kinematics
[0.132s] [ 21%] Built target simple_publisher
[0.132s] [ 35%] Built target simple_parameter
[0.132s] [ 35%] Built target simple_subscriber
[0.133s] [ 50%] Built target simple_tf_kinematics
[0.134s] [ 50%] Built target simple_service_client
[0.134s] [ 64%] Built target simple_action_server
[0.134s] [ 64%] Built target simple_lifecycle_node
[0.135s] [ 71%] Built target simple_qos_publisher
[0.136s] [ 78%] Built target simple_qos_subscriber
[0.139s] [ 85%] Built target simple_action_server_node
[0.166s] [ 92%] Built target simple_action_client_node
[0.166s] [100%] Built target simple_action_client
[0.407s] Invoked command in '/home/behzad/ros2_ws/build/bumperbot_cpp_examples' returned '0': CMAKE_PREFIX_PATH=/home/behzad/ros2_ws/install/bumperbot_msgs:/home/behzad/ros2_ws/install/bumperbot_utils:/home/behzad/ros2_ws/install/bumperbot_planning:/home/behzad/ros2_ws/install/bumperbot_cpp_examples:/home/behzad/ros2_ws/install/bumperbot_bringup:/home/behzad/ros2_ws/install/bumperbot_mapping:/home/behzad/ros2_ws/install/bumperbot_localization:/home/behzad/ros2_ws/install/bumperbot_firmware:/home/behzad/ros2_ws/install/bumperbot_description:/home/behzad/ros2_ws/install/bumperbot_controller:/home/behzad/bumporbot_ws/install/bumporbot_cpp_examples:/home/behzad/bumporbot_ws/install/bumperbot_planning:/home/behzad/bumporbot_ws/install/bumperbot_msgs:/home/behzad/bumporbot_ws/install/bumperbot_bringup:/home/behzad/bumporbot_ws/install/bumperbot_mapping:/home/behzad/bumporbot_ws/install/bumperbot_localization:/home/behzad/bumporbot_ws/install/bumperbot_firmware:/home/behzad/bumporbot_ws/install/bumperbot_description:/home/behzad/bumporbot_ws/install/bumperbot_controller:/home/behzad/ros2_ws/install/bumperbot_py_examples:/home/behzad/bumporbot_ws/install/bumporbot_py_examples:/opt/ros/humble LD_LIBRARY_PATH=/home/behzad/ros2_ws/install/bumperbot_msgs/lib:/home/behzad/ros2_ws/install/bumperbot_cpp_examples/lib:/home/behzad/ros2_ws/install/bumperbot_firmware/lib:/home/behzad/bumporbot_ws/install/bumperbot_msgs/lib:/home/behzad/bumporbot_ws/install/bumperbot_firmware/lib:/usr/lib/x86_64-linux-gnu/gazebo-11/plugins:/opt/ros/humble/opt/rviz_ogre_vendor/lib:/opt/ros/humble/lib/x86_64-linux-gnu:/opt/ros/humble/lib /usr/bin/cmake --build /home/behzad/ros2_ws/build/bumperbot_cpp_examples -- -j12 -l12
[0.410s] Invoking command in '/home/behzad/ros2_ws/build/bumperbot_cpp_examples': CMAKE_PREFIX_PATH=/home/behzad/ros2_ws/install/bumperbot_msgs:/home/behzad/ros2_ws/install/bumperbot_utils:/home/behzad/ros2_ws/install/bumperbot_planning:/home/behzad/ros2_ws/install/bumperbot_cpp_examples:/home/behzad/ros2_ws/install/bumperbot_bringup:/home/behzad/ros2_ws/install/bumperbot_mapping:/home/behzad/ros2_ws/install/bumperbot_localization:/home/behzad/ros2_ws/install/bumperbot_firmware:/home/behzad/ros2_ws/install/bumperbot_description:/home/behzad/ros2_ws/install/bumperbot_controller:/home/behzad/bumporbot_ws/install/bumporbot_cpp_examples:/home/behzad/bumporbot_ws/install/bumperbot_planning:/home/behzad/bumporbot_ws/install/bumperbot_msgs:/home/behzad/bumporbot_ws/install/bumperbot_bringup:/home/behzad/bumporbot_ws/install/bumperbot_mapping:/home/behzad/bumporbot_ws/install/bumperbot_localization:/home/behzad/bumporbot_ws/install/bumperbot_firmware:/home/behzad/bumporbot_ws/install/bumperbot_description:/home/behzad/bumporbot_ws/install/bumperbot_controller:/home/behzad/ros2_ws/install/bumperbot_py_examples:/home/behzad/bumporbot_ws/install/bumporbot_py_examples:/opt/ros/humble LD_LIBRARY_PATH=/home/behzad/ros2_ws/install/bumperbot_msgs/lib:/home/behzad/ros2_ws/install/bumperbot_cpp_examples/lib:/home/behzad/ros2_ws/install/bumperbot_firmware/lib:/home/behzad/bumporbot_ws/install/bumperbot_msgs/lib:/home/behzad/bumporbot_ws/install/bumperbot_firmware/lib:/usr/lib/x86_64-linux-gnu/gazebo-11/plugins:/opt/ros/humble/opt/rviz_ogre_vendor/lib:/opt/ros/humble/lib/x86_64-linux-gnu:/opt/ros/humble/lib /usr/bin/cmake --install /home/behzad/ros2_ws/build/bumperbot_cpp_examples
[0.431s] -- Install configuration: ""
[0.431s] -- Up-to-date: /home/behzad/ros2_ws/install/bumperbot_cpp_examples/lib/bumperbot_cpp_examples/simple_action_server_node
[0.431s] -- Up-to-date: /home/behzad/ros2_ws/install/bumperbot_cpp_examples/lib/bumperbot_cpp_examples/simple_action_client_node
[0.431s] -- Up-to-date: /home/behzad/ros2_ws/install/bumperbot_cpp_examples/include/include
[0.431s] -- Up-to-date: /home/behzad/ros2_ws/install/bumperbot_cpp_examples/include/include/bumperbot_cpp_examples
[0.431s] -- Up-to-date: /home/behzad/ros2_ws/install/bumperbot_cpp_examples/include/include/bumperbot_cpp_examples/simple_turtlesim_kinematics.hpp
[0.431s] -- Up-to-date: /home/behzad/ros2_ws/install/bumperbot_cpp_examples/include/include/bumperbot_cpp_examples/simple_tf_kinematics.hpp
[0.431s] -- Up-to-date: /home/behzad/ros2_ws/install/bumperbot_cpp_examples/lib/bumperbot_cpp_examples/simple_publisher
[0.431s] -- Up-to-date: /home/behzad/ros2_ws/install/bumperbot_cpp_examples/lib/bumperbot_cpp_examples/simple_subscriber
[0.431s] -- Up-to-date: /home/behzad/ros2_ws/install/bumperbot_cpp_examples/lib/bumperbot_cpp_examples/simple_parameter
[0.431s] -- Up-to-date: /home/behzad/ros2_ws/install/bumperbot_cpp_examples/lib/bumperbot_cpp_examples/simple_turtlesim_kinematics
[0.432s] -- Up-to-date: /home/behzad/ros2_ws/install/bumperbot_cpp_examples/lib/bumperbot_cpp_examples/simple_service_server
[0.432s] -- Up-to-date: /home/behzad/ros2_ws/install/bumperbot_cpp_examples/lib/bumperbot_cpp_examples/simple_service_client
[0.432s] -- Up-to-date: /home/behzad/ros2_ws/install/bumperbot_cpp_examples/lib/bumperbot_cpp_examples/simple_tf_kinematics
[0.432s] -- Up-to-date: /home/behzad/ros2_ws/install/bumperbot_cpp_examples/lib/bumperbot_cpp_examples/simple_lifecycle_node
[0.432s] -- Up-to-date: /home/behzad/ros2_ws/install/bumperbot_cpp_examples/lib/bumperbot_cpp_examples/simple_qos_publisher
[0.433s] -- Up-to-date: /home/behzad/ros2_ws/install/bumperbot_cpp_examples/lib/bumperbot_cpp_examples/simple_qos_subscriber
[0.433s] -- Up-to-date: /home/behzad/ros2_ws/install/bumperbot_cpp_examples/lib/libsimple_action_server.so
[0.434s] -- Up-to-date: /home/behzad/ros2_ws/install/bumperbot_cpp_examples/lib/libsimple_action_client.so
[0.434s] -- Up-to-date: /home/behzad/ros2_ws/install/bumperbot_cpp_examples/share/ament_index/resource_index/package_run_dependencies/bumperbot_cpp_examples
[0.434s] -- Up-to-date: /home/behzad/ros2_ws/install/bumperbot_cpp_examples/share/ament_index/resource_index/parent_prefix_path/bumperbot_cpp_examples
[0.434s] -- Up-to-date: /home/behzad/ros2_ws/install/bumperbot_cpp_examples/share/bumperbot_cpp_examples/environment/ament_prefix_path.sh
[0.434s] -- Up-to-date: /home/behzad/ros2_ws/install/bumperbot_cpp_examples/share/bumperbot_cpp_examples/environment/ament_prefix_path.dsv
[0.434s] -- Up-to-date: /home/behzad/ros2_ws/install/bumperbot_cpp_examples/share/bumperbot_cpp_examples/environment/path.sh
[0.434s] -- Up-to-date: /home/behzad/ros2_ws/install/bumperbot_cpp_examples/share/bumperbot_cpp_examples/environment/path.dsv
[0.435s] -- Up-to-date: /home/behzad/ros2_ws/install/bumperbot_cpp_examples/share/bumperbot_cpp_examples/local_setup.bash
[0.435s] -- Up-to-date: /home/behzad/ros2_ws/install/bumperbot_cpp_examples/share/bumperbot_cpp_examples/local_setup.sh
[0.435s] -- Up-to-date: /home/behzad/ros2_ws/install/bumperbot_cpp_examples/share/bumperbot_cpp_examples/local_setup.zsh
[0.435s] -- Up-to-date: /home/behzad/ros2_ws/install/bumperbot_cpp_examples/share/bumperbot_cpp_examples/local_setup.dsv
[0.435s] -- Installing: /home/behzad/ros2_ws/install/bumperbot_cpp_examples/share/bumperbot_cpp_examples/package.dsv
[0.435s] -- Up-to-date: /home/behzad/ros2_ws/install/bumperbot_cpp_examples/share/ament_index/resource_index/packages/bumperbot_cpp_examples
[0.435s] -- Up-to-date: /home/behzad/ros2_ws/install/bumperbot_cpp_examples/share/ament_index/resource_index/rclcpp_components/bumperbot_cpp_examples
[0.435s] -- Up-to-date: /home/behzad/ros2_ws/install/bumperbot_cpp_examples/share/bumperbot_cpp_examples/cmake/bumperbot_cpp_examplesConfig.cmake
[0.435s] -- Up-to-date: /home/behzad/ros2_ws/install/bumperbot_cpp_examples/share/bumperbot_cpp_examples/cmake/bumperbot_cpp_examplesConfig-version.cmake
[0.436s] -- Up-to-date: /home/behzad/ros2_ws/install/bumperbot_cpp_examples/share/bumperbot_cpp_examples/package.xml
[0.438s] Invoked command in '/home/behzad/ros2_ws/build/bumperbot_cpp_examples' returned '0': CMAKE_PREFIX_PATH=/home/behzad/ros2_ws/install/bumperbot_msgs:/home/behzad/ros2_ws/install/bumperbot_utils:/home/behzad/ros2_ws/install/bumperbot_planning:/home/behzad/ros2_ws/install/bumperbot_cpp_examples:/home/behzad/ros2_ws/install/bumperbot_bringup:/home/behzad/ros2_ws/install/bumperbot_mapping:/home/behzad/ros2_ws/install/bumperbot_localization:/home/behzad/ros2_ws/install/bumperbot_firmware:/home/behzad/ros2_ws/install/bumperbot_description:/home/behzad/ros2_ws/install/bumperbot_controller:/home/behzad/bumporbot_ws/install/bumporbot_cpp_examples:/home/behzad/bumporbot_ws/install/bumperbot_planning:/home/behzad/bumporbot_ws/install/bumperbot_msgs:/home/behzad/bumporbot_ws/install/bumperbot_bringup:/home/behzad/bumporbot_ws/install/bumperbot_mapping:/home/behzad/bumporbot_ws/install/bumperbot_localization:/home/behzad/bumporbot_ws/install/bumperbot_firmware:/home/behzad/bumporbot_ws/install/bumperbot_description:/home/behzad/bumporbot_ws/install/bumperbot_controller:/home/behzad/ros2_ws/install/bumperbot_py_examples:/home/behzad/bumporbot_ws/install/bumporbot_py_examples:/opt/ros/humble LD_LIBRARY_PATH=/home/behzad/ros2_ws/install/bumperbot_msgs/lib:/home/behzad/ros2_ws/install/bumperbot_cpp_examples/lib:/home/behzad/ros2_ws/install/bumperbot_firmware/lib:/home/behzad/bumporbot_ws/install/bumperbot_msgs/lib:/home/behzad/bumporbot_ws/install/bumperbot_firmware/lib:/usr/lib/x86_64-linux-gnu/gazebo-11/plugins:/opt/ros/humble/opt/rviz_ogre_vendor/lib:/opt/ros/humble/lib/x86_64-linux-gnu:/opt/ros/humble/lib /usr/bin/cmake --install /home/behzad/ros2_ws/build/bumperbot_cpp_examples
