[0.055s] Invoking command in '/home/behzad/ros2_ws/build/bumperbot_localization': CMAKE_PREFIX_PATH=${CMAKE_PREFIX_PATH}:/home/behzad/ros2_ws/install/bumperbot_py_examples:/home/behzad/bumporbot_ws/install/bumporbot_py_examples:/opt/ros/humble /usr/bin/cmake --build /home/behzad/ros2_ws/build/bumperbot_localization -- -j12 -l12
[0.231s] [ 33%] Built target imu_republisher
[0.232s] [ 33%] Built target ament_cmake_python_copy_bumperbot_localization
[0.237s] [ 66%] Built target odometry_motion_model
[0.292s] [100%] Built target kalman_filter
[0.825s] running egg_info
[0.829s] writing bumperbot_localization.egg-info/PKG-INFO
[0.830s] writing dependency_links to bumperbot_localization.egg-info/dependency_links.txt
[0.830s] writing top-level names to bumperbot_localization.egg-info/top_level.txt
[0.836s] reading manifest file 'bumperbot_localization.egg-info/SOURCES.txt'
[0.836s] writing manifest file 'bumperbot_localization.egg-info/SOURCES.txt'
[0.925s] [100%] Built target ament_cmake_python_build_bumperbot_localization_egg
[0.950s] Invoked command in '/home/behzad/ros2_ws/build/bumperbot_localization' returned '0': CMAKE_PREFIX_PATH=${CMAKE_PREFIX_PATH}:/home/behzad/ros2_ws/install/bumperbot_py_examples:/home/behzad/bumporbot_ws/install/bumporbot_py_examples:/opt/ros/humble /usr/bin/cmake --build /home/behzad/ros2_ws/build/bumperbot_localization -- -j12 -l12
[0.955s] Invoking command in '/home/behzad/ros2_ws/build/bumperbot_localization': CMAKE_PREFIX_PATH=${CMAKE_PREFIX_PATH}:/home/behzad/ros2_ws/install/bumperbot_py_examples:/home/behzad/bumporbot_ws/install/bumporbot_py_examples:/opt/ros/humble /usr/bin/cmake --install /home/behzad/ros2_ws/build/bumperbot_localization
[0.969s] -- Install configuration: ""
[0.969s] -- Up-to-date: /home/behzad/ros2_ws/install/bumperbot_localization/share/bumperbot_localization/environment/pythonpath.sh
[0.969s] -- Up-to-date: /home/behzad/ros2_ws/install/bumperbot_localization/share/bumperbot_localization/environment/pythonpath.dsv
[0.970s] -- Up-to-date: /home/behzad/ros2_ws/install/bumperbot_localization/local/lib/python3.10/dist-packages/bumperbot_localization-0.0.0-py3.10.egg-info
[0.970s] -- Installing: /home/behzad/ros2_ws/install/bumperbot_localization/local/lib/python3.10/dist-packages/bumperbot_localization-0.0.0-py3.10.egg-info/dependency_links.txt
[0.970s] -- Installing: /home/behzad/ros2_ws/install/bumperbot_localization/local/lib/python3.10/dist-packages/bumperbot_localization-0.0.0-py3.10.egg-info/PKG-INFO
[0.971s] -- Installing: /home/behzad/ros2_ws/install/bumperbot_localization/local/lib/python3.10/dist-packages/bumperbot_localization-0.0.0-py3.10.egg-info/SOURCES.txt
[0.971s] -- Installing: /home/behzad/ros2_ws/install/bumperbot_localization/local/lib/python3.10/dist-packages/bumperbot_localization-0.0.0-py3.10.egg-info/top_level.txt
[0.971s] -- Up-to-date: /home/behzad/ros2_ws/install/bumperbot_localization/local/lib/python3.10/dist-packages/bumperbot_localization
[0.972s] -- Up-to-date: /home/behzad/ros2_ws/install/bumperbot_localization/local/lib/python3.10/dist-packages/bumperbot_localization/__init__.py
[0.972s] -- Up-to-date: /home/behzad/ros2_ws/install/bumperbot_localization/local/lib/python3.10/dist-packages/bumperbot_localization/kalman_filter.py
[0.972s] -- Up-to-date: /home/behzad/ros2_ws/install/bumperbot_localization/local/lib/python3.10/dist-packages/bumperbot_localization/odometry_motion_model.py
[0.972s] -- Up-to-date: /home/behzad/ros2_ws/install/bumperbot_localization/local/lib/python3.10/dist-packages/bumperbot_localization/imu_republisher.py
[1.038s] Listing '/home/behzad/ros2_ws/install/bumperbot_localization/local/lib/python3.10/dist-packages/bumperbot_localization'...
[1.048s] -- Up-to-date: /home/behzad/ros2_ws/install/bumperbot_localization/include/include
[1.048s] -- Up-to-date: /home/behzad/ros2_ws/install/bumperbot_localization/include/include/bumperbot_localization
[1.048s] -- Up-to-date: /home/behzad/ros2_ws/install/bumperbot_localization/include/include/bumperbot_localization/kalman_filter.hpp
[1.048s] -- Up-to-date: /home/behzad/ros2_ws/install/bumperbot_localization/include/include/bumperbot_localization/odometry_motion_model.hpp
[1.048s] -- Up-to-date: /home/behzad/ros2_ws/install/bumperbot_localization/bin/odometry_motion_model
[1.049s] -- Up-to-date: /home/behzad/ros2_ws/install/bumperbot_localization/lib/bumperbot_localization/kalman_filter
[1.050s] -- Up-to-date: /home/behzad/ros2_ws/install/bumperbot_localization/lib/bumperbot_localization/imu_republisher
[1.051s] -- Up-to-date: /home/behzad/ros2_ws/install/bumperbot_localization/lib/bumperbot_localization/odometry_motion_model
[1.053s] -- Up-to-date: /home/behzad/ros2_ws/install/bumperbot_localization/share/bumperbot_localization/launch
[1.053s] -- Up-to-date: /home/behzad/ros2_ws/install/bumperbot_localization/share/bumperbot_localization/launch/global_localization.launch.py
[1.053s] -- Up-to-date: /home/behzad/ros2_ws/install/bumperbot_localization/share/bumperbot_localization/launch/local_localization.launch.py
[1.056s] -- Up-to-date: /home/behzad/ros2_ws/install/bumperbot_localization/share/bumperbot_localization/config
[1.056s] -- Up-to-date: /home/behzad/ros2_ws/install/bumperbot_localization/share/bumperbot_localization/config/amcl.yaml
[1.057s] -- Up-to-date: /home/behzad/ros2_ws/install/bumperbot_localization/share/bumperbot_localization/config/odometry_motion_model.rviz
[1.057s] -- Up-to-date: /home/behzad/ros2_ws/install/bumperbot_localization/share/bumperbot_localization/config/ekf.yaml
[1.057s] -- Up-to-date: /home/behzad/ros2_ws/install/bumperbot_localization/share/bumperbot_localization/rviz
[1.057s] -- Up-to-date: /home/behzad/ros2_ws/install/bumperbot_localization/share/bumperbot_localization/rviz/global_localization.rviz
[1.057s] -- Up-to-date: /home/behzad/ros2_ws/install/bumperbot_localization/lib/bumperbot_localization/kalman_filter.py
[1.058s] -- Up-to-date: /home/behzad/ros2_ws/install/bumperbot_localization/lib/bumperbot_localization/imu_republisher.py
[1.058s] -- Up-to-date: /home/behzad/ros2_ws/install/bumperbot_localization/lib/bumperbot_localization/odometry_motion_model.py
[1.058s] -- Up-to-date: /home/behzad/ros2_ws/install/bumperbot_localization/share/ament_index/resource_index/package_run_dependencies/bumperbot_localization
[1.058s] -- Up-to-date: /home/behzad/ros2_ws/install/bumperbot_localization/share/ament_index/resource_index/parent_prefix_path/bumperbot_localization
[1.058s] -- Up-to-date: /home/behzad/ros2_ws/install/bumperbot_localization/share/bumperbot_localization/environment/ament_prefix_path.sh
[1.058s] -- Up-to-date: /home/behzad/ros2_ws/install/bumperbot_localization/share/bumperbot_localization/environment/ament_prefix_path.dsv
[1.058s] -- Up-to-date: /home/behzad/ros2_ws/install/bumperbot_localization/share/bumperbot_localization/environment/path.sh
[1.058s] -- Up-to-date: /home/behzad/ros2_ws/install/bumperbot_localization/share/bumperbot_localization/environment/path.dsv
[1.058s] -- Up-to-date: /home/behzad/ros2_ws/install/bumperbot_localization/share/bumperbot_localization/local_setup.bash
[1.059s] -- Up-to-date: /home/behzad/ros2_ws/install/bumperbot_localization/share/bumperbot_localization/local_setup.sh
[1.059s] -- Up-to-date: /home/behzad/ros2_ws/install/bumperbot_localization/share/bumperbot_localization/local_setup.zsh
[1.059s] -- Up-to-date: /home/behzad/ros2_ws/install/bumperbot_localization/share/bumperbot_localization/local_setup.dsv
[1.059s] -- Installing: /home/behzad/ros2_ws/install/bumperbot_localization/share/bumperbot_localization/package.dsv
[1.059s] -- Up-to-date: /home/behzad/ros2_ws/install/bumperbot_localization/share/ament_index/resource_index/packages/bumperbot_localization
[1.059s] -- Up-to-date: /home/behzad/ros2_ws/install/bumperbot_localization/share/bumperbot_localization/cmake/bumperbot_localizationConfig.cmake
[1.059s] -- Up-to-date: /home/behzad/ros2_ws/install/bumperbot_localization/share/bumperbot_localization/cmake/bumperbot_localizationConfig-version.cmake
[1.059s] -- Up-to-date: /home/behzad/ros2_ws/install/bumperbot_localization/share/bumperbot_localization/package.xml
[1.124s] Invoked command in '/home/behzad/ros2_ws/build/bumperbot_localization' returned '0': CMAKE_PREFIX_PATH=${CMAKE_PREFIX_PATH}:/home/behzad/ros2_ws/install/bumperbot_py_examples:/home/behzad/bumporbot_ws/install/bumporbot_py_examples:/opt/ros/humble /usr/bin/cmake --install /home/behzad/ros2_ws/build/bumperbot_localization
