[0.016s] Invoking command in '/home/behzad/ros2_ws/build/bumperbot_planning': CMAKE_PREFIX_PATH=${CMAKE_PREFIX_PATH}:/home/behzad/ros2_ws/install/bumperbot_py_examples:/home/behzad/bumporbot_ws/install/bumporbot_py_examples:/opt/ros/humble /usr/bin/cmake /home/behzad/ros2_ws/src/bumperbot_planning -DCMAKE_INSTALL_PREFIX=/home/behzad/ros2_ws/install/bumperbot_planning
[0.093s] -- The C compiler identification is GNU 11.4.0
[0.169s] -- The CXX compiler identification is GNU 11.4.0
[0.178s] -- Detecting C compiler ABI info
[0.279s] -- Detecting C compiler ABI info - done
[0.289s] -- Check for working C compiler: /usr/bin/cc - skipped
[0.289s] -- Detecting C compile features
[0.290s] -- Detecting C compile features - done
[0.293s] -- Detecting CXX compiler ABI info
[0.407s] -- Detecting CXX compiler ABI info - done
[0.418s] -- Check for working CXX compiler: /usr/bin/c++ - skipped
[0.418s] -- Detecting CXX compile features
[0.419s] -- Detecting CXX compile features - done
[0.426s] -- Found ament_cmake: 1.3.12 (/opt/ros/humble/share/ament_cmake/cmake)
[0.665s] -- Found Python3: /usr/bin/python3 (found version "3.10.12") found components: Interpreter 
[0.840s] -- Found rclpy: 3.3.17 (/opt/ros/humble/share/rclpy/cmake)
[0.846s] -- Found rclcpp: 16.0.15 (/opt/ros/humble/share/rclcpp/cmake)
[0.943s] -- Found rosidl_generator_c: 3.1.7 (/opt/ros/humble/share/rosidl_generator_c/cmake)
[0.958s] -- Found rosidl_adapter: 3.1.7 (/opt/ros/humble/share/rosidl_adapter/cmake)
[0.976s] -- Found rosidl_generator_cpp: 3.1.7 (/opt/ros/humble/share/rosidl_generator_cpp/cmake)
[1.000s] -- Using all available rosidl_typesupport_c: rosidl_typesupport_fastrtps_c;rosidl_typesupport_introspection_c
[1.035s] -- Using all available rosidl_typesupport_cpp: rosidl_typesupport_fastrtps_cpp;rosidl_typesupport_introspection_cpp
[1.130s] -- Found rmw_implementation_cmake: 6.1.2 (/opt/ros/humble/share/rmw_implementation_cmake/cmake)
[1.138s] -- Found rmw_fastrtps_cpp: 6.2.9 (/opt/ros/humble/share/rmw_fastrtps_cpp/cmake)
[1.300s] -- Found OpenSSL: /usr/lib/x86_64-linux-gnu/libcrypto.so (found version "3.0.2")  
[1.345s] -- Found FastRTPS: /opt/ros/humble/include  
[1.417s] -- Using RMW implementation 'rmw_fastrtps_cpp' as default
[1.439s] -- Looking for pthread.h
[1.544s] -- Looking for pthread.h - found
[1.544s] -- Performing Test CMAKE_HAVE_LIBC_PTHREAD
[1.648s] -- Performing Test CMAKE_HAVE_LIBC_PTHREAD - Success
[1.649s] -- Found Threads: TRUE  
[1.732s] -- Found nav_msgs: 4.9.0 (/opt/ros/humble/share/nav_msgs/cmake)
[1.778s] -- Found tf2_ros: 0.25.16 (/opt/ros/humble/share/tf2_ros/cmake)
[2.162s] -- Configuring done
[2.188s] -- Generating done
[2.195s] -- Build files have been written to: /home/behzad/ros2_ws/build/bumperbot_planning
[2.210s] Invoked command in '/home/behzad/ros2_ws/build/bumperbot_planning' returned '0': CMAKE_PREFIX_PATH=${CMAKE_PREFIX_PATH}:/home/behzad/ros2_ws/install/bumperbot_py_examples:/home/behzad/bumporbot_ws/install/bumporbot_py_examples:/opt/ros/humble /usr/bin/cmake /home/behzad/ros2_ws/src/bumperbot_planning -DCMAKE_INSTALL_PREFIX=/home/behzad/ros2_ws/install/bumperbot_planning
[2.211s] Invoking command in '/home/behzad/ros2_ws/build/bumperbot_planning': CMAKE_PREFIX_PATH=${CMAKE_PREFIX_PATH}:/home/behzad/ros2_ws/install/bumperbot_py_examples:/home/behzad/bumporbot_ws/install/bumporbot_py_examples:/opt/ros/humble /usr/bin/cmake --build /home/behzad/ros2_ws/build/bumperbot_planning -- -j12 -l12
[2.281s] [35m[1mConsolidate compiler generated dependencies of target dijkstra_planner[0m
[2.308s] [ 50%] Built target ament_cmake_python_copy_bumperbot_planning
[2.308s] [ 50%] [32mBuilding CXX object CMakeFiles/dijkstra_planner.dir/src/dijkstra_planner.cpp.o[0m
[2.659s] running egg_info
[2.660s] writing bumperbot_planning.egg-info/PKG-INFO
[2.660s] writing dependency_links to bumperbot_planning.egg-info/dependency_links.txt
[2.660s] writing top-level names to bumperbot_planning.egg-info/top_level.txt
[2.663s] reading manifest file 'bumperbot_planning.egg-info/SOURCES.txt'
[2.663s] writing manifest file 'bumperbot_planning.egg-info/SOURCES.txt'
[2.701s] [ 50%] Built target ament_cmake_python_build_bumperbot_planning_egg
[14.962s] [100%] [32m[1mLinking CXX executable dijkstra_planner[0m
[15.638s] [100%] Built target dijkstra_planner
[15.655s] Invoked command in '/home/behzad/ros2_ws/build/bumperbot_planning' returned '0': CMAKE_PREFIX_PATH=${CMAKE_PREFIX_PATH}:/home/behzad/ros2_ws/install/bumperbot_py_examples:/home/behzad/bumporbot_ws/install/bumporbot_py_examples:/opt/ros/humble /usr/bin/cmake --build /home/behzad/ros2_ws/build/bumperbot_planning -- -j12 -l12
[15.677s] Invoking command in '/home/behzad/ros2_ws/build/bumperbot_planning': CMAKE_PREFIX_PATH=${CMAKE_PREFIX_PATH}:/home/behzad/ros2_ws/install/bumperbot_py_examples:/home/behzad/bumporbot_ws/install/bumporbot_py_examples:/opt/ros/humble /usr/bin/cmake --install /home/behzad/ros2_ws/build/bumperbot_planning
[15.695s] -- Install configuration: ""
[15.695s] -- Up-to-date: /home/behzad/ros2_ws/install/bumperbot_planning/share/bumperbot_planning/environment/pythonpath.sh
[15.695s] -- Installing: /home/behzad/ros2_ws/install/bumperbot_planning/share/bumperbot_planning/environment/pythonpath.dsv
[15.695s] -- Up-to-date: /home/behzad/ros2_ws/install/bumperbot_planning/local/lib/python3.10/dist-packages/bumperbot_planning-0.0.0-py3.10.egg-info
[15.696s] -- Installing: /home/behzad/ros2_ws/install/bumperbot_planning/local/lib/python3.10/dist-packages/bumperbot_planning-0.0.0-py3.10.egg-info/dependency_links.txt
[15.696s] -- Installing: /home/behzad/ros2_ws/install/bumperbot_planning/local/lib/python3.10/dist-packages/bumperbot_planning-0.0.0-py3.10.egg-info/PKG-INFO
[15.696s] -- Installing: /home/behzad/ros2_ws/install/bumperbot_planning/local/lib/python3.10/dist-packages/bumperbot_planning-0.0.0-py3.10.egg-info/SOURCES.txt
[15.696s] -- Installing: /home/behzad/ros2_ws/install/bumperbot_planning/local/lib/python3.10/dist-packages/bumperbot_planning-0.0.0-py3.10.egg-info/top_level.txt
[15.696s] -- Up-to-date: /home/behzad/ros2_ws/install/bumperbot_planning/local/lib/python3.10/dist-packages/bumperbot_planning
[15.697s] -- Up-to-date: /home/behzad/ros2_ws/install/bumperbot_planning/local/lib/python3.10/dist-packages/bumperbot_planning/__init__.py
[15.697s] -- Up-to-date: /home/behzad/ros2_ws/install/bumperbot_planning/local/lib/python3.10/dist-packages/bumperbot_planning/dijkstra_planner.py
[15.734s] Listing '/home/behzad/ros2_ws/install/bumperbot_planning/local/lib/python3.10/dist-packages/bumperbot_planning'...
[15.738s] -- Up-to-date: /home/behzad/ros2_ws/install/bumperbot_planning/lib/bumperbot_planning/dijkstra_planner.py
[15.738s] -- Up-to-date: /home/behzad/ros2_ws/install/bumperbot_planning/include
[15.738s] -- Up-to-date: /home/behzad/ros2_ws/install/bumperbot_planning/include/bumperbot_planning
[15.738s] -- Up-to-date: /home/behzad/ros2_ws/install/bumperbot_planning/include/bumperbot_planning/dijkstra_planner.hpp
[15.739s] -- Installing: /home/behzad/ros2_ws/install/bumperbot_planning/lib/bumperbot_planning/dijkstra_planner
[15.748s] -- Set runtime path of "/home/behzad/ros2_ws/install/bumperbot_planning/lib/bumperbot_planning/dijkstra_planner" to ""
[15.748s] -- Up-to-date: /home/behzad/ros2_ws/install/bumperbot_planning/share/ament_index/resource_index/package_run_dependencies/bumperbot_planning
[15.748s] -- Up-to-date: /home/behzad/ros2_ws/install/bumperbot_planning/share/ament_index/resource_index/parent_prefix_path/bumperbot_planning
[15.748s] -- Up-to-date: /home/behzad/ros2_ws/install/bumperbot_planning/share/bumperbot_planning/environment/ament_prefix_path.sh
[15.749s] -- Installing: /home/behzad/ros2_ws/install/bumperbot_planning/share/bumperbot_planning/environment/ament_prefix_path.dsv
[15.749s] -- Up-to-date: /home/behzad/ros2_ws/install/bumperbot_planning/share/bumperbot_planning/environment/path.sh
[15.749s] -- Installing: /home/behzad/ros2_ws/install/bumperbot_planning/share/bumperbot_planning/environment/path.dsv
[15.749s] -- Up-to-date: /home/behzad/ros2_ws/install/bumperbot_planning/share/bumperbot_planning/local_setup.bash
[15.750s] -- Up-to-date: /home/behzad/ros2_ws/install/bumperbot_planning/share/bumperbot_planning/local_setup.sh
[15.750s] -- Up-to-date: /home/behzad/ros2_ws/install/bumperbot_planning/share/bumperbot_planning/local_setup.zsh
[15.750s] -- Installing: /home/behzad/ros2_ws/install/bumperbot_planning/share/bumperbot_planning/local_setup.dsv
[15.750s] -- Installing: /home/behzad/ros2_ws/install/bumperbot_planning/share/bumperbot_planning/package.dsv
[15.750s] -- Up-to-date: /home/behzad/ros2_ws/install/bumperbot_planning/share/ament_index/resource_index/packages/bumperbot_planning
[15.750s] -- Up-to-date: /home/behzad/ros2_ws/install/bumperbot_planning/share/bumperbot_planning/cmake/ament_cmake_export_include_directories-extras.cmake
[15.751s] -- Up-to-date: /home/behzad/ros2_ws/install/bumperbot_planning/share/bumperbot_planning/cmake/ament_cmake_export_dependencies-extras.cmake
[15.751s] -- Up-to-date: /home/behzad/ros2_ws/install/bumperbot_planning/share/bumperbot_planning/cmake/bumperbot_planningConfig.cmake
[15.751s] -- Up-to-date: /home/behzad/ros2_ws/install/bumperbot_planning/share/bumperbot_planning/cmake/bumperbot_planningConfig-version.cmake
[15.752s] -- Up-to-date: /home/behzad/ros2_ws/install/bumperbot_planning/share/bumperbot_planning/package.xml
[15.754s] Invoked command in '/home/behzad/ros2_ws/build/bumperbot_planning' returned '0': CMAKE_PREFIX_PATH=${CMAKE_PREFIX_PATH}:/home/behzad/ros2_ws/install/bumperbot_py_examples:/home/behzad/bumporbot_ws/install/bumporbot_py_examples:/opt/ros/humble /usr/bin/cmake --install /home/behzad/ros2_ws/build/bumperbot_planning
