[1.459s] Invoking command in '/home/behzad/ros2_ws/src/bumperbot_py_examples': CMAKE_PREFIX_PATH=/home/behzad/ros2_ws/install/bumperbot_msgs:/home/behzad/ros2_ws/install/bumperbot_utils:/home/behzad/ros2_ws/install/bumperbot_planning:/home/behzad/ros2_ws/install/bumperbot_cpp_examples:/home/behzad/ros2_ws/install/bumperbot_bringup:/home/behzad/ros2_ws/install/bumperbot_mapping:/home/behzad/ros2_ws/install/bumperbot_localization:/home/behzad/ros2_ws/install/bumperbot_firmware:/home/behzad/ros2_ws/install/bumperbot_description:/home/behzad/ros2_ws/install/bumperbot_controller:/home/behzad/bumporbot_ws/install/bumporbot_cpp_examples:/home/behzad/bumporbot_ws/install/bumperbot_planning:/home/behzad/bumporbot_ws/install/bumperbot_msgs:/home/behzad/bumporbot_ws/install/bumperbot_bringup:/home/behzad/bumporbot_ws/install/bumperbot_mapping:/home/behzad/bumporbot_ws/install/bumperbot_localization:/home/behzad/bumporbot_ws/install/bumperbot_firmware:/home/behzad/bumporbot_ws/install/bumperbot_description:/home/behzad/bumporbot_ws/install/bumperbot_controller LD_LIBRARY_PATH=/home/behzad/ros2_ws/install/bumperbot_msgs/lib:/home/behzad/ros2_ws/install/bumperbot_cpp_examples/lib:/home/behzad/ros2_ws/install/bumperbot_firmware/lib:/home/behzad/bumporbot_ws/install/bumperbot_msgs/lib:/home/behzad/bumporbot_ws/install/bumperbot_firmware/lib:/usr/lib/x86_64-linux-gnu/gazebo-11/plugins:/opt/ros/humble/opt/rviz_ogre_vendor/lib:/opt/ros/humble/lib/x86_64-linux-gnu:/opt/ros/humble/lib PYTHONPATH=/home/behzad/ros2_ws/build/bumperbot_py_examples/prefix_override:/usr/lib/python3/dist-packages/colcon_core/task/python/colcon_distutils_commands:/home/behzad/ros2_ws/install/bumperbot_py_examples/lib/python3.10/site-packages:${PYTHONPATH} /usr/bin/python3 -W ignore:setup.py install is deprecated -W ignore:easy_install command is deprecated setup.py egg_info --egg-base ../../build/bumperbot_py_examples build --build-base /home/behzad/ros2_ws/build/bumperbot_py_examples/build install --record /home/behzad/ros2_ws/build/bumperbot_py_examples/install.log --single-version-externally-managed install_data
[1.933s] running egg_info
[1.934s] creating ../../build/bumperbot_py_examples/bumperbot_py_examples.egg-info
[1.934s] writing ../../build/bumperbot_py_examples/bumperbot_py_examples.egg-info/PKG-INFO
[1.935s] writing dependency_links to ../../build/bumperbot_py_examples/bumperbot_py_examples.egg-info/dependency_links.txt
[1.935s] writing entry points to ../../build/bumperbot_py_examples/bumperbot_py_examples.egg-info/entry_points.txt
[1.935s] writing requirements to ../../build/bumperbot_py_examples/bumperbot_py_examples.egg-info/requires.txt
[1.936s] writing top-level names to ../../build/bumperbot_py_examples/bumperbot_py_examples.egg-info/top_level.txt
[1.936s] writing manifest file '../../build/bumperbot_py_examples/bumperbot_py_examples.egg-info/SOURCES.txt'
[1.942s] reading manifest file '../../build/bumperbot_py_examples/bumperbot_py_examples.egg-info/SOURCES.txt'
[1.942s] writing manifest file '../../build/bumperbot_py_examples/bumperbot_py_examples.egg-info/SOURCES.txt'
[1.942s] running build
[1.942s] running build_py
[1.942s] creating /home/behzad/ros2_ws/build/bumperbot_py_examples/build
[1.943s] creating /home/behzad/ros2_ws/build/bumperbot_py_examples/build/lib
[1.943s] creating /home/behzad/ros2_ws/build/bumperbot_py_examples/build/lib/bumperbot_py_examples
[1.944s] copying bumperbot_py_examples/__init__.py -> /home/behzad/ros2_ws/build/bumperbot_py_examples/build/lib/bumperbot_py_examples
[1.944s] copying bumperbot_py_examples/simple_turtlesim_kinematics.py -> /home/behzad/ros2_ws/build/bumperbot_py_examples/build/lib/bumperbot_py_examples
[1.944s] copying bumperbot_py_examples/simple_publisher.py -> /home/behzad/ros2_ws/build/bumperbot_py_examples/build/lib/bumperbot_py_examples
[1.944s] copying bumperbot_py_examples/simple_service_server.py -> /home/behzad/ros2_ws/build/bumperbot_py_examples/build/lib/bumperbot_py_examples
[1.944s] copying bumperbot_py_examples/simple_qos_publisher.py -> /home/behzad/ros2_ws/build/bumperbot_py_examples/build/lib/bumperbot_py_examples
[1.945s] copying bumperbot_py_examples/simple_lifecycle_node.py -> /home/behzad/ros2_ws/build/bumperbot_py_examples/build/lib/bumperbot_py_examples
[1.945s] copying bumperbot_py_examples/simple_service_client.py -> /home/behzad/ros2_ws/build/bumperbot_py_examples/build/lib/bumperbot_py_examples
[1.945s] copying bumperbot_py_examples/simple_parameter.py -> /home/behzad/ros2_ws/build/bumperbot_py_examples/build/lib/bumperbot_py_examples
[1.946s] copying bumperbot_py_examples/simple_qos_subscriber.py -> /home/behzad/ros2_ws/build/bumperbot_py_examples/build/lib/bumperbot_py_examples
[1.946s] copying bumperbot_py_examples/simple_action_server.py -> /home/behzad/ros2_ws/build/bumperbot_py_examples/build/lib/bumperbot_py_examples
[1.946s] copying bumperbot_py_examples/simple_subscriber.py -> /home/behzad/ros2_ws/build/bumperbot_py_examples/build/lib/bumperbot_py_examples
[1.947s] copying bumperbot_py_examples/simple_action_client.py -> /home/behzad/ros2_ws/build/bumperbot_py_examples/build/lib/bumperbot_py_examples
[1.947s] copying bumperbot_py_examples/simple_tf_kinematics.py -> /home/behzad/ros2_ws/build/bumperbot_py_examples/build/lib/bumperbot_py_examples
[1.948s] running install
[1.949s] running install_lib
[1.950s] creating /home/behzad/ros2_ws/install/bumperbot_py_examples/lib/python3.10/site-packages/bumperbot_py_examples
[1.950s] copying /home/behzad/ros2_ws/build/bumperbot_py_examples/build/lib/bumperbot_py_examples/__init__.py -> /home/behzad/ros2_ws/install/bumperbot_py_examples/lib/python3.10/site-packages/bumperbot_py_examples
[1.950s] copying /home/behzad/ros2_ws/build/bumperbot_py_examples/build/lib/bumperbot_py_examples/simple_turtlesim_kinematics.py -> /home/behzad/ros2_ws/install/bumperbot_py_examples/lib/python3.10/site-packages/bumperbot_py_examples
[1.951s] copying /home/behzad/ros2_ws/build/bumperbot_py_examples/build/lib/bumperbot_py_examples/simple_publisher.py -> /home/behzad/ros2_ws/install/bumperbot_py_examples/lib/python3.10/site-packages/bumperbot_py_examples
[1.951s] copying /home/behzad/ros2_ws/build/bumperbot_py_examples/build/lib/bumperbot_py_examples/simple_service_server.py -> /home/behzad/ros2_ws/install/bumperbot_py_examples/lib/python3.10/site-packages/bumperbot_py_examples
[1.951s] copying /home/behzad/ros2_ws/build/bumperbot_py_examples/build/lib/bumperbot_py_examples/simple_qos_publisher.py -> /home/behzad/ros2_ws/install/bumperbot_py_examples/lib/python3.10/site-packages/bumperbot_py_examples
[1.951s] copying /home/behzad/ros2_ws/build/bumperbot_py_examples/build/lib/bumperbot_py_examples/simple_lifecycle_node.py -> /home/behzad/ros2_ws/install/bumperbot_py_examples/lib/python3.10/site-packages/bumperbot_py_examples
[1.952s] copying /home/behzad/ros2_ws/build/bumperbot_py_examples/build/lib/bumperbot_py_examples/simple_service_client.py -> /home/behzad/ros2_ws/install/bumperbot_py_examples/lib/python3.10/site-packages/bumperbot_py_examples
[1.952s] copying /home/behzad/ros2_ws/build/bumperbot_py_examples/build/lib/bumperbot_py_examples/simple_parameter.py -> /home/behzad/ros2_ws/install/bumperbot_py_examples/lib/python3.10/site-packages/bumperbot_py_examples
[1.952s] copying /home/behzad/ros2_ws/build/bumperbot_py_examples/build/lib/bumperbot_py_examples/simple_qos_subscriber.py -> /home/behzad/ros2_ws/install/bumperbot_py_examples/lib/python3.10/site-packages/bumperbot_py_examples
[1.952s] copying /home/behzad/ros2_ws/build/bumperbot_py_examples/build/lib/bumperbot_py_examples/simple_action_server.py -> /home/behzad/ros2_ws/install/bumperbot_py_examples/lib/python3.10/site-packages/bumperbot_py_examples
[1.956s] copying /home/behzad/ros2_ws/build/bumperbot_py_examples/build/lib/bumperbot_py_examples/simple_subscriber.py -> /home/behzad/ros2_ws/install/bumperbot_py_examples/lib/python3.10/site-packages/bumperbot_py_examples
[1.957s] copying /home/behzad/ros2_ws/build/bumperbot_py_examples/build/lib/bumperbot_py_examples/simple_action_client.py -> /home/behzad/ros2_ws/install/bumperbot_py_examples/lib/python3.10/site-packages/bumperbot_py_examples
[1.958s] copying /home/behzad/ros2_ws/build/bumperbot_py_examples/build/lib/bumperbot_py_examples/simple_tf_kinematics.py -> /home/behzad/ros2_ws/install/bumperbot_py_examples/lib/python3.10/site-packages/bumperbot_py_examples
[1.958s] byte-compiling /home/behzad/ros2_ws/install/bumperbot_py_examples/lib/python3.10/site-packages/bumperbot_py_examples/__init__.py to __init__.cpython-310.pyc
[1.958s] byte-compiling /home/behzad/ros2_ws/install/bumperbot_py_examples/lib/python3.10/site-packages/bumperbot_py_examples/simple_turtlesim_kinematics.py to simple_turtlesim_kinematics.cpython-310.pyc
[1.958s] byte-compiling /home/behzad/ros2_ws/install/bumperbot_py_examples/lib/python3.10/site-packages/bumperbot_py_examples/simple_publisher.py to simple_publisher.cpython-310.pyc
[1.958s] byte-compiling /home/behzad/ros2_ws/install/bumperbot_py_examples/lib/python3.10/site-packages/bumperbot_py_examples/simple_service_server.py to simple_service_server.cpython-310.pyc
[1.958s] byte-compiling /home/behzad/ros2_ws/install/bumperbot_py_examples/lib/python3.10/site-packages/bumperbot_py_examples/simple_qos_publisher.py to simple_qos_publisher.cpython-310.pyc
[1.960s] byte-compiling /home/behzad/ros2_ws/install/bumperbot_py_examples/lib/python3.10/site-packages/bumperbot_py_examples/simple_lifecycle_node.py to simple_lifecycle_node.cpython-310.pyc
[1.960s] byte-compiling /home/behzad/ros2_ws/install/bumperbot_py_examples/lib/python3.10/site-packages/bumperbot_py_examples/simple_service_client.py to simple_service_client.cpython-310.pyc
[1.961s] byte-compiling /home/behzad/ros2_ws/install/bumperbot_py_examples/lib/python3.10/site-packages/bumperbot_py_examples/simple_parameter.py to simple_parameter.cpython-310.pyc
[1.962s] byte-compiling /home/behzad/ros2_ws/install/bumperbot_py_examples/lib/python3.10/site-packages/bumperbot_py_examples/simple_qos_subscriber.py to simple_qos_subscriber.cpython-310.pyc
[1.963s] byte-compiling /home/behzad/ros2_ws/install/bumperbot_py_examples/lib/python3.10/site-packages/bumperbot_py_examples/simple_action_server.py to simple_action_server.cpython-310.pyc
[1.963s] byte-compiling /home/behzad/ros2_ws/install/bumperbot_py_examples/lib/python3.10/site-packages/bumperbot_py_examples/simple_subscriber.py to simple_subscriber.cpython-310.pyc
[1.964s] byte-compiling /home/behzad/ros2_ws/install/bumperbot_py_examples/lib/python3.10/site-packages/bumperbot_py_examples/simple_action_client.py to simple_action_client.cpython-310.pyc
[1.964s] byte-compiling /home/behzad/ros2_ws/install/bumperbot_py_examples/lib/python3.10/site-packages/bumperbot_py_examples/simple_tf_kinematics.py to simple_tf_kinematics.cpython-310.pyc
[1.966s] running install_data
[1.966s] creating /home/behzad/ros2_ws/install/bumperbot_py_examples/share/ament_index
[1.966s] creating /home/behzad/ros2_ws/install/bumperbot_py_examples/share/ament_index/resource_index
[1.966s] creating /home/behzad/ros2_ws/install/bumperbot_py_examples/share/ament_index/resource_index/packages
[1.967s] copying resource/bumperbot_py_examples -> /home/behzad/ros2_ws/install/bumperbot_py_examples/share/ament_index/resource_index/packages
[1.969s] copying package.xml -> /home/behzad/ros2_ws/install/bumperbot_py_examples/share/bumperbot_py_examples
[1.969s] running install_egg_info
[1.970s] Copying ../../build/bumperbot_py_examples/bumperbot_py_examples.egg-info to /home/behzad/ros2_ws/install/bumperbot_py_examples/lib/python3.10/site-packages/bumperbot_py_examples-0.0.0-py3.10.egg-info
[1.972s] running install_scripts
[2.009s] Installing simple_action_client script to /home/behzad/ros2_ws/install/bumperbot_py_examples/lib/bumperbot_py_examples
[2.009s] Installing simple_action_server script to /home/behzad/ros2_ws/install/bumperbot_py_examples/lib/bumperbot_py_examples
[2.009s] Installing simple_lifecycle_node script to /home/behzad/ros2_ws/install/bumperbot_py_examples/lib/bumperbot_py_examples
[2.009s] Installing simple_parameter script to /home/behzad/ros2_ws/install/bumperbot_py_examples/lib/bumperbot_py_examples
[2.009s] Installing simple_publisher script to /home/behzad/ros2_ws/install/bumperbot_py_examples/lib/bumperbot_py_examples
[2.010s] Installing simple_qos_publisher script to /home/behzad/ros2_ws/install/bumperbot_py_examples/lib/bumperbot_py_examples
[2.010s] Installing simple_qos_subscriber script to /home/behzad/ros2_ws/install/bumperbot_py_examples/lib/bumperbot_py_examples
[2.010s] Installing simple_service_client script to /home/behzad/ros2_ws/install/bumperbot_py_examples/lib/bumperbot_py_examples
[2.010s] Installing simple_service_server script to /home/behzad/ros2_ws/install/bumperbot_py_examples/lib/bumperbot_py_examples
[2.010s] Installing simple_subscriber script to /home/behzad/ros2_ws/install/bumperbot_py_examples/lib/bumperbot_py_examples
[2.010s] Installing simple_tf_kinematics script to /home/behzad/ros2_ws/install/bumperbot_py_examples/lib/bumperbot_py_examples
[2.012s] Installing simple_turtlesim_kinematics script to /home/behzad/ros2_ws/install/bumperbot_py_examples/lib/bumperbot_py_examples
[2.012s] writing list of installed files to '/home/behzad/ros2_ws/build/bumperbot_py_examples/install.log'
[2.066s] Invoked command in '/home/behzad/ros2_ws/src/bumperbot_py_examples' returned '0': CMAKE_PREFIX_PATH=/home/behzad/ros2_ws/install/bumperbot_msgs:/home/behzad/ros2_ws/install/bumperbot_utils:/home/behzad/ros2_ws/install/bumperbot_planning:/home/behzad/ros2_ws/install/bumperbot_cpp_examples:/home/behzad/ros2_ws/install/bumperbot_bringup:/home/behzad/ros2_ws/install/bumperbot_mapping:/home/behzad/ros2_ws/install/bumperbot_localization:/home/behzad/ros2_ws/install/bumperbot_firmware:/home/behzad/ros2_ws/install/bumperbot_description:/home/behzad/ros2_ws/install/bumperbot_controller:/home/behzad/bumporbot_ws/install/bumporbot_cpp_examples:/home/behzad/bumporbot_ws/install/bumperbot_planning:/home/behzad/bumporbot_ws/install/bumperbot_msgs:/home/behzad/bumporbot_ws/install/bumperbot_bringup:/home/behzad/bumporbot_ws/install/bumperbot_mapping:/home/behzad/bumporbot_ws/install/bumperbot_localization:/home/behzad/bumporbot_ws/install/bumperbot_firmware:/home/behzad/bumporbot_ws/install/bumperbot_description:/home/behzad/bumporbot_ws/install/bumperbot_controller LD_LIBRARY_PATH=/home/behzad/ros2_ws/install/bumperbot_msgs/lib:/home/behzad/ros2_ws/install/bumperbot_cpp_examples/lib:/home/behzad/ros2_ws/install/bumperbot_firmware/lib:/home/behzad/bumporbot_ws/install/bumperbot_msgs/lib:/home/behzad/bumporbot_ws/install/bumperbot_firmware/lib:/usr/lib/x86_64-linux-gnu/gazebo-11/plugins:/opt/ros/humble/opt/rviz_ogre_vendor/lib:/opt/ros/humble/lib/x86_64-linux-gnu:/opt/ros/humble/lib PYTHONPATH=/home/behzad/ros2_ws/build/bumperbot_py_examples/prefix_override:/usr/lib/python3/dist-packages/colcon_core/task/python/colcon_distutils_commands:/home/behzad/ros2_ws/install/bumperbot_py_examples/lib/python3.10/site-packages:${PYTHONPATH} /usr/bin/python3 -W ignore:setup.py install is deprecated -W ignore:easy_install command is deprecated setup.py egg_info --egg-base ../../build/bumperbot_py_examples build --build-base /home/behzad/ros2_ws/build/bumperbot_py_examples/build install --record /home/behzad/ros2_ws/build/bumperbot_py_examples/install.log --single-version-externally-managed install_data
