[0.054s] Invoking command in '/home/behzad/ros2_ws/build/bumperbot_utils': CMAKE_PREFIX_PATH=${CMAKE_PREFIX_PATH}:/home/behzad/ros2_ws/install/bumperbot_py_examples:/home/behzad/bumporbot_ws/install/bumporbot_py_examples:/opt/ros/humble /usr/bin/cmake --build /home/behzad/ros2_ws/build/bumperbot_utils -- -j12 -l12
[0.285s] [100%] Built target safety_stop
[0.294s] [100%] Built target ament_cmake_python_copy_bumperbot_utils
[0.805s] running egg_info
[0.806s] writing bumperbot_utils.egg-info/PKG-INFO
[0.806s] writing dependency_links to bumperbot_utils.egg-info/dependency_links.txt
[0.806s] writing top-level names to bumperbot_utils.egg-info/top_level.txt
[0.812s] reading manifest file 'bumperbot_utils.egg-info/SOURCES.txt'
[0.814s] writing manifest file 'bumperbot_utils.egg-info/SOURCES.txt'
[0.893s] [100%] Built target ament_cmake_python_build_bumperbot_utils_egg
[0.957s] Invoked command in '/home/behzad/ros2_ws/build/bumperbot_utils' returned '0': CMAKE_PREFIX_PATH=${CMAKE_PREFIX_PATH}:/home/behzad/ros2_ws/install/bumperbot_py_examples:/home/behzad/bumporbot_ws/install/bumporbot_py_examples:/opt/ros/humble /usr/bin/cmake --build /home/behzad/ros2_ws/build/bumperbot_utils -- -j12 -l12
[0.959s] Invoking command in '/home/behzad/ros2_ws/build/bumperbot_utils': CMAKE_PREFIX_PATH=${CMAKE_PREFIX_PATH}:/home/behzad/ros2_ws/install/bumperbot_py_examples:/home/behzad/bumporbot_ws/install/bumporbot_py_examples:/opt/ros/humble /usr/bin/cmake --install /home/behzad/ros2_ws/build/bumperbot_utils
[1.019s] -- Install configuration: ""
[1.019s] -- Up-to-date: /home/behzad/ros2_ws/install/bumperbot_utils/share/bumperbot_utils/environment/pythonpath.sh
[1.019s] -- Up-to-date: /home/behzad/ros2_ws/install/bumperbot_utils/share/bumperbot_utils/environment/pythonpath.dsv
[1.019s] -- Up-to-date: /home/behzad/ros2_ws/install/bumperbot_utils/local/lib/python3.10/dist-packages/bumperbot_utils-0.0.0-py3.10.egg-info
[1.019s] -- Installing: /home/behzad/ros2_ws/install/bumperbot_utils/local/lib/python3.10/dist-packages/bumperbot_utils-0.0.0-py3.10.egg-info/dependency_links.txt
[1.019s] -- Installing: /home/behzad/ros2_ws/install/bumperbot_utils/local/lib/python3.10/dist-packages/bumperbot_utils-0.0.0-py3.10.egg-info/PKG-INFO
[1.019s] -- Installing: /home/behzad/ros2_ws/install/bumperbot_utils/local/lib/python3.10/dist-packages/bumperbot_utils-0.0.0-py3.10.egg-info/SOURCES.txt
[1.019s] -- Installing: /home/behzad/ros2_ws/install/bumperbot_utils/local/lib/python3.10/dist-packages/bumperbot_utils-0.0.0-py3.10.egg-info/top_level.txt
[1.019s] -- Up-to-date: /home/behzad/ros2_ws/install/bumperbot_utils/local/lib/python3.10/dist-packages/bumperbot_utils
[1.019s] -- Up-to-date: /home/behzad/ros2_ws/install/bumperbot_utils/local/lib/python3.10/dist-packages/bumperbot_utils/__init__.py
[1.019s] -- Up-to-date: /home/behzad/ros2_ws/install/bumperbot_utils/local/lib/python3.10/dist-packages/bumperbot_utils/safety_stop.py
[1.028s] Listing '/home/behzad/ros2_ws/install/bumperbot_utils/local/lib/python3.10/dist-packages/bumperbot_utils'...
[1.034s] -- Up-to-date: /home/behzad/ros2_ws/install/bumperbot_utils/lib/bumperbot_utils/safety_stop
[1.034s] -- Up-to-date: /home/behzad/ros2_ws/install/bumperbot_utils/lib/bumperbot_utils/safety_stop.py
[1.035s] -- Up-to-date: /home/behzad/ros2_ws/install/bumperbot_utils/share/ament_index/resource_index/package_run_dependencies/bumperbot_utils
[1.035s] -- Up-to-date: /home/behzad/ros2_ws/install/bumperbot_utils/share/ament_index/resource_index/parent_prefix_path/bumperbot_utils
[1.035s] -- Up-to-date: /home/behzad/ros2_ws/install/bumperbot_utils/share/bumperbot_utils/environment/ament_prefix_path.sh
[1.035s] -- Up-to-date: /home/behzad/ros2_ws/install/bumperbot_utils/share/bumperbot_utils/environment/ament_prefix_path.dsv
[1.035s] -- Up-to-date: /home/behzad/ros2_ws/install/bumperbot_utils/share/bumperbot_utils/environment/path.sh
[1.035s] -- Up-to-date: /home/behzad/ros2_ws/install/bumperbot_utils/share/bumperbot_utils/environment/path.dsv
[1.036s] -- Up-to-date: /home/behzad/ros2_ws/install/bumperbot_utils/share/bumperbot_utils/local_setup.bash
[1.036s] -- Up-to-date: /home/behzad/ros2_ws/install/bumperbot_utils/share/bumperbot_utils/local_setup.sh
[1.036s] -- Up-to-date: /home/behzad/ros2_ws/install/bumperbot_utils/share/bumperbot_utils/local_setup.zsh
[1.037s] -- Up-to-date: /home/behzad/ros2_ws/install/bumperbot_utils/share/bumperbot_utils/local_setup.dsv
[1.037s] -- Installing: /home/behzad/ros2_ws/install/bumperbot_utils/share/bumperbot_utils/package.dsv
[1.037s] -- Up-to-date: /home/behzad/ros2_ws/install/bumperbot_utils/share/ament_index/resource_index/packages/bumperbot_utils
[1.037s] -- Up-to-date: /home/behzad/ros2_ws/install/bumperbot_utils/share/bumperbot_utils/cmake/bumperbot_utilsConfig.cmake
[1.037s] -- Up-to-date: /home/behzad/ros2_ws/install/bumperbot_utils/share/bumperbot_utils/cmake/bumperbot_utilsConfig-version.cmake
[1.037s] -- Up-to-date: /home/behzad/ros2_ws/install/bumperbot_utils/share/bumperbot_utils/package.xml
[1.094s] Invoked command in '/home/behzad/ros2_ws/build/bumperbot_utils' returned '0': CMAKE_PREFIX_PATH=${CMAKE_PREFIX_PATH}:/home/behzad/ros2_ws/install/bumperbot_py_examples:/home/behzad/bumporbot_ws/install/bumporbot_py_examples:/opt/ros/humble /usr/bin/cmake --install /home/behzad/ros2_ws/build/bumperbot_utils
