[0.032s] Invoking command in '/home/behzad/ros2_ws/build/bumperbot_utils': CMAKE_PREFIX_PATH=${CMAKE_PREFIX_PATH}:/home/behzad/ros2_ws/install/bumperbot_py_examples:/home/behzad/bumporbot_ws/install/bumporbot_py_examples:/opt/ros/humble /usr/bin/cmake /home/behzad/ros2_ws/src/bumperbot_utils -DCMAKE_INSTALL_PREFIX=/home/behzad/ros2_ws/install/bumperbot_utils
[0.205s] -- The C compiler identification is GNU 11.4.0
[0.325s] -- The CXX compiler identification is GNU 11.4.0
[0.335s] -- Detecting C compiler ABI info
[0.439s] -- Detecting C compiler ABI info - done
[0.452s] -- Check for working C compiler: /usr/bin/cc - skipped
[0.452s] -- Detecting C compile features
[0.453s] -- Detecting C compile features - done
[0.458s] -- Detecting CXX compiler ABI info
[0.581s] -- Detecting CXX compiler ABI info - done
[0.594s] -- Check for working CXX compiler: /usr/bin/c++ - skipped
[0.595s] -- Detecting CXX compile features
[0.596s] -- Detecting CXX compile features - done
[0.602s] -- Found ament_cmake: 1.3.12 (/opt/ros/humble/share/ament_cmake/cmake)
[0.819s] -- Found Python3: /usr/bin/python3 (found version "3.10.12") found components: Interpreter 
[0.988s] -- Found rclcpp: 16.0.15 (/opt/ros/humble/share/rclcpp/cmake)
[1.068s] -- Found rosidl_generator_c: 3.1.7 (/opt/ros/humble/share/rosidl_generator_c/cmake)
[1.083s] -- Found rosidl_adapter: 3.1.7 (/opt/ros/humble/share/rosidl_adapter/cmake)
[1.102s] -- Found rosidl_generator_cpp: 3.1.7 (/opt/ros/humble/share/rosidl_generator_cpp/cmake)
[1.128s] -- Using all available rosidl_typesupport_c: rosidl_typesupport_fastrtps_c;rosidl_typesupport_introspection_c
[1.156s] -- Using all available rosidl_typesupport_cpp: rosidl_typesupport_fastrtps_cpp;rosidl_typesupport_introspection_cpp
[1.240s] -- Found rmw_implementation_cmake: 6.1.2 (/opt/ros/humble/share/rmw_implementation_cmake/cmake)
[1.246s] -- Found rmw_fastrtps_cpp: 6.2.9 (/opt/ros/humble/share/rmw_fastrtps_cpp/cmake)
[1.413s] -- Found OpenSSL: /usr/lib/x86_64-linux-gnu/libcrypto.so (found version "3.0.2")  
[1.465s] -- Found FastRTPS: /opt/ros/humble/include  
[1.540s] -- Using RMW implementation 'rmw_fastrtps_cpp' as default
[1.559s] -- Looking for pthread.h
[1.661s] -- Looking for pthread.h - found
[1.661s] -- Performing Test CMAKE_HAVE_LIBC_PTHREAD
[1.766s] -- Performing Test CMAKE_HAVE_LIBC_PTHREAD - Success
[1.768s] -- Found Threads: TRUE  
[1.865s] -- Found rclpy: 3.3.17 (/opt/ros/humble/share/rclpy/cmake)
[1.870s] -- Found geometry_msgs: 4.9.0 (/opt/ros/humble/share/geometry_msgs/cmake)
[1.895s] -- Found sensor_msgs: 4.9.0 (/opt/ros/humble/share/sensor_msgs/cmake)
[1.930s] -- Found twist_mux_msgs: 3.0.1 (/opt/ros/humble/share/twist_mux_msgs/cmake)
[2.015s] -- Found rclcpp_action: 16.0.15 (/opt/ros/humble/share/rclcpp_action/cmake)
[2.043s] -- Found visualization_msgs: 4.9.0 (/opt/ros/humble/share/visualization_msgs/cmake)
[2.314s] -- Configuring done
[2.343s] -- Generating done
[2.352s] -- Build files have been written to: /home/behzad/ros2_ws/build/bumperbot_utils
[2.372s] Invoked command in '/home/behzad/ros2_ws/build/bumperbot_utils' returned '0': CMAKE_PREFIX_PATH=${CMAKE_PREFIX_PATH}:/home/behzad/ros2_ws/install/bumperbot_py_examples:/home/behzad/bumporbot_ws/install/bumporbot_py_examples:/opt/ros/humble /usr/bin/cmake /home/behzad/ros2_ws/src/bumperbot_utils -DCMAKE_INSTALL_PREFIX=/home/behzad/ros2_ws/install/bumperbot_utils
[2.372s] Invoking command in '/home/behzad/ros2_ws/build/bumperbot_utils': CMAKE_PREFIX_PATH=${CMAKE_PREFIX_PATH}:/home/behzad/ros2_ws/install/bumperbot_py_examples:/home/behzad/bumporbot_ws/install/bumporbot_py_examples:/opt/ros/humble /usr/bin/cmake --build /home/behzad/ros2_ws/build/bumperbot_utils -- -j12 -l12
[2.462s] [ 50%] [32mBuilding CXX object CMakeFiles/safety_stop.dir/src/safety_stop.cpp.o[0m
[2.482s] [ 50%] Built target ament_cmake_python_copy_bumperbot_utils
[2.948s] running egg_info
[2.948s] creating bumperbot_utils.egg-info
[2.948s] writing bumperbot_utils.egg-info/PKG-INFO
[2.949s] writing dependency_links to bumperbot_utils.egg-info/dependency_links.txt
[2.950s] writing top-level names to bumperbot_utils.egg-info/top_level.txt
[2.950s] writing manifest file 'bumperbot_utils.egg-info/SOURCES.txt'
[2.956s] reading manifest file 'bumperbot_utils.egg-info/SOURCES.txt'
[2.957s] writing manifest file 'bumperbot_utils.egg-info/SOURCES.txt'
[3.037s] [ 50%] Built target ament_cmake_python_build_bumperbot_utils_egg
[23.477s] [100%] [32m[1mLinking CXX executable safety_stop[0m
[25.725s] [100%] Built target safety_stop
[25.778s] Invoked command in '/home/behzad/ros2_ws/build/bumperbot_utils' returned '0': CMAKE_PREFIX_PATH=${CMAKE_PREFIX_PATH}:/home/behzad/ros2_ws/install/bumperbot_py_examples:/home/behzad/bumporbot_ws/install/bumporbot_py_examples:/opt/ros/humble /usr/bin/cmake --build /home/behzad/ros2_ws/build/bumperbot_utils -- -j12 -l12
[25.788s] Invoking command in '/home/behzad/ros2_ws/build/bumperbot_utils': CMAKE_PREFIX_PATH=${CMAKE_PREFIX_PATH}:/home/behzad/ros2_ws/install/bumperbot_py_examples:/home/behzad/bumporbot_ws/install/bumporbot_py_examples:/opt/ros/humble /usr/bin/cmake --install /home/behzad/ros2_ws/build/bumperbot_utils
[25.810s] -- Install configuration: ""
[25.814s] -- Installing: /home/behzad/ros2_ws/install/bumperbot_utils/share/bumperbot_utils/environment/pythonpath.sh
[25.814s] -- Installing: /home/behzad/ros2_ws/install/bumperbot_utils/share/bumperbot_utils/environment/pythonpath.dsv
[25.814s] -- Installing: /home/behzad/ros2_ws/install/bumperbot_utils/local/lib/python3.10/dist-packages/bumperbot_utils-0.0.0-py3.10.egg-info
[25.814s] -- Installing: /home/behzad/ros2_ws/install/bumperbot_utils/local/lib/python3.10/dist-packages/bumperbot_utils-0.0.0-py3.10.egg-info/dependency_links.txt
[25.814s] -- Installing: /home/behzad/ros2_ws/install/bumperbot_utils/local/lib/python3.10/dist-packages/bumperbot_utils-0.0.0-py3.10.egg-info/PKG-INFO
[25.814s] -- Installing: /home/behzad/ros2_ws/install/bumperbot_utils/local/lib/python3.10/dist-packages/bumperbot_utils-0.0.0-py3.10.egg-info/SOURCES.txt
[25.814s] -- Installing: /home/behzad/ros2_ws/install/bumperbot_utils/local/lib/python3.10/dist-packages/bumperbot_utils-0.0.0-py3.10.egg-info/top_level.txt
[25.814s] -- Installing: /home/behzad/ros2_ws/install/bumperbot_utils/local/lib/python3.10/dist-packages/bumperbot_utils
[25.815s] -- Installing: /home/behzad/ros2_ws/install/bumperbot_utils/local/lib/python3.10/dist-packages/bumperbot_utils/__init__.py
[25.815s] -- Installing: /home/behzad/ros2_ws/install/bumperbot_utils/local/lib/python3.10/dist-packages/bumperbot_utils/safety_stop.py
[25.904s] Listing '/home/behzad/ros2_ws/install/bumperbot_utils/local/lib/python3.10/dist-packages/bumperbot_utils'...
[25.904s] Compiling '/home/behzad/ros2_ws/install/bumperbot_utils/local/lib/python3.10/dist-packages/bumperbot_utils/__init__.py'...
[25.905s] Compiling '/home/behzad/ros2_ws/install/bumperbot_utils/local/lib/python3.10/dist-packages/bumperbot_utils/safety_stop.py'...
[25.918s] -- Installing: /home/behzad/ros2_ws/install/bumperbot_utils/lib/bumperbot_utils/safety_stop
[25.934s] -- Set runtime path of "/home/behzad/ros2_ws/install/bumperbot_utils/lib/bumperbot_utils/safety_stop" to ""
[25.936s] -- Installing: /home/behzad/ros2_ws/install/bumperbot_utils/lib/bumperbot_utils/safety_stop.py
[25.936s] -- Installing: /home/behzad/ros2_ws/install/bumperbot_utils/share/ament_index/resource_index/package_run_dependencies/bumperbot_utils
[25.937s] -- Installing: /home/behzad/ros2_ws/install/bumperbot_utils/share/ament_index/resource_index/parent_prefix_path/bumperbot_utils
[25.937s] -- Installing: /home/behzad/ros2_ws/install/bumperbot_utils/share/bumperbot_utils/environment/ament_prefix_path.sh
[25.937s] -- Installing: /home/behzad/ros2_ws/install/bumperbot_utils/share/bumperbot_utils/environment/ament_prefix_path.dsv
[25.938s] -- Installing: /home/behzad/ros2_ws/install/bumperbot_utils/share/bumperbot_utils/environment/path.sh
[25.939s] -- Installing: /home/behzad/ros2_ws/install/bumperbot_utils/share/bumperbot_utils/environment/path.dsv
[25.939s] -- Installing: /home/behzad/ros2_ws/install/bumperbot_utils/share/bumperbot_utils/local_setup.bash
[25.939s] -- Installing: /home/behzad/ros2_ws/install/bumperbot_utils/share/bumperbot_utils/local_setup.sh
[25.940s] -- Installing: /home/behzad/ros2_ws/install/bumperbot_utils/share/bumperbot_utils/local_setup.zsh
[25.940s] -- Installing: /home/behzad/ros2_ws/install/bumperbot_utils/share/bumperbot_utils/local_setup.dsv
[25.940s] -- Installing: /home/behzad/ros2_ws/install/bumperbot_utils/share/bumperbot_utils/package.dsv
[25.940s] -- Installing: /home/behzad/ros2_ws/install/bumperbot_utils/share/ament_index/resource_index/packages/bumperbot_utils
[25.940s] -- Installing: /home/behzad/ros2_ws/install/bumperbot_utils/share/bumperbot_utils/cmake/bumperbot_utilsConfig.cmake
[25.941s] -- Installing: /home/behzad/ros2_ws/install/bumperbot_utils/share/bumperbot_utils/cmake/bumperbot_utilsConfig-version.cmake
[25.941s] -- Installing: /home/behzad/ros2_ws/install/bumperbot_utils/share/bumperbot_utils/package.xml
[25.949s] Invoked command in '/home/behzad/ros2_ws/build/bumperbot_utils' returned '0': CMAKE_PREFIX_PATH=${CMAKE_PREFIX_PATH}:/home/behzad/ros2_ws/install/bumperbot_py_examples:/home/behzad/bumporbot_ws/install/bumporbot_py_examples:/opt/ros/humble /usr/bin/cmake --install /home/behzad/ros2_ws/build/bumperbot_utils
