[0.045s] Invoking command in '/home/behzad/ros2_ws/build/bumperbot_planning': CMAKE_PREFIX_PATH=${CMAKE_PREFIX_PATH}:/home/behzad/ros2_ws/install/bumperbot_py_examples:/home/behzad/bumporbot_ws/install/bumporbot_py_examples:/opt/ros/humble /usr/bin/cmake --build /home/behzad/ros2_ws/build/bumperbot_planning -- -j12 -l12
[0.201s] Built target ament_cmake_python_copy_bumperbot_planning
[0.520s] running egg_info
[0.521s] writing bumperbot_planning.egg-info/PKG-INFO
[0.521s] writing dependency_links to bumperbot_planning.egg-info/dependency_links.txt
[0.521s] writing top-level names to bumperbot_planning.egg-info/top_level.txt
[0.523s] reading manifest file 'bumperbot_planning.egg-info/SOURCES.txt'
[0.524s] writing manifest file 'bumperbot_planning.egg-info/SOURCES.txt'
[0.564s] Built target ament_cmake_python_build_bumperbot_planning_egg
[0.583s] Invoked command in '/home/behzad/ros2_ws/build/bumperbot_planning' returned '0': CMAKE_PREFIX_PATH=${CMAKE_PREFIX_PATH}:/home/behzad/ros2_ws/install/bumperbot_py_examples:/home/behzad/bumporbot_ws/install/bumporbot_py_examples:/opt/ros/humble /usr/bin/cmake --build /home/behzad/ros2_ws/build/bumperbot_planning -- -j12 -l12
[0.586s] Invoking command in '/home/behzad/ros2_ws/build/bumperbot_planning': CMAKE_PREFIX_PATH=${CMAKE_PREFIX_PATH}:/home/behzad/ros2_ws/install/bumperbot_py_examples:/home/behzad/bumporbot_ws/install/bumporbot_py_examples:/opt/ros/humble /usr/bin/cmake --install /home/behzad/ros2_ws/build/bumperbot_planning
[0.598s] -- Install configuration: ""
[0.598s] -- Up-to-date: /home/behzad/ros2_ws/install/bumperbot_planning/share/bumperbot_planning/environment/pythonpath.sh
[0.598s] -- Up-to-date: /home/behzad/ros2_ws/install/bumperbot_planning/share/bumperbot_planning/environment/pythonpath.dsv
[0.598s] -- Up-to-date: /home/behzad/ros2_ws/install/bumperbot_planning/local/lib/python3.10/dist-packages/bumperbot_planning-0.0.0-py3.10.egg-info
[0.599s] -- Installing: /home/behzad/ros2_ws/install/bumperbot_planning/local/lib/python3.10/dist-packages/bumperbot_planning-0.0.0-py3.10.egg-info/dependency_links.txt
[0.599s] -- Installing: /home/behzad/ros2_ws/install/bumperbot_planning/local/lib/python3.10/dist-packages/bumperbot_planning-0.0.0-py3.10.egg-info/PKG-INFO
[0.599s] -- Installing: /home/behzad/ros2_ws/install/bumperbot_planning/local/lib/python3.10/dist-packages/bumperbot_planning-0.0.0-py3.10.egg-info/SOURCES.txt
[0.599s] -- Installing: /home/behzad/ros2_ws/install/bumperbot_planning/local/lib/python3.10/dist-packages/bumperbot_planning-0.0.0-py3.10.egg-info/top_level.txt
[0.599s] -- Up-to-date: /home/behzad/ros2_ws/install/bumperbot_planning/local/lib/python3.10/dist-packages/bumperbot_planning
[0.599s] -- Up-to-date: /home/behzad/ros2_ws/install/bumperbot_planning/local/lib/python3.10/dist-packages/bumperbot_planning/__init__.py
[0.599s] -- Up-to-date: /home/behzad/ros2_ws/install/bumperbot_planning/local/lib/python3.10/dist-packages/bumperbot_planning/dijkstra_planner.py
[0.651s] Listing '/home/behzad/ros2_ws/install/bumperbot_planning/local/lib/python3.10/dist-packages/bumperbot_planning'...
[0.657s] -- Up-to-date: /home/behzad/ros2_ws/install/bumperbot_planning/lib/bumperbot_planning/dijkstra_planner.py
[0.657s] -- Up-to-date: /home/behzad/ros2_ws/install/bumperbot_planning/share/ament_index/resource_index/package_run_dependencies/bumperbot_planning
[0.657s] -- Up-to-date: /home/behzad/ros2_ws/install/bumperbot_planning/share/ament_index/resource_index/parent_prefix_path/bumperbot_planning
[0.658s] -- Up-to-date: /home/behzad/ros2_ws/install/bumperbot_planning/share/bumperbot_planning/environment/ament_prefix_path.sh
[0.658s] -- Up-to-date: /home/behzad/ros2_ws/install/bumperbot_planning/share/bumperbot_planning/environment/ament_prefix_path.dsv
[0.658s] -- Up-to-date: /home/behzad/ros2_ws/install/bumperbot_planning/share/bumperbot_planning/environment/path.sh
[0.658s] -- Up-to-date: /home/behzad/ros2_ws/install/bumperbot_planning/share/bumperbot_planning/environment/path.dsv
[0.658s] -- Up-to-date: /home/behzad/ros2_ws/install/bumperbot_planning/share/bumperbot_planning/local_setup.bash
[0.658s] -- Up-to-date: /home/behzad/ros2_ws/install/bumperbot_planning/share/bumperbot_planning/local_setup.sh
[0.658s] -- Up-to-date: /home/behzad/ros2_ws/install/bumperbot_planning/share/bumperbot_planning/local_setup.zsh
[0.658s] -- Up-to-date: /home/behzad/ros2_ws/install/bumperbot_planning/share/bumperbot_planning/local_setup.dsv
[0.658s] -- Up-to-date: /home/behzad/ros2_ws/install/bumperbot_planning/share/bumperbot_planning/package.dsv
[0.659s] -- Up-to-date: /home/behzad/ros2_ws/install/bumperbot_planning/share/ament_index/resource_index/packages/bumperbot_planning
[0.659s] -- Up-to-date: /home/behzad/ros2_ws/install/bumperbot_planning/share/bumperbot_planning/cmake/bumperbot_planningConfig.cmake
[0.659s] -- Up-to-date: /home/behzad/ros2_ws/install/bumperbot_planning/share/bumperbot_planning/cmake/bumperbot_planningConfig-version.cmake
[0.659s] -- Up-to-date: /home/behzad/ros2_ws/install/bumperbot_planning/share/bumperbot_planning/package.xml
[0.663s] Invoked command in '/home/behzad/ros2_ws/build/bumperbot_planning' returned '0': CMAKE_PREFIX_PATH=${CMAKE_PREFIX_PATH}:/home/behzad/ros2_ws/install/bumperbot_py_examples:/home/behzad/bumporbot_ws/install/bumporbot_py_examples:/opt/ros/humble /usr/bin/cmake --install /home/behzad/ros2_ws/build/bumperbot_planning
